[0.845s] Invoking command in '/home/aayush/new_frenet_planner/build/frenet_planner': CMAKE_PREFIX_PATH=${CMAKE_PREFIX_PATH}:/home/aayush/fake_iac_ws/install/dummy:/opt/ros/foxy /usr/bin/cmake --build /home/aayush/new_frenet_planner/build/frenet_planner -- -j2 -l2
[1.095s] [100%] Built target temp_frenet_ros_obst
[1.127s] Invoked command in '/home/aayush/new_frenet_planner/build/frenet_planner' returned '0': CMAKE_PREFIX_PATH=${CMAKE_PREFIX_PATH}:/home/aayush/fake_iac_ws/install/dummy:/opt/ros/foxy /usr/bin/cmake --build /home/aayush/new_frenet_planner/build/frenet_planner -- -j2 -l2
[1.237s] Invoking command in '/home/aayush/new_frenet_planner/build/frenet_planner': CMAKE_PREFIX_PATH=${CMAKE_PREFIX_PATH}:/home/aayush/fake_iac_ws/install/dummy:/opt/ros/foxy /usr/bin/cmake --install /home/aayush/new_frenet_planner/build/frenet_planner
[1.265s] -- Install configuration: ""
[1.266s] -- Up-to-date: /home/aayush/new_frenet_planner/install/frenet_planner/lib/frenet_planner/temp_frenet_ros_obst
[1.267s] -- Up-to-date: /home/aayush/new_frenet_planner/install/frenet_planner/share/frenet_planner/launch
[1.268s] -- Up-to-date: /home/aayush/new_frenet_planner/install/frenet_planner/share/frenet_planner/launch/frenet_planner_launch.py
[1.268s] -- Up-to-date: /home/aayush/new_frenet_planner/install/frenet_planner/share/frenet_planner/launch/__pycache__
[1.268s] -- Up-to-date: /home/aayush/new_frenet_planner/install/frenet_planner/share/frenet_planner/launch/__pycache__/frenet_planner_launch.cpython-38.pyc
[1.269s] -- Up-to-date: /home/aayush/new_frenet_planner/install/frenet_planner/share/ament_index/resource_index/package_run_dependencies/frenet_planner
[1.269s] -- Up-to-date: /home/aayush/new_frenet_planner/install/frenet_planner/share/ament_index/resource_index/parent_prefix_path/frenet_planner
[1.271s] -- Up-to-date: /home/aayush/new_frenet_planner/install/frenet_planner/share/frenet_planner/environment/ament_prefix_path.sh
[1.271s] -- Up-to-date: /home/aayush/new_frenet_planner/install/frenet_planner/share/frenet_planner/environment/ament_prefix_path.dsv
[1.271s] -- Up-to-date: /home/aayush/new_frenet_planner/install/frenet_planner/share/frenet_planner/environment/path.sh
[1.272s] -- Up-to-date: /home/aayush/new_frenet_planner/install/frenet_planner/share/frenet_planner/environment/path.dsv
[1.272s] -- Up-to-date: /home/aayush/new_frenet_planner/install/frenet_planner/share/frenet_planner/local_setup.bash
[1.273s] -- Up-to-date: /home/aayush/new_frenet_planner/install/frenet_planner/share/frenet_planner/local_setup.sh
[1.273s] -- Up-to-date: /home/aayush/new_frenet_planner/install/frenet_planner/share/frenet_planner/local_setup.zsh
[1.275s] -- Up-to-date: /home/aayush/new_frenet_planner/install/frenet_planner/share/frenet_planner/local_setup.dsv
[1.275s] -- Installing: /home/aayush/new_frenet_planner/install/frenet_planner/share/frenet_planner/package.dsv
[1.276s] -- Up-to-date: /home/aayush/new_frenet_planner/install/frenet_planner/share/ament_index/resource_index/packages/frenet_planner
[1.277s] -- Up-to-date: /home/aayush/new_frenet_planner/install/frenet_planner/share/frenet_planner/cmake/frenet_plannerConfig.cmake
[1.277s] -- Up-to-date: /home/aayush/new_frenet_planner/install/frenet_planner/share/frenet_planner/cmake/frenet_plannerConfig-version.cmake
[1.277s] -- Up-to-date: /home/aayush/new_frenet_planner/install/frenet_planner/share/frenet_planner/package.xml
[1.286s] Invoked command in '/home/aayush/new_frenet_planner/build/frenet_planner' returned '0': CMAKE_PREFIX_PATH=${CMAKE_PREFIX_PATH}:/home/aayush/fake_iac_ws/install/dummy:/opt/ros/foxy /usr/bin/cmake --install /home/aayush/new_frenet_planner/build/frenet_planner
