[3.117s] DEBUG:colcon:Command line arguments: ['/home/aayush/.local/bin/colcon', 'build', '--packages-select', 'frenetROS_obst.cpp']
[3.117s] DEBUG:colcon:Parsed command line arguments: Namespace(ament_cmake_args=None, base_paths=['.'], build_base='build', catkin_cmake_args=None, catkin_skip_building_tests=False, cmake_args=None, cmake_clean_cache=False, cmake_clean_first=False, cmake_force_configure=False, cmake_target=None, cmake_target_skip_unavailable=False, continue_on_error=False, event_handlers=None, executor='parallel', ignore_user_meta=False, install_base='install', log_base=None, log_level=None, main=<bound method BuildVerb.main of <colcon_core.verb.build.BuildVerb object at 0x7f05cd82c6d0>>, merge_install=False, metas=['./colcon.meta'], packages_above=None, packages_above_and_dependencies=None, packages_above_depth=None, packages_end=None, packages_ignore=None, packages_ignore_regex=None, packages_select=['frenetROS_obst.cpp'], packages_select_build_failed=False, packages_select_by_dep=None, packages_select_regex=None, packages_select_test_failures=False, packages_skip=None, packages_skip_build_finished=False, packages_skip_by_dep=None, packages_skip_regex=None, packages_skip_test_passed=False, packages_skip_up_to=None, packages_start=None, packages_up_to=None, packages_up_to_regex=None, parallel_workers=2, paths=None, symlink_install=False, test_result_base=None, verb_extension=<colcon_core.verb.build.BuildVerb object at 0x7f05cd82c6d0>, verb_name='build', verb_parser=<colcon_defaults.argument_parser.defaults.DefaultArgumentsDecorator object at 0x7f05cd82cc10>)
[3.225s] Level 1:colcon.colcon_core.package_discovery:discover_packages(colcon_meta) check parameters
[3.225s] Level 1:colcon.colcon_core.package_discovery:discover_packages(recursive) check parameters
[3.225s] Level 1:colcon.colcon_core.package_discovery:discover_packages(ignore) check parameters
[3.225s] Level 1:colcon.colcon_core.package_discovery:discover_packages(path) check parameters
[3.225s] Level 1:colcon.colcon_core.package_discovery:discover_packages(colcon_meta) discover
[3.226s] Level 1:colcon.colcon_core.package_discovery:discover_packages(recursive) discover
[3.226s] INFO:colcon.colcon_core.package_discovery:Crawling recursively for packages in '/home/aayush/IAC_ROS2_ws/src/Frenet_Planner_AGV/frenet_planner_agv'
[3.226s] Level 1:colcon.colcon_core.package_identification:_identify(.) by extensions ['ignore', 'ignore_ament_install']
[3.226s] Level 1:colcon.colcon_core.package_identification:_identify(.) by extension 'ignore'
[3.229s] Level 1:colcon.colcon_core.package_identification:_identify(.) by extension 'ignore_ament_install'
[3.229s] Level 1:colcon.colcon_core.package_identification:_identify(.) by extensions ['colcon_pkg']
[3.229s] Level 1:colcon.colcon_core.package_identification:_identify(.) by extension 'colcon_pkg'
[3.229s] Level 1:colcon.colcon_core.package_identification:_identify(.) by extensions ['colcon_meta']
[3.229s] Level 1:colcon.colcon_core.package_identification:_identify(.) by extension 'colcon_meta'
[3.229s] Level 1:colcon.colcon_core.package_identification:_identify(.) by extensions ['ros']
[3.229s] Level 1:colcon.colcon_core.package_identification:_identify(.) by extension 'ros'
[3.351s] DEBUG:colcon.colcon_core.package_identification:Package '.' with type 'ros.ament_cmake' and name 'frenet_planner'
[3.351s] Level 1:colcon.colcon_core.package_discovery:discover_packages(recursive) using defaults
[3.351s] Level 1:colcon.colcon_core.package_discovery:discover_packages(ignore) discover
[3.351s] Level 1:colcon.colcon_core.package_discovery:discover_packages(ignore) using defaults
[3.351s] Level 1:colcon.colcon_core.package_discovery:discover_packages(path) discover
[3.351s] Level 1:colcon.colcon_core.package_discovery:discover_packages(path) using defaults
[3.380s] WARNING:colcon.colcon_core.package_selection:ignoring unknown package 'frenetROS_obst.cpp' in --packages-select
[3.654s] INFO:colcon.colcon_core.package_selection:Skipping not selected package 'frenet_planner' in '.'
[3.665s] INFO:colcon.colcon_core.executor:Executing jobs using 'parallel' executor
[3.729s] DEBUG:colcon.colcon_parallel_executor.executor.parallel:run_until_complete
[3.730s] DEBUG:colcon.colcon_parallel_executor.executor.parallel:closing loop
[3.730s] DEBUG:colcon.colcon_parallel_executor.executor.parallel:loop closed
[3.730s] DEBUG:colcon.colcon_parallel_executor.executor.parallel:run_until_complete finished with '0'
[3.730s] DEBUG:colcon.colcon_core.event_reactor:joining thread
[3.812s] INFO:colcon.colcon_core.plugin_system:Skipping extension 'colcon_notification.desktop_notification.terminal_notifier': Not used on non-Darwin systems
[3.813s] INFO:colcon.colcon_core.plugin_system:Skipping extension 'colcon_notification.desktop_notification.win32': Not used on non-Windows systems
[3.813s] INFO:colcon.colcon_notification.desktop_notification:Sending desktop notification using 'notify2'
[3.968s] DEBUG:colcon.colcon_core.event_reactor:joined thread
[4.051s] INFO:colcon.colcon_core.plugin_system:Skipping extension 'colcon_core.shell.bat': Not used on non-Windows systems
[4.052s] INFO:colcon.colcon_core.shell:Creating prefix script '/home/aayush/IAC_ROS2_ws/src/Frenet_Planner_AGV/frenet_planner_agv/install/local_setup.ps1'
[4.056s] INFO:colcon.colcon_core.shell:Creating prefix util module '/home/aayush/IAC_ROS2_ws/src/Frenet_Planner_AGV/frenet_planner_agv/install/_local_setup_util_ps1.py'
[4.063s] INFO:colcon.colcon_core.shell:Creating prefix chain script '/home/aayush/IAC_ROS2_ws/src/Frenet_Planner_AGV/frenet_planner_agv/install/setup.ps1'
[4.129s] INFO:colcon.colcon_core.shell:Creating prefix script '/home/aayush/IAC_ROS2_ws/src/Frenet_Planner_AGV/frenet_planner_agv/install/local_setup.sh'
[4.136s] INFO:colcon.colcon_core.shell:Creating prefix util module '/home/aayush/IAC_ROS2_ws/src/Frenet_Planner_AGV/frenet_planner_agv/install/_local_setup_util_sh.py'
[4.138s] INFO:colcon.colcon_core.shell:Creating prefix chain script '/home/aayush/IAC_ROS2_ws/src/Frenet_Planner_AGV/frenet_planner_agv/install/setup.sh'
[4.193s] INFO:colcon.colcon_core.shell:Creating prefix script '/home/aayush/IAC_ROS2_ws/src/Frenet_Planner_AGV/frenet_planner_agv/install/local_setup.bash'
[4.207s] INFO:colcon.colcon_core.shell:Creating prefix chain script '/home/aayush/IAC_ROS2_ws/src/Frenet_Planner_AGV/frenet_planner_agv/install/setup.bash'
[4.245s] INFO:colcon.colcon_core.shell:Creating prefix script '/home/aayush/IAC_ROS2_ws/src/Frenet_Planner_AGV/frenet_planner_agv/install/local_setup.zsh'
[4.249s] INFO:colcon.colcon_core.shell:Creating prefix chain script '/home/aayush/IAC_ROS2_ws/src/Frenet_Planner_AGV/frenet_planner_agv/install/setup.zsh'
