OPENMP FOUND
[01m[K/home/aayush/new_new_frenet_planner/src/IAC_planner_4/src/cubic_spline_planner.cpp:[m[K In member function ‘[01m[KEigen::MatrixXd& Spline::calc_A(vecD)[m[K’:
[01m[K/home/aayush/new_new_frenet_planner/src/IAC_planner_4/src/cubic_spline_planner.cpp:39:7:[m[K [01;35m[Kwarning: [m[Kunused variable ‘[01m[Ki[m[K’ [[01;35m[K-Wunused-variable[m[K]
   39 |   int [01;35m[Ki[m[K,j;
      |       [01;35m[K^[m[K
[01m[K/home/aayush/new_new_frenet_planner/src/IAC_planner_4/src/cubic_spline_planner.cpp:39:9:[m[K [01;35m[Kwarning: [m[Kunused variable ‘[01m[Kj[m[K’ [[01;35m[K-Wunused-variable[m[K]
   39 |   int i,[01;35m[Kj[m[K;
      |         [01;35m[K^[m[K
[01m[K/home/aayush/new_new_frenet_planner/src/IAC_planner_4/src/cubic_spline_planner.cpp:[m[K In member function ‘[01m[KEigen::MatrixXd& Spline::calc_B(vecD)[m[K’:
[01m[K/home/aayush/new_new_frenet_planner/src/IAC_planner_4/src/cubic_spline_planner.cpp:70:7:[m[K [01;35m[Kwarning: [m[Kunused variable ‘[01m[Ki[m[K’ [[01;35m[K-Wunused-variable[m[K]
   70 |   int [01;35m[Ki[m[K,j;
      |       [01;35m[K^[m[K
[01m[K/home/aayush/new_new_frenet_planner/src/IAC_planner_4/src/cubic_spline_planner.cpp:70:9:[m[K [01;35m[Kwarning: [m[Kunused variable ‘[01m[Kj[m[K’ [[01;35m[K-Wunused-variable[m[K]
   70 |   int i,[01;35m[Kj[m[K;
      |         [01;35m[K^[m[K
[01m[K/home/aayush/new_new_frenet_planner/src/IAC_planner_4/src/cubic_spline_planner.cpp:[m[K In function ‘[01m[KSpline2D& calc_spline_course(vecD, vecD, vecD&, vecD&, vecD&, vecD&, double)[m[K’:
[01m[K/home/aayush/new_new_frenet_planner/src/IAC_planner_4/src/cubic_spline_planner.cpp:300:20:[m[K [01;35m[Kwarning: [m[Kcomparison of integer expressions of different signedness: ‘[01m[Kint[m[K’ and ‘[01m[Kstd::vector<double>::size_type[m[K’ {aka ‘[01m[Klong unsigned int[m[K’} [[01;35m[K-Wsign-compare[m[K]
  300 |   for(int i = 0; [01;35m[Ki < s.size()[m[K; i++)
      |                  [01;35m[K~~^~~~~~~~~~[m[K
In file included from [01m[K/home/aayush/new_new_frenet_planner/src/IAC_planner_4/src/temp_frenet_ros_obst.cpp:9[m[K:
[01m[K/home/aayush/new_new_frenet_planner/src/IAC_planner_4/src/../include/frenet_optimal_trajectory.hpp:[m[K In function ‘[01m[Kstd::ostream& operator<<(std::ostream&, const FrenetPath&)[m[K’:
[01m[K/home/aayush/new_new_frenet_planner/src/IAC_planner_4/src/../include/frenet_optimal_trajectory.hpp:160:20:[m[K [01;35m[Kwarning: [m[Kstatement has no effect [[01;35m[K-Wunused-value[m[K]
  160 | #define trace(...) [01;35m[K42[m[K
      |                    [01;35m[K^~[m[K
[01m[K/home/aayush/new_new_frenet_planner/src/IAC_planner_4/src/../include/frenet_optimal_trajectory.hpp:160:20:[m[K [01;36m[Knote: [m[Kin definition of macro ‘[01m[Ktrace[m[K’
  160 | #define trace(...) [01;36m[K42[m[K
      |                    [01;36m[K^~[m[K
[01m[K/home/aayush/new_new_frenet_planner/src/IAC_planner_4/src/../include/frenet_optimal_trajectory.hpp:160:20:[m[K [01;35m[Kwarning: [m[Kstatement has no effect [[01;35m[K-Wunused-value[m[K]
  160 | #define trace(...) [01;35m[K42[m[K
      |                    [01;35m[K^~[m[K
[01m[K/home/aayush/new_new_frenet_planner/src/IAC_planner_4/src/../include/frenet_optimal_trajectory.hpp:160:20:[m[K [01;36m[Knote: [m[Kin definition of macro ‘[01m[Ktrace[m[K’
  160 | #define trace(...) [01;36m[K42[m[K
      |                    [01;36m[K^~[m[K
[01m[K/home/aayush/new_new_frenet_planner/src/IAC_planner_4/src/../include/frenet_optimal_trajectory.hpp:160:20:[m[K [01;35m[Kwarning: [m[Kstatement has no effect [[01;35m[K-Wunused-value[m[K]
  160 | #define trace(...) [01;35m[K42[m[K
      |                    [01;35m[K^~[m[K
[01m[K/home/aayush/new_new_frenet_planner/src/IAC_planner_4/src/../include/frenet_optimal_trajectory.hpp:160:20:[m[K [01;36m[Knote: [m[Kin definition of macro ‘[01m[Ktrace[m[K’
  160 | #define trace(...) [01;36m[K42[m[K
      |                    [01;36m[K^~[m[K
[01m[K/home/aayush/new_new_frenet_planner/src/IAC_planner_4/src/../include/frenet_optimal_trajectory.hpp:160:20:[m[K [01;35m[Kwarning: [m[Kstatement has no effect [[01;35m[K-Wunused-value[m[K]
  160 | #define trace(...) [01;35m[K42[m[K
      |                    [01;35m[K^~[m[K
[01m[K/home/aayush/new_new_frenet_planner/src/IAC_planner_4/src/../include/frenet_optimal_trajectory.hpp:160:20:[m[K [01;36m[Knote: [m[Kin definition of macro ‘[01m[Ktrace[m[K’
  160 | #define trace(...) [01;36m[K42[m[K
      |                    [01;36m[K^~[m[K
[01m[K/home/aayush/new_new_frenet_planner/src/IAC_planner_4/src/../include/frenet_optimal_trajectory.hpp:160:20:[m[K [01;35m[Kwarning: [m[Kstatement has no effect [[01;35m[K-Wunused-value[m[K]
  160 | #define trace(...) [01;35m[K42[m[K
      |                    [01;35m[K^~[m[K
[01m[K/home/aayush/new_new_frenet_planner/src/IAC_planner_4/src/../include/frenet_optimal_trajectory.hpp:160:20:[m[K [01;36m[Knote: [m[Kin definition of macro ‘[01m[Ktrace[m[K’
  160 | #define trace(...) [01;36m[K42[m[K
      |                    [01;36m[K^~[m[K
[01m[K/home/aayush/new_new_frenet_planner/src/IAC_planner_4/src/../include/frenet_optimal_trajectory.hpp:160:20:[m[K [01;35m[Kwarning: [m[Kstatement has no effect [[01;35m[K-Wunused-value[m[K]
  160 | #define trace(...) [01;35m[K42[m[K
      |                    [01;35m[K^~[m[K
[01m[K/home/aayush/new_new_frenet_planner/src/IAC_planner_4/src/../include/frenet_optimal_trajectory.hpp:160:20:[m[K [01;36m[Knote: [m[Kin definition of macro ‘[01m[Ktrace[m[K’
  160 | #define trace(...) [01;36m[K42[m[K
      |                    [01;36m[K^~[m[K
[01m[K/home/aayush/new_new_frenet_planner/src/IAC_planner_4/src/../include/frenet_optimal_trajectory.hpp:160:20:[m[K [01;35m[Kwarning: [m[Kstatement has no effect [[01;35m[K-Wunused-value[m[K]
  160 | #define trace(...) [01;35m[K42[m[K
      |                    [01;35m[K^~[m[K
[01m[K/home/aayush/new_new_frenet_planner/src/IAC_planner_4/src/../include/frenet_optimal_trajectory.hpp:160:20:[m[K [01;36m[Knote: [m[Kin definition of macro ‘[01m[Ktrace[m[K’
  160 | #define trace(...) [01;36m[K42[m[K
      |                    [01;36m[K^~[m[K
[01m[K/home/aayush/new_new_frenet_planner/src/IAC_planner_4/src/../include/frenet_optimal_trajectory.hpp:160:20:[m[K [01;35m[Kwarning: [m[Kstatement has no effect [[01;35m[K-Wunused-value[m[K]
  160 | #define trace(...) [01;35m[K42[m[K
      |                    [01;35m[K^~[m[K
[01m[K/home/aayush/new_new_frenet_planner/src/IAC_planner_4/src/../include/frenet_optimal_trajectory.hpp:160:20:[m[K [01;36m[Knote: [m[Kin definition of macro ‘[01m[Ktrace[m[K’
  160 | #define trace(...) [01;36m[K42[m[K
      |                    [01;36m[K^~[m[K
[01m[K/home/aayush/new_new_frenet_planner/src/IAC_planner_4/src/../include/frenet_optimal_trajectory.hpp:160:20:[m[K [01;35m[Kwarning: [m[Kstatement has no effect [[01;35m[K-Wunused-value[m[K]
  160 | #define trace(...) [01;35m[K42[m[K
      |                    [01;35m[K^~[m[K
[01m[K/home/aayush/new_new_frenet_planner/src/IAC_planner_4/src/../include/frenet_optimal_trajectory.hpp:160:20:[m[K [01;36m[Knote: [m[Kin definition of macro ‘[01m[Ktrace[m[K’
  160 | #define trace(...) [01;36m[K42[m[K
      |                    [01;36m[K^~[m[K
[01m[K/home/aayush/new_new_frenet_planner/src/IAC_planner_4/src/../include/frenet_optimal_trajectory.hpp:160:20:[m[K [01;35m[Kwarning: [m[Kstatement has no effect [[01;35m[K-Wunused-value[m[K]
  160 | #define trace(...) [01;35m[K42[m[K
      |                    [01;35m[K^~[m[K
[01m[K/home/aayush/new_new_frenet_planner/src/IAC_planner_4/src/../include/frenet_optimal_trajectory.hpp:160:20:[m[K [01;36m[Knote: [m[Kin definition of macro ‘[01m[Ktrace[m[K’
  160 | #define trace(...) [01;36m[K42[m[K
      |                    [01;36m[K^~[m[K
[01m[K/home/aayush/new_new_frenet_planner/src/IAC_planner_4/src/../include/frenet_optimal_trajectory.hpp:160:20:[m[K [01;35m[Kwarning: [m[Kstatement has no effect [[01;35m[K-Wunused-value[m[K]
  160 | #define trace(...) [01;35m[K42[m[K
      |                    [01;35m[K^~[m[K
[01m[K/home/aayush/new_new_frenet_planner/src/IAC_planner_4/src/../include/frenet_optimal_trajectory.hpp:160:20:[m[K [01;36m[Knote: [m[Kin definition of macro ‘[01m[Ktrace[m[K’
  160 | #define trace(...) [01;36m[K42[m[K
      |                    [01;36m[K^~[m[K
[01m[K/home/aayush/new_new_frenet_planner/src/IAC_planner_4/src/../include/frenet_optimal_trajectory.hpp:160:20:[m[K [01;35m[Kwarning: [m[Kstatement has no effect [[01;35m[K-Wunused-value[m[K]
  160 | #define trace(...) [01;35m[K42[m[K
      |                    [01;35m[K^~[m[K
[01m[K/home/aayush/new_new_frenet_planner/src/IAC_planner_4/src/../include/frenet_optimal_trajectory.hpp:160:20:[m[K [01;36m[Knote: [m[Kin definition of macro ‘[01m[Ktrace[m[K’
  160 | #define trace(...) [01;36m[K42[m[K
      |                    [01;36m[K^~[m[K
[01m[K/home/aayush/new_new_frenet_planner/src/IAC_planner_4/src/../include/frenet_optimal_trajectory.hpp:160:20:[m[K [01;35m[Kwarning: [m[Kstatement has no effect [[01;35m[K-Wunused-value[m[K]
  160 | #define trace(...) [01;35m[K42[m[K
      |                    [01;35m[K^~[m[K
[01m[K/home/aayush/new_new_frenet_planner/src/IAC_planner_4/src/../include/frenet_optimal_trajectory.hpp:160:20:[m[K [01;36m[Knote: [m[Kin definition of macro ‘[01m[Ktrace[m[K’
  160 | #define trace(...) [01;36m[K42[m[K
      |                    [01;36m[K^~[m[K
[01m[K/home/aayush/new_new_frenet_planner/src/IAC_planner_4/src/../include/frenet_optimal_trajectory.hpp:161:59:[m[K [01;35m[Kwarning: [m[Kunused parameter ‘[01m[Kfp[m[K’ [[01;35m[K-Wunused-parameter[m[K]
  161 | inline ostream& operator<<(ostream& os, [01;35m[Kconst FrenetPath& fp[m[K)
      |                                         [01;35m[K~~~~~~~~~~~~~~~~~~^~[m[K
In file included from [01m[K/home/aayush/new_new_frenet_planner/src/IAC_planner_4/src/temp_frenet_ros_obst.cpp:25[m[K:
[01m[K/home/aayush/new_new_frenet_planner/src/IAC_planner_4/./include/matplotlibcpp.hpp:[m[K At global scope:
[01m[K/home/aayush/new_new_frenet_planner/src/IAC_planner_4/./include/matplotlibcpp.hpp:314:36:[m[K [01;35m[Kwarning: [m[Kstatic_assert without a message only available with ‘[01m[K-std=c++17[m[K’ or ‘[01m[K-std=gnu++17[m[K’ [[01;35m[K-Wpedantic[m[K]
  314 | static_assert(sizeof(long long) == [01;35m[K8[m[K);
      |                                    [01;35m[K^[m[K
[01m[K/home/aayush/new_new_frenet_planner/src/IAC_planner_4/./include/matplotlibcpp.hpp:316:45:[m[K [01;35m[Kwarning: [m[Kstatic_assert without a message only available with ‘[01m[K-std=c++17[m[K’ or ‘[01m[K-std=gnu++17[m[K’ [[01;35m[K-Wpedantic[m[K]
  316 | static_assert(sizeof(unsigned long long) == [01;35m[K8[m[K);
      |                                             [01;35m[K^[m[K
[01m[K/home/aayush/new_new_frenet_planner/src/IAC_planner_4/src/temp_frenet_ros_obst.cpp:[m[K In member function ‘[01m[Kvoid FrenetPath::calc_lon_paths_quintic_poly(double, double, double, double, double)[m[K’:
[01m[K/home/aayush/new_new_frenet_planner/src/IAC_planner_4/src/temp_frenet_ros_obst.cpp:83:91:[m[K [01;35m[Kwarning: [m[Kunused parameter ‘[01m[Kts[m[K’ [[01;35m[K-Wunused-parameter[m[K]
   83 | s_quintic_poly(double c_speed, double s0, double Ti, [01;35m[Kdouble ts[m[K,
      |                                                      [01;35m[K~~~~~~~^~[m[K

[01m[K/home/aayush/new_new_frenet_planner/src/IAC_planner_4/src/temp_frenet_ros_obst.cpp:[m[K In member function ‘[01m[Kvoid FrenetPath::adding_global_path(Spline2D)[m[K’:
[01m[K/home/aayush/new_new_frenet_planner/src/IAC_planner_4/src/temp_frenet_ros_obst.cpp:236:9:[m[K [01;35m[Kwarning: [m[Kunused variable ‘[01m[KstartTime1[m[K’ [[01;35m[K-Wunused-variable[m[K]
  236 |  double [01;35m[KstartTime1[m[K = omp_get_wtime();
      |         [01;35m[K^~~~~~~~~~[m[K
[01m[K/home/aayush/new_new_frenet_planner/src/IAC_planner_4/src/temp_frenet_ros_obst.cpp:288:9:[m[K [01;35m[Kwarning: [m[Kunused variable ‘[01m[KendTime1[m[K’ [[01;35m[K-Wunused-variable[m[K]
  288 |  double [01;35m[KendTime1[m[K = omp_get_wtime();
      |         [01;35m[K^~~~~~~~[m[K
In file included from [01m[K/home/aayush/new_new_frenet_planner/src/IAC_planner_4/src/temp_frenet_ros_obst.cpp:9[m[K:
[01m[K/home/aayush/new_new_frenet_planner/src/IAC_planner_4/src/temp_frenet_ros_obst.cpp:[m[K In function ‘[01m[KFrenetPath frenet_optimal_planning(Spline2D, double, double, double, double, double, FrenetPath, double)[m[K’:
[01m[K/home/aayush/new_new_frenet_planner/src/IAC_planner_4/src/../include/frenet_optimal_trajectory.hpp:160:20:[m[K [01;35m[Kwarning: [m[Kstatement has no effect [[01;35m[K-Wunused-value[m[K]
  160 | #define trace(...) [01;35m[K42[m[K
      |                    [01;35m[K^~[m[K
[01m[K/home/aayush/new_new_frenet_planner/src/IAC_planner_4/src/../include/frenet_optimal_trajectory.hpp:160:20:[m[K [01;36m[Knote: [m[Kin definition of macro ‘[01m[Ktrace[m[K’
  160 | #define trace(...) [01;36m[K42[m[K
      |                    [01;36m[K^~[m[K
[01m[K/home/aayush/new_new_frenet_planner/src/IAC_planner_4/src/../include/frenet_optimal_trajectory.hpp:160:20:[m[K [01;35m[Kwarning: [m[Kstatement has no effect [[01;35m[K-Wunused-value[m[K]
  160 | #define trace(...) [01;35m[K42[m[K
      |                    [01;35m[K^~[m[K
[01m[K/home/aayush/new_new_frenet_planner/src/IAC_planner_4/src/../include/frenet_optimal_trajectory.hpp:160:20:[m[K [01;36m[Knote: [m[Kin definition of macro ‘[01m[Ktrace[m[K’
  160 | #define trace(...) [01;36m[K42[m[K
      |                    [01;36m[K^~[m[K
[01m[K/home/aayush/new_new_frenet_planner/src/IAC_planner_4/src/../include/frenet_optimal_trajectory.hpp:160:20:[m[K [01;35m[Kwarning: [m[Kstatement has no effect [[01;35m[K-Wunused-value[m[K]
  160 | #define trace(...) [01;35m[K42[m[K
      |                    [01;35m[K^~[m[K
[01m[K/home/aayush/new_new_frenet_planner/src/IAC_planner_4/src/../include/frenet_optimal_trajectory.hpp:160:20:[m[K [01;36m[Knote: [m[Kin definition of macro ‘[01m[Ktrace[m[K’
  160 | #define trace(...) [01;36m[K42[m[K
      |                    [01;36m[K^~[m[K
[01m[K/home/aayush/new_new_frenet_planner/src/IAC_planner_4/src/../include/frenet_optimal_trajectory.hpp:160:20:[m[K [01;35m[Kwarning: [m[Kstatement has no effect [[01;35m[K-Wunused-value[m[K]
  160 | #define trace(...) [01;35m[K42[m[K
      |                    [01;35m[K^~[m[K
[01m[K/home/aayush/new_new_frenet_planner/src/IAC_planner_4/src/../include/frenet_optimal_trajectory.hpp:160:20:[m[K [01;36m[Knote: [m[Kin definition of macro ‘[01m[Ktrace[m[K’
  160 | #define trace(...) [01;36m[K42[m[K
      |                    [01;36m[K^~[m[K
[01m[K/home/aayush/new_new_frenet_planner/src/IAC_planner_4/src/../include/frenet_optimal_trajectory.hpp:160:20:[m[K [01;35m[Kwarning: [m[Kstatement has no effect [[01;35m[K-Wunused-value[m[K]
  160 | #define trace(...) [01;35m[K42[m[K
      |                    [01;35m[K^~[m[K
[01m[K/home/aayush/new_new_frenet_planner/src/IAC_planner_4/src/../include/frenet_optimal_trajectory.hpp:160:20:[m[K [01;36m[Knote: [m[Kin definition of macro ‘[01m[Ktrace[m[K’
  160 | #define trace(...) [01;36m[K42[m[K
      |                    [01;36m[K^~[m[K
[01m[K/home/aayush/new_new_frenet_planner/src/IAC_planner_4/src/temp_frenet_ros_obst.cpp:497:9:[m[K [01;35m[Kwarning: [m[Kunused variable ‘[01m[KstartTime1[m[K’ [[01;35m[K-Wunused-variable[m[K]
  497 |  double [01;35m[KstartTime1[m[K = omp_get_wtime();
      |         [01;35m[K^~~~~~~~~~[m[K
[01m[K/home/aayush/new_new_frenet_planner/src/IAC_planner_4/src/temp_frenet_ros_obst.cpp:499:9:[m[K [01;35m[Kwarning: [m[Kunused variable ‘[01m[KendTime1[m[K’ [[01;35m[K-Wunused-variable[m[K]
  499 |  double [01;35m[KendTime1[m[K = omp_get_wtime();
      |         [01;35m[K^~~~~~~~[m[K
[01m[K/home/aayush/new_new_frenet_planner/src/IAC_planner_4/src/temp_frenet_ros_obst.cpp:502:9:[m[K [01;35m[Kwarning: [m[Kunused variable ‘[01m[KstartTime2[m[K’ [[01;35m[K-Wunused-variable[m[K]
  502 |  double [01;35m[KstartTime2[m[K = omp_get_wtime();
      |         [01;35m[K^~~~~~~~~~[m[K
[01m[K/home/aayush/new_new_frenet_planner/src/IAC_planner_4/src/temp_frenet_ros_obst.cpp:504:9:[m[K [01;35m[Kwarning: [m[Kunused variable ‘[01m[KendTime2[m[K’ [[01;35m[K-Wunused-variable[m[K]
  504 |  double [01;35m[KendTime2[m[K = omp_get_wtime();
      |         [01;35m[K^~~~~~~~[m[K
[01m[K/home/aayush/new_new_frenet_planner/src/IAC_planner_4/src/temp_frenet_ros_obst.cpp:508:9:[m[K [01;35m[Kwarning: [m[Kunused variable ‘[01m[KstartTime3[m[K’ [[01;35m[K-Wunused-variable[m[K]
  508 |  double [01;35m[KstartTime3[m[K = omp_get_wtime();
      |         [01;35m[K^~~~~~~~~~[m[K
[01m[K/home/aayush/new_new_frenet_planner/src/IAC_planner_4/src/temp_frenet_ros_obst.cpp:517:9:[m[K [01;35m[Kwarning: [m[Kunused variable ‘[01m[KendTime3[m[K’ [[01;35m[K-Wunused-variable[m[K]
  517 |  double [01;35m[KendTime3[m[K = omp_get_wtime();
      |         [01;35m[K^~~~~~~~[m[K
[01m[K/home/aayush/new_new_frenet_planner/src/IAC_planner_4/src/temp_frenet_ros_obst.cpp:[m[K At global scope:
[01m[K/home/aayush/new_new_frenet_planner/src/IAC_planner_4/src/temp_frenet_ros_obst.cpp:646:81:[m[K [01;35m[Kwarning: [m[K‘[01m[Kgeometry_msgs::msg::PolygonStamped_<std::allocator<void> >::ConstPtr[m[K’ is deprecated [[01;35m[K-Wdeprecated-declarations[m[K]
  646 | allback(const geometry_msgs::msg::PolygonStamped::ConstPtr p[01;35m[K)[m[K
      |                                                             [01;35m[K^[m[K

In file included from [01m[K/opt/ros/foxy/include/geometry_msgs/msg/polygon_stamped.hpp:7[m[K,
                 from [01m[K/home/aayush/new_new_frenet_planner/src/IAC_planner_4/src/../include/frenet_optimal_trajectory.hpp:14[m[K,
                 from [01m[K/home/aayush/new_new_frenet_planner/src/IAC_planner_4/src/temp_frenet_ros_obst.cpp:9[m[K:
[01m[K/opt/ros/foxy/include/geometry_msgs/msg/detail/polygon_stamped__struct.hpp:114:5:[m[K [01;36m[Knote: [m[Kdeclared here
  114 |     [01;36m[KConstPtr[m[K;
      |     [01;36m[K^~~~~~~~[m[K
[01m[K/home/aayush/new_new_frenet_planner/src/IAC_planner_4/src/temp_frenet_ros_obst.cpp:654:67:[m[K [01;35m[Kwarning: [m[K‘[01m[Knav_msgs::msg::Odometry_<std::allocator<void> >::ConstPtr[m[K’ is deprecated [[01;35m[K-Wdeprecated-declarations[m[K]
  654 |     void odom_callback(const nav_msgs::msg::Odometry::ConstPtr msg[01;35m[K)[m[K
      |                                                                   [01;35m[K^[m[K
In file included from [01m[K/opt/ros/foxy/include/nav_msgs/msg/odometry.hpp:7[m[K,
                 from [01m[K/home/aayush/new_new_frenet_planner/src/IAC_planner_4/src/../include/frenet_optimal_trajectory.hpp:11[m[K,
                 from [01m[K/home/aayush/new_new_frenet_planner/src/IAC_planner_4/src/temp_frenet_ros_obst.cpp:9[m[K:
[01m[K/opt/ros/foxy/include/nav_msgs/msg/detail/odometry__struct.hpp:145:5:[m[K [01;36m[Knote: [m[Kdeclared here
  145 |     [01;36m[KConstPtr[m[K;
      |     [01;36m[K^~~~~~~~[m[K
[01m[K/home/aayush/new_new_frenet_planner/src/IAC_planner_4/src/temp_frenet_ros_obst.cpp:658:86:[m[K [01;35m[Kwarning: [m[K‘[01m[Knav_msgs::msg::OccupancyGrid_<std::allocator<void> >::ConstPtr[m[K’ is deprecated [[01;35m[K-Wdeprecated-declarations[m[K]
  658 | (const nav_msgs::msg::OccupancyGrid::ConstPtr occupancy_grid[01;35m[K)[m[K
      |                                                             [01;35m[K^[m[K

In file included from [01m[K/opt/ros/foxy/include/nav_msgs/msg/occupancy_grid.hpp:7[m[K,
                 from [01m[K/home/aayush/new_new_frenet_planner/src/IAC_planner_4/src/../include/frenet_optimal_trajectory.hpp:13[m[K,
                 from [01m[K/home/aayush/new_new_frenet_planner/src/IAC_planner_4/src/temp_frenet_ros_obst.cpp:9[m[K:
[01m[K/opt/ros/foxy/include/nav_msgs/msg/detail/occupancy_grid__struct.hpp:123:5:[m[K [01;36m[Knote: [m[Kdeclared here
  123 |     [01;36m[KConstPtr[m[K;
      |     [01;36m[K^~~~~~~~[m[K
[01m[K/home/aayush/new_new_frenet_planner/src/IAC_planner_4/src/temp_frenet_ros_obst.cpp:[m[K In member function ‘[01m[Kvoid FrenetClass::costmap_callback(nav_msgs::msg::OccupancyGrid_<std::allocator<void> >::ConstPtr)[m[K’:
[01m[K/home/aayush/new_new_frenet_planner/src/IAC_planner_4/src/temp_frenet_ros_obst.cpp:692:22:[m[K [01;35m[Kwarning: [m[Kcomparison of integer expressions of different signedness: ‘[01m[Klong int[m[K’ and ‘[01m[Kstd::vector<std::pair<double, double> >::size_type[m[K’ {aka ‘[01m[Klong unsigned int[m[K’} [[01;35m[K-Wsign-compare[m[K]
  692 |   for (long i = 0; [01;35m[Ki < ob1.size()[m[K; i++)
      |                    [01;35m[K~~^~~~~~~~~~~~[m[K
[01m[K/home/aayush/new_new_frenet_planner/src/IAC_planner_4/src/temp_frenet_ros_obst.cpp:668:13:[m[K [01;35m[Kwarning: [m[Kunused variable ‘[01m[KstartTime1[m[K’ [[01;35m[K-Wunused-variable[m[K]
  668 |      double [01;35m[KstartTime1[m[K = omp_get_wtime();
      |             [01;35m[K^~~~~~~~~~[m[K
In file included from [01m[K/home/aayush/new_new_frenet_planner/src/IAC_planner_4/src/temp_frenet_ros_obst.cpp:9[m[K:
[01m[K/home/aayush/new_new_frenet_planner/src/IAC_planner_4/src/temp_frenet_ros_obst.cpp:[m[K In function ‘[01m[Kdouble get_bot_yaw()[m[K’:
[01m[K/home/aayush/new_new_frenet_planner/src/IAC_planner_4/src/../include/frenet_optimal_trajectory.hpp:160:20:[m[K [01;35m[Kwarning: [m[Kstatement has no effect [[01;35m[K-Wunused-value[m[K]
  160 | #define trace(...) [01;35m[K42[m[K
      |                    [01;35m[K^~[m[K
[01m[K/home/aayush/new_new_frenet_planner/src/IAC_planner_4/src/../include/frenet_optimal_trajectory.hpp:160:20:[m[K [01;36m[Knote: [m[Kin definition of macro ‘[01m[Ktrace[m[K’
  160 | #define trace(...) [01;36m[K42[m[K
      |                    [01;36m[K^~[m[K
[01m[K/home/aayush/new_new_frenet_planner/src/IAC_planner_4/src/temp_frenet_ros_obst.cpp:[m[K In function ‘[01m[Kvoid initial_conditions_path(Spline2D&, double&, double&, double&, double&, double&, double&, FrenetPath&)[m[K’:
[01m[K/home/aayush/new_new_frenet_planner/src/IAC_planner_4/src/temp_frenet_ros_obst.cpp:754:40:[m[K [01;35m[Kwarning: [m[Kunused parameter ‘[01m[Kcsp[m[K’ [[01;35m[K-Wunused-parameter[m[K]
  754 | void initial_conditions_path([01;35m[KSpline2D &csp[m[K, double &s0, double &c_speed, double &c_d, double &c_d_d,
      |                              [01;35m[K~~~~~~~~~~^~~[m[K
In file included from [01m[K/home/aayush/new_new_frenet_planner/src/IAC_planner_4/src/temp_frenet_ros_obst.cpp:9[m[K:
[01m[K/home/aayush/new_new_frenet_planner/src/IAC_planner_4/src/temp_frenet_ros_obst.cpp:[m[K In function ‘[01m[Kint initial_conditions_new(Spline2D&, vecD&, vecD&, vecD&, vecD&, vecD&, double&, double&, double&, double&, double&, double&, FrenetPath&)[m[K’:
[01m[K/home/aayush/new_new_frenet_planner/src/IAC_planner_4/src/../include/frenet_optimal_trajectory.hpp:160:20:[m[K [01;35m[Kwarning: [m[Kstatement has no effect [[01;35m[K-Wunused-value[m[K]
  160 | #define trace(...) [01;35m[K42[m[K
      |                    [01;35m[K^~[m[K
[01m[K/home/aayush/new_new_frenet_planner/src/IAC_planner_4/src/../include/frenet_optimal_trajectory.hpp:160:20:[m[K [01;36m[Knote: [m[Kin definition of macro ‘[01m[Ktrace[m[K’
  160 | #define trace(...) [01;36m[K42[m[K
      |                    [01;36m[K^~[m[K
[01m[K/home/aayush/new_new_frenet_planner/src/IAC_planner_4/src/../include/frenet_optimal_trajectory.hpp:160:20:[m[K [01;35m[Kwarning: [m[Kstatement has no effect [[01;35m[K-Wunused-value[m[K]
  160 | #define trace(...) [01;35m[K42[m[K
      |                    [01;35m[K^~[m[K
[01m[K/home/aayush/new_new_frenet_planner/src/IAC_planner_4/src/../include/frenet_optimal_trajectory.hpp:160:20:[m[K [01;36m[Knote: [m[Kin definition of macro ‘[01m[Ktrace[m[K’
  160 | #define trace(...) [01;36m[K42[m[K
      |                    [01;36m[K^~[m[K
[01m[K/home/aayush/new_new_frenet_planner/src/IAC_planner_4/src/temp_frenet_ros_obst.cpp:781:38:[m[K [01;35m[Kwarning: [m[Kunused parameter ‘[01m[Kcsp[m[K’ [[01;35m[K-Wunused-parameter[m[K]
  781 | int initial_conditions_new([01;35m[KSpline2D &csp[m[K, vecD &global_s, vecD &global_x, vecD &global_y,
      |                            [01;35m[K~~~~~~~~~~^~~[m[K
In file included from [01m[K/home/aayush/new_new_frenet_planner/src/IAC_planner_4/src/temp_frenet_ros_obst.cpp:9[m[K:
[01m[K/home/aayush/new_new_frenet_planner/src/IAC_planner_4/src/temp_frenet_ros_obst.cpp:[m[K In function ‘[01m[Kint main(int, char**)[m[K’:
[01m[K/home/aayush/new_new_frenet_planner/src/IAC_planner_4/src/../include/frenet_optimal_trajectory.hpp:160:20:[m[K [01;35m[Kwarning: [m[Kstatement has no effect [[01;35m[K-Wunused-value[m[K]
  160 | #define trace(...) [01;35m[K42[m[K
      |                    [01;35m[K^~[m[K
[01m[K/home/aayush/new_new_frenet_planner/src/IAC_planner_4/src/../include/frenet_optimal_trajectory.hpp:160:20:[m[K [01;36m[Knote: [m[Kin definition of macro ‘[01m[Ktrace[m[K’
  160 | #define trace(...) [01;36m[K42[m[K
      |                    [01;36m[K^~[m[K
[01m[K/home/aayush/new_new_frenet_planner/src/IAC_planner_4/src/temp_frenet_ros_obst.cpp:910:10:[m[K [01;35m[Kwarning: [m[Kunused variable ‘[01m[KstartTime1[m[K’ [[01;35m[K-Wunused-variable[m[K]
  910 |   double [01;35m[KstartTime1[m[K = omp_get_wtime();
      |          [01;35m[K^~~~~~~~~~[m[K
[01m[K/home/aayush/new_new_frenet_planner/src/IAC_planner_4/src/temp_frenet_ros_obst.cpp:926:10:[m[K [01;35m[Kwarning: [m[Kunused variable ‘[01m[KendTime1[m[K’ [[01;35m[K-Wunused-variable[m[K]
  926 |   double [01;35m[KendTime1[m[K = omp_get_wtime();
      |          [01;35m[K^~~~~~~~[m[K
[01m[K/home/aayush/new_new_frenet_planner/src/IAC_planner_4/src/temp_frenet_ros_obst.cpp:959:10:[m[K [01;35m[Kwarning: [m[Kunused variable ‘[01m[KstartTime2[m[K’ [[01;35m[K-Wunused-variable[m[K]
  959 |   double [01;35m[KstartTime2[m[K = omp_get_wtime();
      |          [01;35m[K^~~~~~~~~~[m[K
[01m[K/home/aayush/new_new_frenet_planner/src/IAC_planner_4/src/temp_frenet_ros_obst.cpp:963:10:[m[K [01;35m[Kwarning: [m[Kunused variable ‘[01m[KendTime2[m[K’ [[01;35m[K-Wunused-variable[m[K]
  963 |   double [01;35m[KendTime2[m[K = omp_get_wtime();
      |          [01;35m[K^~~~~~~~[m[K
[01m[K/home/aayush/new_new_frenet_planner/src/IAC_planner_4/src/temp_frenet_ros_obst.cpp:1015:10:[m[K [01;35m[Kwarning: [m[Kunused variable ‘[01m[KstartTime3[m[K’ [[01;35m[K-Wunused-variable[m[K]
 1015 |   double [01;35m[KstartTime3[m[K = omp_get_wtime();
      |          [01;35m[K^~~~~~~~~~[m[K
[01m[K/home/aayush/new_new_frenet_planner/src/IAC_planner_4/src/temp_frenet_ros_obst.cpp:1017:10:[m[K [01;35m[Kwarning: [m[Kunused variable ‘[01m[KendTime3[m[K’ [[01;35m[K-Wunused-variable[m[K]
 1017 |   double [01;35m[KendTime3[m[K = omp_get_wtime();
      |          [01;35m[K^~~~~~~~[m[K
[01m[K/home/aayush/new_new_frenet_planner/src/IAC_planner_4/src/temp_frenet_ros_obst.cpp:848:7:[m[K [01;35m[Kwarning: [m[Kunused variable ‘[01m[KgotOdom[m[K’ [[01;35m[K-Wunused-variable[m[K]
  848 |  bool [01;35m[KgotOdom[m[K = false;
      |       [01;35m[K^~~~~~~[m[K
[01m[K/home/aayush/new_new_frenet_planner/src/IAC_planner_4/src/temp_frenet_ros_obst.cpp:892:7:[m[K [01;35m[Kwarning: [m[Kunused variable ‘[01m[Krun_frenet[m[K’ [[01;35m[K-Wunused-variable[m[K]
  892 |  bool [01;35m[Krun_frenet[m[K = true;
      |       [01;35m[K^~~~~~~~~~[m[K
[01m[K/home/aayush/new_new_frenet_planner/src/IAC_planner_4/src/temp_frenet_ros_obst.cpp:897:9:[m[K [01;35m[Kwarning: [m[Kunused variable ‘[01m[Kpltbasetime[m[K’ [[01;35m[K-Wunused-variable[m[K]
  897 |  double [01;35m[Kpltbasetime[m[K = omp_get_wtime();
      |         [01;35m[K^~~~~~~~~~~[m[K
In file included from [01m[K/home/aayush/new_new_frenet_planner/src/IAC_planner_4/src/temp_frenet_ros_obst.cpp:9[m[K:
[01m[K/home/aayush/new_new_frenet_planner/src/IAC_planner_4/src/../include/frenet_optimal_trajectory.hpp:[m[K At global scope:
[01m[K/home/aayush/new_new_frenet_planner/src/IAC_planner_4/src/../include/frenet_optimal_trajectory.hpp:32:15:[m[K [01;35m[Kwarning: [m[K‘[01m[KMIN_LAT_VEL[m[K’ defined but not used [[01;35m[K-Wunused-variable[m[K]
   32 | static double [01;35m[KMIN_LAT_VEL[m[K = -1.0;  // minimum lateral speed. Sampling for d_dot
      |               [01;35m[K^~~~~~~~~~~[m[K
[01m[K/home/aayush/new_new_frenet_planner/src/IAC_planner_4/src/../include/frenet_optimal_trajectory.hpp:31:15:[m[K [01;35m[Kwarning: [m[K‘[01m[KROBOT_RADIUS[m[K’ defined but not used [[01;35m[K-Wunused-variable[m[K]
   31 | static double [01;35m[KROBOT_RADIUS[m[K = 2.0;  // robot radius [m]
      |               [01;35m[K^~~~~~~~~~~~[m[K
[01m[K/home/aayush/new_new_frenet_planner/src/IAC_planner_4/src/../include/frenet_optimal_trajectory.hpp:22:15:[m[K [01;35m[Kwarning: [m[K‘[01m[KMAX_CURVATURE[m[K’ defined but not used [[01;35m[K-Wunused-variable[m[K]
   22 | static double [01;35m[KMAX_CURVATURE[m[K = 2.0;  // maximum curvature [1/m]
      |               [01;35m[K^~~~~~~~~~~~~[m[K
[01m[K/home/aayush/new_new_frenet_planner/src/IAC_planner_4/src/../include/frenet_optimal_trajectory.hpp:21:15:[m[K [01;35m[Kwarning: [m[K‘[01m[KMAX_ACCEL[m[K’ defined but not used [[01;35m[K-Wunused-variable[m[K]
   21 | static double [01;35m[KMAX_ACCEL[m[K = 5.0;  // maximum acceleration [m/ss]
      |               [01;35m[K^~~~~~~~~[m[K
[01m[K/home/aayush/new_new_frenet_planner/src/IAC_planner_4/src/../include/frenet_optimal_trajectory.hpp:20:15:[m[K [01;35m[Kwarning: [m[K‘[01m[KMAX_SPEED[m[K’ defined but not used [[01;35m[K-Wunused-variable[m[K]
   20 | static double [01;35m[KMAX_SPEED[m[K = 13.89;  // maximum speed [m/s]
      |               [01;35m[K^~~~~~~~~[m[K
