[0.837s] Invoking command in '/home/aayush/new_new_frenet_planner/build/frenet_planner': CMAKE_PREFIX_PATH=/opt/ros/foxy /usr/bin/cmake /home/aayush/new_new_frenet_planner/src/IAC_planner_4 -DCMAKE_INSTALL_PREFIX=/home/aayush/new_new_frenet_planner/install/frenet_planner
[1.753s] -- The C compiler identification is GNU 9.3.0
[2.014s] -- The CXX compiler identification is GNU 9.3.0
[2.082s] -- Check for working C compiler: /usr/bin/cc
[2.353s] -- Check for working C compiler: /usr/bin/cc -- works
[2.360s] -- Detecting C compiler ABI info
[2.576s] -- Detecting C compiler ABI info - done
[2.641s] -- Detecting C compile features
[2.643s] -- Detecting C compile features - done
[2.658s] -- Check for working CXX compiler: /usr/bin/c++
[2.914s] -- Check for working CXX compiler: /usr/bin/c++ -- works
[2.918s] -- Detecting CXX compiler ABI info
[3.170s] -- Detecting CXX compiler ABI info - done
[3.235s] -- Detecting CXX compile features
[3.237s] -- Detecting CXX compile features - done
[4.178s] -- Found OpenMP_C: -fopenmp (found version "4.5") 
[4.467s] -- Found OpenMP_CXX: -fopenmp (found version "4.5") 
[4.469s] -- Found OpenMP: TRUE (found version "4.5")  
[4.470s] OPENMP FOUND
[4.486s] -- Found ament_cmake: 0.9.8 (/opt/ros/foxy/share/ament_cmake/cmake)
[4.600s] -- Found PythonInterp: /usr/bin/python3 (found suitable version "3.8.10", minimum required is "3") 
[4.601s] -- Using PYTHON_EXECUTABLE: /usr/bin/python3
[5.291s] -- Found geometry_msgs: 2.0.4 (/opt/ros/foxy/share/geometry_msgs/cmake)
[5.565s] -- Using all available rosidl_typesupport_c: rosidl_typesupport_fastrtps_c;rosidl_typesupport_introspection_c
[5.629s] -- Found rosidl_adapter: 1.2.1 (/opt/ros/foxy/share/rosidl_adapter/cmake)
[6.203s] -- Found OpenSSL: /usr/lib/x86_64-linux-gnu/libcrypto.so (found version "1.1.1f")  
[6.319s] -- Found FastRTPS: /opt/ros/foxy/include  
[6.663s] -- Using all available rosidl_typesupport_cpp: rosidl_typesupport_fastrtps_cpp;rosidl_typesupport_introspection_cpp
[7.207s] -- Found nav_msgs: 2.0.4 (/opt/ros/foxy/share/nav_msgs/cmake)
[7.715s] -- Found rclcpp: 2.3.1 (/opt/ros/foxy/share/rclcpp/cmake)
[8.096s] -- Found rmw_implementation_cmake: 1.0.3 (/opt/ros/foxy/share/rmw_implementation_cmake/cmake)
[8.118s] -- Using RMW implementation 'rmw_fastrtps_cpp' as default
[8.156s] -- Looking for pthread.h
[8.384s] -- Looking for pthread.h - found
[8.384s] -- Performing Test CMAKE_HAVE_LIBC_PTHREAD
[8.627s] -- Performing Test CMAKE_HAVE_LIBC_PTHREAD - Success
[8.630s] -- Found Threads: TRUE  
[9.549s] -- Found rclpy: 1.0.5 (/opt/ros/foxy/share/rclpy/cmake)
[9.591s] -- /opt/ros/foxy/share/fastrtps_cmake_module/cmake/Modules;/home/aayush/new_new_frenet_planner/src/IAC_planner_4/cmake_modules
[9.794s] -- Found Boost: /usr/lib/x86_64-linux-gnu/cmake/Boost-1.71.0/BoostConfig.cmake (found version "1.71.0") found components: system thread graph 
[9.882s] -- Found ament_lint_auto: 0.9.6 (/opt/ros/foxy/share/ament_lint_auto/cmake)
[10.228s] -- Found PythonLibs: /usr/lib/x86_64-linux-gnu/libpython3.8.so (found suitable version "3.8.10", minimum required is "2.7") 
[10.228s] -- dir='/home/aayush/new_new_frenet_planner/src/IAC_planner_4/$'
[10.229s] -- dir='/home/aayush/new_new_frenet_planner/src/IAC_planner_4/{rclcpp_INCLUDE_DIRS}'
[10.229s] -- dir='/home/aayush/new_new_frenet_planner/src/IAC_planner_4/$'
[10.229s] -- dir='/home/aayush/new_new_frenet_planner/src/IAC_planner_4/{geometry_msgs_INCLUDE_DIRS}'
[10.230s] -- dir='/home/aayush/new_new_frenet_planner/src/IAC_planner_4/$'
[10.230s] -- dir='/home/aayush/new_new_frenet_planner/src/IAC_planner_4/{nav_msgs_INCLUDE_DIRS}'
[10.230s] -- dir='/home/aayush/new_new_frenet_planner/src/IAC_planner_4/$'
[10.230s] -- dir='/home/aayush/new_new_frenet_planner/src/IAC_planner_4/{rclcpp_INCLUDE_DIRS}'
[10.230s] -- dir='/home/aayush/new_new_frenet_planner/src/IAC_planner_4/$'
[10.231s] -- dir='/home/aayush/new_new_frenet_planner/src/IAC_planner_4/{rclpy_INCLUDE_DIRS}'
[10.231s] -- dir='/home/aayush/new_new_frenet_planner/src/IAC_planner_4/$'
[10.231s] -- dir='/home/aayush/new_new_frenet_planner/src/IAC_planner_4/{std_msgs_INCLUDE_DIRS}'
[10.231s] -- dir='/home/aayush/new_new_frenet_planner/src/IAC_planner_4/$'
[10.231s] -- dir='/home/aayush/new_new_frenet_planner/src/IAC_planner_4/{costmap_2d_INCLUDE_DIRS}'
[10.232s] -- dir='/home/aayush/new_new_frenet_planner/src/IAC_planner_4/$'
[10.232s] -- dir='/home/aayush/new_new_frenet_planner/src/IAC_planner_4/{base_local_planner_INCLUDE_DIRS}'
[10.232s] -- dir='/home/aayush/new_new_frenet_planner/src/IAC_planner_4/$'
[10.232s] -- dir='/home/aayush/new_new_frenet_planner/src/IAC_planner_4/{costmap_converter_INCLUDE_DIRS}'
[10.232s] -- dir='/home/aayush/new_new_frenet_planner/src/IAC_planner_4/./include'
[10.233s] -- dir='/home/aayush/new_new_frenet_planner/src/IAC_planner_4/./launch'
[10.233s] -- dir='/opt/ros/foxy/share'
[10.233s] -- dir='/opt/ros/foxy/include'
[10.275s] -- Added test 'copyright' to check source files copyright and LICENSE
[10.280s] -- Added test 'cppcheck' to perform static code analysis on C / C++ code
[10.298s] -- Configured cppcheck include dirs: /home/aayush/new_new_frenet_planner/src/IAC_planner_4/$;/home/aayush/new_new_frenet_planner/src/IAC_planner_4/{rclcpp_INCLUDE_DIRS};/home/aayush/new_new_frenet_planner/src/IAC_planner_4/{geometry_msgs_INCLUDE_DIRS};/home/aayush/new_new_frenet_planner/src/IAC_planner_4/{nav_msgs_INCLUDE_DIRS};/home/aayush/new_new_frenet_planner/src/IAC_planner_4/{rclpy_INCLUDE_DIRS};/home/aayush/new_new_frenet_planner/src/IAC_planner_4/{std_msgs_INCLUDE_DIRS};/home/aayush/new_new_frenet_planner/src/IAC_planner_4/{costmap_2d_INCLUDE_DIRS};/home/aayush/new_new_frenet_planner/src/IAC_planner_4/{base_local_planner_INCLUDE_DIRS};/home/aayush/new_new_frenet_planner/src/IAC_planner_4/{costmap_converter_INCLUDE_DIRS};/home/aayush/new_new_frenet_planner/src/IAC_planner_4/./include;/home/aayush/new_new_frenet_planner/src/IAC_planner_4/./launch
[10.298s] -- Configured cppcheck exclude dirs and/or files: 
[10.304s] -- Added test 'cpplint' to check C / C++ code against the Google style
[10.304s] -- Configured cpplint exclude dirs and/or files: 
[10.306s] -- Added test 'flake8' to check Python code syntax and style conventions
[10.309s] -- Added test 'lint_cmake' to check CMake code style
[10.311s] -- Added test 'pep257' to check Python code against some of the style conventions in PEP 257
[10.316s] -- Added test 'uncrustify' to check C / C++ code style
[10.316s] -- Configured uncrustify additional arguments: 
[10.319s] -- Added test 'xmllint' to check XML markup files
[10.330s] -- Configuring done
[10.370s] -- Generating done
[10.408s] -- Build files have been written to: /home/aayush/new_new_frenet_planner/build/frenet_planner
[10.425s] Invoked command in '/home/aayush/new_new_frenet_planner/build/frenet_planner' returned '0': CMAKE_PREFIX_PATH=/opt/ros/foxy /usr/bin/cmake /home/aayush/new_new_frenet_planner/src/IAC_planner_4 -DCMAKE_INSTALL_PREFIX=/home/aayush/new_new_frenet_planner/install/frenet_planner
[10.433s] Invoking command in '/home/aayush/new_new_frenet_planner/build/frenet_planner': CMAKE_PREFIX_PATH=/opt/ros/foxy /usr/bin/cmake --build /home/aayush/new_new_frenet_planner/build/frenet_planner -- -j2 -l2
[10.550s] [35m[1mScanning dependencies of target temp_frenet_ros_obst[0m
[10.930s] [ 50%] [32mBuilding CXX object CMakeFiles/temp_frenet_ros_obst.dir/src/cubic_spline_planner.cpp.o[0m
[10.931s] [ 50%] [32mBuilding CXX object CMakeFiles/temp_frenet_ros_obst.dir/src/temp_frenet_ros_obst.cpp.o[0m
[14.458s] [01m[K/home/aayush/new_new_frenet_planner/src/IAC_planner_4/src/cubic_spline_planner.cpp:[m[K In member function ‘[01m[KEigen::MatrixXd& Spline::calc_A(vecD)[m[K’:
[14.458s] [01m[K/home/aayush/new_new_frenet_planner/src/IAC_planner_4/src/cubic_spline_planner.cpp:39:7:[m[K [01;35m[Kwarning: [m[Kunused variable ‘[01m[Ki[m[K’ [[01;35m[K-Wunused-variable[m[K]
[14.459s]    39 |   int [01;35m[Ki[m[K,j;
[14.459s]       |       [01;35m[K^[m[K
[14.459s] [01m[K/home/aayush/new_new_frenet_planner/src/IAC_planner_4/src/cubic_spline_planner.cpp:39:9:[m[K [01;35m[Kwarning: [m[Kunused variable ‘[01m[Kj[m[K’ [[01;35m[K-Wunused-variable[m[K]
[14.459s]    39 |   int i,[01;35m[Kj[m[K;
[14.460s]       |         [01;35m[K^[m[K
[14.460s] [01m[K/home/aayush/new_new_frenet_planner/src/IAC_planner_4/src/cubic_spline_planner.cpp:[m[K In member function ‘[01m[KEigen::MatrixXd& Spline::calc_B(vecD)[m[K’:
[14.461s] [01m[K/home/aayush/new_new_frenet_planner/src/IAC_planner_4/src/cubic_spline_planner.cpp:70:7:[m[K [01;35m[Kwarning: [m[Kunused variable ‘[01m[Ki[m[K’ [[01;35m[K-Wunused-variable[m[K]
[14.461s]    70 |   int [01;35m[Ki[m[K,j;
[14.461s]       |       [01;35m[K^[m[K
[14.461s] [01m[K/home/aayush/new_new_frenet_planner/src/IAC_planner_4/src/cubic_spline_planner.cpp:70:9:[m[K [01;35m[Kwarning: [m[Kunused variable ‘[01m[Kj[m[K’ [[01;35m[K-Wunused-variable[m[K]
[14.461s]    70 |   int i,[01;35m[Kj[m[K;
[14.462s]       |         [01;35m[K^[m[K
[14.562s] [01m[K/home/aayush/new_new_frenet_planner/src/IAC_planner_4/src/cubic_spline_planner.cpp:[m[K In function ‘[01m[KSpline2D& calc_spline_course(vecD, vecD, vecD&, vecD&, vecD&, vecD&, double)[m[K’:
[14.562s] [01m[K/home/aayush/new_new_frenet_planner/src/IAC_planner_4/src/cubic_spline_planner.cpp:300:20:[m[K [01;35m[Kwarning: [m[Kcomparison of integer expressions of different signedness: ‘[01m[Kint[m[K’ and ‘[01m[Kstd::vector<double>::size_type[m[K’ {aka ‘[01m[Klong unsigned int[m[K’} [[01;35m[K-Wsign-compare[m[K]
[14.563s]   300 |   for(int i = 0; [01;35m[Ki < s.size()[m[K; i++)
[14.563s]       |                  [01;35m[K~~^~~~~~~~~~[m[K
[21.888s] In file included from [01m[K/home/aayush/new_new_frenet_planner/src/IAC_planner_4/src/temp_frenet_ros_obst.cpp:9[m[K:
[21.888s] [01m[K/home/aayush/new_new_frenet_planner/src/IAC_planner_4/src/../include/frenet_optimal_trajectory.hpp:[m[K In function ‘[01m[Kstd::ostream& operator<<(std::ostream&, const FrenetPath&)[m[K’:
[21.888s] [01m[K/home/aayush/new_new_frenet_planner/src/IAC_planner_4/src/../include/frenet_optimal_trajectory.hpp:160:20:[m[K [01;35m[Kwarning: [m[Kstatement has no effect [[01;35m[K-Wunused-value[m[K]
[21.889s]   160 | #define trace(...) [01;35m[K42[m[K
[21.889s]       |                    [01;35m[K^~[m[K
[21.889s] [01m[K/home/aayush/new_new_frenet_planner/src/IAC_planner_4/src/../include/frenet_optimal_trajectory.hpp:160:20:[m[K [01;36m[Knote: [m[Kin definition of macro ‘[01m[Ktrace[m[K’
[21.889s]   160 | #define trace(...) [01;36m[K42[m[K
[21.890s]       |                    [01;36m[K^~[m[K
[21.890s] [01m[K/home/aayush/new_new_frenet_planner/src/IAC_planner_4/src/../include/frenet_optimal_trajectory.hpp:160:20:[m[K [01;35m[Kwarning: [m[Kstatement has no effect [[01;35m[K-Wunused-value[m[K]
[21.890s]   160 | #define trace(...) [01;35m[K42[m[K
[21.890s]       |                    [01;35m[K^~[m[K
[21.890s] [01m[K/home/aayush/new_new_frenet_planner/src/IAC_planner_4/src/../include/frenet_optimal_trajectory.hpp:160:20:[m[K [01;36m[Knote: [m[Kin definition of macro ‘[01m[Ktrace[m[K’
[21.891s]   160 | #define trace(...) [01;36m[K42[m[K
[21.891s]       |                    [01;36m[K^~[m[K
[21.891s] [01m[K/home/aayush/new_new_frenet_planner/src/IAC_planner_4/src/../include/frenet_optimal_trajectory.hpp:160:20:[m[K [01;35m[Kwarning: [m[Kstatement has no effect [[01;35m[K-Wunused-value[m[K]
[21.891s]   160 | #define trace(...) [01;35m[K42[m[K
[21.891s]       |                    [01;35m[K^~[m[K
[21.892s] [01m[K/home/aayush/new_new_frenet_planner/src/IAC_planner_4/src/../include/frenet_optimal_trajectory.hpp:160:20:[m[K [01;36m[Knote: [m[Kin definition of macro ‘[01m[Ktrace[m[K’
[21.892s]   160 | #define trace(...) [01;36m[K42[m[K
[21.892s]       |                    [01;36m[K^~[m[K
[21.892s] [01m[K/home/aayush/new_new_frenet_planner/src/IAC_planner_4/src/../include/frenet_optimal_trajectory.hpp:160:20:[m[K [01;35m[Kwarning: [m[Kstatement has no effect [[01;35m[K-Wunused-value[m[K]
[21.892s]   160 | #define trace(...) [01;35m[K42[m[K
[21.893s]       |                    [01;35m[K^~[m[K
[21.893s] [01m[K/home/aayush/new_new_frenet_planner/src/IAC_planner_4/src/../include/frenet_optimal_trajectory.hpp:160:20:[m[K [01;36m[Knote: [m[Kin definition of macro ‘[01m[Ktrace[m[K’
[21.893s]   160 | #define trace(...) [01;36m[K42[m[K
[21.893s]       |                    [01;36m[K^~[m[K
[21.893s] [01m[K/home/aayush/new_new_frenet_planner/src/IAC_planner_4/src/../include/frenet_optimal_trajectory.hpp:160:20:[m[K [01;35m[Kwarning: [m[Kstatement has no effect [[01;35m[K-Wunused-value[m[K]
[21.894s]   160 | #define trace(...) [01;35m[K42[m[K
[21.894s]       |                    [01;35m[K^~[m[K
[21.894s] [01m[K/home/aayush/new_new_frenet_planner/src/IAC_planner_4/src/../include/frenet_optimal_trajectory.hpp:160:20:[m[K [01;36m[Knote: [m[Kin definition of macro ‘[01m[Ktrace[m[K’
[21.894s]   160 | #define trace(...) [01;36m[K42[m[K
[21.894s]       |                    [01;36m[K^~[m[K
[21.895s] [01m[K/home/aayush/new_new_frenet_planner/src/IAC_planner_4/src/../include/frenet_optimal_trajectory.hpp:160:20:[m[K [01;35m[Kwarning: [m[Kstatement has no effect [[01;35m[K-Wunused-value[m[K]
[21.895s]   160 | #define trace(...) [01;35m[K42[m[K
[21.895s]       |                    [01;35m[K^~[m[K
[21.895s] [01m[K/home/aayush/new_new_frenet_planner/src/IAC_planner_4/src/../include/frenet_optimal_trajectory.hpp:160:20:[m[K [01;36m[Knote: [m[Kin definition of macro ‘[01m[Ktrace[m[K’
[21.895s]   160 | #define trace(...) [01;36m[K42[m[K
[21.896s]       |                    [01;36m[K^~[m[K
[21.896s] [01m[K/home/aayush/new_new_frenet_planner/src/IAC_planner_4/src/../include/frenet_optimal_trajectory.hpp:160:20:[m[K [01;35m[Kwarning: [m[Kstatement has no effect [[01;35m[K-Wunused-value[m[K]
[21.896s]   160 | #define trace(...) [01;35m[K42[m[K
[21.896s]       |                    [01;35m[K^~[m[K
[21.896s] [01m[K/home/aayush/new_new_frenet_planner/src/IAC_planner_4/src/../include/frenet_optimal_trajectory.hpp:160:20:[m[K [01;36m[Knote: [m[Kin definition of macro ‘[01m[Ktrace[m[K’
[21.897s]   160 | #define trace(...) [01;36m[K42[m[K
[21.897s]       |                    [01;36m[K^~[m[K
[21.905s] [01m[K/home/aayush/new_new_frenet_planner/src/IAC_planner_4/src/../include/frenet_optimal_trajectory.hpp:160:20:[m[K [01;35m[Kwarning: [m[Kstatement has no effect [[01;35m[K-Wunused-value[m[K]
[21.907s]   160 | #define trace(...) [01;35m[K42[m[K
[21.908s]       |                    [01;35m[K^~[m[K
[21.908s] [01m[K/home/aayush/new_new_frenet_planner/src/IAC_planner_4/src/../include/frenet_optimal_trajectory.hpp:160:20:[m[K [01;36m[Knote: [m[Kin definition of macro ‘[01m[Ktrace[m[K’
[21.908s]   160 | #define trace(...) [01;36m[K42[m[K
[21.908s]       |                    [01;36m[K^~[m[K
[21.909s] [01m[K/home/aayush/new_new_frenet_planner/src/IAC_planner_4/src/../include/frenet_optimal_trajectory.hpp:160:20:[m[K [01;35m[Kwarning: [m[Kstatement has no effect [[01;35m[K-Wunused-value[m[K]
[21.909s]   160 | #define trace(...) [01;35m[K42[m[K
[21.909s]       |                    [01;35m[K^~[m[K
[21.910s] [01m[K/home/aayush/new_new_frenet_planner/src/IAC_planner_4/src/../include/frenet_optimal_trajectory.hpp:160:20:[m[K [01;36m[Knote: [m[Kin definition of macro ‘[01m[Ktrace[m[K’
[21.910s]   160 | #define trace(...) [01;36m[K42[m[K
[21.910s]       |                    [01;36m[K^~[m[K
[21.910s] [01m[K/home/aayush/new_new_frenet_planner/src/IAC_planner_4/src/../include/frenet_optimal_trajectory.hpp:160:20:[m[K [01;35m[Kwarning: [m[Kstatement has no effect [[01;35m[K-Wunused-value[m[K]
[21.911s]   160 | #define trace(...) [01;35m[K42[m[K
[21.911s]       |                    [01;35m[K^~[m[K
[21.911s] [01m[K/home/aayush/new_new_frenet_planner/src/IAC_planner_4/src/../include/frenet_optimal_trajectory.hpp:160:20:[m[K [01;36m[Knote: [m[Kin definition of macro ‘[01m[Ktrace[m[K’
[21.911s]   160 | #define trace(...) [01;36m[K42[m[K
[21.912s]       |                    [01;36m[K^~[m[K
[21.912s] [01m[K/home/aayush/new_new_frenet_planner/src/IAC_planner_4/src/../include/frenet_optimal_trajectory.hpp:160:20:[m[K [01;35m[Kwarning: [m[Kstatement has no effect [[01;35m[K-Wunused-value[m[K]
[21.912s]   160 | #define trace(...) [01;35m[K42[m[K
[21.912s]       |                    [01;35m[K^~[m[K
[21.913s] [01m[K/home/aayush/new_new_frenet_planner/src/IAC_planner_4/src/../include/frenet_optimal_trajectory.hpp:160:20:[m[K [01;36m[Knote: [m[Kin definition of macro ‘[01m[Ktrace[m[K’
[21.913s]   160 | #define trace(...) [01;36m[K42[m[K
[21.913s]       |                    [01;36m[K^~[m[K
[21.913s] [01m[K/home/aayush/new_new_frenet_planner/src/IAC_planner_4/src/../include/frenet_optimal_trajectory.hpp:160:20:[m[K [01;35m[Kwarning: [m[Kstatement has no effect [[01;35m[K-Wunused-value[m[K]
[21.921s]   160 | #define trace(...) [01;35m[K42[m[K
[21.922s]       |                    [01;35m[K^~[m[K
[21.922s] [01m[K/home/aayush/new_new_frenet_planner/src/IAC_planner_4/src/../include/frenet_optimal_trajectory.hpp:160:20:[m[K [01;36m[Knote: [m[Kin definition of macro ‘[01m[Ktrace[m[K’
[21.922s]   160 | #define trace(...) [01;36m[K42[m[K
[21.922s]       |                    [01;36m[K^~[m[K
[21.923s] [01m[K/home/aayush/new_new_frenet_planner/src/IAC_planner_4/src/../include/frenet_optimal_trajectory.hpp:160:20:[m[K [01;35m[Kwarning: [m[Kstatement has no effect [[01;35m[K-Wunused-value[m[K]
[21.923s]   160 | #define trace(...) [01;35m[K42[m[K
[21.923s]       |                    [01;35m[K^~[m[K
[21.923s] [01m[K/home/aayush/new_new_frenet_planner/src/IAC_planner_4/src/../include/frenet_optimal_trajectory.hpp:160:20:[m[K [01;36m[Knote: [m[Kin definition of macro ‘[01m[Ktrace[m[K’
[21.924s]   160 | #define trace(...) [01;36m[K42[m[K
[21.924s]       |                    [01;36m[K^~[m[K
[21.924s] [01m[K/home/aayush/new_new_frenet_planner/src/IAC_planner_4/src/../include/frenet_optimal_trajectory.hpp:161:59:[m[K [01;35m[Kwarning: [m[Kunused parameter ‘[01m[Kfp[m[K’ [[01;35m[K-Wunused-parameter[m[K]
[21.924s]   161 | inline ostream& operator<<(ostream& os, [01;35m[Kconst FrenetPath& fp[m[K)
[21.925s]       |                                         [01;35m[K~~~~~~~~~~~~~~~~~~^~[m[K
[22.067s] In file included from [01m[K/home/aayush/new_new_frenet_planner/src/IAC_planner_4/src/temp_frenet_ros_obst.cpp:25[m[K:
[22.068s] [01m[K/home/aayush/new_new_frenet_planner/src/IAC_planner_4/./include/matplotlibcpp.hpp:[m[K At global scope:
[22.068s] [01m[K/home/aayush/new_new_frenet_planner/src/IAC_planner_4/./include/matplotlibcpp.hpp:314:36:[m[K [01;35m[Kwarning: [m[Kstatic_assert without a message only available with ‘[01m[K-std=c++17[m[K’ or ‘[01m[K-std=gnu++17[m[K’ [[01;35m[K-Wpedantic[m[K]
[22.068s]   314 | static_assert(sizeof(long long) == [01;35m[K8[m[K);
[22.068s]       |                                    [01;35m[K^[m[K
[22.069s] [01m[K/home/aayush/new_new_frenet_planner/src/IAC_planner_4/./include/matplotlibcpp.hpp:316:45:[m[K [01;35m[Kwarning: [m[Kstatic_assert without a message only available with ‘[01m[K-std=c++17[m[K’ or ‘[01m[K-std=gnu++17[m[K’ [[01;35m[K-Wpedantic[m[K]
[22.069s]   316 | static_assert(sizeof(unsigned long long) == [01;35m[K8[m[K);
[22.069s]       |                                             [01;35m[K^[m[K
[22.299s] [ 75%] [32mBuilding CXX object CMakeFiles/temp_frenet_ros_obst.dir/src/polynomials.cpp.o[0m
[22.410s] [01m[K/home/aayush/new_new_frenet_planner/src/IAC_planner_4/src/temp_frenet_ros_obst.cpp:[m[K In member function ‘[01m[Kvoid FrenetPath::calc_lon_paths_quintic_poly(double, double, double, double, double)[m[K’:
[22.410s] [01m[K/home/aayush/new_new_frenet_planner/src/IAC_planner_4/src/temp_frenet_ros_obst.cpp:83:91:[m[K [01;35m[Kwarning: [m[Kunused parameter ‘[01m[Kts[m[K’ [[01;35m[K-Wunused-parameter[m[K]
[22.410s]    83 | s_quintic_poly(double c_speed, double s0, double Ti, [01;35m[Kdouble ts[m[K,
[22.411s]       |                                                      [01;35m[K~~~~~~~^~[m[K
[22.411s] 
[22.441s] [01m[K/home/aayush/new_new_frenet_planner/src/IAC_planner_4/src/temp_frenet_ros_obst.cpp:[m[K In member function ‘[01m[Kvoid FrenetPath::adding_global_path(Spline2D)[m[K’:
[22.441s] [01m[K/home/aayush/new_new_frenet_planner/src/IAC_planner_4/src/temp_frenet_ros_obst.cpp:236:9:[m[K [01;35m[Kwarning: [m[Kunused variable ‘[01m[KstartTime1[m[K’ [[01;35m[K-Wunused-variable[m[K]
[22.441s]   236 |  double [01;35m[KstartTime1[m[K = omp_get_wtime();
[22.442s]       |         [01;35m[K^~~~~~~~~~[m[K
[22.442s] [01m[K/home/aayush/new_new_frenet_planner/src/IAC_planner_4/src/temp_frenet_ros_obst.cpp:288:9:[m[K [01;35m[Kwarning: [m[Kunused variable ‘[01m[KendTime1[m[K’ [[01;35m[K-Wunused-variable[m[K]
[22.442s]   288 |  double [01;35m[KendTime1[m[K = omp_get_wtime();
[22.442s]       |         [01;35m[K^~~~~~~~[m[K
[22.465s] In file included from [01m[K/home/aayush/new_new_frenet_planner/src/IAC_planner_4/src/temp_frenet_ros_obst.cpp:9[m[K:
[22.465s] [01m[K/home/aayush/new_new_frenet_planner/src/IAC_planner_4/src/temp_frenet_ros_obst.cpp:[m[K In function ‘[01m[KFrenetPath frenet_optimal_planning(Spline2D, double, double, double, double, double, FrenetPath, double)[m[K’:
[22.465s] [01m[K/home/aayush/new_new_frenet_planner/src/IAC_planner_4/src/../include/frenet_optimal_trajectory.hpp:160:20:[m[K [01;35m[Kwarning: [m[Kstatement has no effect [[01;35m[K-Wunused-value[m[K]
[22.466s]   160 | #define trace(...) [01;35m[K42[m[K
[22.466s]       |                    [01;35m[K^~[m[K
[22.466s] [01m[K/home/aayush/new_new_frenet_planner/src/IAC_planner_4/src/../include/frenet_optimal_trajectory.hpp:160:20:[m[K [01;36m[Knote: [m[Kin definition of macro ‘[01m[Ktrace[m[K’
[22.466s]   160 | #define trace(...) [01;36m[K42[m[K
[22.466s]       |                    [01;36m[K^~[m[K
[22.467s] [01m[K/home/aayush/new_new_frenet_planner/src/IAC_planner_4/src/../include/frenet_optimal_trajectory.hpp:160:20:[m[K [01;35m[Kwarning: [m[Kstatement has no effect [[01;35m[K-Wunused-value[m[K]
[22.467s]   160 | #define trace(...) [01;35m[K42[m[K
[22.467s]       |                    [01;35m[K^~[m[K
[22.468s] [01m[K/home/aayush/new_new_frenet_planner/src/IAC_planner_4/src/../include/frenet_optimal_trajectory.hpp:160:20:[m[K [01;36m[Knote: [m[Kin definition of macro ‘[01m[Ktrace[m[K’
[22.468s]   160 | #define trace(...) [01;36m[K42[m[K
[22.468s]       |                    [01;36m[K^~[m[K
[22.469s] [01m[K/home/aayush/new_new_frenet_planner/src/IAC_planner_4/src/../include/frenet_optimal_trajectory.hpp:160:20:[m[K [01;35m[Kwarning: [m[Kstatement has no effect [[01;35m[K-Wunused-value[m[K]
[22.469s]   160 | #define trace(...) [01;35m[K42[m[K
[22.470s]       |                    [01;35m[K^~[m[K
[22.470s] [01m[K/home/aayush/new_new_frenet_planner/src/IAC_planner_4/src/../include/frenet_optimal_trajectory.hpp:160:20:[m[K [01;36m[Knote: [m[Kin definition of macro ‘[01m[Ktrace[m[K’
[22.470s]   160 | #define trace(...) [01;36m[K42[m[K
[22.470s]       |                    [01;36m[K^~[m[K
[22.471s] [01m[K/home/aayush/new_new_frenet_planner/src/IAC_planner_4/src/../include/frenet_optimal_trajectory.hpp:160:20:[m[K [01;35m[Kwarning: [m[Kstatement has no effect [[01;35m[K-Wunused-value[m[K]
[22.471s]   160 | #define trace(...) [01;35m[K42[m[K
[22.471s]       |                    [01;35m[K^~[m[K
[22.471s] [01m[K/home/aayush/new_new_frenet_planner/src/IAC_planner_4/src/../include/frenet_optimal_trajectory.hpp:160:20:[m[K [01;36m[Knote: [m[Kin definition of macro ‘[01m[Ktrace[m[K’
[22.472s]   160 | #define trace(...) [01;36m[K42[m[K
[22.472s]       |                    [01;36m[K^~[m[K
[22.474s] [01m[K/home/aayush/new_new_frenet_planner/src/IAC_planner_4/src/../include/frenet_optimal_trajectory.hpp:160:20:[m[K [01;35m[Kwarning: [m[Kstatement has no effect [[01;35m[K-Wunused-value[m[K]
[22.474s]   160 | #define trace(...) [01;35m[K42[m[K
[22.474s]       |                    [01;35m[K^~[m[K
[22.474s] [01m[K/home/aayush/new_new_frenet_planner/src/IAC_planner_4/src/../include/frenet_optimal_trajectory.hpp:160:20:[m[K [01;36m[Knote: [m[Kin definition of macro ‘[01m[Ktrace[m[K’
[22.475s]   160 | #define trace(...) [01;36m[K42[m[K
[22.475s]       |                    [01;36m[K^~[m[K
[22.477s] [01m[K/home/aayush/new_new_frenet_planner/src/IAC_planner_4/src/temp_frenet_ros_obst.cpp:497:9:[m[K [01;35m[Kwarning: [m[Kunused variable ‘[01m[KstartTime1[m[K’ [[01;35m[K-Wunused-variable[m[K]
[22.477s]   497 |  double [01;35m[KstartTime1[m[K = omp_get_wtime();
[22.477s]       |         [01;35m[K^~~~~~~~~~[m[K
[22.478s] [01m[K/home/aayush/new_new_frenet_planner/src/IAC_planner_4/src/temp_frenet_ros_obst.cpp:499:9:[m[K [01;35m[Kwarning: [m[Kunused variable ‘[01m[KendTime1[m[K’ [[01;35m[K-Wunused-variable[m[K]
[22.478s]   499 |  double [01;35m[KendTime1[m[K = omp_get_wtime();
[22.478s]       |         [01;35m[K^~~~~~~~[m[K
[22.479s] [01m[K/home/aayush/new_new_frenet_planner/src/IAC_planner_4/src/temp_frenet_ros_obst.cpp:502:9:[m[K [01;35m[Kwarning: [m[Kunused variable ‘[01m[KstartTime2[m[K’ [[01;35m[K-Wunused-variable[m[K]
[22.479s]   502 |  double [01;35m[KstartTime2[m[K = omp_get_wtime();
[22.479s]       |         [01;35m[K^~~~~~~~~~[m[K
[22.479s] [01m[K/home/aayush/new_new_frenet_planner/src/IAC_planner_4/src/temp_frenet_ros_obst.cpp:504:9:[m[K [01;35m[Kwarning: [m[Kunused variable ‘[01m[KendTime2[m[K’ [[01;35m[K-Wunused-variable[m[K]
[22.480s]   504 |  double [01;35m[KendTime2[m[K = omp_get_wtime();
[22.480s]       |         [01;35m[K^~~~~~~~[m[K
[22.480s] [01m[K/home/aayush/new_new_frenet_planner/src/IAC_planner_4/src/temp_frenet_ros_obst.cpp:508:9:[m[K [01;35m[Kwarning: [m[Kunused variable ‘[01m[KstartTime3[m[K’ [[01;35m[K-Wunused-variable[m[K]
[22.481s]   508 |  double [01;35m[KstartTime3[m[K = omp_get_wtime();
[22.481s]       |         [01;35m[K^~~~~~~~~~[m[K
[22.489s] [01m[K/home/aayush/new_new_frenet_planner/src/IAC_planner_4/src/temp_frenet_ros_obst.cpp:517:9:[m[K [01;35m[Kwarning: [m[Kunused variable ‘[01m[KendTime3[m[K’ [[01;35m[K-Wunused-variable[m[K]
[22.490s]   517 |  double [01;35m[KendTime3[m[K = omp_get_wtime();
[22.490s]       |         [01;35m[K^~~~~~~~[m[K
[22.715s] [01m[K/home/aayush/new_new_frenet_planner/src/IAC_planner_4/src/temp_frenet_ros_obst.cpp:[m[K At global scope:
[22.716s] [01m[K/home/aayush/new_new_frenet_planner/src/IAC_planner_4/src/temp_frenet_ros_obst.cpp:646:81:[m[K [01;35m[Kwarning: [m[K‘[01m[Kgeometry_msgs::msg::PolygonStamped_<std::allocator<void> >::ConstPtr[m[K’ is deprecated [[01;35m[K-Wdeprecated-declarations[m[K]
[22.716s]   646 | allback(const geometry_msgs::msg::PolygonStamped::ConstPtr p[01;35m[K)[m[K
[22.716s]       |                                                             [01;35m[K^[m[K
[22.716s] 
[22.717s] In file included from [01m[K/opt/ros/foxy/include/geometry_msgs/msg/polygon_stamped.hpp:7[m[K,
[22.717s]                  from [01m[K/home/aayush/new_new_frenet_planner/src/IAC_planner_4/src/../include/frenet_optimal_trajectory.hpp:14[m[K,
[22.717s]                  from [01m[K/home/aayush/new_new_frenet_planner/src/IAC_planner_4/src/temp_frenet_ros_obst.cpp:9[m[K:
[22.718s] [01m[K/opt/ros/foxy/include/geometry_msgs/msg/detail/polygon_stamped__struct.hpp:114:5:[m[K [01;36m[Knote: [m[Kdeclared here
[22.718s]   114 |     [01;36m[KConstPtr[m[K;
[22.718s]       |     [01;36m[K^~~~~~~~[m[K
[22.719s] [01m[K/home/aayush/new_new_frenet_planner/src/IAC_planner_4/src/temp_frenet_ros_obst.cpp:654:67:[m[K [01;35m[Kwarning: [m[K‘[01m[Knav_msgs::msg::Odometry_<std::allocator<void> >::ConstPtr[m[K’ is deprecated [[01;35m[K-Wdeprecated-declarations[m[K]
[22.719s]   654 |     void odom_callback(const nav_msgs::msg::Odometry::ConstPtr msg[01;35m[K)[m[K
[22.719s]       |                                                                   [01;35m[K^[m[K
[22.720s] In file included from [01m[K/opt/ros/foxy/include/nav_msgs/msg/odometry.hpp:7[m[K,
[22.720s]                  from [01m[K/home/aayush/new_new_frenet_planner/src/IAC_planner_4/src/../include/frenet_optimal_trajectory.hpp:11[m[K,
[22.720s]                  from [01m[K/home/aayush/new_new_frenet_planner/src/IAC_planner_4/src/temp_frenet_ros_obst.cpp:9[m[K:
[22.720s] [01m[K/opt/ros/foxy/include/nav_msgs/msg/detail/odometry__struct.hpp:145:5:[m[K [01;36m[Knote: [m[Kdeclared here
[22.721s]   145 |     [01;36m[KConstPtr[m[K;
[22.721s]       |     [01;36m[K^~~~~~~~[m[K
[22.721s] [01m[K/home/aayush/new_new_frenet_planner/src/IAC_planner_4/src/temp_frenet_ros_obst.cpp:658:86:[m[K [01;35m[Kwarning: [m[K‘[01m[Knav_msgs::msg::OccupancyGrid_<std::allocator<void> >::ConstPtr[m[K’ is deprecated [[01;35m[K-Wdeprecated-declarations[m[K]
[22.722s]   658 | (const nav_msgs::msg::OccupancyGrid::ConstPtr occupancy_grid[01;35m[K)[m[K
[22.722s]       |                                                             [01;35m[K^[m[K
[22.722s] 
[22.723s] In file included from [01m[K/opt/ros/foxy/include/nav_msgs/msg/occupancy_grid.hpp:7[m[K,
[22.723s]                  from [01m[K/home/aayush/new_new_frenet_planner/src/IAC_planner_4/src/../include/frenet_optimal_trajectory.hpp:13[m[K,
[22.723s]                  from [01m[K/home/aayush/new_new_frenet_planner/src/IAC_planner_4/src/temp_frenet_ros_obst.cpp:9[m[K:
[22.723s] [01m[K/opt/ros/foxy/include/nav_msgs/msg/detail/occupancy_grid__struct.hpp:123:5:[m[K [01;36m[Knote: [m[Kdeclared here
[22.724s]   123 |     [01;36m[KConstPtr[m[K;
[22.725s]       |     [01;36m[K^~~~~~~~[m[K
[22.860s] [01m[K/home/aayush/new_new_frenet_planner/src/IAC_planner_4/src/temp_frenet_ros_obst.cpp:[m[K In member function ‘[01m[Kvoid FrenetClass::costmap_callback(nav_msgs::msg::OccupancyGrid_<std::allocator<void> >::ConstPtr)[m[K’:
[22.860s] [01m[K/home/aayush/new_new_frenet_planner/src/IAC_planner_4/src/temp_frenet_ros_obst.cpp:692:22:[m[K [01;35m[Kwarning: [m[Kcomparison of integer expressions of different signedness: ‘[01m[Klong int[m[K’ and ‘[01m[Kstd::vector<std::pair<double, double> >::size_type[m[K’ {aka ‘[01m[Klong unsigned int[m[K’} [[01;35m[K-Wsign-compare[m[K]
[22.860s]   692 |   for (long i = 0; [01;35m[Ki < ob1.size()[m[K; i++)
[22.861s]       |                    [01;35m[K~~^~~~~~~~~~~~[m[K
[22.861s] [01m[K/home/aayush/new_new_frenet_planner/src/IAC_planner_4/src/temp_frenet_ros_obst.cpp:668:13:[m[K [01;35m[Kwarning: [m[Kunused variable ‘[01m[KstartTime1[m[K’ [[01;35m[K-Wunused-variable[m[K]
[22.861s]   668 |      double [01;35m[KstartTime1[m[K = omp_get_wtime();
[22.862s]       |             [01;35m[K^~~~~~~~~~[m[K
[22.865s] In file included from [01m[K/home/aayush/new_new_frenet_planner/src/IAC_planner_4/src/temp_frenet_ros_obst.cpp:9[m[K:
[22.865s] [01m[K/home/aayush/new_new_frenet_planner/src/IAC_planner_4/src/temp_frenet_ros_obst.cpp:[m[K In function ‘[01m[Kdouble get_bot_yaw()[m[K’:
[22.865s] [01m[K/home/aayush/new_new_frenet_planner/src/IAC_planner_4/src/../include/frenet_optimal_trajectory.hpp:160:20:[m[K [01;35m[Kwarning: [m[Kstatement has no effect [[01;35m[K-Wunused-value[m[K]
[22.865s]   160 | #define trace(...) [01;35m[K42[m[K
[22.866s]       |                    [01;35m[K^~[m[K
[22.866s] [01m[K/home/aayush/new_new_frenet_planner/src/IAC_planner_4/src/../include/frenet_optimal_trajectory.hpp:160:20:[m[K [01;36m[Knote: [m[Kin definition of macro ‘[01m[Ktrace[m[K’
[22.866s]   160 | #define trace(...) [01;36m[K42[m[K
[22.866s]       |                    [01;36m[K^~[m[K
[22.868s] [01m[K/home/aayush/new_new_frenet_planner/src/IAC_planner_4/src/temp_frenet_ros_obst.cpp:[m[K In function ‘[01m[Kvoid initial_conditions_path(Spline2D&, double&, double&, double&, double&, double&, double&, FrenetPath&)[m[K’:
[22.868s] [01m[K/home/aayush/new_new_frenet_planner/src/IAC_planner_4/src/temp_frenet_ros_obst.cpp:754:40:[m[K [01;35m[Kwarning: [m[Kunused parameter ‘[01m[Kcsp[m[K’ [[01;35m[K-Wunused-parameter[m[K]
[22.868s]   754 | void initial_conditions_path([01;35m[KSpline2D &csp[m[K, double &s0, double &c_speed, double &c_d, double &c_d_d,
[22.868s]       |                              [01;35m[K~~~~~~~~~~^~~[m[K
[22.872s] In file included from [01m[K/home/aayush/new_new_frenet_planner/src/IAC_planner_4/src/temp_frenet_ros_obst.cpp:9[m[K:
[22.872s] [01m[K/home/aayush/new_new_frenet_planner/src/IAC_planner_4/src/temp_frenet_ros_obst.cpp:[m[K In function ‘[01m[Kint initial_conditions_new(Spline2D&, vecD&, vecD&, vecD&, vecD&, vecD&, double&, double&, double&, double&, double&, double&, FrenetPath&)[m[K’:
[22.872s] [01m[K/home/aayush/new_new_frenet_planner/src/IAC_planner_4/src/../include/frenet_optimal_trajectory.hpp:160:20:[m[K [01;35m[Kwarning: [m[Kstatement has no effect [[01;35m[K-Wunused-value[m[K]
[22.873s]   160 | #define trace(...) [01;35m[K42[m[K
[22.873s]       |                    [01;35m[K^~[m[K
[22.873s] [01m[K/home/aayush/new_new_frenet_planner/src/IAC_planner_4/src/../include/frenet_optimal_trajectory.hpp:160:20:[m[K [01;36m[Knote: [m[Kin definition of macro ‘[01m[Ktrace[m[K’
[22.873s]   160 | #define trace(...) [01;36m[K42[m[K
[22.874s]       |                    [01;36m[K^~[m[K
[22.874s] [01m[K/home/aayush/new_new_frenet_planner/src/IAC_planner_4/src/../include/frenet_optimal_trajectory.hpp:160:20:[m[K [01;35m[Kwarning: [m[Kstatement has no effect [[01;35m[K-Wunused-value[m[K]
[22.874s]   160 | #define trace(...) [01;35m[K42[m[K
[22.874s]       |                    [01;35m[K^~[m[K
[22.875s] [01m[K/home/aayush/new_new_frenet_planner/src/IAC_planner_4/src/../include/frenet_optimal_trajectory.hpp:160:20:[m[K [01;36m[Knote: [m[Kin definition of macro ‘[01m[Ktrace[m[K’
[22.875s]   160 | #define trace(...) [01;36m[K42[m[K
[22.875s]       |                    [01;36m[K^~[m[K
[22.876s] [01m[K/home/aayush/new_new_frenet_planner/src/IAC_planner_4/src/temp_frenet_ros_obst.cpp:781:38:[m[K [01;35m[Kwarning: [m[Kunused parameter ‘[01m[Kcsp[m[K’ [[01;35m[K-Wunused-parameter[m[K]
[22.876s]   781 | int initial_conditions_new([01;35m[KSpline2D &csp[m[K, vecD &global_s, vecD &global_x, vecD &global_y,
[22.876s]       |                            [01;35m[K~~~~~~~~~~^~~[m[K
[22.897s] In file included from [01m[K/home/aayush/new_new_frenet_planner/src/IAC_planner_4/src/temp_frenet_ros_obst.cpp:9[m[K:
[22.897s] [01m[K/home/aayush/new_new_frenet_planner/src/IAC_planner_4/src/temp_frenet_ros_obst.cpp:[m[K In function ‘[01m[Kint main(int, char**)[m[K’:
[22.898s] [01m[K/home/aayush/new_new_frenet_planner/src/IAC_planner_4/src/../include/frenet_optimal_trajectory.hpp:160:20:[m[K [01;35m[Kwarning: [m[Kstatement has no effect [[01;35m[K-Wunused-value[m[K]
[22.898s]   160 | #define trace(...) [01;35m[K42[m[K
[22.898s]       |                    [01;35m[K^~[m[K
[22.898s] [01m[K/home/aayush/new_new_frenet_planner/src/IAC_planner_4/src/../include/frenet_optimal_trajectory.hpp:160:20:[m[K [01;36m[Knote: [m[Kin definition of macro ‘[01m[Ktrace[m[K’
[22.898s]   160 | #define trace(...) [01;36m[K42[m[K
[22.899s]       |                    [01;36m[K^~[m[K
[22.970s] [01m[K/home/aayush/new_new_frenet_planner/src/IAC_planner_4/src/temp_frenet_ros_obst.cpp:910:10:[m[K [01;35m[Kwarning: [m[Kunused variable ‘[01m[KstartTime1[m[K’ [[01;35m[K-Wunused-variable[m[K]
[22.970s]   910 |   double [01;35m[KstartTime1[m[K = omp_get_wtime();
[22.970s]       |          [01;35m[K^~~~~~~~~~[m[K
[22.970s] [01m[K/home/aayush/new_new_frenet_planner/src/IAC_planner_4/src/temp_frenet_ros_obst.cpp:926:10:[m[K [01;35m[Kwarning: [m[Kunused variable ‘[01m[KendTime1[m[K’ [[01;35m[K-Wunused-variable[m[K]
[22.970s]   926 |   double [01;35m[KendTime1[m[K = omp_get_wtime();
[22.971s]       |          [01;35m[K^~~~~~~~[m[K
[22.971s] [01m[K/home/aayush/new_new_frenet_planner/src/IAC_planner_4/src/temp_frenet_ros_obst.cpp:959:10:[m[K [01;35m[Kwarning: [m[Kunused variable ‘[01m[KstartTime2[m[K’ [[01;35m[K-Wunused-variable[m[K]
[22.971s]   959 |   double [01;35m[KstartTime2[m[K = omp_get_wtime();
[22.971s]       |          [01;35m[K^~~~~~~~~~[m[K
[22.972s] [01m[K/home/aayush/new_new_frenet_planner/src/IAC_planner_4/src/temp_frenet_ros_obst.cpp:963:10:[m[K [01;35m[Kwarning: [m[Kunused variable ‘[01m[KendTime2[m[K’ [[01;35m[K-Wunused-variable[m[K]
[22.972s]   963 |   double [01;35m[KendTime2[m[K = omp_get_wtime();
[22.972s]       |          [01;35m[K^~~~~~~~[m[K
[22.973s] [01m[K/home/aayush/new_new_frenet_planner/src/IAC_planner_4/src/temp_frenet_ros_obst.cpp:1015:10:[m[K [01;35m[Kwarning: [m[Kunused variable ‘[01m[KstartTime3[m[K’ [[01;35m[K-Wunused-variable[m[K]
[22.973s]  1015 |   double [01;35m[KstartTime3[m[K = omp_get_wtime();
[22.973s]       |          [01;35m[K^~~~~~~~~~[m[K
[22.974s] [01m[K/home/aayush/new_new_frenet_planner/src/IAC_planner_4/src/temp_frenet_ros_obst.cpp:1017:10:[m[K [01;35m[Kwarning: [m[Kunused variable ‘[01m[KendTime3[m[K’ [[01;35m[K-Wunused-variable[m[K]
[22.974s]  1017 |   double [01;35m[KendTime3[m[K = omp_get_wtime();
[22.974s]       |          [01;35m[K^~~~~~~~[m[K
[22.974s] [01m[K/home/aayush/new_new_frenet_planner/src/IAC_planner_4/src/temp_frenet_ros_obst.cpp:848:7:[m[K [01;35m[Kwarning: [m[Kunused variable ‘[01m[KgotOdom[m[K’ [[01;35m[K-Wunused-variable[m[K]
[22.975s]   848 |  bool [01;35m[KgotOdom[m[K = false;
[22.975s]       |       [01;35m[K^~~~~~~[m[K
[22.975s] [01m[K/home/aayush/new_new_frenet_planner/src/IAC_planner_4/src/temp_frenet_ros_obst.cpp:892:7:[m[K [01;35m[Kwarning: [m[Kunused variable ‘[01m[Krun_frenet[m[K’ [[01;35m[K-Wunused-variable[m[K]
[22.976s]   892 |  bool [01;35m[Krun_frenet[m[K = true;
[22.976s]       |       [01;35m[K^~~~~~~~~~[m[K
[22.985s] [01m[K/home/aayush/new_new_frenet_planner/src/IAC_planner_4/src/temp_frenet_ros_obst.cpp:897:9:[m[K [01;35m[Kwarning: [m[Kunused variable ‘[01m[Kpltbasetime[m[K’ [[01;35m[K-Wunused-variable[m[K]
[22.986s]   897 |  double [01;35m[Kpltbasetime[m[K = omp_get_wtime();
[22.986s]       |         [01;35m[K^~~~~~~~~~~[m[K
[34.297s] In file included from [01m[K/home/aayush/new_new_frenet_planner/src/IAC_planner_4/src/temp_frenet_ros_obst.cpp:9[m[K:
[34.297s] [01m[K/home/aayush/new_new_frenet_planner/src/IAC_planner_4/src/../include/frenet_optimal_trajectory.hpp:[m[K At global scope:
[34.298s] [01m[K/home/aayush/new_new_frenet_planner/src/IAC_planner_4/src/../include/frenet_optimal_trajectory.hpp:32:15:[m[K [01;35m[Kwarning: [m[K‘[01m[KMIN_LAT_VEL[m[K’ defined but not used [[01;35m[K-Wunused-variable[m[K]
[34.298s]    32 | static double [01;35m[KMIN_LAT_VEL[m[K = -1.0;  // minimum lateral speed. Sampling for d_dot
[34.298s]       |               [01;35m[K^~~~~~~~~~~[m[K
[34.298s] [01m[K/home/aayush/new_new_frenet_planner/src/IAC_planner_4/src/../include/frenet_optimal_trajectory.hpp:31:15:[m[K [01;35m[Kwarning: [m[K‘[01m[KROBOT_RADIUS[m[K’ defined but not used [[01;35m[K-Wunused-variable[m[K]
[34.298s]    31 | static double [01;35m[KROBOT_RADIUS[m[K = 2.0;  // robot radius [m]
[34.299s]       |               [01;35m[K^~~~~~~~~~~~[m[K
[34.299s] [01m[K/home/aayush/new_new_frenet_planner/src/IAC_planner_4/src/../include/frenet_optimal_trajectory.hpp:22:15:[m[K [01;35m[Kwarning: [m[K‘[01m[KMAX_CURVATURE[m[K’ defined but not used [[01;35m[K-Wunused-variable[m[K]
[34.299s]    22 | static double [01;35m[KMAX_CURVATURE[m[K = 2.0;  // maximum curvature [1/m]
[34.299s]       |               [01;35m[K^~~~~~~~~~~~~[m[K
[34.300s] [01m[K/home/aayush/new_new_frenet_planner/src/IAC_planner_4/src/../include/frenet_optimal_trajectory.hpp:21:15:[m[K [01;35m[Kwarning: [m[K‘[01m[KMAX_ACCEL[m[K’ defined but not used [[01;35m[K-Wunused-variable[m[K]
[34.300s]    21 | static double [01;35m[KMAX_ACCEL[m[K = 5.0;  // maximum acceleration [m/ss]
[34.300s]       |               [01;35m[K^~~~~~~~~[m[K
[34.300s] [01m[K/home/aayush/new_new_frenet_planner/src/IAC_planner_4/src/../include/frenet_optimal_trajectory.hpp:20:15:[m[K [01;35m[Kwarning: [m[K‘[01m[KMAX_SPEED[m[K’ defined but not used [[01;35m[K-Wunused-variable[m[K]
[34.300s]    20 | static double [01;35m[KMAX_SPEED[m[K = 13.89;  // maximum speed [m/s]
[34.301s]       |               [01;35m[K^~~~~~~~~[m[K
[51.323s] [100%] [32m[1mLinking CXX executable temp_frenet_ros_obst[0m
[53.534s] [100%] Built target temp_frenet_ros_obst
[53.576s] Invoked command in '/home/aayush/new_new_frenet_planner/build/frenet_planner' returned '0': CMAKE_PREFIX_PATH=/opt/ros/foxy /usr/bin/cmake --build /home/aayush/new_new_frenet_planner/build/frenet_planner -- -j2 -l2
[53.696s] Invoking command in '/home/aayush/new_new_frenet_planner/build/frenet_planner': CMAKE_PREFIX_PATH=/opt/ros/foxy /usr/bin/cmake --install /home/aayush/new_new_frenet_planner/build/frenet_planner
[53.716s] -- Install configuration: ""
[53.717s] -- Installing: /home/aayush/new_new_frenet_planner/install/frenet_planner/lib/frenet_planner/temp_frenet_ros_obst
[53.729s] -- Set runtime path of "/home/aayush/new_new_frenet_planner/install/frenet_planner/lib/frenet_planner/temp_frenet_ros_obst" to ""
[53.729s] -- Installing: /home/aayush/new_new_frenet_planner/install/frenet_planner/share/frenet_planner/launch
[53.730s] -- Installing: /home/aayush/new_new_frenet_planner/install/frenet_planner/share/frenet_planner/launch/frenet_planner_launch.py
[53.730s] -- Installing: /home/aayush/new_new_frenet_planner/install/frenet_planner/share/frenet_planner/launch/__pycache__
[53.731s] -- Installing: /home/aayush/new_new_frenet_planner/install/frenet_planner/share/frenet_planner/launch/__pycache__/frenet_planner_launch.cpython-38.pyc
[53.732s] -- Installing: /home/aayush/new_new_frenet_planner/install/frenet_planner/share/ament_index/resource_index/package_run_dependencies/frenet_planner
[53.733s] -- Installing: /home/aayush/new_new_frenet_planner/install/frenet_planner/share/ament_index/resource_index/parent_prefix_path/frenet_planner
[53.734s] -- Installing: /home/aayush/new_new_frenet_planner/install/frenet_planner/share/frenet_planner/environment/ament_prefix_path.sh
[53.735s] -- Installing: /home/aayush/new_new_frenet_planner/install/frenet_planner/share/frenet_planner/environment/ament_prefix_path.dsv
[53.736s] -- Installing: /home/aayush/new_new_frenet_planner/install/frenet_planner/share/frenet_planner/environment/path.sh
[53.737s] -- Installing: /home/aayush/new_new_frenet_planner/install/frenet_planner/share/frenet_planner/environment/path.dsv
[53.738s] -- Installing: /home/aayush/new_new_frenet_planner/install/frenet_planner/share/frenet_planner/local_setup.bash
[53.740s] -- Installing: /home/aayush/new_new_frenet_planner/install/frenet_planner/share/frenet_planner/local_setup.sh
[53.742s] -- Installing: /home/aayush/new_new_frenet_planner/install/frenet_planner/share/frenet_planner/local_setup.zsh
[53.742s] -- Installing: /home/aayush/new_new_frenet_planner/install/frenet_planner/share/frenet_planner/local_setup.dsv
[53.743s] -- Installing: /home/aayush/new_new_frenet_planner/install/frenet_planner/share/frenet_planner/package.dsv
[53.745s] -- Installing: /home/aayush/new_new_frenet_planner/install/frenet_planner/share/ament_index/resource_index/packages/frenet_planner
[53.746s] -- Installing: /home/aayush/new_new_frenet_planner/install/frenet_planner/share/frenet_planner/cmake/frenet_plannerConfig.cmake
[53.747s] -- Installing: /home/aayush/new_new_frenet_planner/install/frenet_planner/share/frenet_planner/cmake/frenet_plannerConfig-version.cmake
[53.748s] -- Installing: /home/aayush/new_new_frenet_planner/install/frenet_planner/share/frenet_planner/package.xml
[53.762s] Invoked command in '/home/aayush/new_new_frenet_planner/build/frenet_planner' returned '0': CMAKE_PREFIX_PATH=/opt/ros/foxy /usr/bin/cmake --install /home/aayush/new_new_frenet_planner/build/frenet_planner
