[1.526s] Invoking command in '/home/aayush/new_frenet_planner/src/dummy': PYTHONPATH=/home/aayush/new_frenet_planner/install/dummy/lib/python3.8/site-packages:${PYTHONPATH} /usr/bin/python3 setup.py egg_info --egg-base ../../build/dummy build --build-base /home/aayush/new_frenet_planner/build/dummy/build install --prefix /home/aayush/new_frenet_planner/install/dummy --record /home/aayush/new_frenet_planner/build/dummy/install.log --single-version-externally-managed
[2.416s] running egg_info
[2.418s] writing ../../build/dummy/dummy.egg-info/PKG-INFO
[2.429s] writing dependency_links to ../../build/dummy/dummy.egg-info/dependency_links.txt
[2.430s] writing entry points to ../../build/dummy/dummy.egg-info/entry_points.txt
[2.431s] writing requirements to ../../build/dummy/dummy.egg-info/requires.txt
[2.431s] writing top-level names to ../../build/dummy/dummy.egg-info/top_level.txt
[2.636s] reading manifest file '../../build/dummy/dummy.egg-info/SOURCES.txt'
[2.656s] writing manifest file '../../build/dummy/dummy.egg-info/SOURCES.txt'
[2.656s] running build
[2.656s] running build_py
[2.687s] running install
[2.703s] running install_lib
[2.731s] running install_data
[2.765s] running install_egg_info
[2.774s] removing '/home/aayush/new_frenet_planner/install/dummy/lib/python3.8/site-packages/dummy-0.0.0-py3.8.egg-info' (and everything under it)
[2.775s] Copying ../../build/dummy/dummy.egg-info to /home/aayush/new_frenet_planner/install/dummy/lib/python3.8/site-packages/dummy-0.0.0-py3.8.egg-info
[2.778s] running install_scripts
[2.914s] Installing dum_pub script to /home/aayush/new_frenet_planner/install/dummy/lib/dummy
[2.943s] writing list of installed files to '/home/aayush/new_frenet_planner/build/dummy/install.log'
[3.008s] Invoked command in '/home/aayush/new_frenet_planner/src/dummy' returned '0': PYTHONPATH=/home/aayush/new_frenet_planner/install/dummy/lib/python3.8/site-packages:${PYTHONPATH} /usr/bin/python3 setup.py egg_info --egg-base ../../build/dummy build --build-base /home/aayush/new_frenet_planner/build/dummy/build install --prefix /home/aayush/new_frenet_planner/install/dummy --record /home/aayush/new_frenet_planner/build/dummy/install.log --single-version-externally-managed
