[1.336s] DEBUG:colcon:Command line arguments: ['/home/aayush/.local/bin/colcon', 'build']
[1.336s] DEBUG:colcon:Parsed command line arguments: Namespace(ament_cmake_args=None, base_paths=['.'], build_base='build', catkin_cmake_args=None, catkin_skip_building_tests=False, cmake_args=None, cmake_clean_cache=False, cmake_clean_first=False, cmake_force_configure=False, cmake_target=None, cmake_target_skip_unavailable=False, continue_on_error=False, event_handlers=None, executor='parallel', ignore_user_meta=False, install_base='install', log_base=None, log_level=None, main=<bound method BuildVerb.main of <colcon_core.verb.build.BuildVerb object at 0x7f0fa5bf33a0>>, merge_install=False, metas=['./colcon.meta'], packages_above=None, packages_above_and_dependencies=None, packages_above_depth=None, packages_end=None, packages_ignore=None, packages_ignore_regex=None, packages_select=None, packages_select_build_failed=False, packages_select_by_dep=None, packages_select_regex=None, packages_select_test_failures=False, packages_skip=None, packages_skip_build_finished=False, packages_skip_by_dep=None, packages_skip_regex=None, packages_skip_test_passed=False, packages_skip_up_to=None, packages_start=None, packages_up_to=None, packages_up_to_regex=None, parallel_workers=2, paths=None, symlink_install=False, test_result_base=None, verb_extension=<colcon_core.verb.build.BuildVerb object at 0x7f0fa5bf33a0>, verb_name='build', verb_parser=<colcon_defaults.argument_parser.defaults.DefaultArgumentsDecorator object at 0x7f0fa5bf38e0>)
[1.376s] Level 1:colcon.colcon_core.package_discovery:discover_packages(colcon_meta) check parameters
[1.376s] Level 1:colcon.colcon_core.package_discovery:discover_packages(recursive) check parameters
[1.376s] Level 1:colcon.colcon_core.package_discovery:discover_packages(ignore) check parameters
[1.376s] Level 1:colcon.colcon_core.package_discovery:discover_packages(path) check parameters
[1.376s] Level 1:colcon.colcon_core.package_discovery:discover_packages(colcon_meta) discover
[1.376s] Level 1:colcon.colcon_core.package_discovery:discover_packages(recursive) discover
[1.376s] INFO:colcon.colcon_core.package_discovery:Crawling recursively for packages in '/home/aayush/new_new_frenet_planner'
[1.376s] Level 1:colcon.colcon_core.package_identification:_identify(.) by extensions ['ignore', 'ignore_ament_install']
[1.377s] Level 1:colcon.colcon_core.package_identification:_identify(.) by extension 'ignore'
[1.377s] Level 1:colcon.colcon_core.package_identification:_identify(.) by extension 'ignore_ament_install'
[1.377s] Level 1:colcon.colcon_core.package_identification:_identify(.) by extensions ['colcon_pkg']
[1.377s] Level 1:colcon.colcon_core.package_identification:_identify(.) by extension 'colcon_pkg'
[1.377s] Level 1:colcon.colcon_core.package_identification:_identify(.) by extensions ['colcon_meta']
[1.377s] Level 1:colcon.colcon_core.package_identification:_identify(.) by extension 'colcon_meta'
[1.377s] Level 1:colcon.colcon_core.package_identification:_identify(.) by extensions ['ros']
[1.377s] Level 1:colcon.colcon_core.package_identification:_identify(.) by extension 'ros'
[1.408s] Level 1:colcon.colcon_core.package_identification:_identify(.) by extensions ['cmake', 'python']
[1.408s] Level 1:colcon.colcon_core.package_identification:_identify(.) by extension 'cmake'
[1.408s] Level 1:colcon.colcon_core.package_identification:_identify(.) by extension 'python'
[1.409s] Level 1:colcon.colcon_core.package_identification:_identify(.) by extensions ['python_setup_py']
[1.409s] Level 1:colcon.colcon_core.package_identification:_identify(.) by extension 'python_setup_py'
[1.409s] Level 1:colcon.colcon_core.package_identification:_identify(build) by extensions ['ignore', 'ignore_ament_install']
[1.409s] Level 1:colcon.colcon_core.package_identification:_identify(build) by extension 'ignore'
[1.409s] Level 1:colcon.colcon_core.package_identification:_identify(build) ignored
[1.409s] Level 1:colcon.colcon_core.package_identification:_identify(install) by extensions ['ignore', 'ignore_ament_install']
[1.410s] Level 1:colcon.colcon_core.package_identification:_identify(install) by extension 'ignore'
[1.410s] Level 1:colcon.colcon_core.package_identification:_identify(install) ignored
[1.410s] Level 1:colcon.colcon_core.package_identification:_identify(log) by extensions ['ignore', 'ignore_ament_install']
[1.410s] Level 1:colcon.colcon_core.package_identification:_identify(log) by extension 'ignore'
[1.410s] Level 1:colcon.colcon_core.package_identification:_identify(log) ignored
[1.410s] Level 1:colcon.colcon_core.package_identification:_identify(src) by extensions ['ignore', 'ignore_ament_install']
[1.411s] Level 1:colcon.colcon_core.package_identification:_identify(src) by extension 'ignore'
[1.411s] Level 1:colcon.colcon_core.package_identification:_identify(src) by extension 'ignore_ament_install'
[1.411s] Level 1:colcon.colcon_core.package_identification:_identify(src) by extensions ['colcon_pkg']
[1.411s] Level 1:colcon.colcon_core.package_identification:_identify(src) by extension 'colcon_pkg'
[1.411s] Level 1:colcon.colcon_core.package_identification:_identify(src) by extensions ['colcon_meta']
[1.411s] Level 1:colcon.colcon_core.package_identification:_identify(src) by extension 'colcon_meta'
[1.411s] Level 1:colcon.colcon_core.package_identification:_identify(src) by extensions ['ros']
[1.411s] Level 1:colcon.colcon_core.package_identification:_identify(src) by extension 'ros'
[1.412s] Level 1:colcon.colcon_core.package_identification:_identify(src) by extensions ['cmake', 'python']
[1.412s] Level 1:colcon.colcon_core.package_identification:_identify(src) by extension 'cmake'
[1.412s] Level 1:colcon.colcon_core.package_identification:_identify(src) by extension 'python'
[1.412s] Level 1:colcon.colcon_core.package_identification:_identify(src) by extensions ['python_setup_py']
[1.412s] Level 1:colcon.colcon_core.package_identification:_identify(src) by extension 'python_setup_py'
[1.413s] Level 1:colcon.colcon_core.package_identification:_identify(src/IAC_planner_4) by extensions ['ignore', 'ignore_ament_install']
[1.413s] Level 1:colcon.colcon_core.package_identification:_identify(src/IAC_planner_4) by extension 'ignore'
[1.413s] Level 1:colcon.colcon_core.package_identification:_identify(src/IAC_planner_4) by extension 'ignore_ament_install'
[1.413s] Level 1:colcon.colcon_core.package_identification:_identify(src/IAC_planner_4) by extensions ['colcon_pkg']
[1.413s] Level 1:colcon.colcon_core.package_identification:_identify(src/IAC_planner_4) by extension 'colcon_pkg'
[1.413s] Level 1:colcon.colcon_core.package_identification:_identify(src/IAC_planner_4) by extensions ['colcon_meta']
[1.414s] Level 1:colcon.colcon_core.package_identification:_identify(src/IAC_planner_4) by extension 'colcon_meta'
[1.414s] Level 1:colcon.colcon_core.package_identification:_identify(src/IAC_planner_4) by extensions ['ros']
[1.414s] Level 1:colcon.colcon_core.package_identification:_identify(src/IAC_planner_4) by extension 'ros'
[1.423s] DEBUG:colcon.colcon_core.package_identification:Package 'src/IAC_planner_4' with type 'ros.ament_cmake' and name 'frenet_planner'
[1.423s] Level 1:colcon.colcon_core.package_identification:_identify(src/dummy) by extensions ['ignore', 'ignore_ament_install']
[1.424s] Level 1:colcon.colcon_core.package_identification:_identify(src/dummy) by extension 'ignore'
[1.424s] Level 1:colcon.colcon_core.package_identification:_identify(src/dummy) by extension 'ignore_ament_install'
[1.424s] Level 1:colcon.colcon_core.package_identification:_identify(src/dummy) by extensions ['colcon_pkg']
[1.424s] Level 1:colcon.colcon_core.package_identification:_identify(src/dummy) by extension 'colcon_pkg'
[1.424s] Level 1:colcon.colcon_core.package_identification:_identify(src/dummy) by extensions ['colcon_meta']
[1.424s] Level 1:colcon.colcon_core.package_identification:_identify(src/dummy) by extension 'colcon_meta'
[1.425s] Level 1:colcon.colcon_core.package_identification:_identify(src/dummy) by extensions ['ros']
[1.425s] Level 1:colcon.colcon_core.package_identification:_identify(src/dummy) by extension 'ros'
[1.427s] DEBUG:colcon.colcon_core.package_identification:Package 'src/dummy' with type 'ros.ament_python' and name 'dummy'
[1.427s] Level 1:colcon.colcon_core.package_discovery:discover_packages(recursive) using defaults
[1.427s] Level 1:colcon.colcon_core.package_discovery:discover_packages(ignore) discover
[1.427s] Level 1:colcon.colcon_core.package_discovery:discover_packages(ignore) using defaults
[1.427s] Level 1:colcon.colcon_core.package_discovery:discover_packages(path) discover
[1.427s] Level 1:colcon.colcon_core.package_discovery:discover_packages(path) using defaults
[1.549s] Level 5:colcon.colcon_core.verb:set package 'dummy' build argument 'cmake_args' from command line to 'None'
[1.549s] Level 5:colcon.colcon_core.verb:set package 'dummy' build argument 'cmake_target' from command line to 'None'
[1.549s] Level 5:colcon.colcon_core.verb:set package 'dummy' build argument 'cmake_target_skip_unavailable' from command line to 'False'
[1.549s] Level 5:colcon.colcon_core.verb:set package 'dummy' build argument 'cmake_clean_cache' from command line to 'False'
[1.549s] Level 5:colcon.colcon_core.verb:set package 'dummy' build argument 'cmake_clean_first' from command line to 'False'
[1.549s] Level 5:colcon.colcon_core.verb:set package 'dummy' build argument 'cmake_force_configure' from command line to 'False'
[1.549s] Level 5:colcon.colcon_core.verb:set package 'dummy' build argument 'ament_cmake_args' from command line to 'None'
[1.549s] Level 5:colcon.colcon_core.verb:set package 'dummy' build argument 'catkin_cmake_args' from command line to 'None'
[1.549s] Level 5:colcon.colcon_core.verb:set package 'dummy' build argument 'catkin_skip_building_tests' from command line to 'False'
[1.550s] DEBUG:colcon.colcon_core.verb:Building package 'dummy' with the following arguments: {'ament_cmake_args': None, 'build_base': '/home/aayush/new_new_frenet_planner/build/dummy', 'catkin_cmake_args': None, 'catkin_skip_building_tests': False, 'cmake_args': None, 'cmake_clean_cache': False, 'cmake_clean_first': False, 'cmake_force_configure': False, 'cmake_target': None, 'cmake_target_skip_unavailable': False, 'install_base': '/home/aayush/new_new_frenet_planner/install/dummy', 'merge_install': False, 'path': '/home/aayush/new_new_frenet_planner/src/dummy', 'symlink_install': False, 'test_result_base': None}
[1.571s] Level 5:colcon.colcon_core.verb:set package 'frenet_planner' build argument 'cmake_args' from command line to 'None'
[1.571s] Level 5:colcon.colcon_core.verb:set package 'frenet_planner' build argument 'cmake_target' from command line to 'None'
[1.571s] Level 5:colcon.colcon_core.verb:set package 'frenet_planner' build argument 'cmake_target_skip_unavailable' from command line to 'False'
[1.571s] Level 5:colcon.colcon_core.verb:set package 'frenet_planner' build argument 'cmake_clean_cache' from command line to 'False'
[1.571s] Level 5:colcon.colcon_core.verb:set package 'frenet_planner' build argument 'cmake_clean_first' from command line to 'False'
[1.571s] Level 5:colcon.colcon_core.verb:set package 'frenet_planner' build argument 'cmake_force_configure' from command line to 'False'
[1.572s] Level 5:colcon.colcon_core.verb:set package 'frenet_planner' build argument 'ament_cmake_args' from command line to 'None'
[1.572s] Level 5:colcon.colcon_core.verb:set package 'frenet_planner' build argument 'catkin_cmake_args' from command line to 'None'
[1.572s] Level 5:colcon.colcon_core.verb:set package 'frenet_planner' build argument 'catkin_skip_building_tests' from command line to 'False'
[1.572s] DEBUG:colcon.colcon_core.verb:Building package 'frenet_planner' with the following arguments: {'ament_cmake_args': None, 'build_base': '/home/aayush/new_new_frenet_planner/build/frenet_planner', 'catkin_cmake_args': None, 'catkin_skip_building_tests': False, 'cmake_args': None, 'cmake_clean_cache': False, 'cmake_clean_first': False, 'cmake_force_configure': False, 'cmake_target': None, 'cmake_target_skip_unavailable': False, 'install_base': '/home/aayush/new_new_frenet_planner/install/frenet_planner', 'merge_install': False, 'path': '/home/aayush/new_new_frenet_planner/src/IAC_planner_4', 'symlink_install': False, 'test_result_base': None}
[1.578s] INFO:colcon.colcon_core.executor:Executing jobs using 'parallel' executor
[1.614s] DEBUG:colcon.colcon_parallel_executor.executor.parallel:run_until_complete
[1.614s] INFO:colcon.colcon_ros.task.ament_python.build:Building ROS package in '/home/aayush/new_new_frenet_planner/src/dummy' with build type 'ament_python'
[1.614s] Level 1:colcon.colcon_core.shell:create_environment_hook('dummy', 'ament_prefix_path')
[1.637s] INFO:colcon.colcon_core.plugin_system:Skipping extension 'colcon_core.shell.bat': Not used on non-Windows systems
[1.638s] INFO:colcon.colcon_core.shell:Creating environment hook '/home/aayush/new_new_frenet_planner/install/dummy/share/dummy/hook/ament_prefix_path.ps1'
[1.639s] INFO:colcon.colcon_core.shell:Creating environment descriptor '/home/aayush/new_new_frenet_planner/install/dummy/share/dummy/hook/ament_prefix_path.dsv'
[1.640s] INFO:colcon.colcon_core.shell:Creating environment hook '/home/aayush/new_new_frenet_planner/install/dummy/share/dummy/hook/ament_prefix_path.sh'
[1.671s] INFO:colcon.colcon_core.shell:Skip shell extension 'powershell' for command environment: Not usable outside of PowerShell
[1.671s] DEBUG:colcon.colcon_core.shell:Skip shell extension 'dsv' for command environment
[1.687s] DEBUG:colcon.colcon_core.shell:Ignoring prefix path '/opt/ros/foxy'
[1.692s] INFO:colcon.colcon_ros.task.ament_cmake.build:Building ROS package in '/home/aayush/new_new_frenet_planner/src/IAC_planner_4' with build type 'ament_cmake'
[1.692s] INFO:colcon.colcon_cmake.task.cmake.build:Building CMake package in '/home/aayush/new_new_frenet_planner/src/IAC_planner_4'
[1.710s] INFO:colcon.colcon_core.shell:Skip shell extension 'powershell' for command environment: Not usable outside of PowerShell
[1.710s] DEBUG:colcon.colcon_core.shell:Skip shell extension 'dsv' for command environment
[1.724s] DEBUG:colcon.colcon_core.shell:Ignoring prefix path '/opt/ros/foxy'
[2.480s] INFO:colcon.colcon_core.task.python.build:Building Python package in '/home/aayush/new_new_frenet_planner/src/dummy'
[2.497s] INFO:colcon.colcon_core.shell:Skip shell extension 'powershell' for command environment: Not usable outside of PowerShell
[2.497s] DEBUG:colcon.colcon_core.shell:Skip shell extension 'dsv' for command environment
[2.511s] DEBUG:colcon.colcon_core.shell:Ignoring prefix path '/opt/ros/foxy'
[2.531s] DEBUG:colcon.colcon_core.event_handler.log_command:Invoking command in '/home/aayush/new_new_frenet_planner/build/frenet_planner': CMAKE_PREFIX_PATH=${CMAKE_PREFIX_PATH}:/home/aayush/new_new_frenet_planner/install/dummy:/opt/ros/foxy /usr/bin/cmake --build /home/aayush/new_new_frenet_planner/build/frenet_planner -- -j2 -l2
[2.543s] DEBUG:colcon.colcon_core.event_handler.log_command:Invoking command in '/home/aayush/new_new_frenet_planner/src/dummy': PYTHONPATH=/home/aayush/new_new_frenet_planner/install/dummy/lib/python3.8/site-packages:${PYTHONPATH} /usr/bin/python3 setup.py egg_info --egg-base ../../build/dummy build --build-base /home/aayush/new_new_frenet_planner/build/dummy/build install --prefix /home/aayush/new_new_frenet_planner/install/dummy --record /home/aayush/new_new_frenet_planner/build/dummy/install.log --single-version-externally-managed
[3.755s] DEBUG:colcon.colcon_core.event_handler.log_command:Invoked command in '/home/aayush/new_new_frenet_planner/src/dummy' returned '0': PYTHONPATH=/home/aayush/new_new_frenet_planner/install/dummy/lib/python3.8/site-packages:${PYTHONPATH} /usr/bin/python3 setup.py egg_info --egg-base ../../build/dummy build --build-base /home/aayush/new_new_frenet_planner/build/dummy/build install --prefix /home/aayush/new_new_frenet_planner/install/dummy --record /home/aayush/new_new_frenet_planner/build/dummy/install.log --single-version-externally-managed
[3.772s] Level 1:colcon.colcon_core.environment:checking '/home/aayush/new_new_frenet_planner/install/dummy' for CMake module files
[3.773s] Level 1:colcon.colcon_core.environment:checking '/home/aayush/new_new_frenet_planner/install/dummy' for CMake config files
[3.775s] Level 1:colcon.colcon_core.environment:checking '/home/aayush/new_new_frenet_planner/install/dummy/lib'
[3.775s] Level 1:colcon.colcon_core.environment:checking '/home/aayush/new_new_frenet_planner/install/dummy/bin'
[3.776s] Level 1:colcon.colcon_core.environment:checking '/home/aayush/new_new_frenet_planner/install/dummy/lib/pkgconfig/dummy.pc'
[3.776s] Level 1:colcon.colcon_core.environment:checking '/home/aayush/new_new_frenet_planner/install/dummy/lib/python3.8/site-packages'
[3.776s] Level 1:colcon.colcon_core.shell:create_environment_hook('dummy', 'pythonpath')
[3.794s] INFO:colcon.colcon_core.shell:Creating environment hook '/home/aayush/new_new_frenet_planner/install/dummy/share/dummy/hook/pythonpath.ps1'
[3.796s] INFO:colcon.colcon_core.shell:Creating environment descriptor '/home/aayush/new_new_frenet_planner/install/dummy/share/dummy/hook/pythonpath.dsv'
[3.797s] INFO:colcon.colcon_core.shell:Creating environment hook '/home/aayush/new_new_frenet_planner/install/dummy/share/dummy/hook/pythonpath.sh'
[3.798s] Level 1:colcon.colcon_core.environment:create_environment_scripts_only(dummy)
[3.820s] INFO:colcon.colcon_core.shell:Creating package script '/home/aayush/new_new_frenet_planner/install/dummy/share/dummy/package.ps1'
[3.823s] INFO:colcon.colcon_core.shell:Creating package descriptor '/home/aayush/new_new_frenet_planner/install/dummy/share/dummy/package.dsv'
[3.825s] INFO:colcon.colcon_core.shell:Creating package script '/home/aayush/new_new_frenet_planner/install/dummy/share/dummy/package.sh'
[3.828s] INFO:colcon.colcon_core.shell:Creating package script '/home/aayush/new_new_frenet_planner/install/dummy/share/dummy/package.bash'
[3.830s] INFO:colcon.colcon_core.shell:Creating package script '/home/aayush/new_new_frenet_planner/install/dummy/share/dummy/package.zsh'
[3.832s] Level 1:colcon.colcon_core.environment:create_file_with_runtime_dependencies(/home/aayush/new_new_frenet_planner/install/dummy/share/colcon-core/packages/dummy)
[41.941s] DEBUG:colcon.colcon_core.event_handler.log_command:Invoked command in '/home/aayush/new_new_frenet_planner/build/frenet_planner' returned '0': CMAKE_PREFIX_PATH=${CMAKE_PREFIX_PATH}:/home/aayush/new_new_frenet_planner/install/dummy:/opt/ros/foxy /usr/bin/cmake --build /home/aayush/new_new_frenet_planner/build/frenet_planner -- -j2 -l2
[42.036s] DEBUG:colcon.colcon_core.event_handler.log_command:Invoking command in '/home/aayush/new_new_frenet_planner/build/frenet_planner': CMAKE_PREFIX_PATH=${CMAKE_PREFIX_PATH}:/home/aayush/new_new_frenet_planner/install/dummy:/opt/ros/foxy /usr/bin/cmake --install /home/aayush/new_new_frenet_planner/build/frenet_planner
[42.086s] Level 1:colcon.colcon_core.environment:create_environment_scripts_only(frenet_planner)
[42.092s] DEBUG:colcon.colcon_core.event_handler.log_command:Invoked command in '/home/aayush/new_new_frenet_planner/build/frenet_planner' returned '0': CMAKE_PREFIX_PATH=${CMAKE_PREFIX_PATH}:/home/aayush/new_new_frenet_planner/install/dummy:/opt/ros/foxy /usr/bin/cmake --install /home/aayush/new_new_frenet_planner/build/frenet_planner
[42.106s] Level 1:colcon.colcon_core.environment:checking '/home/aayush/new_new_frenet_planner/install/frenet_planner' for CMake module files
[42.107s] Level 1:colcon.colcon_core.environment:checking '/home/aayush/new_new_frenet_planner/install/frenet_planner' for CMake config files
[42.108s] Level 1:colcon.colcon_core.shell:create_environment_hook('frenet_planner', 'cmake_prefix_path')
[42.124s] INFO:colcon.colcon_core.shell:Creating environment hook '/home/aayush/new_new_frenet_planner/install/frenet_planner/share/frenet_planner/hook/cmake_prefix_path.ps1'
[42.125s] INFO:colcon.colcon_core.shell:Creating environment descriptor '/home/aayush/new_new_frenet_planner/install/frenet_planner/share/frenet_planner/hook/cmake_prefix_path.dsv'
[42.126s] INFO:colcon.colcon_core.shell:Creating environment hook '/home/aayush/new_new_frenet_planner/install/frenet_planner/share/frenet_planner/hook/cmake_prefix_path.sh'
[42.127s] Level 1:colcon.colcon_core.environment:checking '/home/aayush/new_new_frenet_planner/install/frenet_planner/lib'
[42.127s] Level 1:colcon.colcon_core.environment:checking '/home/aayush/new_new_frenet_planner/install/frenet_planner/bin'
[42.127s] Level 1:colcon.colcon_core.environment:checking '/home/aayush/new_new_frenet_planner/install/frenet_planner/lib/pkgconfig/frenet_planner.pc'
[42.127s] Level 1:colcon.colcon_core.environment:checking '/home/aayush/new_new_frenet_planner/install/frenet_planner/lib/python3.8/site-packages'
[42.142s] INFO:colcon.colcon_core.shell:Creating package script '/home/aayush/new_new_frenet_planner/install/frenet_planner/share/frenet_planner/package.ps1'
[42.143s] INFO:colcon.colcon_core.shell:Creating package descriptor '/home/aayush/new_new_frenet_planner/install/frenet_planner/share/frenet_planner/package.dsv'
[42.144s] INFO:colcon.colcon_core.shell:Creating package script '/home/aayush/new_new_frenet_planner/install/frenet_planner/share/frenet_planner/package.sh'
[42.145s] INFO:colcon.colcon_core.shell:Creating package script '/home/aayush/new_new_frenet_planner/install/frenet_planner/share/frenet_planner/package.bash'
[42.146s] INFO:colcon.colcon_core.shell:Creating package script '/home/aayush/new_new_frenet_planner/install/frenet_planner/share/frenet_planner/package.zsh'
[42.147s] Level 1:colcon.colcon_core.environment:create_file_with_runtime_dependencies(/home/aayush/new_new_frenet_planner/install/frenet_planner/share/colcon-core/packages/frenet_planner)
[42.229s] Level 1:colcon.colcon_core.environment:create_environment_scripts_only(frenet_planner)
[42.245s] Level 1:colcon.colcon_core.environment:checking '/home/aayush/new_new_frenet_planner/install/frenet_planner' for CMake module files
[42.247s] Level 1:colcon.colcon_core.environment:checking '/home/aayush/new_new_frenet_planner/install/frenet_planner' for CMake config files
[42.247s] Level 1:colcon.colcon_core.shell:create_environment_hook('frenet_planner', 'cmake_prefix_path')
[42.262s] INFO:colcon.colcon_core.shell:Creating environment hook '/home/aayush/new_new_frenet_planner/install/frenet_planner/share/frenet_planner/hook/cmake_prefix_path.ps1'
[42.263s] INFO:colcon.colcon_core.shell:Creating environment descriptor '/home/aayush/new_new_frenet_planner/install/frenet_planner/share/frenet_planner/hook/cmake_prefix_path.dsv'
[42.264s] INFO:colcon.colcon_core.shell:Creating environment hook '/home/aayush/new_new_frenet_planner/install/frenet_planner/share/frenet_planner/hook/cmake_prefix_path.sh'
[42.265s] Level 1:colcon.colcon_core.environment:checking '/home/aayush/new_new_frenet_planner/install/frenet_planner/lib'
[42.265s] Level 1:colcon.colcon_core.environment:checking '/home/aayush/new_new_frenet_planner/install/frenet_planner/bin'
[42.266s] Level 1:colcon.colcon_core.environment:checking '/home/aayush/new_new_frenet_planner/install/frenet_planner/lib/pkgconfig/frenet_planner.pc'
[42.266s] Level 1:colcon.colcon_core.environment:checking '/home/aayush/new_new_frenet_planner/install/frenet_planner/lib/python3.8/site-packages'
[42.281s] INFO:colcon.colcon_core.shell:Creating package script '/home/aayush/new_new_frenet_planner/install/frenet_planner/share/frenet_planner/package.ps1'
[42.283s] INFO:colcon.colcon_core.shell:Creating package descriptor '/home/aayush/new_new_frenet_planner/install/frenet_planner/share/frenet_planner/package.dsv'
[42.284s] INFO:colcon.colcon_core.shell:Creating package script '/home/aayush/new_new_frenet_planner/install/frenet_planner/share/frenet_planner/package.sh'
[42.285s] INFO:colcon.colcon_core.shell:Creating package script '/home/aayush/new_new_frenet_planner/install/frenet_planner/share/frenet_planner/package.bash'
[42.286s] INFO:colcon.colcon_core.shell:Creating package script '/home/aayush/new_new_frenet_planner/install/frenet_planner/share/frenet_planner/package.zsh'
[42.287s] Level 1:colcon.colcon_core.environment:create_file_with_runtime_dependencies(/home/aayush/new_new_frenet_planner/install/frenet_planner/share/colcon-core/packages/frenet_planner)
[42.287s] DEBUG:colcon.colcon_parallel_executor.executor.parallel:closing loop
[42.290s] DEBUG:colcon.colcon_parallel_executor.executor.parallel:loop closed
[42.290s] DEBUG:colcon.colcon_parallel_executor.executor.parallel:run_until_complete finished with '0'
[42.290s] DEBUG:colcon.colcon_core.event_reactor:joining thread
[42.316s] INFO:colcon.colcon_core.plugin_system:Skipping extension 'colcon_notification.desktop_notification.terminal_notifier': Not used on non-Darwin systems
[42.316s] INFO:colcon.colcon_core.plugin_system:Skipping extension 'colcon_notification.desktop_notification.win32': Not used on non-Windows systems
[42.316s] INFO:colcon.colcon_notification.desktop_notification:Sending desktop notification using 'notify2'
[42.364s] DEBUG:colcon.colcon_core.event_reactor:joined thread
[42.381s] INFO:colcon.colcon_core.shell:Creating prefix script '/home/aayush/new_new_frenet_planner/install/local_setup.ps1'
[42.385s] INFO:colcon.colcon_core.shell:Creating prefix util module '/home/aayush/new_new_frenet_planner/install/_local_setup_util_ps1.py'
[42.389s] INFO:colcon.colcon_core.shell:Creating prefix chain script '/home/aayush/new_new_frenet_planner/install/setup.ps1'
[42.407s] INFO:colcon.colcon_core.shell:Creating prefix script '/home/aayush/new_new_frenet_planner/install/local_setup.sh'
[42.409s] INFO:colcon.colcon_core.shell:Creating prefix util module '/home/aayush/new_new_frenet_planner/install/_local_setup_util_sh.py'
[42.410s] INFO:colcon.colcon_core.shell:Creating prefix chain script '/home/aayush/new_new_frenet_planner/install/setup.sh'
[42.430s] INFO:colcon.colcon_core.shell:Creating prefix script '/home/aayush/new_new_frenet_planner/install/local_setup.bash'
[42.433s] INFO:colcon.colcon_core.shell:Creating prefix chain script '/home/aayush/new_new_frenet_planner/install/setup.bash'
[42.454s] INFO:colcon.colcon_core.shell:Creating prefix script '/home/aayush/new_new_frenet_planner/install/local_setup.zsh'
[42.456s] INFO:colcon.colcon_core.shell:Creating prefix chain script '/home/aayush/new_new_frenet_planner/install/setup.zsh'
