[35m[1mScanning dependencies of target temp_frenet_ros_obst[0m
make[2]: Warning: File '/home/aayush/new_frenet_planner/src/frenet_planner_3/src/temp_frenet_ros_obst.cpp' has modification time 48781 s in the future
[ 20%] [32mBuilding CXX object CMakeFiles/temp_frenet_ros_obst.dir/src/temp_frenet_ros_obst.cpp.o[0m
In file included from [01m[K/home/aayush/new_frenet_planner/src/frenet_planner_3/src/temp_frenet_ros_obst.cpp:1[m[K:
[01m[K/home/aayush/new_frenet_planner/src/frenet_planner_3/src/../include/frenet_optimal_trajectory.hpp:[m[K In function ‘[01m[Kstd::ostream& operator<<(std::ostream&, const FrenetPath&)[m[K’:
[01m[K/home/aayush/new_frenet_planner/src/frenet_planner_3/src/../include/frenet_optimal_trajectory.hpp:158:20:[m[K [01;35m[Kwarning: [m[Kstatement has no effect [[01;35m[K-Wunused-value[m[K]
  158 | #define trace(...) [01;35m[K42[m[K
      |                    [01;35m[K^~[m[K
[01m[K/home/aayush/new_frenet_planner/src/frenet_planner_3/src/../include/frenet_optimal_trajectory.hpp:158:20:[m[K [01;36m[Knote: [m[Kin definition of macro ‘[01m[Ktrace[m[K’
  158 | #define trace(...) [01;36m[K42[m[K
      |                    [01;36m[K^~[m[K
[01m[K/home/aayush/new_frenet_planner/src/frenet_planner_3/src/../include/frenet_optimal_trajectory.hpp:158:20:[m[K [01;35m[Kwarning: [m[Kstatement has no effect [[01;35m[K-Wunused-value[m[K]
  158 | #define trace(...) [01;35m[K42[m[K
      |                    [01;35m[K^~[m[K
[01m[K/home/aayush/new_frenet_planner/src/frenet_planner_3/src/../include/frenet_optimal_trajectory.hpp:158:20:[m[K [01;36m[Knote: [m[Kin definition of macro ‘[01m[Ktrace[m[K’
  158 | #define trace(...) [01;36m[K42[m[K
      |                    [01;36m[K^~[m[K
[01m[K/home/aayush/new_frenet_planner/src/frenet_planner_3/src/../include/frenet_optimal_trajectory.hpp:158:20:[m[K [01;35m[Kwarning: [m[Kstatement has no effect [[01;35m[K-Wunused-value[m[K]
  158 | #define trace(...) [01;35m[K42[m[K
      |                    [01;35m[K^~[m[K
[01m[K/home/aayush/new_frenet_planner/src/frenet_planner_3/src/../include/frenet_optimal_trajectory.hpp:158:20:[m[K [01;36m[Knote: [m[Kin definition of macro ‘[01m[Ktrace[m[K’
  158 | #define trace(...) [01;36m[K42[m[K
      |                    [01;36m[K^~[m[K
[01m[K/home/aayush/new_frenet_planner/src/frenet_planner_3/src/../include/frenet_optimal_trajectory.hpp:158:20:[m[K [01;35m[Kwarning: [m[Kstatement has no effect [[01;35m[K-Wunused-value[m[K]
  158 | #define trace(...) [01;35m[K42[m[K
      |                    [01;35m[K^~[m[K
[01m[K/home/aayush/new_frenet_planner/src/frenet_planner_3/src/../include/frenet_optimal_trajectory.hpp:158:20:[m[K [01;36m[Knote: [m[Kin definition of macro ‘[01m[Ktrace[m[K’
  158 | #define trace(...) [01;36m[K42[m[K
      |                    [01;36m[K^~[m[K
[01m[K/home/aayush/new_frenet_planner/src/frenet_planner_3/src/../include/frenet_optimal_trajectory.hpp:158:20:[m[K [01;35m[Kwarning: [m[Kstatement has no effect [[01;35m[K-Wunused-value[m[K]
  158 | #define trace(...) [01;35m[K42[m[K
      |                    [01;35m[K^~[m[K
[01m[K/home/aayush/new_frenet_planner/src/frenet_planner_3/src/../include/frenet_optimal_trajectory.hpp:158:20:[m[K [01;36m[Knote: [m[Kin definition of macro ‘[01m[Ktrace[m[K’
  158 | #define trace(...) [01;36m[K42[m[K
      |                    [01;36m[K^~[m[K
[01m[K/home/aayush/new_frenet_planner/src/frenet_planner_3/src/../include/frenet_optimal_trajectory.hpp:158:20:[m[K [01;35m[Kwarning: [m[Kstatement has no effect [[01;35m[K-Wunused-value[m[K]
  158 | #define trace(...) [01;35m[K42[m[K
      |                    [01;35m[K^~[m[K
[01m[K/home/aayush/new_frenet_planner/src/frenet_planner_3/src/../include/frenet_optimal_trajectory.hpp:158:20:[m[K [01;36m[Knote: [m[Kin definition of macro ‘[01m[Ktrace[m[K’
  158 | #define trace(...) [01;36m[K42[m[K
      |                    [01;36m[K^~[m[K
[01m[K/home/aayush/new_frenet_planner/src/frenet_planner_3/src/../include/frenet_optimal_trajectory.hpp:158:20:[m[K [01;35m[Kwarning: [m[Kstatement has no effect [[01;35m[K-Wunused-value[m[K]
  158 | #define trace(...) [01;35m[K42[m[K
      |                    [01;35m[K^~[m[K
[01m[K/home/aayush/new_frenet_planner/src/frenet_planner_3/src/../include/frenet_optimal_trajectory.hpp:158:20:[m[K [01;36m[Knote: [m[Kin definition of macro ‘[01m[Ktrace[m[K’
  158 | #define trace(...) [01;36m[K42[m[K
      |                    [01;36m[K^~[m[K
[01m[K/home/aayush/new_frenet_planner/src/frenet_planner_3/src/../include/frenet_optimal_trajectory.hpp:158:20:[m[K [01;35m[Kwarning: [m[Kstatement has no effect [[01;35m[K-Wunused-value[m[K]
  158 | #define trace(...) [01;35m[K42[m[K
      |                    [01;35m[K^~[m[K
[01m[K/home/aayush/new_frenet_planner/src/frenet_planner_3/src/../include/frenet_optimal_trajectory.hpp:158:20:[m[K [01;36m[Knote: [m[Kin definition of macro ‘[01m[Ktrace[m[K’
  158 | #define trace(...) [01;36m[K42[m[K
      |                    [01;36m[K^~[m[K
[01m[K/home/aayush/new_frenet_planner/src/frenet_planner_3/src/../include/frenet_optimal_trajectory.hpp:158:20:[m[K [01;35m[Kwarning: [m[Kstatement has no effect [[01;35m[K-Wunused-value[m[K]
  158 | #define trace(...) [01;35m[K42[m[K
      |                    [01;35m[K^~[m[K
[01m[K/home/aayush/new_frenet_planner/src/frenet_planner_3/src/../include/frenet_optimal_trajectory.hpp:158:20:[m[K [01;36m[Knote: [m[Kin definition of macro ‘[01m[Ktrace[m[K’
  158 | #define trace(...) [01;36m[K42[m[K
      |                    [01;36m[K^~[m[K
[01m[K/home/aayush/new_frenet_planner/src/frenet_planner_3/src/../include/frenet_optimal_trajectory.hpp:158:20:[m[K [01;35m[Kwarning: [m[Kstatement has no effect [[01;35m[K-Wunused-value[m[K]
  158 | #define trace(...) [01;35m[K42[m[K
      |                    [01;35m[K^~[m[K
[01m[K/home/aayush/new_frenet_planner/src/frenet_planner_3/src/../include/frenet_optimal_trajectory.hpp:158:20:[m[K [01;36m[Knote: [m[Kin definition of macro ‘[01m[Ktrace[m[K’
  158 | #define trace(...) [01;36m[K42[m[K
      |                    [01;36m[K^~[m[K
[01m[K/home/aayush/new_frenet_planner/src/frenet_planner_3/src/../include/frenet_optimal_trajectory.hpp:158:20:[m[K [01;35m[Kwarning: [m[Kstatement has no effect [[01;35m[K-Wunused-value[m[K]
  158 | #define trace(...) [01;35m[K42[m[K
      |                    [01;35m[K^~[m[K
[01m[K/home/aayush/new_frenet_planner/src/frenet_planner_3/src/../include/frenet_optimal_trajectory.hpp:158:20:[m[K [01;36m[Knote: [m[Kin definition of macro ‘[01m[Ktrace[m[K’
  158 | #define trace(...) [01;36m[K42[m[K
      |                    [01;36m[K^~[m[K
[01m[K/home/aayush/new_frenet_planner/src/frenet_planner_3/src/../include/frenet_optimal_trajectory.hpp:158:20:[m[K [01;35m[Kwarning: [m[Kstatement has no effect [[01;35m[K-Wunused-value[m[K]
  158 | #define trace(...) [01;35m[K42[m[K
      |                    [01;35m[K^~[m[K
[01m[K/home/aayush/new_frenet_planner/src/frenet_planner_3/src/../include/frenet_optimal_trajectory.hpp:158:20:[m[K [01;36m[Knote: [m[Kin definition of macro ‘[01m[Ktrace[m[K’
  158 | #define trace(...) [01;36m[K42[m[K
      |                    [01;36m[K^~[m[K
[01m[K/home/aayush/new_frenet_planner/src/frenet_planner_3/src/../include/frenet_optimal_trajectory.hpp:158:20:[m[K [01;35m[Kwarning: [m[Kstatement has no effect [[01;35m[K-Wunused-value[m[K]
  158 | #define trace(...) [01;35m[K42[m[K
      |                    [01;35m[K^~[m[K
[01m[K/home/aayush/new_frenet_planner/src/frenet_planner_3/src/../include/frenet_optimal_trajectory.hpp:158:20:[m[K [01;36m[Knote: [m[Kin definition of macro ‘[01m[Ktrace[m[K’
  158 | #define trace(...) [01;36m[K42[m[K
      |                    [01;36m[K^~[m[K
[01m[K/home/aayush/new_frenet_planner/src/frenet_planner_3/src/../include/frenet_optimal_trajectory.hpp:159:59:[m[K [01;35m[Kwarning: [m[Kunused parameter ‘[01m[Kfp[m[K’ [[01;35m[K-Wunused-parameter[m[K]
  159 | inline ostream& operator<<(ostream& os, [01;35m[Kconst FrenetPath& fp[m[K)
      |                                         [01;35m[K~~~~~~~~~~~~~~~~~~^~[m[K
In file included from [01m[K/home/aayush/new_frenet_planner/src/frenet_planner_3/src/temp_frenet_ros_obst.cpp:21[m[K:
[01m[K/home/aayush/new_frenet_planner/src/frenet_planner_3/./include/matplotlibcpp.hpp:[m[K At global scope:
[01m[K/home/aayush/new_frenet_planner/src/frenet_planner_3/./include/matplotlibcpp.hpp:314:36:[m[K [01;35m[Kwarning: [m[Kstatic_assert without a message only available with ‘[01m[K-std=c++17[m[K’ or ‘[01m[K-std=gnu++17[m[K’ [[01;35m[K-Wpedantic[m[K]
  314 | static_assert(sizeof(long long) == [01;35m[K8[m[K);
      |                                    [01;35m[K^[m[K
[01m[K/home/aayush/new_frenet_planner/src/frenet_planner_3/./include/matplotlibcpp.hpp:316:45:[m[K [01;35m[Kwarning: [m[Kstatic_assert without a message only available with ‘[01m[K-std=c++17[m[K’ or ‘[01m[K-std=gnu++17[m[K’ [[01;35m[K-Wpedantic[m[K]
  316 | static_assert(sizeof(unsigned long long) == [01;35m[K8[m[K);
      |                                             [01;35m[K^[m[K
[01m[K/home/aayush/new_frenet_planner/src/frenet_planner_3/src/temp_frenet_ros_obst.cpp:139:81:[m[K [01;35m[Kwarning: [m[K‘[01m[Kgeometry_msgs::msg::PolygonStamped_<std::allocator<void> >::ConstPtr[m[K’ is deprecated [[01;35m[K-Wdeprecated-declarations[m[K]
  139 | allback(const geometry_msgs::msg::PolygonStamped::ConstPtr p[01;35m[K)[m[K
      |                                                             [01;35m[K^[m[K

In file included from [01m[K/opt/ros/foxy/include/geometry_msgs/msg/polygon_stamped.hpp:7[m[K,
                 from [01m[K/home/aayush/new_frenet_planner/src/frenet_planner_3/src/../include/frenet_optimal_trajectory.hpp:14[m[K,
                 from [01m[K/home/aayush/new_frenet_planner/src/frenet_planner_3/src/temp_frenet_ros_obst.cpp:1[m[K:
[01m[K/opt/ros/foxy/include/geometry_msgs/msg/detail/polygon_stamped__struct.hpp:114:5:[m[K [01;36m[Knote: [m[Kdeclared here
  114 |     [01;36m[KConstPtr[m[K;
      |     [01;36m[K^~~~~~~~[m[K
[01m[K/home/aayush/new_frenet_planner/src/frenet_planner_3/src/temp_frenet_ros_obst.cpp:147:67:[m[K [01;35m[Kwarning: [m[K‘[01m[Knav_msgs::msg::Odometry_<std::allocator<void> >::ConstPtr[m[K’ is deprecated [[01;35m[K-Wdeprecated-declarations[m[K]
  147 |     void odom_callback(const nav_msgs::msg::Odometry::ConstPtr msg[01;35m[K)[m[K
      |                                                                   [01;35m[K^[m[K
In file included from [01m[K/opt/ros/foxy/include/nav_msgs/msg/odometry.hpp:7[m[K,
                 from [01m[K/home/aayush/new_frenet_planner/src/frenet_planner_3/src/../include/frenet_optimal_trajectory.hpp:11[m[K,
                 from [01m[K/home/aayush/new_frenet_planner/src/frenet_planner_3/src/temp_frenet_ros_obst.cpp:1[m[K:
[01m[K/opt/ros/foxy/include/nav_msgs/msg/detail/odometry__struct.hpp:145:5:[m[K [01;36m[Knote: [m[Kdeclared here
  145 |     [01;36m[KConstPtr[m[K;
      |     [01;36m[K^~~~~~~~[m[K
[01m[K/home/aayush/new_frenet_planner/src/frenet_planner_3/src/temp_frenet_ros_obst.cpp:153:86:[m[K [01;35m[Kwarning: [m[K‘[01m[Knav_msgs::msg::OccupancyGrid_<std::allocator<void> >::ConstPtr[m[K’ is deprecated [[01;35m[K-Wdeprecated-declarations[m[K]
  153 | (const nav_msgs::msg::OccupancyGrid::ConstPtr occupancy_grid[01;35m[K)[m[K
      |                                                             [01;35m[K^[m[K

In file included from [01m[K/opt/ros/foxy/include/nav_msgs/msg/occupancy_grid.hpp:7[m[K,
                 from [01m[K/home/aayush/new_frenet_planner/src/frenet_planner_3/src/../include/frenet_optimal_trajectory.hpp:13[m[K,
                 from [01m[K/home/aayush/new_frenet_planner/src/frenet_planner_3/src/temp_frenet_ros_obst.cpp:1[m[K:
[01m[K/opt/ros/foxy/include/nav_msgs/msg/detail/occupancy_grid__struct.hpp:123:5:[m[K [01;36m[Knote: [m[Kdeclared here
  123 |     [01;36m[KConstPtr[m[K;
      |     [01;36m[K^~~~~~~~[m[K
[01m[K/home/aayush/new_frenet_planner/src/frenet_planner_3/src/temp_frenet_ros_obst.cpp:[m[K In member function ‘[01m[Kvoid FrenetClass::costmap_callback(nav_msgs::msg::OccupancyGrid_<std::allocator<void> >::ConstPtr)[m[K’:
[01m[K/home/aayush/new_frenet_planner/src/frenet_planner_3/src/temp_frenet_ros_obst.cpp:188:22:[m[K [01;35m[Kwarning: [m[Kcomparison of integer expressions of different signedness: ‘[01m[Klong int[m[K’ and ‘[01m[Kstd::vector<std::pair<double, double> >::size_type[m[K’ {aka ‘[01m[Klong unsigned int[m[K’} [[01;35m[K-Wsign-compare[m[K]
  188 |   for (long i = 0; [01;35m[Ki < ob1.size()[m[K; i++)
      |                    [01;35m[K~~^~~~~~~~~~~~[m[K
[01m[K/home/aayush/new_frenet_planner/src/frenet_planner_3/src/temp_frenet_ros_obst.cpp:164:13:[m[K [01;35m[Kwarning: [m[Kunused variable ‘[01m[KstartTime1[m[K’ [[01;35m[K-Wunused-variable[m[K]
  164 |      double [01;35m[KstartTime1[m[K = omp_get_wtime();
      |             [01;35m[K^~~~~~~~~~[m[K
In file included from [01m[K/home/aayush/new_frenet_planner/src/frenet_planner_3/src/temp_frenet_ros_obst.cpp:1[m[K:
[01m[K/home/aayush/new_frenet_planner/src/frenet_planner_3/src/temp_frenet_ros_obst.cpp:[m[K In function ‘[01m[Kdouble get_bot_yaw()[m[K’:
[01m[K/home/aayush/new_frenet_planner/src/frenet_planner_3/src/../include/frenet_optimal_trajectory.hpp:158:20:[m[K [01;35m[Kwarning: [m[Kstatement has no effect [[01;35m[K-Wunused-value[m[K]
  158 | #define trace(...) [01;35m[K42[m[K
      |                    [01;35m[K^~[m[K
[01m[K/home/aayush/new_frenet_planner/src/frenet_planner_3/src/../include/frenet_optimal_trajectory.hpp:158:20:[m[K [01;36m[Knote: [m[Kin definition of macro ‘[01m[Ktrace[m[K’
  158 | #define trace(...) [01;36m[K42[m[K
      |                    [01;36m[K^~[m[K
[01m[K/home/aayush/new_frenet_planner/src/frenet_planner_3/src/temp_frenet_ros_obst.cpp:[m[K In function ‘[01m[Kvoid initial_conditions_path(Spline2D&, double&, double&, double&, double&, double&, double&, FrenetPath&)[m[K’:
[01m[K/home/aayush/new_frenet_planner/src/frenet_planner_3/src/temp_frenet_ros_obst.cpp:245:40:[m[K [01;35m[Kwarning: [m[Kunused parameter ‘[01m[Kcsp[m[K’ [[01;35m[K-Wunused-parameter[m[K]
  245 | void initial_conditions_path([01;35m[KSpline2D &csp[m[K, double &s0, double &c_speed, double &c_d, double &c_d_d,
      |                              [01;35m[K~~~~~~~~~~^~~[m[K
In file included from [01m[K/home/aayush/new_frenet_planner/src/frenet_planner_3/src/temp_frenet_ros_obst.cpp:1[m[K:
[01m[K/home/aayush/new_frenet_planner/src/frenet_planner_3/src/temp_frenet_ros_obst.cpp:[m[K In function ‘[01m[Kint initial_conditions_new(Spline2D&, vecD&, vecD&, vecD&, vecD&, vecD&, double&, double&, double&, double&, double&, double&, FrenetPath&)[m[K’:
[01m[K/home/aayush/new_frenet_planner/src/frenet_planner_3/src/../include/frenet_optimal_trajectory.hpp:158:20:[m[K [01;35m[Kwarning: [m[Kstatement has no effect [[01;35m[K-Wunused-value[m[K]
  158 | #define trace(...) [01;35m[K42[m[K
      |                    [01;35m[K^~[m[K
[01m[K/home/aayush/new_frenet_planner/src/frenet_planner_3/src/../include/frenet_optimal_trajectory.hpp:158:20:[m[K [01;36m[Knote: [m[Kin definition of macro ‘[01m[Ktrace[m[K’
  158 | #define trace(...) [01;36m[K42[m[K
      |                    [01;36m[K^~[m[K
[01m[K/home/aayush/new_frenet_planner/src/frenet_planner_3/src/../include/frenet_optimal_trajectory.hpp:158:20:[m[K [01;35m[Kwarning: [m[Kstatement has no effect [[01;35m[K-Wunused-value[m[K]
  158 | #define trace(...) [01;35m[K42[m[K
      |                    [01;35m[K^~[m[K
[01m[K/home/aayush/new_frenet_planner/src/frenet_planner_3/src/../include/frenet_optimal_trajectory.hpp:158:20:[m[K [01;36m[Knote: [m[Kin definition of macro ‘[01m[Ktrace[m[K’
  158 | #define trace(...) [01;36m[K42[m[K
      |                    [01;36m[K^~[m[K
[01m[K/home/aayush/new_frenet_planner/src/frenet_planner_3/src/temp_frenet_ros_obst.cpp:272:38:[m[K [01;35m[Kwarning: [m[Kunused parameter ‘[01m[Kcsp[m[K’ [[01;35m[K-Wunused-parameter[m[K]
  272 | int initial_conditions_new([01;35m[KSpline2D &csp[m[K, vecD &global_s, vecD &global_x, vecD &global_y,
      |                            [01;35m[K~~~~~~~~~~^~~[m[K
[01m[K/home/aayush/new_frenet_planner/src/frenet_planner_3/src/temp_frenet_ros_obst.cpp:[m[K In function ‘[01m[Kint main(int, char**)[m[K’:
[01m[K/home/aayush/new_frenet_planner/src/frenet_planner_3/src/temp_frenet_ros_obst.cpp:359:41:[m[K [01;35m[Kwarning: [m[Kformat ‘[01m[K%d[m[K’ expects argument of type ‘[01m[Kint[m[K’, but argument 2 has type ‘[01m[Kstd::vector<double>::size_type[m[K’ {aka ‘[01m[Klong unsigned int[m[K’} [[01;35m[K-Wformat=[m[K]
  359 |  printf("printing rx see if it works - [01;35m[K%d[m[K\n", [32m[Krx.size()[m[K);
      |                                        [01;35m[K~^[m[K     [32m[K~~~~~~~~~[m[K
      |                                         [01;35m[K|[m[K            [32m[K|[m[K
      |                                         [01;35m[Kint[m[K          [32m[Kstd::vector<double>::size_type {aka long unsigned int}[m[K
      |                                        [32m[K%ld[m[K
In file included from [01m[K/home/aayush/new_frenet_planner/src/frenet_planner_3/src/temp_frenet_ros_obst.cpp:1[m[K:
[01m[K/home/aayush/new_frenet_planner/src/frenet_planner_3/src/../include/frenet_optimal_trajectory.hpp:158:20:[m[K [01;35m[Kwarning: [m[Kstatement has no effect [[01;35m[K-Wunused-value[m[K]
  158 | #define trace(...) [01;35m[K42[m[K
      |                    [01;35m[K^~[m[K
[01m[K/home/aayush/new_frenet_planner/src/frenet_planner_3/src/../include/frenet_optimal_trajectory.hpp:158:20:[m[K [01;36m[Knote: [m[Kin definition of macro ‘[01m[Ktrace[m[K’
  158 | #define trace(...) [01;36m[K42[m[K
      |                    [01;36m[K^~[m[K
[01m[K/home/aayush/new_frenet_planner/src/frenet_planner_3/src/temp_frenet_ros_obst.cpp:488:36:[m[K [01;35m[Kwarning: [m[Kformat ‘[01m[K%lf[m[K’ expects argument of type ‘[01m[Kdouble[m[K’, but argument 2 has type ‘[01m[KvecD[m[K’ {aka ‘[01m[Kstd::vector<double>[m[K’} [[01;35m[K-Wformat=[m[K]
  488 |   printf("\nx and y coordinate - [01;35m[K%lf[m[K,%lf\n",[32m[Klp.get_x()[m[K,lp.get_y());
      |                                  [01;35m[K~~^[m[K        [32m[K~~~~~~~~~~[m[K
      |                                    [01;35m[K|[m[K                [32m[K|[m[K
      |                                    [01;35m[Kdouble[m[K           [32m[KvecD {aka std::vector<double>}[m[K
[01m[K/home/aayush/new_frenet_planner/src/frenet_planner_3/src/temp_frenet_ros_obst.cpp:488:40:[m[K [01;35m[Kwarning: [m[Kformat ‘[01m[K%lf[m[K’ expects argument of type ‘[01m[Kdouble[m[K’, but argument 3 has type ‘[01m[KvecD[m[K’ {aka ‘[01m[Kstd::vector<double>[m[K’} [[01;35m[K-Wformat=[m[K]
  488 |   printf("\nx and y coordinate - %lf,[01;35m[K%lf[m[K\n",lp.get_x(),[32m[Klp.get_y()[m[K);
      |                                      [01;35m[K~~^[m[K               [32m[K~~~~~~~~~~[m[K
      |                                        [01;35m[K|[m[K                       [32m[K|[m[K
      |                                        [01;35m[Kdouble[m[K                  [32m[KvecD {aka std::vector<double>}[m[K
[01m[K/home/aayush/new_frenet_planner/src/frenet_planner_3/src/temp_frenet_ros_obst.cpp:392:10:[m[K [01;35m[Kwarning: [m[Kunused variable ‘[01m[KstartTime1[m[K’ [[01;35m[K-Wunused-variable[m[K]
  392 |   double [01;35m[KstartTime1[m[K = omp_get_wtime();
      |          [01;35m[K^~~~~~~~~~[m[K
[01m[K/home/aayush/new_frenet_planner/src/frenet_planner_3/src/temp_frenet_ros_obst.cpp:441:10:[m[K [01;35m[Kwarning: [m[Kunused variable ‘[01m[KstartTime2[m[K’ [[01;35m[K-Wunused-variable[m[K]
  441 |   double [01;35m[KstartTime2[m[K = omp_get_wtime();
      |          [01;35m[K^~~~~~~~~~[m[K
[01m[K/home/aayush/new_frenet_planner/src/frenet_planner_3/src/temp_frenet_ros_obst.cpp:445:10:[m[K [01;35m[Kwarning: [m[Kunused variable ‘[01m[KendTime2[m[K’ [[01;35m[K-Wunused-variable[m[K]
  445 |   double [01;35m[KendTime2[m[K = omp_get_wtime();
      |          [01;35m[K^~~~~~~~[m[K
[01m[K/home/aayush/new_frenet_planner/src/frenet_planner_3/src/temp_frenet_ros_obst.cpp:490:10:[m[K [01;35m[Kwarning: [m[Kunused variable ‘[01m[KstartTime3[m[K’ [[01;35m[K-Wunused-variable[m[K]
  490 |   double [01;35m[KstartTime3[m[K = omp_get_wtime();
      |          [01;35m[K^~~~~~~~~~[m[K
[01m[K/home/aayush/new_frenet_planner/src/frenet_planner_3/src/temp_frenet_ros_obst.cpp:492:10:[m[K [01;35m[Kwarning: [m[Kunused variable ‘[01m[KendTime3[m[K’ [[01;35m[K-Wunused-variable[m[K]
  492 |   double [01;35m[KendTime3[m[K = omp_get_wtime();
      |          [01;35m[K^~~~~~~~[m[K
[01m[K/home/aayush/new_frenet_planner/src/frenet_planner_3/src/temp_frenet_ros_obst.cpp:332:7:[m[K [01;35m[Kwarning: [m[Kunused variable ‘[01m[KgotOdom[m[K’ [[01;35m[K-Wunused-variable[m[K]
  332 |  bool [01;35m[KgotOdom[m[K = false;
      |       [01;35m[K^~~~~~~[m[K
[01m[K/home/aayush/new_frenet_planner/src/frenet_planner_3/src/temp_frenet_ros_obst.cpp:375:7:[m[K [01;35m[Kwarning: [m[Kunused variable ‘[01m[Krun_frenet[m[K’ [[01;35m[K-Wunused-variable[m[K]
  375 |  bool [01;35m[Krun_frenet[m[K = true;
      |       [01;35m[K^~~~~~~~~~[m[K
In file included from [01m[K/home/aayush/new_frenet_planner/src/frenet_planner_3/src/temp_frenet_ros_obst.cpp:1[m[K:
[01m[K/home/aayush/new_frenet_planner/src/frenet_planner_3/src/../include/frenet_optimal_trajectory.hpp:[m[K At global scope:
[01m[K/home/aayush/new_frenet_planner/src/frenet_planner_3/src/../include/frenet_optimal_trajectory.hpp:43:15:[m[K [01;35m[Kwarning: [m[K‘[01m[KKLON[m[K’ defined but not used [[01;35m[K-Wunused-variable[m[K]
   43 | static double [01;35m[KKLON[m[K = 2.0;
      |               [01;35m[K^~~~[m[K
[01m[K/home/aayush/new_frenet_planner/src/frenet_planner_3/src/../include/frenet_optimal_trajectory.hpp:42:15:[m[K [01;35m[Kwarning: [m[K‘[01m[KKLAT[m[K’ defined but not used [[01;35m[K-Wunused-variable[m[K]
   42 | static double [01;35m[KKLAT[m[K = 1.0;
      |               [01;35m[K^~~~[m[K
[01m[K/home/aayush/new_frenet_planner/src/frenet_planner_3/src/../include/frenet_optimal_trajectory.hpp:41:15:[m[K [01;35m[Kwarning: [m[K‘[01m[KKD_V[m[K’ defined but not used [[01;35m[K-Wunused-variable[m[K]
   41 | static double [01;35m[KKD_V[m[K = 0.5;
      |               [01;35m[K^~~~[m[K
[01m[K/home/aayush/new_frenet_planner/src/frenet_planner_3/src/../include/frenet_optimal_trajectory.hpp:40:15:[m[K [01;35m[Kwarning: [m[K‘[01m[KKD[m[K’ defined but not used [[01;35m[K-Wunused-variable[m[K]
   40 | static double [01;35m[KKD[m[K = 0.5;
      |               [01;35m[K^~[m[K
[01m[K/home/aayush/new_frenet_planner/src/frenet_planner_3/src/../include/frenet_optimal_trajectory.hpp:39:15:[m[K [01;35m[Kwarning: [m[K‘[01m[KKT[m[K’ defined but not used [[01;35m[K-Wunused-variable[m[K]
   39 | static double [01;35m[KKT[m[K = 5;
      |               [01;35m[K^~[m[K
[01m[K/home/aayush/new_frenet_planner/src/frenet_planner_3/src/../include/frenet_optimal_trajectory.hpp:38:15:[m[K [01;35m[Kwarning: [m[K‘[01m[KKJ[m[K’ defined but not used [[01;35m[K-Wunused-variable[m[K]
   38 | static double [01;35m[KKJ[m[K = 0.01;
      |               [01;35m[K^~[m[K
[01m[K/home/aayush/new_frenet_planner/src/frenet_planner_3/src/../include/frenet_optimal_trajectory.hpp:35:15:[m[K [01;35m[Kwarning: [m[K‘[01m[KMAX_SHIFT_D[m[K’ defined but not used [[01;35m[K-Wunused-variable[m[K]
   35 | static double [01;35m[KMAX_SHIFT_D[m[K = 3;  // Sampling width for sampling of d.
      |               [01;35m[K^~~~~~~~~~~[m[K
[01m[K/home/aayush/new_frenet_planner/src/frenet_planner_3/src/../include/frenet_optimal_trajectory.hpp:34:15:[m[K [01;35m[Kwarning: [m[K‘[01m[KD_D_NS[m[K’ defined but not used [[01;35m[K-Wunused-variable[m[K]
   34 | static double [01;35m[KD_D_NS[m[K = 0.5;  // Step size for sampling of d_dot
      |               [01;35m[K^~~~~~[m[K
[01m[K/home/aayush/new_frenet_planner/src/frenet_planner_3/src/../include/frenet_optimal_trajectory.hpp:33:15:[m[K [01;35m[Kwarning: [m[K‘[01m[KMAX_LAT_VEL[m[K’ defined but not used [[01;35m[K-Wunused-variable[m[K]
   33 | static double [01;35m[KMAX_LAT_VEL[m[K = 1.0;  // maxmum lateral speed. Sampling for d_dot
      |               [01;35m[K^~~~~~~~~~~[m[K
[01m[K/home/aayush/new_frenet_planner/src/frenet_planner_3/src/../include/frenet_optimal_trajectory.hpp:32:15:[m[K [01;35m[Kwarning: [m[K‘[01m[KMIN_LAT_VEL[m[K’ defined but not used [[01;35m[K-Wunused-variable[m[K]
   32 | static double [01;35m[KMIN_LAT_VEL[m[K = -1.0;  // minimum lateral speed. Sampling for d_dot
      |               [01;35m[K^~~~~~~~~~~[m[K
[01m[K/home/aayush/new_frenet_planner/src/frenet_planner_3/src/../include/frenet_optimal_trajectory.hpp:31:15:[m[K [01;35m[Kwarning: [m[K‘[01m[KROBOT_RADIUS[m[K’ defined but not used [[01;35m[K-Wunused-variable[m[K]
   31 | static double [01;35m[KROBOT_RADIUS[m[K = 2.0;  // robot radius [m]
      |               [01;35m[K^~~~~~~~~~~~[m[K
[01m[K/home/aayush/new_frenet_planner/src/frenet_planner_3/src/../include/frenet_optimal_trajectory.hpp:30:15:[m[K [01;35m[Kwarning: [m[K‘[01m[KN_S_SAMPLE[m[K’ defined but not used [[01;35m[K-Wunused-variable[m[K]
   30 | static double [01;35m[KN_S_SAMPLE[m[K = 1.5;  // sampling number of target speed
      |               [01;35m[K^~~~~~~~~~[m[K
[01m[K/home/aayush/new_frenet_planner/src/frenet_planner_3/src/../include/frenet_optimal_trajectory.hpp:29:15:[m[K [01;35m[Kwarning: [m[K‘[01m[KD_T_S[m[K’ defined but not used [[01;35m[K-Wunused-variable[m[K]
   29 | static double [01;35m[KD_T_S[m[K = 1.389;  // target speed sampling length [m/s]
      |               [01;35m[K^~~~~[m[K
[01m[K/home/aayush/new_frenet_planner/src/frenet_planner_3/src/../include/frenet_optimal_trajectory.hpp:27:15:[m[K [01;35m[Kwarning: [m[K‘[01m[KMINT[m[K’ defined but not used [[01;35m[K-Wunused-variable[m[K]
   27 | static double [01;35m[KMINT[m[K = 2.0 ;  // min prediction time [m]
      |               [01;35m[K^~~~[m[K
[01m[K/home/aayush/new_frenet_planner/src/frenet_planner_3/src/../include/frenet_optimal_trajectory.hpp:26:15:[m[K [01;35m[Kwarning: [m[K‘[01m[KMAXT[m[K’ defined but not used [[01;35m[K-Wunused-variable[m[K]
   26 | static double [01;35m[KMAXT[m[K = 6.0;  // max prediction time [m]
      |               [01;35m[K^~~~[m[K
[01m[K/home/aayush/new_frenet_planner/src/frenet_planner_3/src/../include/frenet_optimal_trajectory.hpp:25:15:[m[K [01;35m[Kwarning: [m[K‘[01m[KDT[m[K’ defined but not used [[01;35m[K-Wunused-variable[m[K]
   25 | static double [01;35m[KDT[m[K = 0.2;  // time tick [s]
      |               [01;35m[K^~[m[K
[01m[K/home/aayush/new_frenet_planner/src/frenet_planner_3/src/../include/frenet_optimal_trajectory.hpp:24:15:[m[K [01;35m[Kwarning: [m[K‘[01m[KD_ROAD_W[m[K’ defined but not used [[01;35m[K-Wunused-variable[m[K]
   24 | static double [01;35m[KD_ROAD_W[m[K = 1.0;  // road width sampling length [m]
      |               [01;35m[K^~~~~~~~[m[K
[01m[K/home/aayush/new_frenet_planner/src/frenet_planner_3/src/../include/frenet_optimal_trajectory.hpp:23:15:[m[K [01;35m[Kwarning: [m[K‘[01m[KMAX_ROAD_WIDTH[m[K’ defined but not used [[01;35m[K-Wunused-variable[m[K]
   23 | static double [01;35m[KMAX_ROAD_WIDTH[m[K = 10.0;  // maximum road width [m]
      |               [01;35m[K^~~~~~~~~~~~~~[m[K
[01m[K/home/aayush/new_frenet_planner/src/frenet_planner_3/src/../include/frenet_optimal_trajectory.hpp:22:15:[m[K [01;35m[Kwarning: [m[K‘[01m[KMAX_CURVATURE[m[K’ defined but not used [[01;35m[K-Wunused-variable[m[K]
   22 | static double [01;35m[KMAX_CURVATURE[m[K = 2.0;  // maximum curvature [1/m]
      |               [01;35m[K^~~~~~~~~~~~~[m[K
[01m[K/home/aayush/new_frenet_planner/src/frenet_planner_3/src/../include/frenet_optimal_trajectory.hpp:21:15:[m[K [01;35m[Kwarning: [m[K‘[01m[KMAX_ACCEL[m[K’ defined but not used [[01;35m[K-Wunused-variable[m[K]
   21 | static double [01;35m[KMAX_ACCEL[m[K = 5.0;  // maximum acceleration [m/ss]
      |               [01;35m[K^~~~~~~~~[m[K
[01m[K/home/aayush/new_frenet_planner/src/frenet_planner_3/src/../include/frenet_optimal_trajectory.hpp:20:15:[m[K [01;35m[Kwarning: [m[K‘[01m[KMAX_SPEED[m[K’ defined but not used [[01;35m[K-Wunused-variable[m[K]
   20 | static double [01;35m[KMAX_SPEED[m[K = 13.89;  // maximum speed [m/s]
      |               [01;35m[K^~~~~~~~~[m[K
[ 40%] [32mBuilding CXX object CMakeFiles/temp_frenet_ros_obst.dir/src/frenet_optimal_trajectory.cpp.o[0m
In file included from [01m[K/home/aayush/new_frenet_planner/src/frenet_planner_3/src/frenet_optimal_trajectory.cpp:1[m[K:
[01m[K/home/aayush/new_frenet_planner/src/frenet_planner_3/src/../include/frenet_optimal_trajectory.hpp:[m[K In function ‘[01m[Kstd::ostream& operator<<(std::ostream&, const FrenetPath&)[m[K’:
[01m[K/home/aayush/new_frenet_planner/src/frenet_planner_3/src/../include/frenet_optimal_trajectory.hpp:158:20:[m[K [01;35m[Kwarning: [m[Kstatement has no effect [[01;35m[K-Wunused-value[m[K]
  158 | #define trace(...) [01;35m[K42[m[K
      |                    [01;35m[K^~[m[K
[01m[K/home/aayush/new_frenet_planner/src/frenet_planner_3/src/../include/frenet_optimal_trajectory.hpp:158:20:[m[K [01;36m[Knote: [m[Kin definition of macro ‘[01m[Ktrace[m[K’
  158 | #define trace(...) [01;36m[K42[m[K
      |                    [01;36m[K^~[m[K
[01m[K/home/aayush/new_frenet_planner/src/frenet_planner_3/src/../include/frenet_optimal_trajectory.hpp:158:20:[m[K [01;35m[Kwarning: [m[Kstatement has no effect [[01;35m[K-Wunused-value[m[K]
  158 | #define trace(...) [01;35m[K42[m[K
      |                    [01;35m[K^~[m[K
[01m[K/home/aayush/new_frenet_planner/src/frenet_planner_3/src/../include/frenet_optimal_trajectory.hpp:158:20:[m[K [01;36m[Knote: [m[Kin definition of macro ‘[01m[Ktrace[m[K’
  158 | #define trace(...) [01;36m[K42[m[K
      |                    [01;36m[K^~[m[K
[01m[K/home/aayush/new_frenet_planner/src/frenet_planner_3/src/../include/frenet_optimal_trajectory.hpp:158:20:[m[K [01;35m[Kwarning: [m[Kstatement has no effect [[01;35m[K-Wunused-value[m[K]
  158 | #define trace(...) [01;35m[K42[m[K
      |                    [01;35m[K^~[m[K
[01m[K/home/aayush/new_frenet_planner/src/frenet_planner_3/src/../include/frenet_optimal_trajectory.hpp:158:20:[m[K [01;36m[Knote: [m[Kin definition of macro ‘[01m[Ktrace[m[K’
  158 | #define trace(...) [01;36m[K42[m[K
      |                    [01;36m[K^~[m[K
[01m[K/home/aayush/new_frenet_planner/src/frenet_planner_3/src/../include/frenet_optimal_trajectory.hpp:158:20:[m[K [01;35m[Kwarning: [m[Kstatement has no effect [[01;35m[K-Wunused-value[m[K]
  158 | #define trace(...) [01;35m[K42[m[K
      |                    [01;35m[K^~[m[K
[01m[K/home/aayush/new_frenet_planner/src/frenet_planner_3/src/../include/frenet_optimal_trajectory.hpp:158:20:[m[K [01;36m[Knote: [m[Kin definition of macro ‘[01m[Ktrace[m[K’
  158 | #define trace(...) [01;36m[K42[m[K
      |                    [01;36m[K^~[m[K
[01m[K/home/aayush/new_frenet_planner/src/frenet_planner_3/src/../include/frenet_optimal_trajectory.hpp:158:20:[m[K [01;35m[Kwarning: [m[Kstatement has no effect [[01;35m[K-Wunused-value[m[K]
  158 | #define trace(...) [01;35m[K42[m[K
      |                    [01;35m[K^~[m[K
[01m[K/home/aayush/new_frenet_planner/src/frenet_planner_3/src/../include/frenet_optimal_trajectory.hpp:158:20:[m[K [01;36m[Knote: [m[Kin definition of macro ‘[01m[Ktrace[m[K’
  158 | #define trace(...) [01;36m[K42[m[K
      |                    [01;36m[K^~[m[K
[01m[K/home/aayush/new_frenet_planner/src/frenet_planner_3/src/../include/frenet_optimal_trajectory.hpp:158:20:[m[K [01;35m[Kwarning: [m[Kstatement has no effect [[01;35m[K-Wunused-value[m[K]
  158 | #define trace(...) [01;35m[K42[m[K
      |                    [01;35m[K^~[m[K
[01m[K/home/aayush/new_frenet_planner/src/frenet_planner_3/src/../include/frenet_optimal_trajectory.hpp:158:20:[m[K [01;36m[Knote: [m[Kin definition of macro ‘[01m[Ktrace[m[K’
  158 | #define trace(...) [01;36m[K42[m[K
      |                    [01;36m[K^~[m[K
[01m[K/home/aayush/new_frenet_planner/src/frenet_planner_3/src/../include/frenet_optimal_trajectory.hpp:158:20:[m[K [01;35m[Kwarning: [m[Kstatement has no effect [[01;35m[K-Wunused-value[m[K]
  158 | #define trace(...) [01;35m[K42[m[K
      |                    [01;35m[K^~[m[K
[01m[K/home/aayush/new_frenet_planner/src/frenet_planner_3/src/../include/frenet_optimal_trajectory.hpp:158:20:[m[K [01;36m[Knote: [m[Kin definition of macro ‘[01m[Ktrace[m[K’
  158 | #define trace(...) [01;36m[K42[m[K
      |                    [01;36m[K^~[m[K
[01m[K/home/aayush/new_frenet_planner/src/frenet_planner_3/src/../include/frenet_optimal_trajectory.hpp:158:20:[m[K [01;35m[Kwarning: [m[Kstatement has no effect [[01;35m[K-Wunused-value[m[K]
  158 | #define trace(...) [01;35m[K42[m[K
      |                    [01;35m[K^~[m[K
[01m[K/home/aayush/new_frenet_planner/src/frenet_planner_3/src/../include/frenet_optimal_trajectory.hpp:158:20:[m[K [01;36m[Knote: [m[Kin definition of macro ‘[01m[Ktrace[m[K’
  158 | #define trace(...) [01;36m[K42[m[K
      |                    [01;36m[K^~[m[K
[01m[K/home/aayush/new_frenet_planner/src/frenet_planner_3/src/../include/frenet_optimal_trajectory.hpp:158:20:[m[K [01;35m[Kwarning: [m[Kstatement has no effect [[01;35m[K-Wunused-value[m[K]
  158 | #define trace(...) [01;35m[K42[m[K
      |                    [01;35m[K^~[m[K
[01m[K/home/aayush/new_frenet_planner/src/frenet_planner_3/src/../include/frenet_optimal_trajectory.hpp:158:20:[m[K [01;36m[Knote: [m[Kin definition of macro ‘[01m[Ktrace[m[K’
  158 | #define trace(...) [01;36m[K42[m[K
      |                    [01;36m[K^~[m[K
[01m[K/home/aayush/new_frenet_planner/src/frenet_planner_3/src/../include/frenet_optimal_trajectory.hpp:158:20:[m[K [01;35m[Kwarning: [m[Kstatement has no effect [[01;35m[K-Wunused-value[m[K]
  158 | #define trace(...) [01;35m[K42[m[K
      |                    [01;35m[K^~[m[K
[01m[K/home/aayush/new_frenet_planner/src/frenet_planner_3/src/../include/frenet_optimal_trajectory.hpp:158:20:[m[K [01;36m[Knote: [m[Kin definition of macro ‘[01m[Ktrace[m[K’
  158 | #define trace(...) [01;36m[K42[m[K
      |                    [01;36m[K^~[m[K
[01m[K/home/aayush/new_frenet_planner/src/frenet_planner_3/src/../include/frenet_optimal_trajectory.hpp:158:20:[m[K [01;35m[Kwarning: [m[Kstatement has no effect [[01;35m[K-Wunused-value[m[K]
  158 | #define trace(...) [01;35m[K42[m[K
      |                    [01;35m[K^~[m[K
[01m[K/home/aayush/new_frenet_planner/src/frenet_planner_3/src/../include/frenet_optimal_trajectory.hpp:158:20:[m[K [01;36m[Knote: [m[Kin definition of macro ‘[01m[Ktrace[m[K’
  158 | #define trace(...) [01;36m[K42[m[K
      |                    [01;36m[K^~[m[K
[01m[K/home/aayush/new_frenet_planner/src/frenet_planner_3/src/../include/frenet_optimal_trajectory.hpp:158:20:[m[K [01;35m[Kwarning: [m[Kstatement has no effect [[01;35m[K-Wunused-value[m[K]
  158 | #define trace(...) [01;35m[K42[m[K
      |                    [01;35m[K^~[m[K
[01m[K/home/aayush/new_frenet_planner/src/frenet_planner_3/src/../include/frenet_optimal_trajectory.hpp:158:20:[m[K [01;36m[Knote: [m[Kin definition of macro ‘[01m[Ktrace[m[K’
  158 | #define trace(...) [01;36m[K42[m[K
      |                    [01;36m[K^~[m[K
[01m[K/home/aayush/new_frenet_planner/src/frenet_planner_3/src/../include/frenet_optimal_trajectory.hpp:158:20:[m[K [01;35m[Kwarning: [m[Kstatement has no effect [[01;35m[K-Wunused-value[m[K]
  158 | #define trace(...) [01;35m[K42[m[K
      |                    [01;35m[K^~[m[K
[01m[K/home/aayush/new_frenet_planner/src/frenet_planner_3/src/../include/frenet_optimal_trajectory.hpp:158:20:[m[K [01;36m[Knote: [m[Kin definition of macro ‘[01m[Ktrace[m[K’
  158 | #define trace(...) [01;36m[K42[m[K
      |                    [01;36m[K^~[m[K
[01m[K/home/aayush/new_frenet_planner/src/frenet_planner_3/src/../include/frenet_optimal_trajectory.hpp:159:59:[m[K [01;35m[Kwarning: [m[Kunused parameter ‘[01m[Kfp[m[K’ [[01;35m[K-Wunused-parameter[m[K]
  159 | inline ostream& operator<<(ostream& os, [01;35m[Kconst FrenetPath& fp[m[K)
      |                                         [01;35m[K~~~~~~~~~~~~~~~~~~^~[m[K
In file included from [01m[K/home/aayush/new_frenet_planner/src/frenet_planner_3/src/frenet_optimal_trajectory.cpp:6[m[K:
[01m[K/home/aayush/new_frenet_planner/src/frenet_planner_3/./include/matplotlibcpp.hpp:[m[K At global scope:
[01m[K/home/aayush/new_frenet_planner/src/frenet_planner_3/./include/matplotlibcpp.hpp:314:36:[m[K [01;35m[Kwarning: [m[Kstatic_assert without a message only available with ‘[01m[K-std=c++17[m[K’ or ‘[01m[K-std=gnu++17[m[K’ [[01;35m[K-Wpedantic[m[K]
  314 | static_assert(sizeof(long long) == [01;35m[K8[m[K);
      |                                    [01;35m[K^[m[K
[01m[K/home/aayush/new_frenet_planner/src/frenet_planner_3/./include/matplotlibcpp.hpp:316:45:[m[K [01;35m[Kwarning: [m[Kstatic_assert without a message only available with ‘[01m[K-std=c++17[m[K’ or ‘[01m[K-std=gnu++17[m[K’ [[01;35m[K-Wpedantic[m[K]
  316 | static_assert(sizeof(unsigned long long) == [01;35m[K8[m[K);
      |                                             [01;35m[K^[m[K
[01m[K/home/aayush/new_frenet_planner/src/frenet_planner_3/src/frenet_optimal_trajectory.cpp:[m[K In member function ‘[01m[Kvoid FrenetPath::calc_lon_paths_quintic_poly(double, double, double, double, double)[m[K’:
[01m[K/home/aayush/new_frenet_planner/src/frenet_planner_3/src/frenet_optimal_trajectory.cpp:62:91:[m[K [01;35m[Kwarning: [m[Kunused parameter ‘[01m[Kts[m[K’ [[01;35m[K-Wunused-parameter[m[K]
   62 | s_quintic_poly(double c_speed, double s0, double Ti, [01;35m[Kdouble ts[m[K,
      |                                                      [01;35m[K~~~~~~~^~[m[K

[01m[K/home/aayush/new_frenet_planner/src/frenet_planner_3/src/frenet_optimal_trajectory.cpp:[m[K In function ‘[01m[Kstd::vector<FrenetPath> calc_frenet_paths(double, double, double, double, double, FrenetPath)[m[K’:
[01m[K/home/aayush/new_frenet_planner/src/frenet_planner_3/src/frenet_optimal_trajectory.cpp:140:33:[m[K [01;35m[Kwarning: [m[Kunused parameter ‘[01m[Klp[m[K’ [[01;35m[K-Wunused-parameter[m[K]
  140 |           double s0, [01;35m[KFrenetPath lp[m[K)
      |                      [01;35m[K~~~~~~~~~~~^~[m[K
[01m[K/home/aayush/new_frenet_planner/src/frenet_planner_3/src/frenet_optimal_trajectory.cpp:[m[K In member function ‘[01m[Kvoid FrenetPath::adding_global_path(Spline2D)[m[K’:
[01m[K/home/aayush/new_frenet_planner/src/frenet_planner_3/src/frenet_optimal_trajectory.cpp:215:9:[m[K [01;35m[Kwarning: [m[Kunused variable ‘[01m[KstartTime1[m[K’ [[01;35m[K-Wunused-variable[m[K]
  215 |  double [01;35m[KstartTime1[m[K = omp_get_wtime();
      |         [01;35m[K^~~~~~~~~~[m[K
[01m[K/home/aayush/new_frenet_planner/src/frenet_planner_3/src/frenet_optimal_trajectory.cpp:275:9:[m[K [01;35m[Kwarning: [m[Kunused variable ‘[01m[KendTime1[m[K’ [[01;35m[K-Wunused-variable[m[K]
  275 |  double [01;35m[KendTime1[m[K = omp_get_wtime();
      |         [01;35m[K^~~~~~~~[m[K
[01m[K/home/aayush/new_frenet_planner/src/frenet_planner_3/src/frenet_optimal_trajectory.cpp:[m[K In function ‘[01m[Kstd::vector<FrenetPath> check_path(std::vector<FrenetPath>&, double, double, double)[m[K’:
[01m[K/home/aayush/new_frenet_planner/src/frenet_planner_3/src/frenet_optimal_trajectory.cpp:430:11:[m[K [01;35m[Kwarning: [m[Ktoo many arguments for format [[01;35m[K-Wformat-extra-args[m[K]
  430 |    printf([01;35m[K"lf"[m[K, path_yaw[0] - bot_yaw);
      |           [01;35m[K^~~~[m[K
In file included from [01m[K/home/aayush/new_frenet_planner/src/frenet_planner_3/src/frenet_optimal_trajectory.cpp:1[m[K:
[01m[K/home/aayush/new_frenet_planner/src/frenet_planner_3/src/frenet_optimal_trajectory.cpp:[m[K In function ‘[01m[KFrenetPath& frenet_optimal_planning(Spline2D, double, double, double, double, double, FrenetPath, double)[m[K’:
[01m[K/home/aayush/new_frenet_planner/src/frenet_planner_3/src/../include/frenet_optimal_trajectory.hpp:158:20:[m[K [01;35m[Kwarning: [m[Kstatement has no effect [[01;35m[K-Wunused-value[m[K]
  158 | #define trace(...) [01;35m[K42[m[K
      |                    [01;35m[K^~[m[K
[01m[K/home/aayush/new_frenet_planner/src/frenet_planner_3/src/../include/frenet_optimal_trajectory.hpp:158:20:[m[K [01;36m[Knote: [m[Kin definition of macro ‘[01m[Ktrace[m[K’
  158 | #define trace(...) [01;36m[K42[m[K
      |                    [01;36m[K^~[m[K
[01m[K/home/aayush/new_frenet_planner/src/frenet_planner_3/src/../include/frenet_optimal_trajectory.hpp:158:20:[m[K [01;35m[Kwarning: [m[Kstatement has no effect [[01;35m[K-Wunused-value[m[K]
  158 | #define trace(...) [01;35m[K42[m[K
      |                    [01;35m[K^~[m[K
[01m[K/home/aayush/new_frenet_planner/src/frenet_planner_3/src/../include/frenet_optimal_trajectory.hpp:158:20:[m[K [01;36m[Knote: [m[Kin definition of macro ‘[01m[Ktrace[m[K’
  158 | #define trace(...) [01;36m[K42[m[K
      |                    [01;36m[K^~[m[K
[01m[K/home/aayush/new_frenet_planner/src/frenet_planner_3/src/../include/frenet_optimal_trajectory.hpp:158:20:[m[K [01;35m[Kwarning: [m[Kstatement has no effect [[01;35m[K-Wunused-value[m[K]
  158 | #define trace(...) [01;35m[K42[m[K
      |                    [01;35m[K^~[m[K
[01m[K/home/aayush/new_frenet_planner/src/frenet_planner_3/src/../include/frenet_optimal_trajectory.hpp:158:20:[m[K [01;36m[Knote: [m[Kin definition of macro ‘[01m[Ktrace[m[K’
  158 | #define trace(...) [01;36m[K42[m[K
      |                    [01;36m[K^~[m[K
[01m[K/home/aayush/new_frenet_planner/src/frenet_planner_3/src/../include/frenet_optimal_trajectory.hpp:158:20:[m[K [01;35m[Kwarning: [m[Kstatement has no effect [[01;35m[K-Wunused-value[m[K]
  158 | #define trace(...) [01;35m[K42[m[K
      |                    [01;35m[K^~[m[K
[01m[K/home/aayush/new_frenet_planner/src/frenet_planner_3/src/../include/frenet_optimal_trajectory.hpp:158:20:[m[K [01;36m[Knote: [m[Kin definition of macro ‘[01m[Ktrace[m[K’
  158 | #define trace(...) [01;36m[K42[m[K
      |                    [01;36m[K^~[m[K
[01m[K/home/aayush/new_frenet_planner/src/frenet_planner_3/src/../include/frenet_optimal_trajectory.hpp:158:20:[m[K [01;35m[Kwarning: [m[Kstatement has no effect [[01;35m[K-Wunused-value[m[K]
  158 | #define trace(...) [01;35m[K42[m[K
      |                    [01;35m[K^~[m[K
[01m[K/home/aayush/new_frenet_planner/src/frenet_planner_3/src/../include/frenet_optimal_trajectory.hpp:158:20:[m[K [01;36m[Knote: [m[Kin definition of macro ‘[01m[Ktrace[m[K’
  158 | #define trace(...) [01;36m[K42[m[K
      |                    [01;36m[K^~[m[K
[01m[K/home/aayush/new_frenet_planner/src/frenet_planner_3/src/frenet_optimal_trajectory.cpp:488:9:[m[K [01;35m[Kwarning: [m[Kunused variable ‘[01m[KstartTime1[m[K’ [[01;35m[K-Wunused-variable[m[K]
  488 |  double [01;35m[KstartTime1[m[K = omp_get_wtime();
      |         [01;35m[K^~~~~~~~~~[m[K
[01m[K/home/aayush/new_frenet_planner/src/frenet_planner_3/src/frenet_optimal_trajectory.cpp:491:9:[m[K [01;35m[Kwarning: [m[Kunused variable ‘[01m[KendTime1[m[K’ [[01;35m[K-Wunused-variable[m[K]
  491 |  double [01;35m[KendTime1[m[K = omp_get_wtime();
      |         [01;35m[K^~~~~~~~[m[K
[01m[K/home/aayush/new_frenet_planner/src/frenet_planner_3/src/frenet_optimal_trajectory.cpp:494:9:[m[K [01;35m[Kwarning: [m[Kunused variable ‘[01m[KstartTime2[m[K’ [[01;35m[K-Wunused-variable[m[K]
  494 |  double [01;35m[KstartTime2[m[K = omp_get_wtime();
      |         [01;35m[K^~~~~~~~~~[m[K
[01m[K/home/aayush/new_frenet_planner/src/frenet_planner_3/src/frenet_optimal_trajectory.cpp:497:9:[m[K [01;35m[Kwarning: [m[Kunused variable ‘[01m[KendTime2[m[K’ [[01;35m[K-Wunused-variable[m[K]
  497 |  double [01;35m[KendTime2[m[K = omp_get_wtime();
      |         [01;35m[K^~~~~~~~[m[K
[01m[K/home/aayush/new_frenet_planner/src/frenet_planner_3/src/frenet_optimal_trajectory.cpp:501:9:[m[K [01;35m[Kwarning: [m[Kunused variable ‘[01m[KstartTime3[m[K’ [[01;35m[K-Wunused-variable[m[K]
  501 |  double [01;35m[KstartTime3[m[K = omp_get_wtime();
      |         [01;35m[K^~~~~~~~~~[m[K
[01m[K/home/aayush/new_frenet_planner/src/frenet_planner_3/src/frenet_optimal_trajectory.cpp:508:9:[m[K [01;35m[Kwarning: [m[Kunused variable ‘[01m[KendTime3[m[K’ [[01;35m[K-Wunused-variable[m[K]
  508 |  double [01;35m[KendTime3[m[K = omp_get_wtime();
      |         [01;35m[K^~~~~~~~[m[K
In file included from [01m[K/home/aayush/new_frenet_planner/src/frenet_planner_3/src/frenet_optimal_trajectory.cpp:1[m[K:
[01m[K/home/aayush/new_frenet_planner/src/frenet_planner_3/src/../include/frenet_optimal_trajectory.hpp:[m[K At global scope:
[01m[K/home/aayush/new_frenet_planner/src/frenet_planner_3/src/../include/frenet_optimal_trajectory.hpp:45:15:[m[K [01;35m[Kwarning: [m[K‘[01m[Ks_dest[m[K’ defined but not used [[01;35m[K-Wunused-variable[m[K]
   45 | static double [01;35m[Ks_dest[m[K;
      |               [01;35m[K^~~~~~[m[K
[01m[K/home/aayush/new_frenet_planner/src/frenet_planner_3/src/../include/frenet_optimal_trajectory.hpp:32:15:[m[K [01;35m[Kwarning: [m[K‘[01m[KMIN_LAT_VEL[m[K’ defined but not used [[01;35m[K-Wunused-variable[m[K]
   32 | static double [01;35m[KMIN_LAT_VEL[m[K = -1.0;  // minimum lateral speed. Sampling for d_dot
      |               [01;35m[K^~~~~~~~~~~[m[K
[01m[K/home/aayush/new_frenet_planner/src/frenet_planner_3/src/../include/frenet_optimal_trajectory.hpp:31:15:[m[K [01;35m[Kwarning: [m[K‘[01m[KROBOT_RADIUS[m[K’ defined but not used [[01;35m[K-Wunused-variable[m[K]
   31 | static double [01;35m[KROBOT_RADIUS[m[K = 2.0;  // robot radius [m]
      |               [01;35m[K^~~~~~~~~~~~[m[K
[01m[K/home/aayush/new_frenet_planner/src/frenet_planner_3/src/../include/frenet_optimal_trajectory.hpp:22:15:[m[K [01;35m[Kwarning: [m[K‘[01m[KMAX_CURVATURE[m[K’ defined but not used [[01;35m[K-Wunused-variable[m[K]
   22 | static double [01;35m[KMAX_CURVATURE[m[K = 2.0;  // maximum curvature [1/m]
      |               [01;35m[K^~~~~~~~~~~~~[m[K
[01m[K/home/aayush/new_frenet_planner/src/frenet_planner_3/src/../include/frenet_optimal_trajectory.hpp:21:15:[m[K [01;35m[Kwarning: [m[K‘[01m[KMAX_ACCEL[m[K’ defined but not used [[01;35m[K-Wunused-variable[m[K]
   21 | static double [01;35m[KMAX_ACCEL[m[K = 5.0;  // maximum acceleration [m/ss]
      |               [01;35m[K^~~~~~~~~[m[K
[01m[K/home/aayush/new_frenet_planner/src/frenet_planner_3/src/../include/frenet_optimal_trajectory.hpp:20:15:[m[K [01;35m[Kwarning: [m[K‘[01m[KMAX_SPEED[m[K’ defined but not used [[01;35m[K-Wunused-variable[m[K]
   20 | static double [01;35m[KMAX_SPEED[m[K = 13.89;  // maximum speed [m/s]
      |               [01;35m[K^~~~~~~~~[m[K
[ 60%] [32m[1mLinking CXX executable temp_frenet_ros_obst[0m
make[2]: warning:  Clock skew detected.  Your build may be incomplete.
[100%] Built target temp_frenet_ros_obst
-- Install configuration: ""
-- Installing: /home/aayush/new_frenet_planner/install/frenet_planner/lib/frenet_planner/temp_frenet_ros_obst
-- Set runtime path of "/home/aayush/new_frenet_planner/install/frenet_planner/lib/frenet_planner/temp_frenet_ros_obst" to ""
-- Up-to-date: /home/aayush/new_frenet_planner/install/frenet_planner/share/frenet_planner/launch
-- Up-to-date: /home/aayush/new_frenet_planner/install/frenet_planner/share/frenet_planner/launch/frenet_planner_launch.py
-- Up-to-date: /home/aayush/new_frenet_planner/install/frenet_planner/share/frenet_planner/launch/__pycache__
-- Up-to-date: /home/aayush/new_frenet_planner/install/frenet_planner/share/frenet_planner/launch/__pycache__/frenet_planner_launch.cpython-38.pyc
-- Up-to-date: /home/aayush/new_frenet_planner/install/frenet_planner/share/ament_index/resource_index/package_run_dependencies/frenet_planner
-- Up-to-date: /home/aayush/new_frenet_planner/install/frenet_planner/share/ament_index/resource_index/parent_prefix_path/frenet_planner
-- Up-to-date: /home/aayush/new_frenet_planner/install/frenet_planner/share/frenet_planner/environment/ament_prefix_path.sh
-- Up-to-date: /home/aayush/new_frenet_planner/install/frenet_planner/share/frenet_planner/environment/ament_prefix_path.dsv
-- Up-to-date: /home/aayush/new_frenet_planner/install/frenet_planner/share/frenet_planner/environment/path.sh
-- Up-to-date: /home/aayush/new_frenet_planner/install/frenet_planner/share/frenet_planner/environment/path.dsv
-- Up-to-date: /home/aayush/new_frenet_planner/install/frenet_planner/share/frenet_planner/local_setup.bash
-- Up-to-date: /home/aayush/new_frenet_planner/install/frenet_planner/share/frenet_planner/local_setup.sh
-- Up-to-date: /home/aayush/new_frenet_planner/install/frenet_planner/share/frenet_planner/local_setup.zsh
-- Up-to-date: /home/aayush/new_frenet_planner/install/frenet_planner/share/frenet_planner/local_setup.dsv
-- Installing: /home/aayush/new_frenet_planner/install/frenet_planner/share/frenet_planner/package.dsv
-- Up-to-date: /home/aayush/new_frenet_planner/install/frenet_planner/share/ament_index/resource_index/packages/frenet_planner
-- Up-to-date: /home/aayush/new_frenet_planner/install/frenet_planner/share/frenet_planner/cmake/frenet_plannerConfig.cmake
-- Up-to-date: /home/aayush/new_frenet_planner/install/frenet_planner/share/frenet_planner/cmake/frenet_plannerConfig-version.cmake
-- Up-to-date: /home/aayush/new_frenet_planner/install/frenet_planner/share/frenet_planner/package.xml
