[0.059s] Invoking command in '/home/aayush/new_frenet_planner/build/frenet_planner': CMAKE_PREFIX_PATH=${CMAKE_PREFIX_PATH}:/home/aayush/fake_iac_ws/install/dummy:/opt/ros/foxy /usr/bin/cmake --build /home/aayush/new_frenet_planner/build/frenet_planner -- -j2 -l2
[0.230s] [35m[1mScanning dependencies of target temp_frenet_ros_obst[0m
[0.412s] make[2]: Warning: File '/home/aayush/new_frenet_planner/src/frenet_planner_3/src/temp_frenet_ros_obst.cpp' has modification time 48781 s in the future
[0.459s] [ 20%] [32mBuilding CXX object CMakeFiles/temp_frenet_ros_obst.dir/src/temp_frenet_ros_obst.cpp.o[0m
[8.372s] In file included from [01m[K/home/aayush/new_frenet_planner/src/frenet_planner_3/src/temp_frenet_ros_obst.cpp:1[m[K:
[8.372s] [01m[K/home/aayush/new_frenet_planner/src/frenet_planner_3/src/../include/frenet_optimal_trajectory.hpp:[m[K In function ‘[01m[Kstd::ostream& operator<<(std::ostream&, const FrenetPath&)[m[K’:
[8.372s] [01m[K/home/aayush/new_frenet_planner/src/frenet_planner_3/src/../include/frenet_optimal_trajectory.hpp:158:20:[m[K [01;35m[Kwarning: [m[Kstatement has no effect [[01;35m[K-Wunused-value[m[K]
[8.372s]   158 | #define trace(...) [01;35m[K42[m[K
[8.373s]       |                    [01;35m[K^~[m[K
[8.373s] [01m[K/home/aayush/new_frenet_planner/src/frenet_planner_3/src/../include/frenet_optimal_trajectory.hpp:158:20:[m[K [01;36m[Knote: [m[Kin definition of macro ‘[01m[Ktrace[m[K’
[8.374s]   158 | #define trace(...) [01;36m[K42[m[K
[8.374s]       |                    [01;36m[K^~[m[K
[8.374s] [01m[K/home/aayush/new_frenet_planner/src/frenet_planner_3/src/../include/frenet_optimal_trajectory.hpp:158:20:[m[K [01;35m[Kwarning: [m[Kstatement has no effect [[01;35m[K-Wunused-value[m[K]
[8.374s]   158 | #define trace(...) [01;35m[K42[m[K
[8.375s]       |                    [01;35m[K^~[m[K
[8.375s] [01m[K/home/aayush/new_frenet_planner/src/frenet_planner_3/src/../include/frenet_optimal_trajectory.hpp:158:20:[m[K [01;36m[Knote: [m[Kin definition of macro ‘[01m[Ktrace[m[K’
[8.375s]   158 | #define trace(...) [01;36m[K42[m[K
[8.375s]       |                    [01;36m[K^~[m[K
[8.376s] [01m[K/home/aayush/new_frenet_planner/src/frenet_planner_3/src/../include/frenet_optimal_trajectory.hpp:158:20:[m[K [01;35m[Kwarning: [m[Kstatement has no effect [[01;35m[K-Wunused-value[m[K]
[8.376s]   158 | #define trace(...) [01;35m[K42[m[K
[8.376s]       |                    [01;35m[K^~[m[K
[8.376s] [01m[K/home/aayush/new_frenet_planner/src/frenet_planner_3/src/../include/frenet_optimal_trajectory.hpp:158:20:[m[K [01;36m[Knote: [m[Kin definition of macro ‘[01m[Ktrace[m[K’
[8.376s]   158 | #define trace(...) [01;36m[K42[m[K
[8.377s]       |                    [01;36m[K^~[m[K
[8.377s] [01m[K/home/aayush/new_frenet_planner/src/frenet_planner_3/src/../include/frenet_optimal_trajectory.hpp:158:20:[m[K [01;35m[Kwarning: [m[Kstatement has no effect [[01;35m[K-Wunused-value[m[K]
[8.377s]   158 | #define trace(...) [01;35m[K42[m[K
[8.377s]       |                    [01;35m[K^~[m[K
[8.378s] [01m[K/home/aayush/new_frenet_planner/src/frenet_planner_3/src/../include/frenet_optimal_trajectory.hpp:158:20:[m[K [01;36m[Knote: [m[Kin definition of macro ‘[01m[Ktrace[m[K’
[8.378s]   158 | #define trace(...) [01;36m[K42[m[K
[8.378s]       |                    [01;36m[K^~[m[K
[8.378s] [01m[K/home/aayush/new_frenet_planner/src/frenet_planner_3/src/../include/frenet_optimal_trajectory.hpp:158:20:[m[K [01;35m[Kwarning: [m[Kstatement has no effect [[01;35m[K-Wunused-value[m[K]
[8.378s]   158 | #define trace(...) [01;35m[K42[m[K
[8.379s]       |                    [01;35m[K^~[m[K
[8.379s] [01m[K/home/aayush/new_frenet_planner/src/frenet_planner_3/src/../include/frenet_optimal_trajectory.hpp:158:20:[m[K [01;36m[Knote: [m[Kin definition of macro ‘[01m[Ktrace[m[K’
[8.382s]   158 | #define trace(...) [01;36m[K42[m[K
[8.383s]       |                    [01;36m[K^~[m[K
[8.383s] [01m[K/home/aayush/new_frenet_planner/src/frenet_planner_3/src/../include/frenet_optimal_trajectory.hpp:158:20:[m[K [01;35m[Kwarning: [m[Kstatement has no effect [[01;35m[K-Wunused-value[m[K]
[8.383s]   158 | #define trace(...) [01;35m[K42[m[K
[8.383s]       |                    [01;35m[K^~[m[K
[8.384s] [01m[K/home/aayush/new_frenet_planner/src/frenet_planner_3/src/../include/frenet_optimal_trajectory.hpp:158:20:[m[K [01;36m[Knote: [m[Kin definition of macro ‘[01m[Ktrace[m[K’
[8.384s]   158 | #define trace(...) [01;36m[K42[m[K
[8.384s]       |                    [01;36m[K^~[m[K
[8.385s] [01m[K/home/aayush/new_frenet_planner/src/frenet_planner_3/src/../include/frenet_optimal_trajectory.hpp:158:20:[m[K [01;35m[Kwarning: [m[Kstatement has no effect [[01;35m[K-Wunused-value[m[K]
[8.385s]   158 | #define trace(...) [01;35m[K42[m[K
[8.385s]       |                    [01;35m[K^~[m[K
[8.385s] [01m[K/home/aayush/new_frenet_planner/src/frenet_planner_3/src/../include/frenet_optimal_trajectory.hpp:158:20:[m[K [01;36m[Knote: [m[Kin definition of macro ‘[01m[Ktrace[m[K’
[8.386s]   158 | #define trace(...) [01;36m[K42[m[K
[8.386s]       |                    [01;36m[K^~[m[K
[8.386s] [01m[K/home/aayush/new_frenet_planner/src/frenet_planner_3/src/../include/frenet_optimal_trajectory.hpp:158:20:[m[K [01;35m[Kwarning: [m[Kstatement has no effect [[01;35m[K-Wunused-value[m[K]
[8.387s]   158 | #define trace(...) [01;35m[K42[m[K
[8.387s]       |                    [01;35m[K^~[m[K
[8.387s] [01m[K/home/aayush/new_frenet_planner/src/frenet_planner_3/src/../include/frenet_optimal_trajectory.hpp:158:20:[m[K [01;36m[Knote: [m[Kin definition of macro ‘[01m[Ktrace[m[K’
[8.396s]   158 | #define trace(...) [01;36m[K42[m[K
[8.396s]       |                    [01;36m[K^~[m[K
[8.396s] [01m[K/home/aayush/new_frenet_planner/src/frenet_planner_3/src/../include/frenet_optimal_trajectory.hpp:158:20:[m[K [01;35m[Kwarning: [m[Kstatement has no effect [[01;35m[K-Wunused-value[m[K]
[8.397s]   158 | #define trace(...) [01;35m[K42[m[K
[8.397s]       |                    [01;35m[K^~[m[K
[8.397s] [01m[K/home/aayush/new_frenet_planner/src/frenet_planner_3/src/../include/frenet_optimal_trajectory.hpp:158:20:[m[K [01;36m[Knote: [m[Kin definition of macro ‘[01m[Ktrace[m[K’
[8.397s]   158 | #define trace(...) [01;36m[K42[m[K
[8.398s]       |                    [01;36m[K^~[m[K
[8.398s] [01m[K/home/aayush/new_frenet_planner/src/frenet_planner_3/src/../include/frenet_optimal_trajectory.hpp:158:20:[m[K [01;35m[Kwarning: [m[Kstatement has no effect [[01;35m[K-Wunused-value[m[K]
[8.398s]   158 | #define trace(...) [01;35m[K42[m[K
[8.399s]       |                    [01;35m[K^~[m[K
[8.399s] [01m[K/home/aayush/new_frenet_planner/src/frenet_planner_3/src/../include/frenet_optimal_trajectory.hpp:158:20:[m[K [01;36m[Knote: [m[Kin definition of macro ‘[01m[Ktrace[m[K’
[8.399s]   158 | #define trace(...) [01;36m[K42[m[K
[8.400s]       |                    [01;36m[K^~[m[K
[8.400s] [01m[K/home/aayush/new_frenet_planner/src/frenet_planner_3/src/../include/frenet_optimal_trajectory.hpp:158:20:[m[K [01;35m[Kwarning: [m[Kstatement has no effect [[01;35m[K-Wunused-value[m[K]
[8.400s]   158 | #define trace(...) [01;35m[K42[m[K
[8.400s]       |                    [01;35m[K^~[m[K
[8.401s] [01m[K/home/aayush/new_frenet_planner/src/frenet_planner_3/src/../include/frenet_optimal_trajectory.hpp:158:20:[m[K [01;36m[Knote: [m[Kin definition of macro ‘[01m[Ktrace[m[K’
[8.401s]   158 | #define trace(...) [01;36m[K42[m[K
[8.401s]       |                    [01;36m[K^~[m[K
[8.401s] [01m[K/home/aayush/new_frenet_planner/src/frenet_planner_3/src/../include/frenet_optimal_trajectory.hpp:158:20:[m[K [01;35m[Kwarning: [m[Kstatement has no effect [[01;35m[K-Wunused-value[m[K]
[8.401s]   158 | #define trace(...) [01;35m[K42[m[K
[8.402s]       |                    [01;35m[K^~[m[K
[8.402s] [01m[K/home/aayush/new_frenet_planner/src/frenet_planner_3/src/../include/frenet_optimal_trajectory.hpp:158:20:[m[K [01;36m[Knote: [m[Kin definition of macro ‘[01m[Ktrace[m[K’
[8.402s]   158 | #define trace(...) [01;36m[K42[m[K
[8.402s]       |                    [01;36m[K^~[m[K
[8.403s] [01m[K/home/aayush/new_frenet_planner/src/frenet_planner_3/src/../include/frenet_optimal_trajectory.hpp:158:20:[m[K [01;35m[Kwarning: [m[Kstatement has no effect [[01;35m[K-Wunused-value[m[K]
[8.403s]   158 | #define trace(...) [01;35m[K42[m[K
[8.403s]       |                    [01;35m[K^~[m[K
[8.403s] [01m[K/home/aayush/new_frenet_planner/src/frenet_planner_3/src/../include/frenet_optimal_trajectory.hpp:158:20:[m[K [01;36m[Knote: [m[Kin definition of macro ‘[01m[Ktrace[m[K’
[8.403s]   158 | #define trace(...) [01;36m[K42[m[K
[8.404s]       |                    [01;36m[K^~[m[K
[8.404s] [01m[K/home/aayush/new_frenet_planner/src/frenet_planner_3/src/../include/frenet_optimal_trajectory.hpp:159:59:[m[K [01;35m[Kwarning: [m[Kunused parameter ‘[01m[Kfp[m[K’ [[01;35m[K-Wunused-parameter[m[K]
[8.404s]   159 | inline ostream& operator<<(ostream& os, [01;35m[Kconst FrenetPath& fp[m[K)
[8.404s]       |                                         [01;35m[K~~~~~~~~~~~~~~~~~~^~[m[K
[8.608s] In file included from [01m[K/home/aayush/new_frenet_planner/src/frenet_planner_3/src/temp_frenet_ros_obst.cpp:21[m[K:
[8.608s] [01m[K/home/aayush/new_frenet_planner/src/frenet_planner_3/./include/matplotlibcpp.hpp:[m[K At global scope:
[8.609s] [01m[K/home/aayush/new_frenet_planner/src/frenet_planner_3/./include/matplotlibcpp.hpp:314:36:[m[K [01;35m[Kwarning: [m[Kstatic_assert without a message only available with ‘[01m[K-std=c++17[m[K’ or ‘[01m[K-std=gnu++17[m[K’ [[01;35m[K-Wpedantic[m[K]
[8.609s]   314 | static_assert(sizeof(long long) == [01;35m[K8[m[K);
[8.609s]       |                                    [01;35m[K^[m[K
[8.609s] [01m[K/home/aayush/new_frenet_planner/src/frenet_planner_3/./include/matplotlibcpp.hpp:316:45:[m[K [01;35m[Kwarning: [m[Kstatic_assert without a message only available with ‘[01m[K-std=c++17[m[K’ or ‘[01m[K-std=gnu++17[m[K’ [[01;35m[K-Wpedantic[m[K]
[8.610s]   316 | static_assert(sizeof(unsigned long long) == [01;35m[K8[m[K);
[8.610s]       |                                             [01;35m[K^[m[K
[9.077s] [01m[K/home/aayush/new_frenet_planner/src/frenet_planner_3/src/temp_frenet_ros_obst.cpp:139:81:[m[K [01;35m[Kwarning: [m[K‘[01m[Kgeometry_msgs::msg::PolygonStamped_<std::allocator<void> >::ConstPtr[m[K’ is deprecated [[01;35m[K-Wdeprecated-declarations[m[K]
[9.078s]   139 | allback(const geometry_msgs::msg::PolygonStamped::ConstPtr p[01;35m[K)[m[K
[9.078s]       |                                                             [01;35m[K^[m[K
[9.078s] 
[9.079s] In file included from [01m[K/opt/ros/foxy/include/geometry_msgs/msg/polygon_stamped.hpp:7[m[K,
[9.079s]                  from [01m[K/home/aayush/new_frenet_planner/src/frenet_planner_3/src/../include/frenet_optimal_trajectory.hpp:14[m[K,
[9.079s]                  from [01m[K/home/aayush/new_frenet_planner/src/frenet_planner_3/src/temp_frenet_ros_obst.cpp:1[m[K:
[9.079s] [01m[K/opt/ros/foxy/include/geometry_msgs/msg/detail/polygon_stamped__struct.hpp:114:5:[m[K [01;36m[Knote: [m[Kdeclared here
[9.080s]   114 |     [01;36m[KConstPtr[m[K;
[9.080s]       |     [01;36m[K^~~~~~~~[m[K
[9.080s] [01m[K/home/aayush/new_frenet_planner/src/frenet_planner_3/src/temp_frenet_ros_obst.cpp:147:67:[m[K [01;35m[Kwarning: [m[K‘[01m[Knav_msgs::msg::Odometry_<std::allocator<void> >::ConstPtr[m[K’ is deprecated [[01;35m[K-Wdeprecated-declarations[m[K]
[9.080s]   147 |     void odom_callback(const nav_msgs::msg::Odometry::ConstPtr msg[01;35m[K)[m[K
[9.081s]       |                                                                   [01;35m[K^[m[K
[9.081s] In file included from [01m[K/opt/ros/foxy/include/nav_msgs/msg/odometry.hpp:7[m[K,
[9.081s]                  from [01m[K/home/aayush/new_frenet_planner/src/frenet_planner_3/src/../include/frenet_optimal_trajectory.hpp:11[m[K,
[9.081s]                  from [01m[K/home/aayush/new_frenet_planner/src/frenet_planner_3/src/temp_frenet_ros_obst.cpp:1[m[K:
[9.081s] [01m[K/opt/ros/foxy/include/nav_msgs/msg/detail/odometry__struct.hpp:145:5:[m[K [01;36m[Knote: [m[Kdeclared here
[9.082s]   145 |     [01;36m[KConstPtr[m[K;
[9.082s]       |     [01;36m[K^~~~~~~~[m[K
[9.082s] [01m[K/home/aayush/new_frenet_planner/src/frenet_planner_3/src/temp_frenet_ros_obst.cpp:153:86:[m[K [01;35m[Kwarning: [m[K‘[01m[Knav_msgs::msg::OccupancyGrid_<std::allocator<void> >::ConstPtr[m[K’ is deprecated [[01;35m[K-Wdeprecated-declarations[m[K]
[9.082s]   153 | (const nav_msgs::msg::OccupancyGrid::ConstPtr occupancy_grid[01;35m[K)[m[K
[9.083s]       |                                                             [01;35m[K^[m[K
[9.083s] 
[9.083s] In file included from [01m[K/opt/ros/foxy/include/nav_msgs/msg/occupancy_grid.hpp:7[m[K,
[9.083s]                  from [01m[K/home/aayush/new_frenet_planner/src/frenet_planner_3/src/../include/frenet_optimal_trajectory.hpp:13[m[K,
[9.084s]                  from [01m[K/home/aayush/new_frenet_planner/src/frenet_planner_3/src/temp_frenet_ros_obst.cpp:1[m[K:
[9.084s] [01m[K/opt/ros/foxy/include/nav_msgs/msg/detail/occupancy_grid__struct.hpp:123:5:[m[K [01;36m[Knote: [m[Kdeclared here
[9.084s]   123 |     [01;36m[KConstPtr[m[K;
[9.084s]       |     [01;36m[K^~~~~~~~[m[K
[9.180s] [01m[K/home/aayush/new_frenet_planner/src/frenet_planner_3/src/temp_frenet_ros_obst.cpp:[m[K In member function ‘[01m[Kvoid FrenetClass::costmap_callback(nav_msgs::msg::OccupancyGrid_<std::allocator<void> >::ConstPtr)[m[K’:
[9.181s] [01m[K/home/aayush/new_frenet_planner/src/frenet_planner_3/src/temp_frenet_ros_obst.cpp:188:22:[m[K [01;35m[Kwarning: [m[Kcomparison of integer expressions of different signedness: ‘[01m[Klong int[m[K’ and ‘[01m[Kstd::vector<std::pair<double, double> >::size_type[m[K’ {aka ‘[01m[Klong unsigned int[m[K’} [[01;35m[K-Wsign-compare[m[K]
[9.181s]   188 |   for (long i = 0; [01;35m[Ki < ob1.size()[m[K; i++)
[9.181s]       |                    [01;35m[K~~^~~~~~~~~~~~[m[K
[9.182s] [01m[K/home/aayush/new_frenet_planner/src/frenet_planner_3/src/temp_frenet_ros_obst.cpp:164:13:[m[K [01;35m[Kwarning: [m[Kunused variable ‘[01m[KstartTime1[m[K’ [[01;35m[K-Wunused-variable[m[K]
[9.182s]   164 |      double [01;35m[KstartTime1[m[K = omp_get_wtime();
[9.182s]       |             [01;35m[K^~~~~~~~~~[m[K
[9.184s] In file included from [01m[K/home/aayush/new_frenet_planner/src/frenet_planner_3/src/temp_frenet_ros_obst.cpp:1[m[K:
[9.184s] [01m[K/home/aayush/new_frenet_planner/src/frenet_planner_3/src/temp_frenet_ros_obst.cpp:[m[K In function ‘[01m[Kdouble get_bot_yaw()[m[K’:
[9.185s] [01m[K/home/aayush/new_frenet_planner/src/frenet_planner_3/src/../include/frenet_optimal_trajectory.hpp:158:20:[m[K [01;35m[Kwarning: [m[Kstatement has no effect [[01;35m[K-Wunused-value[m[K]
[9.185s]   158 | #define trace(...) [01;35m[K42[m[K
[9.185s]       |                    [01;35m[K^~[m[K
[9.185s] [01m[K/home/aayush/new_frenet_planner/src/frenet_planner_3/src/../include/frenet_optimal_trajectory.hpp:158:20:[m[K [01;36m[Knote: [m[Kin definition of macro ‘[01m[Ktrace[m[K’
[9.186s]   158 | #define trace(...) [01;36m[K42[m[K
[9.186s]       |                    [01;36m[K^~[m[K
[9.189s] [01m[K/home/aayush/new_frenet_planner/src/frenet_planner_3/src/temp_frenet_ros_obst.cpp:[m[K In function ‘[01m[Kvoid initial_conditions_path(Spline2D&, double&, double&, double&, double&, double&, double&, FrenetPath&)[m[K’:
[9.189s] [01m[K/home/aayush/new_frenet_planner/src/frenet_planner_3/src/temp_frenet_ros_obst.cpp:245:40:[m[K [01;35m[Kwarning: [m[Kunused parameter ‘[01m[Kcsp[m[K’ [[01;35m[K-Wunused-parameter[m[K]
[9.189s]   245 | void initial_conditions_path([01;35m[KSpline2D &csp[m[K, double &s0, double &c_speed, double &c_d, double &c_d_d,
[9.190s]       |                              [01;35m[K~~~~~~~~~~^~~[m[K
[9.192s] In file included from [01m[K/home/aayush/new_frenet_planner/src/frenet_planner_3/src/temp_frenet_ros_obst.cpp:1[m[K:
[9.192s] [01m[K/home/aayush/new_frenet_planner/src/frenet_planner_3/src/temp_frenet_ros_obst.cpp:[m[K In function ‘[01m[Kint initial_conditions_new(Spline2D&, vecD&, vecD&, vecD&, vecD&, vecD&, double&, double&, double&, double&, double&, double&, FrenetPath&)[m[K’:
[9.193s] [01m[K/home/aayush/new_frenet_planner/src/frenet_planner_3/src/../include/frenet_optimal_trajectory.hpp:158:20:[m[K [01;35m[Kwarning: [m[Kstatement has no effect [[01;35m[K-Wunused-value[m[K]
[9.193s]   158 | #define trace(...) [01;35m[K42[m[K
[9.193s]       |                    [01;35m[K^~[m[K
[9.193s] [01m[K/home/aayush/new_frenet_planner/src/frenet_planner_3/src/../include/frenet_optimal_trajectory.hpp:158:20:[m[K [01;36m[Knote: [m[Kin definition of macro ‘[01m[Ktrace[m[K’
[9.193s]   158 | #define trace(...) [01;36m[K42[m[K
[9.193s]       |                    [01;36m[K^~[m[K
[9.194s] [01m[K/home/aayush/new_frenet_planner/src/frenet_planner_3/src/../include/frenet_optimal_trajectory.hpp:158:20:[m[K [01;35m[Kwarning: [m[Kstatement has no effect [[01;35m[K-Wunused-value[m[K]
[9.194s]   158 | #define trace(...) [01;35m[K42[m[K
[9.194s]       |                    [01;35m[K^~[m[K
[9.194s] [01m[K/home/aayush/new_frenet_planner/src/frenet_planner_3/src/../include/frenet_optimal_trajectory.hpp:158:20:[m[K [01;36m[Knote: [m[Kin definition of macro ‘[01m[Ktrace[m[K’
[9.194s]   158 | #define trace(...) [01;36m[K42[m[K
[9.194s]       |                    [01;36m[K^~[m[K
[9.194s] [01m[K/home/aayush/new_frenet_planner/src/frenet_planner_3/src/temp_frenet_ros_obst.cpp:272:38:[m[K [01;35m[Kwarning: [m[Kunused parameter ‘[01m[Kcsp[m[K’ [[01;35m[K-Wunused-parameter[m[K]
[9.194s]   272 | int initial_conditions_new([01;35m[KSpline2D &csp[m[K, vecD &global_s, vecD &global_x, vecD &global_y,
[9.194s]       |                            [01;35m[K~~~~~~~~~~^~~[m[K
[9.211s] [01m[K/home/aayush/new_frenet_planner/src/frenet_planner_3/src/temp_frenet_ros_obst.cpp:[m[K In function ‘[01m[Kint main(int, char**)[m[K’:
[9.211s] [01m[K/home/aayush/new_frenet_planner/src/frenet_planner_3/src/temp_frenet_ros_obst.cpp:359:41:[m[K [01;35m[Kwarning: [m[Kformat ‘[01m[K%d[m[K’ expects argument of type ‘[01m[Kint[m[K’, but argument 2 has type ‘[01m[Kstd::vector<double>::size_type[m[K’ {aka ‘[01m[Klong unsigned int[m[K’} [[01;35m[K-Wformat=[m[K]
[9.212s]   359 |  printf("printing rx see if it works - [01;35m[K%d[m[K\n", [32m[Krx.size()[m[K);
[9.212s]       |                                        [01;35m[K~^[m[K     [32m[K~~~~~~~~~[m[K
[9.212s]       |                                         [01;35m[K|[m[K            [32m[K|[m[K
[9.212s]       |                                         [01;35m[Kint[m[K          [32m[Kstd::vector<double>::size_type {aka long unsigned int}[m[K
[9.212s]       |                                        [32m[K%ld[m[K
[9.219s] In file included from [01m[K/home/aayush/new_frenet_planner/src/frenet_planner_3/src/temp_frenet_ros_obst.cpp:1[m[K:
[9.219s] [01m[K/home/aayush/new_frenet_planner/src/frenet_planner_3/src/../include/frenet_optimal_trajectory.hpp:158:20:[m[K [01;35m[Kwarning: [m[Kstatement has no effect [[01;35m[K-Wunused-value[m[K]
[9.219s]   158 | #define trace(...) [01;35m[K42[m[K
[9.219s]       |                    [01;35m[K^~[m[K
[9.220s] [01m[K/home/aayush/new_frenet_planner/src/frenet_planner_3/src/../include/frenet_optimal_trajectory.hpp:158:20:[m[K [01;36m[Knote: [m[Kin definition of macro ‘[01m[Ktrace[m[K’
[9.220s]   158 | #define trace(...) [01;36m[K42[m[K
[9.220s]       |                    [01;36m[K^~[m[K
[9.232s] [01m[K/home/aayush/new_frenet_planner/src/frenet_planner_3/src/temp_frenet_ros_obst.cpp:488:36:[m[K [01;35m[Kwarning: [m[Kformat ‘[01m[K%lf[m[K’ expects argument of type ‘[01m[Kdouble[m[K’, but argument 2 has type ‘[01m[KvecD[m[K’ {aka ‘[01m[Kstd::vector<double>[m[K’} [[01;35m[K-Wformat=[m[K]
[9.233s]   488 |   printf("\nx and y coordinate - [01;35m[K%lf[m[K,%lf\n",[32m[Klp.get_x()[m[K,lp.get_y());
[9.233s]       |                                  [01;35m[K~~^[m[K        [32m[K~~~~~~~~~~[m[K
[9.233s]       |                                    [01;35m[K|[m[K                [32m[K|[m[K
[9.233s]       |                                    [01;35m[Kdouble[m[K           [32m[KvecD {aka std::vector<double>}[m[K
[9.233s] [01m[K/home/aayush/new_frenet_planner/src/frenet_planner_3/src/temp_frenet_ros_obst.cpp:488:40:[m[K [01;35m[Kwarning: [m[Kformat ‘[01m[K%lf[m[K’ expects argument of type ‘[01m[Kdouble[m[K’, but argument 3 has type ‘[01m[KvecD[m[K’ {aka ‘[01m[Kstd::vector<double>[m[K’} [[01;35m[K-Wformat=[m[K]
[9.234s]   488 |   printf("\nx and y coordinate - %lf,[01;35m[K%lf[m[K\n",lp.get_x(),[32m[Klp.get_y()[m[K);
[9.234s]       |                                      [01;35m[K~~^[m[K               [32m[K~~~~~~~~~~[m[K
[9.234s]       |                                        [01;35m[K|[m[K                       [32m[K|[m[K
[9.234s]       |                                        [01;35m[Kdouble[m[K                  [32m[KvecD {aka std::vector<double>}[m[K
[9.290s] [01m[K/home/aayush/new_frenet_planner/src/frenet_planner_3/src/temp_frenet_ros_obst.cpp:392:10:[m[K [01;35m[Kwarning: [m[Kunused variable ‘[01m[KstartTime1[m[K’ [[01;35m[K-Wunused-variable[m[K]
[9.290s]   392 |   double [01;35m[KstartTime1[m[K = omp_get_wtime();
[9.291s]       |          [01;35m[K^~~~~~~~~~[m[K
[9.291s] [01m[K/home/aayush/new_frenet_planner/src/frenet_planner_3/src/temp_frenet_ros_obst.cpp:441:10:[m[K [01;35m[Kwarning: [m[Kunused variable ‘[01m[KstartTime2[m[K’ [[01;35m[K-Wunused-variable[m[K]
[9.291s]   441 |   double [01;35m[KstartTime2[m[K = omp_get_wtime();
[9.291s]       |          [01;35m[K^~~~~~~~~~[m[K
[9.292s] [01m[K/home/aayush/new_frenet_planner/src/frenet_planner_3/src/temp_frenet_ros_obst.cpp:445:10:[m[K [01;35m[Kwarning: [m[Kunused variable ‘[01m[KendTime2[m[K’ [[01;35m[K-Wunused-variable[m[K]
[9.292s]   445 |   double [01;35m[KendTime2[m[K = omp_get_wtime();
[9.292s]       |          [01;35m[K^~~~~~~~[m[K
[9.292s] [01m[K/home/aayush/new_frenet_planner/src/frenet_planner_3/src/temp_frenet_ros_obst.cpp:490:10:[m[K [01;35m[Kwarning: [m[Kunused variable ‘[01m[KstartTime3[m[K’ [[01;35m[K-Wunused-variable[m[K]
[9.293s]   490 |   double [01;35m[KstartTime3[m[K = omp_get_wtime();
[9.293s]       |          [01;35m[K^~~~~~~~~~[m[K
[9.293s] [01m[K/home/aayush/new_frenet_planner/src/frenet_planner_3/src/temp_frenet_ros_obst.cpp:492:10:[m[K [01;35m[Kwarning: [m[Kunused variable ‘[01m[KendTime3[m[K’ [[01;35m[K-Wunused-variable[m[K]
[9.293s]   492 |   double [01;35m[KendTime3[m[K = omp_get_wtime();
[9.294s]       |          [01;35m[K^~~~~~~~[m[K
[9.294s] [01m[K/home/aayush/new_frenet_planner/src/frenet_planner_3/src/temp_frenet_ros_obst.cpp:332:7:[m[K [01;35m[Kwarning: [m[Kunused variable ‘[01m[KgotOdom[m[K’ [[01;35m[K-Wunused-variable[m[K]
[9.294s]   332 |  bool [01;35m[KgotOdom[m[K = false;
[9.294s]       |       [01;35m[K^~~~~~~[m[K
[9.294s] [01m[K/home/aayush/new_frenet_planner/src/frenet_planner_3/src/temp_frenet_ros_obst.cpp:375:7:[m[K [01;35m[Kwarning: [m[Kunused variable ‘[01m[Krun_frenet[m[K’ [[01;35m[K-Wunused-variable[m[K]
[9.295s]   375 |  bool [01;35m[Krun_frenet[m[K = true;
[9.295s]       |       [01;35m[K^~~~~~~~~~[m[K
[18.711s] In file included from [01m[K/home/aayush/new_frenet_planner/src/frenet_planner_3/src/temp_frenet_ros_obst.cpp:1[m[K:
[18.711s] [01m[K/home/aayush/new_frenet_planner/src/frenet_planner_3/src/../include/frenet_optimal_trajectory.hpp:[m[K At global scope:
[18.711s] [01m[K/home/aayush/new_frenet_planner/src/frenet_planner_3/src/../include/frenet_optimal_trajectory.hpp:43:15:[m[K [01;35m[Kwarning: [m[K‘[01m[KKLON[m[K’ defined but not used [[01;35m[K-Wunused-variable[m[K]
[18.711s]    43 | static double [01;35m[KKLON[m[K = 2.0;
[18.712s]       |               [01;35m[K^~~~[m[K
[18.712s] [01m[K/home/aayush/new_frenet_planner/src/frenet_planner_3/src/../include/frenet_optimal_trajectory.hpp:42:15:[m[K [01;35m[Kwarning: [m[K‘[01m[KKLAT[m[K’ defined but not used [[01;35m[K-Wunused-variable[m[K]
[18.712s]    42 | static double [01;35m[KKLAT[m[K = 1.0;
[18.712s]       |               [01;35m[K^~~~[m[K
[18.712s] [01m[K/home/aayush/new_frenet_planner/src/frenet_planner_3/src/../include/frenet_optimal_trajectory.hpp:41:15:[m[K [01;35m[Kwarning: [m[K‘[01m[KKD_V[m[K’ defined but not used [[01;35m[K-Wunused-variable[m[K]
[18.713s]    41 | static double [01;35m[KKD_V[m[K = 0.5;
[18.713s]       |               [01;35m[K^~~~[m[K
[18.713s] [01m[K/home/aayush/new_frenet_planner/src/frenet_planner_3/src/../include/frenet_optimal_trajectory.hpp:40:15:[m[K [01;35m[Kwarning: [m[K‘[01m[KKD[m[K’ defined but not used [[01;35m[K-Wunused-variable[m[K]
[18.713s]    40 | static double [01;35m[KKD[m[K = 0.5;
[18.713s]       |               [01;35m[K^~[m[K
[18.714s] [01m[K/home/aayush/new_frenet_planner/src/frenet_planner_3/src/../include/frenet_optimal_trajectory.hpp:39:15:[m[K [01;35m[Kwarning: [m[K‘[01m[KKT[m[K’ defined but not used [[01;35m[K-Wunused-variable[m[K]
[18.714s]    39 | static double [01;35m[KKT[m[K = 5;
[18.714s]       |               [01;35m[K^~[m[K
[18.714s] [01m[K/home/aayush/new_frenet_planner/src/frenet_planner_3/src/../include/frenet_optimal_trajectory.hpp:38:15:[m[K [01;35m[Kwarning: [m[K‘[01m[KKJ[m[K’ defined but not used [[01;35m[K-Wunused-variable[m[K]
[18.714s]    38 | static double [01;35m[KKJ[m[K = 0.01;
[18.715s]       |               [01;35m[K^~[m[K
[18.716s] [01m[K/home/aayush/new_frenet_planner/src/frenet_planner_3/src/../include/frenet_optimal_trajectory.hpp:35:15:[m[K [01;35m[Kwarning: [m[K‘[01m[KMAX_SHIFT_D[m[K’ defined but not used [[01;35m[K-Wunused-variable[m[K]
[18.716s]    35 | static double [01;35m[KMAX_SHIFT_D[m[K = 3;  // Sampling width for sampling of d.
[18.716s]       |               [01;35m[K^~~~~~~~~~~[m[K
[18.716s] [01m[K/home/aayush/new_frenet_planner/src/frenet_planner_3/src/../include/frenet_optimal_trajectory.hpp:34:15:[m[K [01;35m[Kwarning: [m[K‘[01m[KD_D_NS[m[K’ defined but not used [[01;35m[K-Wunused-variable[m[K]
[18.716s]    34 | static double [01;35m[KD_D_NS[m[K = 0.5;  // Step size for sampling of d_dot
[18.717s]       |               [01;35m[K^~~~~~[m[K
[18.717s] [01m[K/home/aayush/new_frenet_planner/src/frenet_planner_3/src/../include/frenet_optimal_trajectory.hpp:33:15:[m[K [01;35m[Kwarning: [m[K‘[01m[KMAX_LAT_VEL[m[K’ defined but not used [[01;35m[K-Wunused-variable[m[K]
[18.717s]    33 | static double [01;35m[KMAX_LAT_VEL[m[K = 1.0;  // maxmum lateral speed. Sampling for d_dot
[18.717s]       |               [01;35m[K^~~~~~~~~~~[m[K
[18.717s] [01m[K/home/aayush/new_frenet_planner/src/frenet_planner_3/src/../include/frenet_optimal_trajectory.hpp:32:15:[m[K [01;35m[Kwarning: [m[K‘[01m[KMIN_LAT_VEL[m[K’ defined but not used [[01;35m[K-Wunused-variable[m[K]
[18.718s]    32 | static double [01;35m[KMIN_LAT_VEL[m[K = -1.0;  // minimum lateral speed. Sampling for d_dot
[18.718s]       |               [01;35m[K^~~~~~~~~~~[m[K
[18.718s] [01m[K/home/aayush/new_frenet_planner/src/frenet_planner_3/src/../include/frenet_optimal_trajectory.hpp:31:15:[m[K [01;35m[Kwarning: [m[K‘[01m[KROBOT_RADIUS[m[K’ defined but not used [[01;35m[K-Wunused-variable[m[K]
[18.718s]    31 | static double [01;35m[KROBOT_RADIUS[m[K = 2.0;  // robot radius [m]
[18.718s]       |               [01;35m[K^~~~~~~~~~~~[m[K
[18.719s] [01m[K/home/aayush/new_frenet_planner/src/frenet_planner_3/src/../include/frenet_optimal_trajectory.hpp:30:15:[m[K [01;35m[Kwarning: [m[K‘[01m[KN_S_SAMPLE[m[K’ defined but not used [[01;35m[K-Wunused-variable[m[K]
[18.719s]    30 | static double [01;35m[KN_S_SAMPLE[m[K = 1.5;  // sampling number of target speed
[18.719s]       |               [01;35m[K^~~~~~~~~~[m[K
[18.720s] [01m[K/home/aayush/new_frenet_planner/src/frenet_planner_3/src/../include/frenet_optimal_trajectory.hpp:29:15:[m[K [01;35m[Kwarning: [m[K‘[01m[KD_T_S[m[K’ defined but not used [[01;35m[K-Wunused-variable[m[K]
[18.720s]    29 | static double [01;35m[KD_T_S[m[K = 1.389;  // target speed sampling length [m/s]
[18.720s]       |               [01;35m[K^~~~~[m[K
[18.720s] [01m[K/home/aayush/new_frenet_planner/src/frenet_planner_3/src/../include/frenet_optimal_trajectory.hpp:27:15:[m[K [01;35m[Kwarning: [m[K‘[01m[KMINT[m[K’ defined but not used [[01;35m[K-Wunused-variable[m[K]
[18.721s]    27 | static double [01;35m[KMINT[m[K = 2.0 ;  // min prediction time [m]
[18.721s]       |               [01;35m[K^~~~[m[K
[18.721s] [01m[K/home/aayush/new_frenet_planner/src/frenet_planner_3/src/../include/frenet_optimal_trajectory.hpp:26:15:[m[K [01;35m[Kwarning: [m[K‘[01m[KMAXT[m[K’ defined but not used [[01;35m[K-Wunused-variable[m[K]
[18.721s]    26 | static double [01;35m[KMAXT[m[K = 6.0;  // max prediction time [m]
[18.721s]       |               [01;35m[K^~~~[m[K
[18.722s] [01m[K/home/aayush/new_frenet_planner/src/frenet_planner_3/src/../include/frenet_optimal_trajectory.hpp:25:15:[m[K [01;35m[Kwarning: [m[K‘[01m[KDT[m[K’ defined but not used [[01;35m[K-Wunused-variable[m[K]
[18.722s]    25 | static double [01;35m[KDT[m[K = 0.2;  // time tick [s]
[18.722s]       |               [01;35m[K^~[m[K
[18.722s] [01m[K/home/aayush/new_frenet_planner/src/frenet_planner_3/src/../include/frenet_optimal_trajectory.hpp:24:15:[m[K [01;35m[Kwarning: [m[K‘[01m[KD_ROAD_W[m[K’ defined but not used [[01;35m[K-Wunused-variable[m[K]
[18.722s]    24 | static double [01;35m[KD_ROAD_W[m[K = 1.0;  // road width sampling length [m]
[18.723s]       |               [01;35m[K^~~~~~~~[m[K
[18.723s] [01m[K/home/aayush/new_frenet_planner/src/frenet_planner_3/src/../include/frenet_optimal_trajectory.hpp:23:15:[m[K [01;35m[Kwarning: [m[K‘[01m[KMAX_ROAD_WIDTH[m[K’ defined but not used [[01;35m[K-Wunused-variable[m[K]
[18.723s]    23 | static double [01;35m[KMAX_ROAD_WIDTH[m[K = 10.0;  // maximum road width [m]
[18.723s]       |               [01;35m[K^~~~~~~~~~~~~~[m[K
[18.724s] [01m[K/home/aayush/new_frenet_planner/src/frenet_planner_3/src/../include/frenet_optimal_trajectory.hpp:22:15:[m[K [01;35m[Kwarning: [m[K‘[01m[KMAX_CURVATURE[m[K’ defined but not used [[01;35m[K-Wunused-variable[m[K]
[18.724s]    22 | static double [01;35m[KMAX_CURVATURE[m[K = 2.0;  // maximum curvature [1/m]
[18.724s]       |               [01;35m[K^~~~~~~~~~~~~[m[K
[18.724s] [01m[K/home/aayush/new_frenet_planner/src/frenet_planner_3/src/../include/frenet_optimal_trajectory.hpp:21:15:[m[K [01;35m[Kwarning: [m[K‘[01m[KMAX_ACCEL[m[K’ defined but not used [[01;35m[K-Wunused-variable[m[K]
[18.724s]    21 | static double [01;35m[KMAX_ACCEL[m[K = 5.0;  // maximum acceleration [m/ss]
[18.725s]       |               [01;35m[K^~~~~~~~~[m[K
[18.725s] [01m[K/home/aayush/new_frenet_planner/src/frenet_planner_3/src/../include/frenet_optimal_trajectory.hpp:20:15:[m[K [01;35m[Kwarning: [m[K‘[01m[KMAX_SPEED[m[K’ defined but not used [[01;35m[K-Wunused-variable[m[K]
[18.725s]    20 | static double [01;35m[KMAX_SPEED[m[K = 13.89;  // maximum speed [m/s]
[18.725s]       |               [01;35m[K^~~~~~~~~[m[K
[36.169s] [ 40%] [32mBuilding CXX object CMakeFiles/temp_frenet_ros_obst.dir/src/frenet_optimal_trajectory.cpp.o[0m
[45.771s] In file included from [01m[K/home/aayush/new_frenet_planner/src/frenet_planner_3/src/frenet_optimal_trajectory.cpp:1[m[K:
[45.771s] [01m[K/home/aayush/new_frenet_planner/src/frenet_planner_3/src/../include/frenet_optimal_trajectory.hpp:[m[K In function ‘[01m[Kstd::ostream& operator<<(std::ostream&, const FrenetPath&)[m[K’:
[45.771s] [01m[K/home/aayush/new_frenet_planner/src/frenet_planner_3/src/../include/frenet_optimal_trajectory.hpp:158:20:[m[K [01;35m[Kwarning: [m[Kstatement has no effect [[01;35m[K-Wunused-value[m[K]
[45.772s]   158 | #define trace(...) [01;35m[K42[m[K
[45.772s]       |                    [01;35m[K^~[m[K
[45.772s] [01m[K/home/aayush/new_frenet_planner/src/frenet_planner_3/src/../include/frenet_optimal_trajectory.hpp:158:20:[m[K [01;36m[Knote: [m[Kin definition of macro ‘[01m[Ktrace[m[K’
[45.772s]   158 | #define trace(...) [01;36m[K42[m[K
[45.773s]       |                    [01;36m[K^~[m[K
[45.773s] [01m[K/home/aayush/new_frenet_planner/src/frenet_planner_3/src/../include/frenet_optimal_trajectory.hpp:158:20:[m[K [01;35m[Kwarning: [m[Kstatement has no effect [[01;35m[K-Wunused-value[m[K]
[45.773s]   158 | #define trace(...) [01;35m[K42[m[K
[45.774s]       |                    [01;35m[K^~[m[K
[45.774s] [01m[K/home/aayush/new_frenet_planner/src/frenet_planner_3/src/../include/frenet_optimal_trajectory.hpp:158:20:[m[K [01;36m[Knote: [m[Kin definition of macro ‘[01m[Ktrace[m[K’
[45.774s]   158 | #define trace(...) [01;36m[K42[m[K
[45.774s]       |                    [01;36m[K^~[m[K
[45.775s] [01m[K/home/aayush/new_frenet_planner/src/frenet_planner_3/src/../include/frenet_optimal_trajectory.hpp:158:20:[m[K [01;35m[Kwarning: [m[Kstatement has no effect [[01;35m[K-Wunused-value[m[K]
[45.775s]   158 | #define trace(...) [01;35m[K42[m[K
[45.775s]       |                    [01;35m[K^~[m[K
[45.776s] [01m[K/home/aayush/new_frenet_planner/src/frenet_planner_3/src/../include/frenet_optimal_trajectory.hpp:158:20:[m[K [01;36m[Knote: [m[Kin definition of macro ‘[01m[Ktrace[m[K’
[45.776s]   158 | #define trace(...) [01;36m[K42[m[K
[45.776s]       |                    [01;36m[K^~[m[K
[45.777s] [01m[K/home/aayush/new_frenet_planner/src/frenet_planner_3/src/../include/frenet_optimal_trajectory.hpp:158:20:[m[K [01;35m[Kwarning: [m[Kstatement has no effect [[01;35m[K-Wunused-value[m[K]
[45.777s]   158 | #define trace(...) [01;35m[K42[m[K
[45.777s]       |                    [01;35m[K^~[m[K
[45.777s] [01m[K/home/aayush/new_frenet_planner/src/frenet_planner_3/src/../include/frenet_optimal_trajectory.hpp:158:20:[m[K [01;36m[Knote: [m[Kin definition of macro ‘[01m[Ktrace[m[K’
[45.778s]   158 | #define trace(...) [01;36m[K42[m[K
[45.778s]       |                    [01;36m[K^~[m[K
[45.778s] [01m[K/home/aayush/new_frenet_planner/src/frenet_planner_3/src/../include/frenet_optimal_trajectory.hpp:158:20:[m[K [01;35m[Kwarning: [m[Kstatement has no effect [[01;35m[K-Wunused-value[m[K]
[45.779s]   158 | #define trace(...) [01;35m[K42[m[K
[45.779s]       |                    [01;35m[K^~[m[K
[45.779s] [01m[K/home/aayush/new_frenet_planner/src/frenet_planner_3/src/../include/frenet_optimal_trajectory.hpp:158:20:[m[K [01;36m[Knote: [m[Kin definition of macro ‘[01m[Ktrace[m[K’
[45.780s]   158 | #define trace(...) [01;36m[K42[m[K
[45.780s]       |                    [01;36m[K^~[m[K
[45.781s] [01m[K/home/aayush/new_frenet_planner/src/frenet_planner_3/src/../include/frenet_optimal_trajectory.hpp:158:20:[m[K [01;35m[Kwarning: [m[Kstatement has no effect [[01;35m[K-Wunused-value[m[K]
[45.781s]   158 | #define trace(...) [01;35m[K42[m[K
[45.781s]       |                    [01;35m[K^~[m[K
[45.781s] [01m[K/home/aayush/new_frenet_planner/src/frenet_planner_3/src/../include/frenet_optimal_trajectory.hpp:158:20:[m[K [01;36m[Knote: [m[Kin definition of macro ‘[01m[Ktrace[m[K’
[45.781s]   158 | #define trace(...) [01;36m[K42[m[K
[45.782s]       |                    [01;36m[K^~[m[K
[45.783s] [01m[K/home/aayush/new_frenet_planner/src/frenet_planner_3/src/../include/frenet_optimal_trajectory.hpp:158:20:[m[K [01;35m[Kwarning: [m[Kstatement has no effect [[01;35m[K-Wunused-value[m[K]
[45.783s]   158 | #define trace(...) [01;35m[K42[m[K
[45.784s]       |                    [01;35m[K^~[m[K
[45.784s] [01m[K/home/aayush/new_frenet_planner/src/frenet_planner_3/src/../include/frenet_optimal_trajectory.hpp:158:20:[m[K [01;36m[Knote: [m[Kin definition of macro ‘[01m[Ktrace[m[K’
[45.784s]   158 | #define trace(...) [01;36m[K42[m[K
[45.784s]       |                    [01;36m[K^~[m[K
[45.784s] [01m[K/home/aayush/new_frenet_planner/src/frenet_planner_3/src/../include/frenet_optimal_trajectory.hpp:158:20:[m[K [01;35m[Kwarning: [m[Kstatement has no effect [[01;35m[K-Wunused-value[m[K]
[45.785s]   158 | #define trace(...) [01;35m[K42[m[K
[45.785s]       |                    [01;35m[K^~[m[K
[45.785s] [01m[K/home/aayush/new_frenet_planner/src/frenet_planner_3/src/../include/frenet_optimal_trajectory.hpp:158:20:[m[K [01;36m[Knote: [m[Kin definition of macro ‘[01m[Ktrace[m[K’
[45.785s]   158 | #define trace(...) [01;36m[K42[m[K
[45.785s]       |                    [01;36m[K^~[m[K
[45.786s] [01m[K/home/aayush/new_frenet_planner/src/frenet_planner_3/src/../include/frenet_optimal_trajectory.hpp:158:20:[m[K [01;35m[Kwarning: [m[Kstatement has no effect [[01;35m[K-Wunused-value[m[K]
[45.786s]   158 | #define trace(...) [01;35m[K42[m[K
[45.786s]       |                    [01;35m[K^~[m[K
[45.787s] [01m[K/home/aayush/new_frenet_planner/src/frenet_planner_3/src/../include/frenet_optimal_trajectory.hpp:158:20:[m[K [01;36m[Knote: [m[Kin definition of macro ‘[01m[Ktrace[m[K’
[45.787s]   158 | #define trace(...) [01;36m[K42[m[K
[45.788s]       |                    [01;36m[K^~[m[K
[45.788s] [01m[K/home/aayush/new_frenet_planner/src/frenet_planner_3/src/../include/frenet_optimal_trajectory.hpp:158:20:[m[K [01;35m[Kwarning: [m[Kstatement has no effect [[01;35m[K-Wunused-value[m[K]
[45.788s]   158 | #define trace(...) [01;35m[K42[m[K
[45.788s]       |                    [01;35m[K^~[m[K
[45.788s] [01m[K/home/aayush/new_frenet_planner/src/frenet_planner_3/src/../include/frenet_optimal_trajectory.hpp:158:20:[m[K [01;36m[Knote: [m[Kin definition of macro ‘[01m[Ktrace[m[K’
[45.788s]   158 | #define trace(...) [01;36m[K42[m[K
[45.788s]       |                    [01;36m[K^~[m[K
[45.788s] [01m[K/home/aayush/new_frenet_planner/src/frenet_planner_3/src/../include/frenet_optimal_trajectory.hpp:158:20:[m[K [01;35m[Kwarning: [m[Kstatement has no effect [[01;35m[K-Wunused-value[m[K]
[45.788s]   158 | #define trace(...) [01;35m[K42[m[K
[45.788s]       |                    [01;35m[K^~[m[K
[45.789s] [01m[K/home/aayush/new_frenet_planner/src/frenet_planner_3/src/../include/frenet_optimal_trajectory.hpp:158:20:[m[K [01;36m[Knote: [m[Kin definition of macro ‘[01m[Ktrace[m[K’
[45.789s]   158 | #define trace(...) [01;36m[K42[m[K
[45.789s]       |                    [01;36m[K^~[m[K
[45.789s] [01m[K/home/aayush/new_frenet_planner/src/frenet_planner_3/src/../include/frenet_optimal_trajectory.hpp:158:20:[m[K [01;35m[Kwarning: [m[Kstatement has no effect [[01;35m[K-Wunused-value[m[K]
[45.790s]   158 | #define trace(...) [01;35m[K42[m[K
[45.790s]       |                    [01;35m[K^~[m[K
[45.790s] [01m[K/home/aayush/new_frenet_planner/src/frenet_planner_3/src/../include/frenet_optimal_trajectory.hpp:158:20:[m[K [01;36m[Knote: [m[Kin definition of macro ‘[01m[Ktrace[m[K’
[45.790s]   158 | #define trace(...) [01;36m[K42[m[K
[45.790s]       |                    [01;36m[K^~[m[K
[45.791s] [01m[K/home/aayush/new_frenet_planner/src/frenet_planner_3/src/../include/frenet_optimal_trajectory.hpp:158:20:[m[K [01;35m[Kwarning: [m[Kstatement has no effect [[01;35m[K-Wunused-value[m[K]
[45.791s]   158 | #define trace(...) [01;35m[K42[m[K
[45.791s]       |                    [01;35m[K^~[m[K
[45.791s] [01m[K/home/aayush/new_frenet_planner/src/frenet_planner_3/src/../include/frenet_optimal_trajectory.hpp:158:20:[m[K [01;36m[Knote: [m[Kin definition of macro ‘[01m[Ktrace[m[K’
[45.791s]   158 | #define trace(...) [01;36m[K42[m[K
[45.792s]       |                    [01;36m[K^~[m[K
[45.792s] [01m[K/home/aayush/new_frenet_planner/src/frenet_planner_3/src/../include/frenet_optimal_trajectory.hpp:159:59:[m[K [01;35m[Kwarning: [m[Kunused parameter ‘[01m[Kfp[m[K’ [[01;35m[K-Wunused-parameter[m[K]
[45.792s]   159 | inline ostream& operator<<(ostream& os, [01;35m[Kconst FrenetPath& fp[m[K)
[45.792s]       |                                         [01;35m[K~~~~~~~~~~~~~~~~~~^~[m[K
[46.851s] In file included from [01m[K/home/aayush/new_frenet_planner/src/frenet_planner_3/src/frenet_optimal_trajectory.cpp:6[m[K:
[46.852s] [01m[K/home/aayush/new_frenet_planner/src/frenet_planner_3/./include/matplotlibcpp.hpp:[m[K At global scope:
[46.852s] [01m[K/home/aayush/new_frenet_planner/src/frenet_planner_3/./include/matplotlibcpp.hpp:314:36:[m[K [01;35m[Kwarning: [m[Kstatic_assert without a message only available with ‘[01m[K-std=c++17[m[K’ or ‘[01m[K-std=gnu++17[m[K’ [[01;35m[K-Wpedantic[m[K]
[46.853s]   314 | static_assert(sizeof(long long) == [01;35m[K8[m[K);
[46.853s]       |                                    [01;35m[K^[m[K
[46.853s] [01m[K/home/aayush/new_frenet_planner/src/frenet_planner_3/./include/matplotlibcpp.hpp:316:45:[m[K [01;35m[Kwarning: [m[Kstatic_assert without a message only available with ‘[01m[K-std=c++17[m[K’ or ‘[01m[K-std=gnu++17[m[K’ [[01;35m[K-Wpedantic[m[K]
[46.854s]   316 | static_assert(sizeof(unsigned long long) == [01;35m[K8[m[K);
[46.854s]       |                                             [01;35m[K^[m[K
[47.068s] [01m[K/home/aayush/new_frenet_planner/src/frenet_planner_3/src/frenet_optimal_trajectory.cpp:[m[K In member function ‘[01m[Kvoid FrenetPath::calc_lon_paths_quintic_poly(double, double, double, double, double)[m[K’:
[47.069s] [01m[K/home/aayush/new_frenet_planner/src/frenet_planner_3/src/frenet_optimal_trajectory.cpp:62:91:[m[K [01;35m[Kwarning: [m[Kunused parameter ‘[01m[Kts[m[K’ [[01;35m[K-Wunused-parameter[m[K]
[47.069s]    62 | s_quintic_poly(double c_speed, double s0, double Ti, [01;35m[Kdouble ts[m[K,
[47.069s]       |                                                      [01;35m[K~~~~~~~^~[m[K
[47.070s] 
[47.086s] [01m[K/home/aayush/new_frenet_planner/src/frenet_planner_3/src/frenet_optimal_trajectory.cpp:[m[K In function ‘[01m[Kstd::vector<FrenetPath> calc_frenet_paths(double, double, double, double, double, FrenetPath)[m[K’:
[47.086s] [01m[K/home/aayush/new_frenet_planner/src/frenet_planner_3/src/frenet_optimal_trajectory.cpp:140:33:[m[K [01;35m[Kwarning: [m[Kunused parameter ‘[01m[Klp[m[K’ [[01;35m[K-Wunused-parameter[m[K]
[47.086s]   140 |           double s0, [01;35m[KFrenetPath lp[m[K)
[47.087s]       |                      [01;35m[K~~~~~~~~~~~^~[m[K
[47.089s] [01m[K/home/aayush/new_frenet_planner/src/frenet_planner_3/src/frenet_optimal_trajectory.cpp:[m[K In member function ‘[01m[Kvoid FrenetPath::adding_global_path(Spline2D)[m[K’:
[47.089s] [01m[K/home/aayush/new_frenet_planner/src/frenet_planner_3/src/frenet_optimal_trajectory.cpp:215:9:[m[K [01;35m[Kwarning: [m[Kunused variable ‘[01m[KstartTime1[m[K’ [[01;35m[K-Wunused-variable[m[K]
[47.089s]   215 |  double [01;35m[KstartTime1[m[K = omp_get_wtime();
[47.090s]       |         [01;35m[K^~~~~~~~~~[m[K
[47.090s] [01m[K/home/aayush/new_frenet_planner/src/frenet_planner_3/src/frenet_optimal_trajectory.cpp:275:9:[m[K [01;35m[Kwarning: [m[Kunused variable ‘[01m[KendTime1[m[K’ [[01;35m[K-Wunused-variable[m[K]
[47.090s]   275 |  double [01;35m[KendTime1[m[K = omp_get_wtime();
[47.090s]       |         [01;35m[K^~~~~~~~[m[K
[47.107s] [01m[K/home/aayush/new_frenet_planner/src/frenet_planner_3/src/frenet_optimal_trajectory.cpp:[m[K In function ‘[01m[Kstd::vector<FrenetPath> check_path(std::vector<FrenetPath>&, double, double, double)[m[K’:
[47.107s] [01m[K/home/aayush/new_frenet_planner/src/frenet_planner_3/src/frenet_optimal_trajectory.cpp:430:11:[m[K [01;35m[Kwarning: [m[Ktoo many arguments for format [[01;35m[K-Wformat-extra-args[m[K]
[47.108s]   430 |    printf([01;35m[K"lf"[m[K, path_yaw[0] - bot_yaw);
[47.108s]       |           [01;35m[K^~~~[m[K
[47.123s] In file included from [01m[K/home/aayush/new_frenet_planner/src/frenet_planner_3/src/frenet_optimal_trajectory.cpp:1[m[K:
[47.123s] [01m[K/home/aayush/new_frenet_planner/src/frenet_planner_3/src/frenet_optimal_trajectory.cpp:[m[K In function ‘[01m[KFrenetPath& frenet_optimal_planning(Spline2D, double, double, double, double, double, FrenetPath, double)[m[K’:
[47.123s] [01m[K/home/aayush/new_frenet_planner/src/frenet_planner_3/src/../include/frenet_optimal_trajectory.hpp:158:20:[m[K [01;35m[Kwarning: [m[Kstatement has no effect [[01;35m[K-Wunused-value[m[K]
[47.124s]   158 | #define trace(...) [01;35m[K42[m[K
[47.124s]       |                    [01;35m[K^~[m[K
[47.124s] [01m[K/home/aayush/new_frenet_planner/src/frenet_planner_3/src/../include/frenet_optimal_trajectory.hpp:158:20:[m[K [01;36m[Knote: [m[Kin definition of macro ‘[01m[Ktrace[m[K’
[47.124s]   158 | #define trace(...) [01;36m[K42[m[K
[47.124s]       |                    [01;36m[K^~[m[K
[47.125s] [01m[K/home/aayush/new_frenet_planner/src/frenet_planner_3/src/../include/frenet_optimal_trajectory.hpp:158:20:[m[K [01;35m[Kwarning: [m[Kstatement has no effect [[01;35m[K-Wunused-value[m[K]
[47.125s]   158 | #define trace(...) [01;35m[K42[m[K
[47.125s]       |                    [01;35m[K^~[m[K
[47.130s] [01m[K/home/aayush/new_frenet_planner/src/frenet_planner_3/src/../include/frenet_optimal_trajectory.hpp:158:20:[m[K [01;36m[Knote: [m[Kin definition of macro ‘[01m[Ktrace[m[K’
[47.130s]   158 | #define trace(...) [01;36m[K42[m[K
[47.130s]       |                    [01;36m[K^~[m[K
[47.130s] [01m[K/home/aayush/new_frenet_planner/src/frenet_planner_3/src/../include/frenet_optimal_trajectory.hpp:158:20:[m[K [01;35m[Kwarning: [m[Kstatement has no effect [[01;35m[K-Wunused-value[m[K]
[47.131s]   158 | #define trace(...) [01;35m[K42[m[K
[47.135s]       |                    [01;35m[K^~[m[K
[47.135s] [01m[K/home/aayush/new_frenet_planner/src/frenet_planner_3/src/../include/frenet_optimal_trajectory.hpp:158:20:[m[K [01;36m[Knote: [m[Kin definition of macro ‘[01m[Ktrace[m[K’
[47.135s]   158 | #define trace(...) [01;36m[K42[m[K
[47.139s]       |                    [01;36m[K^~[m[K
[47.139s] [01m[K/home/aayush/new_frenet_planner/src/frenet_planner_3/src/../include/frenet_optimal_trajectory.hpp:158:20:[m[K [01;35m[Kwarning: [m[Kstatement has no effect [[01;35m[K-Wunused-value[m[K]
[47.139s]   158 | #define trace(...) [01;35m[K42[m[K
[47.139s]       |                    [01;35m[K^~[m[K
[47.140s] [01m[K/home/aayush/new_frenet_planner/src/frenet_planner_3/src/../include/frenet_optimal_trajectory.hpp:158:20:[m[K [01;36m[Knote: [m[Kin definition of macro ‘[01m[Ktrace[m[K’
[47.140s]   158 | #define trace(...) [01;36m[K42[m[K
[47.140s]       |                    [01;36m[K^~[m[K
[47.140s] [01m[K/home/aayush/new_frenet_planner/src/frenet_planner_3/src/../include/frenet_optimal_trajectory.hpp:158:20:[m[K [01;35m[Kwarning: [m[Kstatement has no effect [[01;35m[K-Wunused-value[m[K]
[47.141s]   158 | #define trace(...) [01;35m[K42[m[K
[47.141s]       |                    [01;35m[K^~[m[K
[47.141s] [01m[K/home/aayush/new_frenet_planner/src/frenet_planner_3/src/../include/frenet_optimal_trajectory.hpp:158:20:[m[K [01;36m[Knote: [m[Kin definition of macro ‘[01m[Ktrace[m[K’
[47.141s]   158 | #define trace(...) [01;36m[K42[m[K
[47.141s]       |                    [01;36m[K^~[m[K
[47.142s] [01m[K/home/aayush/new_frenet_planner/src/frenet_planner_3/src/frenet_optimal_trajectory.cpp:488:9:[m[K [01;35m[Kwarning: [m[Kunused variable ‘[01m[KstartTime1[m[K’ [[01;35m[K-Wunused-variable[m[K]
[47.142s]   488 |  double [01;35m[KstartTime1[m[K = omp_get_wtime();
[47.142s]       |         [01;35m[K^~~~~~~~~~[m[K
[47.142s] [01m[K/home/aayush/new_frenet_planner/src/frenet_planner_3/src/frenet_optimal_trajectory.cpp:491:9:[m[K [01;35m[Kwarning: [m[Kunused variable ‘[01m[KendTime1[m[K’ [[01;35m[K-Wunused-variable[m[K]
[47.142s]   491 |  double [01;35m[KendTime1[m[K = omp_get_wtime();
[47.143s]       |         [01;35m[K^~~~~~~~[m[K
[47.143s] [01m[K/home/aayush/new_frenet_planner/src/frenet_planner_3/src/frenet_optimal_trajectory.cpp:494:9:[m[K [01;35m[Kwarning: [m[Kunused variable ‘[01m[KstartTime2[m[K’ [[01;35m[K-Wunused-variable[m[K]
[47.151s]   494 |  double [01;35m[KstartTime2[m[K = omp_get_wtime();
[47.151s]       |         [01;35m[K^~~~~~~~~~[m[K
[47.152s] [01m[K/home/aayush/new_frenet_planner/src/frenet_planner_3/src/frenet_optimal_trajectory.cpp:497:9:[m[K [01;35m[Kwarning: [m[Kunused variable ‘[01m[KendTime2[m[K’ [[01;35m[K-Wunused-variable[m[K]
[47.152s]   497 |  double [01;35m[KendTime2[m[K = omp_get_wtime();
[47.152s]       |         [01;35m[K^~~~~~~~[m[K
[47.159s] [01m[K/home/aayush/new_frenet_planner/src/frenet_planner_3/src/frenet_optimal_trajectory.cpp:501:9:[m[K [01;35m[Kwarning: [m[Kunused variable ‘[01m[KstartTime3[m[K’ [[01;35m[K-Wunused-variable[m[K]
[47.160s]   501 |  double [01;35m[KstartTime3[m[K = omp_get_wtime();
[47.160s]       |         [01;35m[K^~~~~~~~~~[m[K
[47.160s] [01m[K/home/aayush/new_frenet_planner/src/frenet_planner_3/src/frenet_optimal_trajectory.cpp:508:9:[m[K [01;35m[Kwarning: [m[Kunused variable ‘[01m[KendTime3[m[K’ [[01;35m[K-Wunused-variable[m[K]
[47.161s]   508 |  double [01;35m[KendTime3[m[K = omp_get_wtime();
[47.161s]       |         [01;35m[K^~~~~~~~[m[K
[48.643s] In file included from [01m[K/home/aayush/new_frenet_planner/src/frenet_planner_3/src/frenet_optimal_trajectory.cpp:1[m[K:
[48.643s] [01m[K/home/aayush/new_frenet_planner/src/frenet_planner_3/src/../include/frenet_optimal_trajectory.hpp:[m[K At global scope:
[48.643s] [01m[K/home/aayush/new_frenet_planner/src/frenet_planner_3/src/../include/frenet_optimal_trajectory.hpp:45:15:[m[K [01;35m[Kwarning: [m[K‘[01m[Ks_dest[m[K’ defined but not used [[01;35m[K-Wunused-variable[m[K]
[48.643s]    45 | static double [01;35m[Ks_dest[m[K;
[48.643s]       |               [01;35m[K^~~~~~[m[K
[48.644s] [01m[K/home/aayush/new_frenet_planner/src/frenet_planner_3/src/../include/frenet_optimal_trajectory.hpp:32:15:[m[K [01;35m[Kwarning: [m[K‘[01m[KMIN_LAT_VEL[m[K’ defined but not used [[01;35m[K-Wunused-variable[m[K]
[48.644s]    32 | static double [01;35m[KMIN_LAT_VEL[m[K = -1.0;  // minimum lateral speed. Sampling for d_dot
[48.644s]       |               [01;35m[K^~~~~~~~~~~[m[K
[48.644s] [01m[K/home/aayush/new_frenet_planner/src/frenet_planner_3/src/../include/frenet_optimal_trajectory.hpp:31:15:[m[K [01;35m[Kwarning: [m[K‘[01m[KROBOT_RADIUS[m[K’ defined but not used [[01;35m[K-Wunused-variable[m[K]
[48.644s]    31 | static double [01;35m[KROBOT_RADIUS[m[K = 2.0;  // robot radius [m]
[48.645s]       |               [01;35m[K^~~~~~~~~~~~[m[K
[48.645s] [01m[K/home/aayush/new_frenet_planner/src/frenet_planner_3/src/../include/frenet_optimal_trajectory.hpp:22:15:[m[K [01;35m[Kwarning: [m[K‘[01m[KMAX_CURVATURE[m[K’ defined but not used [[01;35m[K-Wunused-variable[m[K]
[48.645s]    22 | static double [01;35m[KMAX_CURVATURE[m[K = 2.0;  // maximum curvature [1/m]
[48.645s]       |               [01;35m[K^~~~~~~~~~~~~[m[K
[48.645s] [01m[K/home/aayush/new_frenet_planner/src/frenet_planner_3/src/../include/frenet_optimal_trajectory.hpp:21:15:[m[K [01;35m[Kwarning: [m[K‘[01m[KMAX_ACCEL[m[K’ defined but not used [[01;35m[K-Wunused-variable[m[K]
[48.645s]    21 | static double [01;35m[KMAX_ACCEL[m[K = 5.0;  // maximum acceleration [m/ss]
[48.646s]       |               [01;35m[K^~~~~~~~~[m[K
[48.646s] [01m[K/home/aayush/new_frenet_planner/src/frenet_planner_3/src/../include/frenet_optimal_trajectory.hpp:20:15:[m[K [01;35m[Kwarning: [m[K‘[01m[KMAX_SPEED[m[K’ defined but not used [[01;35m[K-Wunused-variable[m[K]
[48.646s]    20 | static double [01;35m[KMAX_SPEED[m[K = 13.89;  // maximum speed [m/s]
[48.646s]       |               [01;35m[K^~~~~~~~~[m[K
[50.188s] [ 60%] [32m[1mLinking CXX executable temp_frenet_ros_obst[0m
[52.220s] make[2]: warning:  Clock skew detected.  Your build may be incomplete.
[52.241s] [100%] Built target temp_frenet_ros_obst
[52.269s] Invoked command in '/home/aayush/new_frenet_planner/build/frenet_planner' returned '0': CMAKE_PREFIX_PATH=${CMAKE_PREFIX_PATH}:/home/aayush/fake_iac_ws/install/dummy:/opt/ros/foxy /usr/bin/cmake --build /home/aayush/new_frenet_planner/build/frenet_planner -- -j2 -l2
[52.434s] Invoking command in '/home/aayush/new_frenet_planner/build/frenet_planner': CMAKE_PREFIX_PATH=${CMAKE_PREFIX_PATH}:/home/aayush/fake_iac_ws/install/dummy:/opt/ros/foxy /usr/bin/cmake --install /home/aayush/new_frenet_planner/build/frenet_planner
[52.461s] -- Install configuration: ""
[52.463s] -- Installing: /home/aayush/new_frenet_planner/install/frenet_planner/lib/frenet_planner/temp_frenet_ros_obst
[52.476s] -- Set runtime path of "/home/aayush/new_frenet_planner/install/frenet_planner/lib/frenet_planner/temp_frenet_ros_obst" to ""
[52.477s] -- Up-to-date: /home/aayush/new_frenet_planner/install/frenet_planner/share/frenet_planner/launch
[52.477s] -- Up-to-date: /home/aayush/new_frenet_planner/install/frenet_planner/share/frenet_planner/launch/frenet_planner_launch.py
[52.478s] -- Up-to-date: /home/aayush/new_frenet_planner/install/frenet_planner/share/frenet_planner/launch/__pycache__
[52.478s] -- Up-to-date: /home/aayush/new_frenet_planner/install/frenet_planner/share/frenet_planner/launch/__pycache__/frenet_planner_launch.cpython-38.pyc
[52.479s] -- Up-to-date: /home/aayush/new_frenet_planner/install/frenet_planner/share/ament_index/resource_index/package_run_dependencies/frenet_planner
[52.479s] -- Up-to-date: /home/aayush/new_frenet_planner/install/frenet_planner/share/ament_index/resource_index/parent_prefix_path/frenet_planner
[52.480s] -- Up-to-date: /home/aayush/new_frenet_planner/install/frenet_planner/share/frenet_planner/environment/ament_prefix_path.sh
[52.480s] -- Up-to-date: /home/aayush/new_frenet_planner/install/frenet_planner/share/frenet_planner/environment/ament_prefix_path.dsv
[52.481s] -- Up-to-date: /home/aayush/new_frenet_planner/install/frenet_planner/share/frenet_planner/environment/path.sh
[52.481s] -- Up-to-date: /home/aayush/new_frenet_planner/install/frenet_planner/share/frenet_planner/environment/path.dsv
[52.482s] -- Up-to-date: /home/aayush/new_frenet_planner/install/frenet_planner/share/frenet_planner/local_setup.bash
[52.482s] -- Up-to-date: /home/aayush/new_frenet_planner/install/frenet_planner/share/frenet_planner/local_setup.sh
[52.483s] -- Up-to-date: /home/aayush/new_frenet_planner/install/frenet_planner/share/frenet_planner/local_setup.zsh
[52.483s] -- Up-to-date: /home/aayush/new_frenet_planner/install/frenet_planner/share/frenet_planner/local_setup.dsv
[52.484s] -- Installing: /home/aayush/new_frenet_planner/install/frenet_planner/share/frenet_planner/package.dsv
[52.485s] -- Up-to-date: /home/aayush/new_frenet_planner/install/frenet_planner/share/ament_index/resource_index/packages/frenet_planner
[52.485s] -- Up-to-date: /home/aayush/new_frenet_planner/install/frenet_planner/share/frenet_planner/cmake/frenet_plannerConfig.cmake
[52.486s] -- Up-to-date: /home/aayush/new_frenet_planner/install/frenet_planner/share/frenet_planner/cmake/frenet_plannerConfig-version.cmake
[52.486s] -- Up-to-date: /home/aayush/new_frenet_planner/install/frenet_planner/share/frenet_planner/package.xml
[52.494s] Invoked command in '/home/aayush/new_frenet_planner/build/frenet_planner' returned '0': CMAKE_PREFIX_PATH=${CMAKE_PREFIX_PATH}:/home/aayush/fake_iac_ws/install/dummy:/opt/ros/foxy /usr/bin/cmake --install /home/aayush/new_frenet_planner/build/frenet_planner
