[1.361s] DEBUG:colcon:Command line arguments: ['/home/aayush/.local/bin/colcon', 'build']
[1.361s] DEBUG:colcon:Parsed command line arguments: Namespace(ament_cmake_args=None, base_paths=['.'], build_base='build', catkin_cmake_args=None, catkin_skip_building_tests=False, cmake_args=None, cmake_clean_cache=False, cmake_clean_first=False, cmake_force_configure=False, cmake_target=None, cmake_target_skip_unavailable=False, continue_on_error=False, event_handlers=None, executor='parallel', ignore_user_meta=False, install_base='install', log_base=None, log_level=None, main=<bound method BuildVerb.main of <colcon_core.verb.build.BuildVerb object at 0x7fb24bc0de50>>, merge_install=False, metas=['./colcon.meta'], packages_above=None, packages_above_and_dependencies=None, packages_above_depth=None, packages_end=None, packages_ignore=None, packages_ignore_regex=None, packages_select=None, packages_select_build_failed=False, packages_select_by_dep=None, packages_select_regex=None, packages_select_test_failures=False, packages_skip=None, packages_skip_build_finished=False, packages_skip_by_dep=None, packages_skip_regex=None, packages_skip_test_passed=False, packages_skip_up_to=None, packages_start=None, packages_up_to=None, packages_up_to_regex=None, parallel_workers=2, paths=None, symlink_install=False, test_result_base=None, verb_extension=<colcon_core.verb.build.BuildVerb object at 0x7fb24bc0de50>, verb_name='build', verb_parser=<colcon_defaults.argument_parser.defaults.DefaultArgumentsDecorator object at 0x7fb24bc1b400>)
[1.401s] Level 1:colcon.colcon_core.package_discovery:discover_packages(colcon_meta) check parameters
[1.401s] Level 1:colcon.colcon_core.package_discovery:discover_packages(recursive) check parameters
[1.401s] Level 1:colcon.colcon_core.package_discovery:discover_packages(ignore) check parameters
[1.401s] Level 1:colcon.colcon_core.package_discovery:discover_packages(path) check parameters
[1.402s] Level 1:colcon.colcon_core.package_discovery:discover_packages(colcon_meta) discover
[1.402s] Level 1:colcon.colcon_core.package_discovery:discover_packages(recursive) discover
[1.402s] INFO:colcon.colcon_core.package_discovery:Crawling recursively for packages in '/home/aayush/new_new_frenet_planner'
[1.402s] Level 1:colcon.colcon_core.package_identification:_identify(.) by extensions ['ignore', 'ignore_ament_install']
[1.402s] Level 1:colcon.colcon_core.package_identification:_identify(.) by extension 'ignore'
[1.402s] Level 1:colcon.colcon_core.package_identification:_identify(.) by extension 'ignore_ament_install'
[1.402s] Level 1:colcon.colcon_core.package_identification:_identify(.) by extensions ['colcon_pkg']
[1.403s] Level 1:colcon.colcon_core.package_identification:_identify(.) by extension 'colcon_pkg'
[1.403s] Level 1:colcon.colcon_core.package_identification:_identify(.) by extensions ['colcon_meta']
[1.403s] Level 1:colcon.colcon_core.package_identification:_identify(.) by extension 'colcon_meta'
[1.403s] Level 1:colcon.colcon_core.package_identification:_identify(.) by extensions ['ros']
[1.403s] Level 1:colcon.colcon_core.package_identification:_identify(.) by extension 'ros'
[1.437s] Level 1:colcon.colcon_core.package_identification:_identify(.) by extensions ['cmake', 'python']
[1.437s] Level 1:colcon.colcon_core.package_identification:_identify(.) by extension 'cmake'
[1.438s] Level 1:colcon.colcon_core.package_identification:_identify(.) by extension 'python'
[1.438s] Level 1:colcon.colcon_core.package_identification:_identify(.) by extensions ['python_setup_py']
[1.438s] Level 1:colcon.colcon_core.package_identification:_identify(.) by extension 'python_setup_py'
[1.438s] Level 1:colcon.colcon_core.package_identification:_identify(build) by extensions ['ignore', 'ignore_ament_install']
[1.438s] Level 1:colcon.colcon_core.package_identification:_identify(build) by extension 'ignore'
[1.438s] Level 1:colcon.colcon_core.package_identification:_identify(build) ignored
[1.439s] Level 1:colcon.colcon_core.package_identification:_identify(install) by extensions ['ignore', 'ignore_ament_install']
[1.439s] Level 1:colcon.colcon_core.package_identification:_identify(install) by extension 'ignore'
[1.439s] Level 1:colcon.colcon_core.package_identification:_identify(install) ignored
[1.439s] Level 1:colcon.colcon_core.package_identification:_identify(log) by extensions ['ignore', 'ignore_ament_install']
[1.439s] Level 1:colcon.colcon_core.package_identification:_identify(log) by extension 'ignore'
[1.439s] Level 1:colcon.colcon_core.package_identification:_identify(log) ignored
[1.440s] Level 1:colcon.colcon_core.package_identification:_identify(src) by extensions ['ignore', 'ignore_ament_install']
[1.440s] Level 1:colcon.colcon_core.package_identification:_identify(src) by extension 'ignore'
[1.440s] Level 1:colcon.colcon_core.package_identification:_identify(src) by extension 'ignore_ament_install'
[1.440s] Level 1:colcon.colcon_core.package_identification:_identify(src) by extensions ['colcon_pkg']
[1.440s] Level 1:colcon.colcon_core.package_identification:_identify(src) by extension 'colcon_pkg'
[1.440s] Level 1:colcon.colcon_core.package_identification:_identify(src) by extensions ['colcon_meta']
[1.440s] Level 1:colcon.colcon_core.package_identification:_identify(src) by extension 'colcon_meta'
[1.440s] Level 1:colcon.colcon_core.package_identification:_identify(src) by extensions ['ros']
[1.441s] Level 1:colcon.colcon_core.package_identification:_identify(src) by extension 'ros'
[1.441s] Level 1:colcon.colcon_core.package_identification:_identify(src) by extensions ['cmake', 'python']
[1.441s] Level 1:colcon.colcon_core.package_identification:_identify(src) by extension 'cmake'
[1.441s] Level 1:colcon.colcon_core.package_identification:_identify(src) by extension 'python'
[1.441s] Level 1:colcon.colcon_core.package_identification:_identify(src) by extensions ['python_setup_py']
[1.441s] Level 1:colcon.colcon_core.package_identification:_identify(src) by extension 'python_setup_py'
[1.441s] Level 1:colcon.colcon_core.package_identification:_identify(src/IAC_planner_4) by extensions ['ignore', 'ignore_ament_install']
[1.441s] Level 1:colcon.colcon_core.package_identification:_identify(src/IAC_planner_4) by extension 'ignore'
[1.442s] Level 1:colcon.colcon_core.package_identification:_identify(src/IAC_planner_4) by extension 'ignore_ament_install'
[1.442s] Level 1:colcon.colcon_core.package_identification:_identify(src/IAC_planner_4) by extensions ['colcon_pkg']
[1.442s] Level 1:colcon.colcon_core.package_identification:_identify(src/IAC_planner_4) by extension 'colcon_pkg'
[1.442s] Level 1:colcon.colcon_core.package_identification:_identify(src/IAC_planner_4) by extensions ['colcon_meta']
[1.442s] Level 1:colcon.colcon_core.package_identification:_identify(src/IAC_planner_4) by extension 'colcon_meta'
[1.442s] Level 1:colcon.colcon_core.package_identification:_identify(src/IAC_planner_4) by extensions ['ros']
[1.442s] Level 1:colcon.colcon_core.package_identification:_identify(src/IAC_planner_4) by extension 'ros'
[1.449s] DEBUG:colcon.colcon_core.package_identification:Package 'src/IAC_planner_4' with type 'ros.ament_cmake' and name 'frenet_planner'
[1.449s] Level 1:colcon.colcon_core.package_identification:_identify(src/dummy) by extensions ['ignore', 'ignore_ament_install']
[1.450s] Level 1:colcon.colcon_core.package_identification:_identify(src/dummy) by extension 'ignore'
[1.450s] Level 1:colcon.colcon_core.package_identification:_identify(src/dummy) by extension 'ignore_ament_install'
[1.450s] Level 1:colcon.colcon_core.package_identification:_identify(src/dummy) by extensions ['colcon_pkg']
[1.450s] Level 1:colcon.colcon_core.package_identification:_identify(src/dummy) by extension 'colcon_pkg'
[1.450s] Level 1:colcon.colcon_core.package_identification:_identify(src/dummy) by extensions ['colcon_meta']
[1.450s] Level 1:colcon.colcon_core.package_identification:_identify(src/dummy) by extension 'colcon_meta'
[1.450s] Level 1:colcon.colcon_core.package_identification:_identify(src/dummy) by extensions ['ros']
[1.451s] Level 1:colcon.colcon_core.package_identification:_identify(src/dummy) by extension 'ros'
[1.452s] DEBUG:colcon.colcon_core.package_identification:Package 'src/dummy' with type 'ros.ament_python' and name 'dummy'
[1.452s] Level 1:colcon.colcon_core.package_discovery:discover_packages(recursive) using defaults
[1.452s] Level 1:colcon.colcon_core.package_discovery:discover_packages(ignore) discover
[1.452s] Level 1:colcon.colcon_core.package_discovery:discover_packages(ignore) using defaults
[1.452s] Level 1:colcon.colcon_core.package_discovery:discover_packages(path) discover
[1.453s] Level 1:colcon.colcon_core.package_discovery:discover_packages(path) using defaults
[1.575s] Level 5:colcon.colcon_core.verb:set package 'dummy' build argument 'cmake_args' from command line to 'None'
[1.575s] Level 5:colcon.colcon_core.verb:set package 'dummy' build argument 'cmake_target' from command line to 'None'
[1.575s] Level 5:colcon.colcon_core.verb:set package 'dummy' build argument 'cmake_target_skip_unavailable' from command line to 'False'
[1.576s] Level 5:colcon.colcon_core.verb:set package 'dummy' build argument 'cmake_clean_cache' from command line to 'False'
[1.576s] Level 5:colcon.colcon_core.verb:set package 'dummy' build argument 'cmake_clean_first' from command line to 'False'
[1.576s] Level 5:colcon.colcon_core.verb:set package 'dummy' build argument 'cmake_force_configure' from command line to 'False'
[1.576s] Level 5:colcon.colcon_core.verb:set package 'dummy' build argument 'ament_cmake_args' from command line to 'None'
[1.576s] Level 5:colcon.colcon_core.verb:set package 'dummy' build argument 'catkin_cmake_args' from command line to 'None'
[1.576s] Level 5:colcon.colcon_core.verb:set package 'dummy' build argument 'catkin_skip_building_tests' from command line to 'False'
[1.576s] DEBUG:colcon.colcon_core.verb:Building package 'dummy' with the following arguments: {'ament_cmake_args': None, 'build_base': '/home/aayush/new_new_frenet_planner/build/dummy', 'catkin_cmake_args': None, 'catkin_skip_building_tests': False, 'cmake_args': None, 'cmake_clean_cache': False, 'cmake_clean_first': False, 'cmake_force_configure': False, 'cmake_target': None, 'cmake_target_skip_unavailable': False, 'install_base': '/home/aayush/new_new_frenet_planner/install/dummy', 'merge_install': False, 'path': '/home/aayush/new_new_frenet_planner/src/dummy', 'symlink_install': False, 'test_result_base': None}
[1.597s] Level 5:colcon.colcon_core.verb:set package 'frenet_planner' build argument 'cmake_args' from command line to 'None'
[1.598s] Level 5:colcon.colcon_core.verb:set package 'frenet_planner' build argument 'cmake_target' from command line to 'None'
[1.598s] Level 5:colcon.colcon_core.verb:set package 'frenet_planner' build argument 'cmake_target_skip_unavailable' from command line to 'False'
[1.598s] Level 5:colcon.colcon_core.verb:set package 'frenet_planner' build argument 'cmake_clean_cache' from command line to 'False'
[1.598s] Level 5:colcon.colcon_core.verb:set package 'frenet_planner' build argument 'cmake_clean_first' from command line to 'False'
[1.598s] Level 5:colcon.colcon_core.verb:set package 'frenet_planner' build argument 'cmake_force_configure' from command line to 'False'
[1.598s] Level 5:colcon.colcon_core.verb:set package 'frenet_planner' build argument 'ament_cmake_args' from command line to 'None'
[1.598s] Level 5:colcon.colcon_core.verb:set package 'frenet_planner' build argument 'catkin_cmake_args' from command line to 'None'
[1.598s] Level 5:colcon.colcon_core.verb:set package 'frenet_planner' build argument 'catkin_skip_building_tests' from command line to 'False'
[1.598s] DEBUG:colcon.colcon_core.verb:Building package 'frenet_planner' with the following arguments: {'ament_cmake_args': None, 'build_base': '/home/aayush/new_new_frenet_planner/build/frenet_planner', 'catkin_cmake_args': None, 'catkin_skip_building_tests': False, 'cmake_args': None, 'cmake_clean_cache': False, 'cmake_clean_first': False, 'cmake_force_configure': False, 'cmake_target': None, 'cmake_target_skip_unavailable': False, 'install_base': '/home/aayush/new_new_frenet_planner/install/frenet_planner', 'merge_install': False, 'path': '/home/aayush/new_new_frenet_planner/src/IAC_planner_4', 'symlink_install': False, 'test_result_base': None}
[1.604s] INFO:colcon.colcon_core.executor:Executing jobs using 'parallel' executor
[1.638s] DEBUG:colcon.colcon_parallel_executor.executor.parallel:run_until_complete
[1.639s] INFO:colcon.colcon_ros.task.ament_python.build:Building ROS package in '/home/aayush/new_new_frenet_planner/src/dummy' with build type 'ament_python'
[1.639s] Level 1:colcon.colcon_core.shell:create_environment_hook('dummy', 'ament_prefix_path')
[1.665s] INFO:colcon.colcon_core.plugin_system:Skipping extension 'colcon_core.shell.bat': Not used on non-Windows systems
[1.665s] INFO:colcon.colcon_core.shell:Creating environment hook '/home/aayush/new_new_frenet_planner/install/dummy/share/dummy/hook/ament_prefix_path.ps1'
[1.667s] INFO:colcon.colcon_core.shell:Creating environment descriptor '/home/aayush/new_new_frenet_planner/install/dummy/share/dummy/hook/ament_prefix_path.dsv'
[1.668s] INFO:colcon.colcon_core.shell:Creating environment hook '/home/aayush/new_new_frenet_planner/install/dummy/share/dummy/hook/ament_prefix_path.sh'
[1.686s] INFO:colcon.colcon_core.shell:Skip shell extension 'powershell' for command environment: Not usable outside of PowerShell
[1.686s] DEBUG:colcon.colcon_core.shell:Skip shell extension 'dsv' for command environment
[1.706s] DEBUG:colcon.colcon_core.shell:Ignoring prefix path '/opt/ros/foxy'
[1.716s] INFO:colcon.colcon_ros.task.ament_cmake.build:Building ROS package in '/home/aayush/new_new_frenet_planner/src/IAC_planner_4' with build type 'ament_cmake'
[1.716s] INFO:colcon.colcon_cmake.task.cmake.build:Building CMake package in '/home/aayush/new_new_frenet_planner/src/IAC_planner_4'
[1.738s] INFO:colcon.colcon_core.shell:Skip shell extension 'powershell' for command environment: Not usable outside of PowerShell
[1.739s] DEBUG:colcon.colcon_core.shell:Skip shell extension 'dsv' for command environment
[1.755s] DEBUG:colcon.colcon_core.shell:Ignoring prefix path '/opt/ros/foxy'
[2.521s] INFO:colcon.colcon_core.task.python.build:Building Python package in '/home/aayush/new_new_frenet_planner/src/dummy'
[2.538s] INFO:colcon.colcon_core.shell:Skip shell extension 'powershell' for command environment: Not usable outside of PowerShell
[2.538s] DEBUG:colcon.colcon_core.shell:Skip shell extension 'dsv' for command environment
[2.551s] DEBUG:colcon.colcon_core.shell:Ignoring prefix path '/opt/ros/foxy'
[2.566s] DEBUG:colcon.colcon_core.event_handler.log_command:Invoking command in '/home/aayush/new_new_frenet_planner/build/frenet_planner': CMAKE_PREFIX_PATH=${CMAKE_PREFIX_PATH}:/home/aayush/new_new_frenet_planner/install/dummy:/opt/ros/foxy /usr/bin/cmake --build /home/aayush/new_new_frenet_planner/build/frenet_planner -- -j2 -l2
[2.593s] DEBUG:colcon.colcon_core.event_handler.log_command:Invoking command in '/home/aayush/new_new_frenet_planner/src/dummy': PYTHONPATH=/home/aayush/new_new_frenet_planner/install/dummy/lib/python3.8/site-packages:${PYTHONPATH} /usr/bin/python3 setup.py egg_info --egg-base ../../build/dummy build --build-base /home/aayush/new_new_frenet_planner/build/dummy/build install --prefix /home/aayush/new_new_frenet_planner/install/dummy --record /home/aayush/new_new_frenet_planner/build/dummy/install.log --single-version-externally-managed
[2.831s] DEBUG:colcon.colcon_core.event_handler.log_command:Invoked command in '/home/aayush/new_new_frenet_planner/build/frenet_planner' returned '0': CMAKE_PREFIX_PATH=${CMAKE_PREFIX_PATH}:/home/aayush/new_new_frenet_planner/install/dummy:/opt/ros/foxy /usr/bin/cmake --build /home/aayush/new_new_frenet_planner/build/frenet_planner -- -j2 -l2
[2.939s] DEBUG:colcon.colcon_core.event_handler.log_command:Invoking command in '/home/aayush/new_new_frenet_planner/build/frenet_planner': CMAKE_PREFIX_PATH=${CMAKE_PREFIX_PATH}:/home/aayush/new_new_frenet_planner/install/dummy:/opt/ros/foxy /usr/bin/cmake --install /home/aayush/new_new_frenet_planner/build/frenet_planner
[2.988s] Level 1:colcon.colcon_core.environment:create_environment_scripts_only(frenet_planner)
[2.993s] DEBUG:colcon.colcon_core.event_handler.log_command:Invoked command in '/home/aayush/new_new_frenet_planner/build/frenet_planner' returned '0': CMAKE_PREFIX_PATH=${CMAKE_PREFIX_PATH}:/home/aayush/new_new_frenet_planner/install/dummy:/opt/ros/foxy /usr/bin/cmake --install /home/aayush/new_new_frenet_planner/build/frenet_planner
[3.028s] Level 1:colcon.colcon_core.environment:checking '/home/aayush/new_new_frenet_planner/install/frenet_planner' for CMake module files
[3.029s] Level 1:colcon.colcon_core.environment:checking '/home/aayush/new_new_frenet_planner/install/frenet_planner' for CMake config files
[3.030s] Level 1:colcon.colcon_core.shell:create_environment_hook('frenet_planner', 'cmake_prefix_path')
[3.060s] INFO:colcon.colcon_core.shell:Creating environment hook '/home/aayush/new_new_frenet_planner/install/frenet_planner/share/frenet_planner/hook/cmake_prefix_path.ps1'
[3.061s] INFO:colcon.colcon_core.shell:Creating environment descriptor '/home/aayush/new_new_frenet_planner/install/frenet_planner/share/frenet_planner/hook/cmake_prefix_path.dsv'
[3.062s] INFO:colcon.colcon_core.shell:Creating environment hook '/home/aayush/new_new_frenet_planner/install/frenet_planner/share/frenet_planner/hook/cmake_prefix_path.sh'
[3.063s] Level 1:colcon.colcon_core.environment:checking '/home/aayush/new_new_frenet_planner/install/frenet_planner/lib'
[3.064s] Level 1:colcon.colcon_core.environment:checking '/home/aayush/new_new_frenet_planner/install/frenet_planner/bin'
[3.064s] Level 1:colcon.colcon_core.environment:checking '/home/aayush/new_new_frenet_planner/install/frenet_planner/lib/pkgconfig/frenet_planner.pc'
[3.065s] Level 1:colcon.colcon_core.environment:checking '/home/aayush/new_new_frenet_planner/install/frenet_planner/lib/python3.8/site-packages'
[3.081s] INFO:colcon.colcon_core.shell:Creating package script '/home/aayush/new_new_frenet_planner/install/frenet_planner/share/frenet_planner/package.ps1'
[3.083s] INFO:colcon.colcon_core.shell:Creating package descriptor '/home/aayush/new_new_frenet_planner/install/frenet_planner/share/frenet_planner/package.dsv'
[3.085s] INFO:colcon.colcon_core.shell:Creating package script '/home/aayush/new_new_frenet_planner/install/frenet_planner/share/frenet_planner/package.sh'
[3.087s] INFO:colcon.colcon_core.shell:Creating package script '/home/aayush/new_new_frenet_planner/install/frenet_planner/share/frenet_planner/package.bash'
[3.089s] INFO:colcon.colcon_core.shell:Creating package script '/home/aayush/new_new_frenet_planner/install/frenet_planner/share/frenet_planner/package.zsh'
[3.091s] Level 1:colcon.colcon_core.environment:create_file_with_runtime_dependencies(/home/aayush/new_new_frenet_planner/install/frenet_planner/share/colcon-core/packages/frenet_planner)
[3.192s] Level 1:colcon.colcon_core.environment:create_environment_scripts_only(frenet_planner)
[3.214s] Level 1:colcon.colcon_core.environment:checking '/home/aayush/new_new_frenet_planner/install/frenet_planner' for CMake module files
[3.215s] Level 1:colcon.colcon_core.environment:checking '/home/aayush/new_new_frenet_planner/install/frenet_planner' for CMake config files
[3.216s] Level 1:colcon.colcon_core.shell:create_environment_hook('frenet_planner', 'cmake_prefix_path')
[3.233s] INFO:colcon.colcon_core.shell:Creating environment hook '/home/aayush/new_new_frenet_planner/install/frenet_planner/share/frenet_planner/hook/cmake_prefix_path.ps1'
[3.234s] INFO:colcon.colcon_core.shell:Creating environment descriptor '/home/aayush/new_new_frenet_planner/install/frenet_planner/share/frenet_planner/hook/cmake_prefix_path.dsv'
[3.235s] INFO:colcon.colcon_core.shell:Creating environment hook '/home/aayush/new_new_frenet_planner/install/frenet_planner/share/frenet_planner/hook/cmake_prefix_path.sh'
[3.237s] Level 1:colcon.colcon_core.environment:checking '/home/aayush/new_new_frenet_planner/install/frenet_planner/lib'
[3.237s] Level 1:colcon.colcon_core.environment:checking '/home/aayush/new_new_frenet_planner/install/frenet_planner/bin'
[3.237s] Level 1:colcon.colcon_core.environment:checking '/home/aayush/new_new_frenet_planner/install/frenet_planner/lib/pkgconfig/frenet_planner.pc'
[3.237s] Level 1:colcon.colcon_core.environment:checking '/home/aayush/new_new_frenet_planner/install/frenet_planner/lib/python3.8/site-packages'
[3.254s] INFO:colcon.colcon_core.shell:Creating package script '/home/aayush/new_new_frenet_planner/install/frenet_planner/share/frenet_planner/package.ps1'
[3.256s] INFO:colcon.colcon_core.shell:Creating package descriptor '/home/aayush/new_new_frenet_planner/install/frenet_planner/share/frenet_planner/package.dsv'
[3.257s] INFO:colcon.colcon_core.shell:Creating package script '/home/aayush/new_new_frenet_planner/install/frenet_planner/share/frenet_planner/package.sh'
[3.258s] INFO:colcon.colcon_core.shell:Creating package script '/home/aayush/new_new_frenet_planner/install/frenet_planner/share/frenet_planner/package.bash'
[3.259s] INFO:colcon.colcon_core.shell:Creating package script '/home/aayush/new_new_frenet_planner/install/frenet_planner/share/frenet_planner/package.zsh'
[3.261s] Level 1:colcon.colcon_core.environment:create_file_with_runtime_dependencies(/home/aayush/new_new_frenet_planner/install/frenet_planner/share/colcon-core/packages/frenet_planner)
[3.806s] DEBUG:colcon.colcon_core.event_handler.log_command:Invoked command in '/home/aayush/new_new_frenet_planner/src/dummy' returned '0': PYTHONPATH=/home/aayush/new_new_frenet_planner/install/dummy/lib/python3.8/site-packages:${PYTHONPATH} /usr/bin/python3 setup.py egg_info --egg-base ../../build/dummy build --build-base /home/aayush/new_new_frenet_planner/build/dummy/build install --prefix /home/aayush/new_new_frenet_planner/install/dummy --record /home/aayush/new_new_frenet_planner/build/dummy/install.log --single-version-externally-managed
[3.819s] Level 1:colcon.colcon_core.environment:checking '/home/aayush/new_new_frenet_planner/install/dummy' for CMake module files
[3.820s] Level 1:colcon.colcon_core.environment:checking '/home/aayush/new_new_frenet_planner/install/dummy' for CMake config files
[3.821s] Level 1:colcon.colcon_core.environment:checking '/home/aayush/new_new_frenet_planner/install/dummy/lib'
[3.821s] Level 1:colcon.colcon_core.environment:checking '/home/aayush/new_new_frenet_planner/install/dummy/bin'
[3.821s] Level 1:colcon.colcon_core.environment:checking '/home/aayush/new_new_frenet_planner/install/dummy/lib/pkgconfig/dummy.pc'
[3.822s] Level 1:colcon.colcon_core.environment:checking '/home/aayush/new_new_frenet_planner/install/dummy/lib/python3.8/site-packages'
[3.822s] Level 1:colcon.colcon_core.shell:create_environment_hook('dummy', 'pythonpath')
[3.837s] INFO:colcon.colcon_core.shell:Creating environment hook '/home/aayush/new_new_frenet_planner/install/dummy/share/dummy/hook/pythonpath.ps1'
[3.838s] INFO:colcon.colcon_core.shell:Creating environment descriptor '/home/aayush/new_new_frenet_planner/install/dummy/share/dummy/hook/pythonpath.dsv'
[3.839s] INFO:colcon.colcon_core.shell:Creating environment hook '/home/aayush/new_new_frenet_planner/install/dummy/share/dummy/hook/pythonpath.sh'
[3.839s] Level 1:colcon.colcon_core.environment:create_environment_scripts_only(dummy)
[3.855s] INFO:colcon.colcon_core.shell:Creating package script '/home/aayush/new_new_frenet_planner/install/dummy/share/dummy/package.ps1'
[3.856s] INFO:colcon.colcon_core.shell:Creating package descriptor '/home/aayush/new_new_frenet_planner/install/dummy/share/dummy/package.dsv'
[3.858s] INFO:colcon.colcon_core.shell:Creating package script '/home/aayush/new_new_frenet_planner/install/dummy/share/dummy/package.sh'
[3.859s] INFO:colcon.colcon_core.shell:Creating package script '/home/aayush/new_new_frenet_planner/install/dummy/share/dummy/package.bash'
[3.859s] INFO:colcon.colcon_core.shell:Creating package script '/home/aayush/new_new_frenet_planner/install/dummy/share/dummy/package.zsh'
[3.860s] Level 1:colcon.colcon_core.environment:create_file_with_runtime_dependencies(/home/aayush/new_new_frenet_planner/install/dummy/share/colcon-core/packages/dummy)
[3.861s] DEBUG:colcon.colcon_parallel_executor.executor.parallel:closing loop
[3.862s] DEBUG:colcon.colcon_parallel_executor.executor.parallel:loop closed
[3.862s] DEBUG:colcon.colcon_parallel_executor.executor.parallel:run_until_complete finished with '0'
[3.862s] DEBUG:colcon.colcon_core.event_reactor:joining thread
[3.889s] INFO:colcon.colcon_core.plugin_system:Skipping extension 'colcon_notification.desktop_notification.terminal_notifier': Not used on non-Darwin systems
[3.890s] INFO:colcon.colcon_core.plugin_system:Skipping extension 'colcon_notification.desktop_notification.win32': Not used on non-Windows systems
[3.890s] INFO:colcon.colcon_notification.desktop_notification:Sending desktop notification using 'notify2'
[3.952s] DEBUG:colcon.colcon_core.event_reactor:joined thread
[3.973s] INFO:colcon.colcon_core.shell:Creating prefix script '/home/aayush/new_new_frenet_planner/install/local_setup.ps1'
[3.976s] INFO:colcon.colcon_core.shell:Creating prefix util module '/home/aayush/new_new_frenet_planner/install/_local_setup_util_ps1.py'
[3.980s] INFO:colcon.colcon_core.shell:Creating prefix chain script '/home/aayush/new_new_frenet_planner/install/setup.ps1'
[3.999s] INFO:colcon.colcon_core.shell:Creating prefix script '/home/aayush/new_new_frenet_planner/install/local_setup.sh'
[4.001s] INFO:colcon.colcon_core.shell:Creating prefix util module '/home/aayush/new_new_frenet_planner/install/_local_setup_util_sh.py'
[4.002s] INFO:colcon.colcon_core.shell:Creating prefix chain script '/home/aayush/new_new_frenet_planner/install/setup.sh'
[4.020s] INFO:colcon.colcon_core.shell:Creating prefix script '/home/aayush/new_new_frenet_planner/install/local_setup.bash'
[4.023s] INFO:colcon.colcon_core.shell:Creating prefix chain script '/home/aayush/new_new_frenet_planner/install/setup.bash'
[4.039s] INFO:colcon.colcon_core.shell:Creating prefix script '/home/aayush/new_new_frenet_planner/install/local_setup.zsh'
[4.041s] INFO:colcon.colcon_core.shell:Creating prefix chain script '/home/aayush/new_new_frenet_planner/install/setup.zsh'
