[0.787s] Invoking command in '/home/aayush/new_frenet_planner/build/frenet_planner': CMAKE_PREFIX_PATH=${CMAKE_PREFIX_PATH}:/home/aayush/fake_iac_ws/install/dummy:/opt/ros/foxy /usr/bin/cmake --build /home/aayush/new_frenet_planner/build/frenet_planner -- -j2 -l2
[0.939s] [35m[1mScanning dependencies of target temp_frenet_ros_obst[0m
[1.179s] [ 20%] [32mBuilding CXX object CMakeFiles/temp_frenet_ros_obst.dir/src/frenet_optimal_trajectory.cpp.o[0m
[9.183s] In file included from [01m[K/home/aayush/new_frenet_planner/src/frenet_planner_3/src/frenet_optimal_trajectory.cpp:1[m[K:
[9.183s] [01m[K/home/aayush/new_frenet_planner/src/frenet_planner_3/src/../include/frenet_optimal_trajectory.hpp:[m[K In function ‘[01m[Kstd::ostream& operator<<(std::ostream&, const FrenetPath&)[m[K’:
[9.185s] [01m[K/home/aayush/new_frenet_planner/src/frenet_planner_3/src/../include/frenet_optimal_trajectory.hpp:158:20:[m[K [01;35m[Kwarning: [m[Kstatement has no effect [[01;35m[K-Wunused-value[m[K]
[9.185s]   158 | #define trace(...) [01;35m[K42[m[K
[9.185s]       |                    [01;35m[K^~[m[K
[9.185s] [01m[K/home/aayush/new_frenet_planner/src/frenet_planner_3/src/../include/frenet_optimal_trajectory.hpp:158:20:[m[K [01;36m[Knote: [m[Kin definition of macro ‘[01m[Ktrace[m[K’
[9.185s]   158 | #define trace(...) [01;36m[K42[m[K
[9.186s]       |                    [01;36m[K^~[m[K
[9.186s] [01m[K/home/aayush/new_frenet_planner/src/frenet_planner_3/src/../include/frenet_optimal_trajectory.hpp:158:20:[m[K [01;35m[Kwarning: [m[Kstatement has no effect [[01;35m[K-Wunused-value[m[K]
[9.186s]   158 | #define trace(...) [01;35m[K42[m[K
[9.186s]       |                    [01;35m[K^~[m[K
[9.186s] [01m[K/home/aayush/new_frenet_planner/src/frenet_planner_3/src/../include/frenet_optimal_trajectory.hpp:158:20:[m[K [01;36m[Knote: [m[Kin definition of macro ‘[01m[Ktrace[m[K’
[9.187s]   158 | #define trace(...) [01;36m[K42[m[K
[9.187s]       |                    [01;36m[K^~[m[K
[9.187s] [01m[K/home/aayush/new_frenet_planner/src/frenet_planner_3/src/../include/frenet_optimal_trajectory.hpp:158:20:[m[K [01;35m[Kwarning: [m[Kstatement has no effect [[01;35m[K-Wunused-value[m[K]
[9.187s]   158 | #define trace(...) [01;35m[K42[m[K
[9.187s]       |                    [01;35m[K^~[m[K
[9.188s] [01m[K/home/aayush/new_frenet_planner/src/frenet_planner_3/src/../include/frenet_optimal_trajectory.hpp:158:20:[m[K [01;36m[Knote: [m[Kin definition of macro ‘[01m[Ktrace[m[K’
[9.188s]   158 | #define trace(...) [01;36m[K42[m[K
[9.188s]       |                    [01;36m[K^~[m[K
[9.189s] [01m[K/home/aayush/new_frenet_planner/src/frenet_planner_3/src/../include/frenet_optimal_trajectory.hpp:158:20:[m[K [01;35m[Kwarning: [m[Kstatement has no effect [[01;35m[K-Wunused-value[m[K]
[9.189s]   158 | #define trace(...) [01;35m[K42[m[K
[9.189s]       |                    [01;35m[K^~[m[K
[9.189s] [01m[K/home/aayush/new_frenet_planner/src/frenet_planner_3/src/../include/frenet_optimal_trajectory.hpp:158:20:[m[K [01;36m[Knote: [m[Kin definition of macro ‘[01m[Ktrace[m[K’
[9.190s]   158 | #define trace(...) [01;36m[K42[m[K
[9.190s]       |                    [01;36m[K^~[m[K
[9.190s] [01m[K/home/aayush/new_frenet_planner/src/frenet_planner_3/src/../include/frenet_optimal_trajectory.hpp:158:20:[m[K [01;35m[Kwarning: [m[Kstatement has no effect [[01;35m[K-Wunused-value[m[K]
[9.190s]   158 | #define trace(...) [01;35m[K42[m[K
[9.190s]       |                    [01;35m[K^~[m[K
[9.191s] [01m[K/home/aayush/new_frenet_planner/src/frenet_planner_3/src/../include/frenet_optimal_trajectory.hpp:158:20:[m[K [01;36m[Knote: [m[Kin definition of macro ‘[01m[Ktrace[m[K’
[9.191s]   158 | #define trace(...) [01;36m[K42[m[K
[9.191s]       |                    [01;36m[K^~[m[K
[9.191s] [01m[K/home/aayush/new_frenet_planner/src/frenet_planner_3/src/../include/frenet_optimal_trajectory.hpp:158:20:[m[K [01;35m[Kwarning: [m[Kstatement has no effect [[01;35m[K-Wunused-value[m[K]
[9.192s]   158 | #define trace(...) [01;35m[K42[m[K
[9.192s]       |                    [01;35m[K^~[m[K
[9.192s] [01m[K/home/aayush/new_frenet_planner/src/frenet_planner_3/src/../include/frenet_optimal_trajectory.hpp:158:20:[m[K [01;36m[Knote: [m[Kin definition of macro ‘[01m[Ktrace[m[K’
[9.192s]   158 | #define trace(...) [01;36m[K42[m[K
[9.192s]       |                    [01;36m[K^~[m[K
[9.193s] [01m[K/home/aayush/new_frenet_planner/src/frenet_planner_3/src/../include/frenet_optimal_trajectory.hpp:158:20:[m[K [01;35m[Kwarning: [m[Kstatement has no effect [[01;35m[K-Wunused-value[m[K]
[9.193s]   158 | #define trace(...) [01;35m[K42[m[K
[9.193s]       |                    [01;35m[K^~[m[K
[9.193s] [01m[K/home/aayush/new_frenet_planner/src/frenet_planner_3/src/../include/frenet_optimal_trajectory.hpp:158:20:[m[K [01;36m[Knote: [m[Kin definition of macro ‘[01m[Ktrace[m[K’
[9.193s]   158 | #define trace(...) [01;36m[K42[m[K
[9.194s]       |                    [01;36m[K^~[m[K
[9.194s] [01m[K/home/aayush/new_frenet_planner/src/frenet_planner_3/src/../include/frenet_optimal_trajectory.hpp:158:20:[m[K [01;35m[Kwarning: [m[Kstatement has no effect [[01;35m[K-Wunused-value[m[K]
[9.194s]   158 | #define trace(...) [01;35m[K42[m[K
[9.194s]       |                    [01;35m[K^~[m[K
[9.194s] [01m[K/home/aayush/new_frenet_planner/src/frenet_planner_3/src/../include/frenet_optimal_trajectory.hpp:158:20:[m[K [01;36m[Knote: [m[Kin definition of macro ‘[01m[Ktrace[m[K’
[9.195s]   158 | #define trace(...) [01;36m[K42[m[K
[9.195s]       |                    [01;36m[K^~[m[K
[9.195s] [01m[K/home/aayush/new_frenet_planner/src/frenet_planner_3/src/../include/frenet_optimal_trajectory.hpp:158:20:[m[K [01;35m[Kwarning: [m[Kstatement has no effect [[01;35m[K-Wunused-value[m[K]
[9.195s]   158 | #define trace(...) [01;35m[K42[m[K
[9.195s]       |                    [01;35m[K^~[m[K
[9.196s] [01m[K/home/aayush/new_frenet_planner/src/frenet_planner_3/src/../include/frenet_optimal_trajectory.hpp:158:20:[m[K [01;36m[Knote: [m[Kin definition of macro ‘[01m[Ktrace[m[K’
[9.196s]   158 | #define trace(...) [01;36m[K42[m[K
[9.196s]       |                    [01;36m[K^~[m[K
[9.196s] [01m[K/home/aayush/new_frenet_planner/src/frenet_planner_3/src/../include/frenet_optimal_trajectory.hpp:158:20:[m[K [01;35m[Kwarning: [m[Kstatement has no effect [[01;35m[K-Wunused-value[m[K]
[9.197s]   158 | #define trace(...) [01;35m[K42[m[K
[9.197s]       |                    [01;35m[K^~[m[K
[9.197s] [01m[K/home/aayush/new_frenet_planner/src/frenet_planner_3/src/../include/frenet_optimal_trajectory.hpp:158:20:[m[K [01;36m[Knote: [m[Kin definition of macro ‘[01m[Ktrace[m[K’
[9.197s]   158 | #define trace(...) [01;36m[K42[m[K
[9.197s]       |                    [01;36m[K^~[m[K
[9.198s] [01m[K/home/aayush/new_frenet_planner/src/frenet_planner_3/src/../include/frenet_optimal_trajectory.hpp:158:20:[m[K [01;35m[Kwarning: [m[Kstatement has no effect [[01;35m[K-Wunused-value[m[K]
[9.198s]   158 | #define trace(...) [01;35m[K42[m[K
[9.198s]       |                    [01;35m[K^~[m[K
[9.198s] [01m[K/home/aayush/new_frenet_planner/src/frenet_planner_3/src/../include/frenet_optimal_trajectory.hpp:158:20:[m[K [01;36m[Knote: [m[Kin definition of macro ‘[01m[Ktrace[m[K’
[9.198s]   158 | #define trace(...) [01;36m[K42[m[K
[9.199s]       |                    [01;36m[K^~[m[K
[9.199s] [01m[K/home/aayush/new_frenet_planner/src/frenet_planner_3/src/../include/frenet_optimal_trajectory.hpp:158:20:[m[K [01;35m[Kwarning: [m[Kstatement has no effect [[01;35m[K-Wunused-value[m[K]
[9.199s]   158 | #define trace(...) [01;35m[K42[m[K
[9.199s]       |                    [01;35m[K^~[m[K
[9.199s] [01m[K/home/aayush/new_frenet_planner/src/frenet_planner_3/src/../include/frenet_optimal_trajectory.hpp:158:20:[m[K [01;36m[Knote: [m[Kin definition of macro ‘[01m[Ktrace[m[K’
[9.200s]   158 | #define trace(...) [01;36m[K42[m[K
[9.200s]       |                    [01;36m[K^~[m[K
[9.200s] [01m[K/home/aayush/new_frenet_planner/src/frenet_planner_3/src/../include/frenet_optimal_trajectory.hpp:158:20:[m[K [01;35m[Kwarning: [m[Kstatement has no effect [[01;35m[K-Wunused-value[m[K]
[9.200s]   158 | #define trace(...) [01;35m[K42[m[K
[9.201s]       |                    [01;35m[K^~[m[K
[9.201s] [01m[K/home/aayush/new_frenet_planner/src/frenet_planner_3/src/../include/frenet_optimal_trajectory.hpp:158:20:[m[K [01;36m[Knote: [m[Kin definition of macro ‘[01m[Ktrace[m[K’
[9.201s]   158 | #define trace(...) [01;36m[K42[m[K
[9.201s]       |                    [01;36m[K^~[m[K
[9.201s] [01m[K/home/aayush/new_frenet_planner/src/frenet_planner_3/src/../include/frenet_optimal_trajectory.hpp:159:59:[m[K [01;35m[Kwarning: [m[Kunused parameter ‘[01m[Kfp[m[K’ [[01;35m[K-Wunused-parameter[m[K]
[9.202s]   159 | inline ostream& operator<<(ostream& os, [01;35m[Kconst FrenetPath& fp[m[K)
[9.202s]       |                                         [01;35m[K~~~~~~~~~~~~~~~~~~^~[m[K
[10.250s] In file included from [01m[K/home/aayush/new_frenet_planner/src/frenet_planner_3/src/frenet_optimal_trajectory.cpp:6[m[K:
[10.250s] [01m[K/home/aayush/new_frenet_planner/src/frenet_planner_3/./include/matplotlibcpp.hpp:[m[K At global scope:
[10.250s] [01m[K/home/aayush/new_frenet_planner/src/frenet_planner_3/./include/matplotlibcpp.hpp:314:36:[m[K [01;35m[Kwarning: [m[Kstatic_assert without a message only available with ‘[01m[K-std=c++17[m[K’ or ‘[01m[K-std=gnu++17[m[K’ [[01;35m[K-Wpedantic[m[K]
[10.251s]   314 | static_assert(sizeof(long long) == [01;35m[K8[m[K);
[10.251s]       |                                    [01;35m[K^[m[K
[10.252s] [01m[K/home/aayush/new_frenet_planner/src/frenet_planner_3/./include/matplotlibcpp.hpp:316:45:[m[K [01;35m[Kwarning: [m[Kstatic_assert without a message only available with ‘[01m[K-std=c++17[m[K’ or ‘[01m[K-std=gnu++17[m[K’ [[01;35m[K-Wpedantic[m[K]
[10.253s]   316 | static_assert(sizeof(unsigned long long) == [01;35m[K8[m[K);
[10.253s]       |                                             [01;35m[K^[m[K
[10.428s] [01m[K/home/aayush/new_frenet_planner/src/frenet_planner_3/src/frenet_optimal_trajectory.cpp:[m[K In member function ‘[01m[Kvoid FrenetPath::calc_lon_paths_quintic_poly(double, double, double, double, double)[m[K’:
[10.429s] [01m[K/home/aayush/new_frenet_planner/src/frenet_planner_3/src/frenet_optimal_trajectory.cpp:62:91:[m[K [01;35m[Kwarning: [m[Kunused parameter ‘[01m[Kts[m[K’ [[01;35m[K-Wunused-parameter[m[K]
[10.429s]    62 | s_quintic_poly(double c_speed, double s0, double Ti, [01;35m[Kdouble ts[m[K,
[10.429s]       |                                                      [01;35m[K~~~~~~~^~[m[K
[10.429s] 
[10.445s] [01m[K/home/aayush/new_frenet_planner/src/frenet_planner_3/src/frenet_optimal_trajectory.cpp:[m[K In function ‘[01m[Kstd::vector<FrenetPath> calc_frenet_paths(double, double, double, double, double, FrenetPath)[m[K’:
[10.445s] [01m[K/home/aayush/new_frenet_planner/src/frenet_planner_3/src/frenet_optimal_trajectory.cpp:140:33:[m[K [01;35m[Kwarning: [m[Kunused parameter ‘[01m[Klp[m[K’ [[01;35m[K-Wunused-parameter[m[K]
[10.445s]   140 |           double s0, [01;35m[KFrenetPath lp[m[K)
[10.445s]       |                      [01;35m[K~~~~~~~~~~~^~[m[K
[10.447s] [01m[K/home/aayush/new_frenet_planner/src/frenet_planner_3/src/frenet_optimal_trajectory.cpp:[m[K In member function ‘[01m[Kvoid FrenetPath::adding_global_path(Spline2D)[m[K’:
[10.447s] [01m[K/home/aayush/new_frenet_planner/src/frenet_planner_3/src/frenet_optimal_trajectory.cpp:215:9:[m[K [01;35m[Kwarning: [m[Kunused variable ‘[01m[KstartTime1[m[K’ [[01;35m[K-Wunused-variable[m[K]
[10.448s]   215 |  double [01;35m[KstartTime1[m[K = omp_get_wtime();
[10.448s]       |         [01;35m[K^~~~~~~~~~[m[K
[10.448s] [01m[K/home/aayush/new_frenet_planner/src/frenet_planner_3/src/frenet_optimal_trajectory.cpp:275:9:[m[K [01;35m[Kwarning: [m[Kunused variable ‘[01m[KendTime1[m[K’ [[01;35m[K-Wunused-variable[m[K]
[10.448s]   275 |  double [01;35m[KendTime1[m[K = omp_get_wtime();
[10.449s]       |         [01;35m[K^~~~~~~~[m[K
[10.459s] [01m[K/home/aayush/new_frenet_planner/src/frenet_planner_3/src/frenet_optimal_trajectory.cpp:[m[K At global scope:
[10.459s] [01m[K/home/aayush/new_frenet_planner/src/frenet_planner_3/src/frenet_optimal_trajectory.cpp:407:3:[m[K [01;31m[Kerror: [m[Kexpected unqualified-id before numeric constant
[10.459s]   407 | } [01;31m[K__LINE__[m[K
[10.460s]       |   [01;31m[K^~~~~~~~[m[K
[10.462s] In file included from [01m[K/home/aayush/new_frenet_planner/src/frenet_planner_3/src/frenet_optimal_trajectory.cpp:1[m[K:
[10.463s] [01m[K/home/aayush/new_frenet_planner/src/frenet_planner_3/src/frenet_optimal_trajectory.cpp:[m[K In function ‘[01m[KFrenetPath& frenet_optimal_planning(Spline2D, double, double, double, double, double, FrenetPath, double)[m[K’:
[10.463s] [01m[K/home/aayush/new_frenet_planner/src/frenet_planner_3/src/../include/frenet_optimal_trajectory.hpp:158:20:[m[K [01;35m[Kwarning: [m[Kstatement has no effect [[01;35m[K-Wunused-value[m[K]
[10.463s]   158 | #define trace(...) [01;35m[K42[m[K
[10.463s]       |                    [01;35m[K^~[m[K
[10.463s] [01m[K/home/aayush/new_frenet_planner/src/frenet_planner_3/src/../include/frenet_optimal_trajectory.hpp:158:20:[m[K [01;36m[Knote: [m[Kin definition of macro ‘[01m[Ktrace[m[K’
[10.464s]   158 | #define trace(...) [01;36m[K42[m[K
[10.464s]       |                    [01;36m[K^~[m[K
[10.467s] [01m[K/home/aayush/new_frenet_planner/src/frenet_planner_3/src/../include/frenet_optimal_trajectory.hpp:158:20:[m[K [01;35m[Kwarning: [m[Kstatement has no effect [[01;35m[K-Wunused-value[m[K]
[10.467s]   158 | #define trace(...) [01;35m[K42[m[K
[10.468s]       |                    [01;35m[K^~[m[K
[10.468s] [01m[K/home/aayush/new_frenet_planner/src/frenet_planner_3/src/../include/frenet_optimal_trajectory.hpp:158:20:[m[K [01;36m[Knote: [m[Kin definition of macro ‘[01m[Ktrace[m[K’
[10.468s]   158 | #define trace(...) [01;36m[K42[m[K
[10.468s]       |                    [01;36m[K^~[m[K
[10.470s] [01m[K/home/aayush/new_frenet_planner/src/frenet_planner_3/src/../include/frenet_optimal_trajectory.hpp:158:20:[m[K [01;35m[Kwarning: [m[Kstatement has no effect [[01;35m[K-Wunused-value[m[K]
[10.470s]   158 | #define trace(...) [01;35m[K42[m[K
[10.470s]       |                    [01;35m[K^~[m[K
[10.470s] [01m[K/home/aayush/new_frenet_planner/src/frenet_planner_3/src/../include/frenet_optimal_trajectory.hpp:158:20:[m[K [01;36m[Knote: [m[Kin definition of macro ‘[01m[Ktrace[m[K’
[10.470s]   158 | #define trace(...) [01;36m[K42[m[K
[10.471s]       |                    [01;36m[K^~[m[K
[10.473s] [01m[K/home/aayush/new_frenet_planner/src/frenet_planner_3/src/../include/frenet_optimal_trajectory.hpp:158:20:[m[K [01;35m[Kwarning: [m[Kstatement has no effect [[01;35m[K-Wunused-value[m[K]
[10.473s]   158 | #define trace(...) [01;35m[K42[m[K
[10.474s]       |                    [01;35m[K^~[m[K
[10.474s] [01m[K/home/aayush/new_frenet_planner/src/frenet_planner_3/src/../include/frenet_optimal_trajectory.hpp:158:20:[m[K [01;36m[Knote: [m[Kin definition of macro ‘[01m[Ktrace[m[K’
[10.474s]   158 | #define trace(...) [01;36m[K42[m[K
[10.474s]       |                    [01;36m[K^~[m[K
[10.477s] [01m[K/home/aayush/new_frenet_planner/src/frenet_planner_3/src/../include/frenet_optimal_trajectory.hpp:158:20:[m[K [01;35m[Kwarning: [m[Kstatement has no effect [[01;35m[K-Wunused-value[m[K]
[10.477s]   158 | #define trace(...) [01;35m[K42[m[K
[10.477s]       |                    [01;35m[K^~[m[K
[10.478s] [01m[K/home/aayush/new_frenet_planner/src/frenet_planner_3/src/../include/frenet_optimal_trajectory.hpp:158:20:[m[K [01;36m[Knote: [m[Kin definition of macro ‘[01m[Ktrace[m[K’
[10.478s]   158 | #define trace(...) [01;36m[K42[m[K
[10.478s]       |                    [01;36m[K^~[m[K
[10.479s] [01m[K/home/aayush/new_frenet_planner/src/frenet_planner_3/src/frenet_optimal_trajectory.cpp:488:9:[m[K [01;35m[Kwarning: [m[Kunused variable ‘[01m[KstartTime1[m[K’ [[01;35m[K-Wunused-variable[m[K]
[10.479s]   488 |  double [01;35m[KstartTime1[m[K = omp_get_wtime();
[10.479s]       |         [01;35m[K^~~~~~~~~~[m[K
[10.480s] [01m[K/home/aayush/new_frenet_planner/src/frenet_planner_3/src/frenet_optimal_trajectory.cpp:491:9:[m[K [01;35m[Kwarning: [m[Kunused variable ‘[01m[KendTime1[m[K’ [[01;35m[K-Wunused-variable[m[K]
[10.480s]   491 |  double [01;35m[KendTime1[m[K = omp_get_wtime();
[10.480s]       |         [01;35m[K^~~~~~~~[m[K
[10.480s] [01m[K/home/aayush/new_frenet_planner/src/frenet_planner_3/src/frenet_optimal_trajectory.cpp:494:9:[m[K [01;35m[Kwarning: [m[Kunused variable ‘[01m[KstartTime2[m[K’ [[01;35m[K-Wunused-variable[m[K]
[10.481s]   494 |  double [01;35m[KstartTime2[m[K = omp_get_wtime();
[10.481s]       |         [01;35m[K^~~~~~~~~~[m[K
[10.481s] [01m[K/home/aayush/new_frenet_planner/src/frenet_planner_3/src/frenet_optimal_trajectory.cpp:497:9:[m[K [01;35m[Kwarning: [m[Kunused variable ‘[01m[KendTime2[m[K’ [[01;35m[K-Wunused-variable[m[K]
[10.484s]   497 |  double [01;35m[KendTime2[m[K = omp_get_wtime();
[10.484s]       |         [01;35m[K^~~~~~~~[m[K
[10.485s] [01m[K/home/aayush/new_frenet_planner/src/frenet_planner_3/src/frenet_optimal_trajectory.cpp:501:9:[m[K [01;35m[Kwarning: [m[Kunused variable ‘[01m[KstartTime3[m[K’ [[01;35m[K-Wunused-variable[m[K]
[10.485s]   501 |  double [01;35m[KstartTime3[m[K = omp_get_wtime();
[10.485s]       |         [01;35m[K^~~~~~~~~~[m[K
[10.485s] [01m[K/home/aayush/new_frenet_planner/src/frenet_planner_3/src/frenet_optimal_trajectory.cpp:510:9:[m[K [01;35m[Kwarning: [m[Kunused variable ‘[01m[KendTime3[m[K’ [[01;35m[K-Wunused-variable[m[K]
[10.485s]   510 |  double [01;35m[KendTime3[m[K = omp_get_wtime();
[10.486s]       |         [01;35m[K^~~~~~~~[m[K
[11.849s] In file included from [01m[K/home/aayush/new_frenet_planner/src/frenet_planner_3/src/frenet_optimal_trajectory.cpp:1[m[K:
[11.849s] [01m[K/home/aayush/new_frenet_planner/src/frenet_planner_3/src/../include/frenet_optimal_trajectory.hpp:[m[K At global scope:
[11.849s] [01m[K/home/aayush/new_frenet_planner/src/frenet_planner_3/src/../include/frenet_optimal_trajectory.hpp:45:15:[m[K [01;35m[Kwarning: [m[K‘[01m[Ks_dest[m[K’ defined but not used [[01;35m[K-Wunused-variable[m[K]
[11.849s]    45 | static double [01;35m[Ks_dest[m[K;
[11.849s]       |               [01;35m[K^~~~~~[m[K
[11.850s] [01m[K/home/aayush/new_frenet_planner/src/frenet_planner_3/src/../include/frenet_optimal_trajectory.hpp:32:15:[m[K [01;35m[Kwarning: [m[K‘[01m[KMIN_LAT_VEL[m[K’ defined but not used [[01;35m[K-Wunused-variable[m[K]
[11.850s]    32 | static double [01;35m[KMIN_LAT_VEL[m[K = -1.0;  // minimum lateral speed. Sampling for d_dot
[11.850s]       |               [01;35m[K^~~~~~~~~~~[m[K
[11.851s] [01m[K/home/aayush/new_frenet_planner/src/frenet_planner_3/src/../include/frenet_optimal_trajectory.hpp:31:15:[m[K [01;35m[Kwarning: [m[K‘[01m[KROBOT_RADIUS[m[K’ defined but not used [[01;35m[K-Wunused-variable[m[K]
[11.851s]    31 | static double [01;35m[KROBOT_RADIUS[m[K = 2.0;  // robot radius [m]
[11.851s]       |               [01;35m[K^~~~~~~~~~~~[m[K
[11.851s] [01m[K/home/aayush/new_frenet_planner/src/frenet_planner_3/src/../include/frenet_optimal_trajectory.hpp:22:15:[m[K [01;35m[Kwarning: [m[K‘[01m[KMAX_CURVATURE[m[K’ defined but not used [[01;35m[K-Wunused-variable[m[K]
[11.852s]    22 | static double [01;35m[KMAX_CURVATURE[m[K = 2.0;  // maximum curvature [1/m]
[11.852s]       |               [01;35m[K^~~~~~~~~~~~~[m[K
[11.852s] [01m[K/home/aayush/new_frenet_planner/src/frenet_planner_3/src/../include/frenet_optimal_trajectory.hpp:21:15:[m[K [01;35m[Kwarning: [m[K‘[01m[KMAX_ACCEL[m[K’ defined but not used [[01;35m[K-Wunused-variable[m[K]
[11.852s]    21 | static double [01;35m[KMAX_ACCEL[m[K = 5.0;  // maximum acceleration [m/ss]
[11.853s]       |               [01;35m[K^~~~~~~~~[m[K
[11.853s] [01m[K/home/aayush/new_frenet_planner/src/frenet_planner_3/src/../include/frenet_optimal_trajectory.hpp:20:15:[m[K [01;35m[Kwarning: [m[K‘[01m[KMAX_SPEED[m[K’ defined but not used [[01;35m[K-Wunused-variable[m[K]
[11.853s]    20 | static double [01;35m[KMAX_SPEED[m[K = 13.89;  // maximum speed [m/s]
[11.853s]       |               [01;35m[K^~~~~~~~~[m[K
[11.901s] make[2]: *** [CMakeFiles/temp_frenet_ros_obst.dir/build.make:76: CMakeFiles/temp_frenet_ros_obst.dir/src/frenet_optimal_trajectory.cpp.o] Error 1
[11.901s] make[1]: *** [CMakeFiles/Makefile2:78: CMakeFiles/temp_frenet_ros_obst.dir/all] Error 2
[11.901s] make: *** [Makefile:141: all] Error 2
[11.906s] Invoked command in '/home/aayush/new_frenet_planner/build/frenet_planner' returned '2': CMAKE_PREFIX_PATH=${CMAKE_PREFIX_PATH}:/home/aayush/fake_iac_ws/install/dummy:/opt/ros/foxy /usr/bin/cmake --build /home/aayush/new_frenet_planner/build/frenet_planner -- -j2 -l2
