[0.918s] Invoking command in '/home/aayush/new_frenet_planner/build/frenet_planner': CMAKE_PREFIX_PATH=${CMAKE_PREFIX_PATH}:/home/aayush/fake_iac_ws/install/dummy:/opt/ros/foxy /usr/bin/cmake --build /home/aayush/new_frenet_planner/build/frenet_planner -- -j2 -l2
[1.192s] [100%] Built target temp_frenet_ros_obst
[1.224s] Invoked command in '/home/aayush/new_frenet_planner/build/frenet_planner' returned '0': CMAKE_PREFIX_PATH=${CMAKE_PREFIX_PATH}:/home/aayush/fake_iac_ws/install/dummy:/opt/ros/foxy /usr/bin/cmake --build /home/aayush/new_frenet_planner/build/frenet_planner -- -j2 -l2
[1.347s] Invoking command in '/home/aayush/new_frenet_planner/build/frenet_planner': CMAKE_PREFIX_PATH=${CMAKE_PREFIX_PATH}:/home/aayush/fake_iac_ws/install/dummy:/opt/ros/foxy /usr/bin/cmake --install /home/aayush/new_frenet_planner/build/frenet_planner
[1.371s] -- Install configuration: ""
[1.372s] -- Up-to-date: /home/aayush/new_frenet_planner/install/frenet_planner/lib/frenet_planner/temp_frenet_ros_obst
[1.373s] -- Up-to-date: /home/aayush/new_frenet_planner/install/frenet_planner/share/frenet_planner/launch
[1.374s] -- Up-to-date: /home/aayush/new_frenet_planner/install/frenet_planner/share/frenet_planner/launch/frenet_planner_launch.py
[1.374s] -- Up-to-date: /home/aayush/new_frenet_planner/install/frenet_planner/share/frenet_planner/launch/__pycache__
[1.375s] -- Up-to-date: /home/aayush/new_frenet_planner/install/frenet_planner/share/frenet_planner/launch/__pycache__/frenet_planner_launch.cpython-38.pyc
[1.377s] -- Up-to-date: /home/aayush/new_frenet_planner/install/frenet_planner/share/ament_index/resource_index/package_run_dependencies/frenet_planner
[1.377s] -- Up-to-date: /home/aayush/new_frenet_planner/install/frenet_planner/share/ament_index/resource_index/parent_prefix_path/frenet_planner
[1.378s] -- Up-to-date: /home/aayush/new_frenet_planner/install/frenet_planner/share/frenet_planner/environment/ament_prefix_path.sh
[1.378s] -- Up-to-date: /home/aayush/new_frenet_planner/install/frenet_planner/share/frenet_planner/environment/ament_prefix_path.dsv
[1.378s] -- Up-to-date: /home/aayush/new_frenet_planner/install/frenet_planner/share/frenet_planner/environment/path.sh
[1.379s] -- Up-to-date: /home/aayush/new_frenet_planner/install/frenet_planner/share/frenet_planner/environment/path.dsv
[1.379s] -- Up-to-date: /home/aayush/new_frenet_planner/install/frenet_planner/share/frenet_planner/local_setup.bash
[1.379s] -- Up-to-date: /home/aayush/new_frenet_planner/install/frenet_planner/share/frenet_planner/local_setup.sh
[1.379s] -- Up-to-date: /home/aayush/new_frenet_planner/install/frenet_planner/share/frenet_planner/local_setup.zsh
[1.380s] -- Up-to-date: /home/aayush/new_frenet_planner/install/frenet_planner/share/frenet_planner/local_setup.dsv
[1.384s] -- Installing: /home/aayush/new_frenet_planner/install/frenet_planner/share/frenet_planner/package.dsv
[1.385s] -- Up-to-date: /home/aayush/new_frenet_planner/install/frenet_planner/share/ament_index/resource_index/packages/frenet_planner
[1.385s] -- Up-to-date: /home/aayush/new_frenet_planner/install/frenet_planner/share/frenet_planner/cmake/frenet_plannerConfig.cmake
[1.385s] -- Up-to-date: /home/aayush/new_frenet_planner/install/frenet_planner/share/frenet_planner/cmake/frenet_plannerConfig-version.cmake
[1.385s] -- Up-to-date: /home/aayush/new_frenet_planner/install/frenet_planner/share/frenet_planner/package.xml
[1.391s] Invoked command in '/home/aayush/new_frenet_planner/build/frenet_planner' returned '0': CMAKE_PREFIX_PATH=${CMAKE_PREFIX_PATH}:/home/aayush/fake_iac_ws/install/dummy:/opt/ros/foxy /usr/bin/cmake --install /home/aayush/new_frenet_planner/build/frenet_planner
