[35m[1mScanning dependencies of target temp_frenet_ros_obst[0m
[ 25%] [32mBuilding CXX object CMakeFiles/temp_frenet_ros_obst.dir/src/temp_frenet_ros_obst.cpp.o[0m
[ 50%] [32m[1mLinking CXX executable temp_frenet_ros_obst[0m
[100%] Built target temp_frenet_ros_obst
-- Install configuration: ""
-- Installing: /home/aayush/new_new_frenet_planner/install/frenet_planner/lib/frenet_planner/temp_frenet_ros_obst
-- Set runtime path of "/home/aayush/new_new_frenet_planner/install/frenet_planner/lib/frenet_planner/temp_frenet_ros_obst" to ""
-- Up-to-date: /home/aayush/new_new_frenet_planner/install/frenet_planner/share/frenet_planner/launch
-- Up-to-date: /home/aayush/new_new_frenet_planner/install/frenet_planner/share/frenet_planner/launch/frenet_planner_launch.py
-- Up-to-date: /home/aayush/new_new_frenet_planner/install/frenet_planner/share/frenet_planner/launch/__pycache__
-- Up-to-date: /home/aayush/new_new_frenet_planner/install/frenet_planner/share/frenet_planner/launch/__pycache__/frenet_planner_launch.cpython-38.pyc
-- Up-to-date: /home/aayush/new_new_frenet_planner/install/frenet_planner/share/ament_index/resource_index/package_run_dependencies/frenet_planner
-- Up-to-date: /home/aayush/new_new_frenet_planner/install/frenet_planner/share/ament_index/resource_index/parent_prefix_path/frenet_planner
-- Up-to-date: /home/aayush/new_new_frenet_planner/install/frenet_planner/share/frenet_planner/environment/ament_prefix_path.sh
-- Up-to-date: /home/aayush/new_new_frenet_planner/install/frenet_planner/share/frenet_planner/environment/ament_prefix_path.dsv
-- Up-to-date: /home/aayush/new_new_frenet_planner/install/frenet_planner/share/frenet_planner/environment/path.sh
-- Up-to-date: /home/aayush/new_new_frenet_planner/install/frenet_planner/share/frenet_planner/environment/path.dsv
-- Up-to-date: /home/aayush/new_new_frenet_planner/install/frenet_planner/share/frenet_planner/local_setup.bash
-- Up-to-date: /home/aayush/new_new_frenet_planner/install/frenet_planner/share/frenet_planner/local_setup.sh
-- Up-to-date: /home/aayush/new_new_frenet_planner/install/frenet_planner/share/frenet_planner/local_setup.zsh
-- Up-to-date: /home/aayush/new_new_frenet_planner/install/frenet_planner/share/frenet_planner/local_setup.dsv
-- Installing: /home/aayush/new_new_frenet_planner/install/frenet_planner/share/frenet_planner/package.dsv
-- Up-to-date: /home/aayush/new_new_frenet_planner/install/frenet_planner/share/ament_index/resource_index/packages/frenet_planner
-- Up-to-date: /home/aayush/new_new_frenet_planner/install/frenet_planner/share/frenet_planner/cmake/frenet_plannerConfig.cmake
-- Up-to-date: /home/aayush/new_new_frenet_planner/install/frenet_planner/share/frenet_planner/cmake/frenet_plannerConfig-version.cmake
-- Up-to-date: /home/aayush/new_new_frenet_planner/install/frenet_planner/share/frenet_planner/package.xml
