[0.833s] Invoking command in '/home/aayush/new_new_frenet_planner/build/frenet_planner': CMAKE_PREFIX_PATH=${CMAKE_PREFIX_PATH}:/home/aayush/new_new_frenet_planner/install/dummy:/opt/ros/foxy /usr/bin/cmake --build /home/aayush/new_new_frenet_planner/build/frenet_planner -- -j2 -l2
[0.990s] [35m[1mScanning dependencies of target temp_frenet_ros_obst[0m
[1.221s] [ 25%] [32mBuilding CXX object CMakeFiles/temp_frenet_ros_obst.dir/src/temp_frenet_ros_obst.cpp.o[0m
[10.308s] In file included from [01m[K/home/aayush/new_new_frenet_planner/src/IAC_planner_4/src/temp_frenet_ros_obst.cpp:9[m[K:
[10.309s] [01m[K/home/aayush/new_new_frenet_planner/src/IAC_planner_4/src/../include/frenet_optimal_trajectory.hpp:[m[K In function ‘[01m[Kstd::ostream& operator<<(std::ostream&, const FrenetPath&)[m[K’:
[10.309s] [01m[K/home/aayush/new_new_frenet_planner/src/IAC_planner_4/src/../include/frenet_optimal_trajectory.hpp:160:20:[m[K [01;35m[Kwarning: [m[Kstatement has no effect [[01;35m[K-Wunused-value[m[K]
[10.309s]   160 | #define trace(...) [01;35m[K42[m[K
[10.309s]       |                    [01;35m[K^~[m[K
[10.310s] [01m[K/home/aayush/new_new_frenet_planner/src/IAC_planner_4/src/../include/frenet_optimal_trajectory.hpp:160:20:[m[K [01;36m[Knote: [m[Kin definition of macro ‘[01m[Ktrace[m[K’
[10.310s]   160 | #define trace(...) [01;36m[K42[m[K
[10.310s]       |                    [01;36m[K^~[m[K
[10.312s] [01m[K/home/aayush/new_new_frenet_planner/src/IAC_planner_4/src/../include/frenet_optimal_trajectory.hpp:160:20:[m[K [01;35m[Kwarning: [m[Kstatement has no effect [[01;35m[K-Wunused-value[m[K]
[10.312s]   160 | #define trace(...) [01;35m[K42[m[K
[10.312s]       |                    [01;35m[K^~[m[K
[10.312s] [01m[K/home/aayush/new_new_frenet_planner/src/IAC_planner_4/src/../include/frenet_optimal_trajectory.hpp:160:20:[m[K [01;36m[Knote: [m[Kin definition of macro ‘[01m[Ktrace[m[K’
[10.312s]   160 | #define trace(...) [01;36m[K42[m[K
[10.313s]       |                    [01;36m[K^~[m[K
[10.313s] [01m[K/home/aayush/new_new_frenet_planner/src/IAC_planner_4/src/../include/frenet_optimal_trajectory.hpp:160:20:[m[K [01;35m[Kwarning: [m[Kstatement has no effect [[01;35m[K-Wunused-value[m[K]
[10.313s]   160 | #define trace(...) [01;35m[K42[m[K
[10.313s]       |                    [01;35m[K^~[m[K
[10.313s] [01m[K/home/aayush/new_new_frenet_planner/src/IAC_planner_4/src/../include/frenet_optimal_trajectory.hpp:160:20:[m[K [01;36m[Knote: [m[Kin definition of macro ‘[01m[Ktrace[m[K’
[10.314s]   160 | #define trace(...) [01;36m[K42[m[K
[10.314s]       |                    [01;36m[K^~[m[K
[10.314s] [01m[K/home/aayush/new_new_frenet_planner/src/IAC_planner_4/src/../include/frenet_optimal_trajectory.hpp:160:20:[m[K [01;35m[Kwarning: [m[Kstatement has no effect [[01;35m[K-Wunused-value[m[K]
[10.314s]   160 | #define trace(...) [01;35m[K42[m[K
[10.314s]       |                    [01;35m[K^~[m[K
[10.315s] [01m[K/home/aayush/new_new_frenet_planner/src/IAC_planner_4/src/../include/frenet_optimal_trajectory.hpp:160:20:[m[K [01;36m[Knote: [m[Kin definition of macro ‘[01m[Ktrace[m[K’
[10.315s]   160 | #define trace(...) [01;36m[K42[m[K
[10.315s]       |                    [01;36m[K^~[m[K
[10.315s] [01m[K/home/aayush/new_new_frenet_planner/src/IAC_planner_4/src/../include/frenet_optimal_trajectory.hpp:160:20:[m[K [01;35m[Kwarning: [m[Kstatement has no effect [[01;35m[K-Wunused-value[m[K]
[10.315s]   160 | #define trace(...) [01;35m[K42[m[K
[10.316s]       |                    [01;35m[K^~[m[K
[10.316s] [01m[K/home/aayush/new_new_frenet_planner/src/IAC_planner_4/src/../include/frenet_optimal_trajectory.hpp:160:20:[m[K [01;36m[Knote: [m[Kin definition of macro ‘[01m[Ktrace[m[K’
[10.316s]   160 | #define trace(...) [01;36m[K42[m[K
[10.316s]       |                    [01;36m[K^~[m[K
[10.317s] [01m[K/home/aayush/new_new_frenet_planner/src/IAC_planner_4/src/../include/frenet_optimal_trajectory.hpp:160:20:[m[K [01;35m[Kwarning: [m[Kstatement has no effect [[01;35m[K-Wunused-value[m[K]
[10.317s]   160 | #define trace(...) [01;35m[K42[m[K
[10.317s]       |                    [01;35m[K^~[m[K
[10.317s] [01m[K/home/aayush/new_new_frenet_planner/src/IAC_planner_4/src/../include/frenet_optimal_trajectory.hpp:160:20:[m[K [01;36m[Knote: [m[Kin definition of macro ‘[01m[Ktrace[m[K’
[10.317s]   160 | #define trace(...) [01;36m[K42[m[K
[10.318s]       |                    [01;36m[K^~[m[K
[10.318s] [01m[K/home/aayush/new_new_frenet_planner/src/IAC_planner_4/src/../include/frenet_optimal_trajectory.hpp:160:20:[m[K [01;35m[Kwarning: [m[Kstatement has no effect [[01;35m[K-Wunused-value[m[K]
[10.318s]   160 | #define trace(...) [01;35m[K42[m[K
[10.318s]       |                    [01;35m[K^~[m[K
[10.318s] [01m[K/home/aayush/new_new_frenet_planner/src/IAC_planner_4/src/../include/frenet_optimal_trajectory.hpp:160:20:[m[K [01;36m[Knote: [m[Kin definition of macro ‘[01m[Ktrace[m[K’
[10.319s]   160 | #define trace(...) [01;36m[K42[m[K
[10.319s]       |                    [01;36m[K^~[m[K
[10.319s] [01m[K/home/aayush/new_new_frenet_planner/src/IAC_planner_4/src/../include/frenet_optimal_trajectory.hpp:160:20:[m[K [01;35m[Kwarning: [m[Kstatement has no effect [[01;35m[K-Wunused-value[m[K]
[10.319s]   160 | #define trace(...) [01;35m[K42[m[K
[10.320s]       |                    [01;35m[K^~[m[K
[10.320s] [01m[K/home/aayush/new_new_frenet_planner/src/IAC_planner_4/src/../include/frenet_optimal_trajectory.hpp:160:20:[m[K [01;36m[Knote: [m[Kin definition of macro ‘[01m[Ktrace[m[K’
[10.320s]   160 | #define trace(...) [01;36m[K42[m[K
[10.320s]       |                    [01;36m[K^~[m[K
[10.320s] [01m[K/home/aayush/new_new_frenet_planner/src/IAC_planner_4/src/../include/frenet_optimal_trajectory.hpp:160:20:[m[K [01;35m[Kwarning: [m[Kstatement has no effect [[01;35m[K-Wunused-value[m[K]
[10.321s]   160 | #define trace(...) [01;35m[K42[m[K
[10.321s]       |                    [01;35m[K^~[m[K
[10.321s] [01m[K/home/aayush/new_new_frenet_planner/src/IAC_planner_4/src/../include/frenet_optimal_trajectory.hpp:160:20:[m[K [01;36m[Knote: [m[Kin definition of macro ‘[01m[Ktrace[m[K’
[10.321s]   160 | #define trace(...) [01;36m[K42[m[K
[10.321s]       |                    [01;36m[K^~[m[K
[10.322s] [01m[K/home/aayush/new_new_frenet_planner/src/IAC_planner_4/src/../include/frenet_optimal_trajectory.hpp:160:20:[m[K [01;35m[Kwarning: [m[Kstatement has no effect [[01;35m[K-Wunused-value[m[K]
[10.322s]   160 | #define trace(...) [01;35m[K42[m[K
[10.322s]       |                    [01;35m[K^~[m[K
[10.322s] [01m[K/home/aayush/new_new_frenet_planner/src/IAC_planner_4/src/../include/frenet_optimal_trajectory.hpp:160:20:[m[K [01;36m[Knote: [m[Kin definition of macro ‘[01m[Ktrace[m[K’
[10.322s]   160 | #define trace(...) [01;36m[K42[m[K
[10.323s]       |                    [01;36m[K^~[m[K
[10.323s] [01m[K/home/aayush/new_new_frenet_planner/src/IAC_planner_4/src/../include/frenet_optimal_trajectory.hpp:160:20:[m[K [01;35m[Kwarning: [m[Kstatement has no effect [[01;35m[K-Wunused-value[m[K]
[10.323s]   160 | #define trace(...) [01;35m[K42[m[K
[10.323s]       |                    [01;35m[K^~[m[K
[10.323s] [01m[K/home/aayush/new_new_frenet_planner/src/IAC_planner_4/src/../include/frenet_optimal_trajectory.hpp:160:20:[m[K [01;36m[Knote: [m[Kin definition of macro ‘[01m[Ktrace[m[K’
[10.324s]   160 | #define trace(...) [01;36m[K42[m[K
[10.324s]       |                    [01;36m[K^~[m[K
[10.324s] [01m[K/home/aayush/new_new_frenet_planner/src/IAC_planner_4/src/../include/frenet_optimal_trajectory.hpp:160:20:[m[K [01;35m[Kwarning: [m[Kstatement has no effect [[01;35m[K-Wunused-value[m[K]
[10.324s]   160 | #define trace(...) [01;35m[K42[m[K
[10.325s]       |                    [01;35m[K^~[m[K
[10.325s] [01m[K/home/aayush/new_new_frenet_planner/src/IAC_planner_4/src/../include/frenet_optimal_trajectory.hpp:160:20:[m[K [01;36m[Knote: [m[Kin definition of macro ‘[01m[Ktrace[m[K’
[10.325s]   160 | #define trace(...) [01;36m[K42[m[K
[10.325s]       |                    [01;36m[K^~[m[K
[10.325s] [01m[K/home/aayush/new_new_frenet_planner/src/IAC_planner_4/src/../include/frenet_optimal_trajectory.hpp:160:20:[m[K [01;35m[Kwarning: [m[Kstatement has no effect [[01;35m[K-Wunused-value[m[K]
[10.326s]   160 | #define trace(...) [01;35m[K42[m[K
[10.326s]       |                    [01;35m[K^~[m[K
[10.326s] [01m[K/home/aayush/new_new_frenet_planner/src/IAC_planner_4/src/../include/frenet_optimal_trajectory.hpp:160:20:[m[K [01;36m[Knote: [m[Kin definition of macro ‘[01m[Ktrace[m[K’
[10.326s]   160 | #define trace(...) [01;36m[K42[m[K
[10.327s]       |                    [01;36m[K^~[m[K
[10.327s] [01m[K/home/aayush/new_new_frenet_planner/src/IAC_planner_4/src/../include/frenet_optimal_trajectory.hpp:161:59:[m[K [01;35m[Kwarning: [m[Kunused parameter ‘[01m[Kfp[m[K’ [[01;35m[K-Wunused-parameter[m[K]
[10.327s]   161 | inline ostream& operator<<(ostream& os, [01;35m[Kconst FrenetPath& fp[m[K)
[10.327s]       |                                         [01;35m[K~~~~~~~~~~~~~~~~~~^~[m[K
[10.450s] In file included from [01m[K/home/aayush/new_new_frenet_planner/src/IAC_planner_4/src/temp_frenet_ros_obst.cpp:25[m[K:
[10.450s] [01m[K/home/aayush/new_new_frenet_planner/src/IAC_planner_4/./include/matplotlibcpp.hpp:[m[K At global scope:
[10.451s] [01m[K/home/aayush/new_new_frenet_planner/src/IAC_planner_4/./include/matplotlibcpp.hpp:314:36:[m[K [01;35m[Kwarning: [m[Kstatic_assert without a message only available with ‘[01m[K-std=c++17[m[K’ or ‘[01m[K-std=gnu++17[m[K’ [[01;35m[K-Wpedantic[m[K]
[10.451s]   314 | static_assert(sizeof(long long) == [01;35m[K8[m[K);
[10.451s]       |                                    [01;35m[K^[m[K
[10.452s] [01m[K/home/aayush/new_new_frenet_planner/src/IAC_planner_4/./include/matplotlibcpp.hpp:316:45:[m[K [01;35m[Kwarning: [m[Kstatic_assert without a message only available with ‘[01m[K-std=c++17[m[K’ or ‘[01m[K-std=gnu++17[m[K’ [[01;35m[K-Wpedantic[m[K]
[10.452s]   316 | static_assert(sizeof(unsigned long long) == [01;35m[K8[m[K);
[10.453s]       |                                             [01;35m[K^[m[K
[10.772s] [01m[K/home/aayush/new_new_frenet_planner/src/IAC_planner_4/src/temp_frenet_ros_obst.cpp:[m[K In member function ‘[01m[Kvoid FrenetPath::calc_lon_paths_quintic_poly(double, double, double, double, double)[m[K’:
[10.772s] [01m[K/home/aayush/new_new_frenet_planner/src/IAC_planner_4/src/temp_frenet_ros_obst.cpp:83:91:[m[K [01;35m[Kwarning: [m[Kunused parameter ‘[01m[Kts[m[K’ [[01;35m[K-Wunused-parameter[m[K]
[10.772s]    83 | void FrenetPath::calc_lon_paths_quintic_poly(double c_speed, double s0, double Ti, [01;35m[Kdouble ts[m[K,
[10.772s]       |                                                                                    [01;35m[K~~~~~~~^~[m[K
[10.793s] [01m[K/home/aayush/new_new_frenet_planner/src/IAC_planner_4/src/temp_frenet_ros_obst.cpp:[m[K In member function ‘[01m[Kvoid FrenetPath::adding_global_path(Spline2D)[m[K’:
[10.793s] [01m[K/home/aayush/new_new_frenet_planner/src/IAC_planner_4/src/temp_frenet_ros_obst.cpp:236:9:[m[K [01;35m[Kwarning: [m[Kunused variable ‘[01m[KstartTime1[m[K’ [[01;35m[K-Wunused-variable[m[K]
[10.793s]   236 |  double [01;35m[KstartTime1[m[K = omp_get_wtime();
[10.794s]       |         [01;35m[K^~~~~~~~~~[m[K
[10.794s] [01m[K/home/aayush/new_new_frenet_planner/src/IAC_planner_4/src/temp_frenet_ros_obst.cpp:288:9:[m[K [01;35m[Kwarning: [m[Kunused variable ‘[01m[KendTime1[m[K’ [[01;35m[K-Wunused-variable[m[K]
[10.794s]   288 |  double [01;35m[KendTime1[m[K = omp_get_wtime();
[10.794s]       |         [01;35m[K^~~~~~~~[m[K
[10.811s] In file included from [01m[K/home/aayush/new_new_frenet_planner/src/IAC_planner_4/src/temp_frenet_ros_obst.cpp:9[m[K:
[10.811s] [01m[K/home/aayush/new_new_frenet_planner/src/IAC_planner_4/src/temp_frenet_ros_obst.cpp:[m[K In function ‘[01m[KFrenetPath frenet_optimal_planning(Spline2D, double, double, double, double, double, FrenetPath, double)[m[K’:
[10.812s] [01m[K/home/aayush/new_new_frenet_planner/src/IAC_planner_4/src/../include/frenet_optimal_trajectory.hpp:160:20:[m[K [01;35m[Kwarning: [m[Kstatement has no effect [[01;35m[K-Wunused-value[m[K]
[10.812s]   160 | #define trace(...) [01;35m[K42[m[K
[10.812s]       |                    [01;35m[K^~[m[K
[10.813s] [01m[K/home/aayush/new_new_frenet_planner/src/IAC_planner_4/src/../include/frenet_optimal_trajectory.hpp:160:20:[m[K [01;36m[Knote: [m[Kin definition of macro ‘[01m[Ktrace[m[K’
[10.813s]   160 | #define trace(...) [01;36m[K42[m[K
[10.813s]       |                    [01;36m[K^~[m[K
[10.813s] [01m[K/home/aayush/new_new_frenet_planner/src/IAC_planner_4/src/../include/frenet_optimal_trajectory.hpp:160:20:[m[K [01;35m[Kwarning: [m[Kstatement has no effect [[01;35m[K-Wunused-value[m[K]
[10.813s]   160 | #define trace(...) [01;35m[K42[m[K
[10.813s]       |                    [01;35m[K^~[m[K
[10.814s] [01m[K/home/aayush/new_new_frenet_planner/src/IAC_planner_4/src/../include/frenet_optimal_trajectory.hpp:160:20:[m[K [01;36m[Knote: [m[Kin definition of macro ‘[01m[Ktrace[m[K’
[10.814s]   160 | #define trace(...) [01;36m[K42[m[K
[10.814s]       |                    [01;36m[K^~[m[K
[10.814s] [01m[K/home/aayush/new_new_frenet_planner/src/IAC_planner_4/src/../include/frenet_optimal_trajectory.hpp:160:20:[m[K [01;35m[Kwarning: [m[Kstatement has no effect [[01;35m[K-Wunused-value[m[K]
[10.814s]   160 | #define trace(...) [01;35m[K42[m[K
[10.815s]       |                    [01;35m[K^~[m[K
[10.815s] [01m[K/home/aayush/new_new_frenet_planner/src/IAC_planner_4/src/../include/frenet_optimal_trajectory.hpp:160:20:[m[K [01;36m[Knote: [m[Kin definition of macro ‘[01m[Ktrace[m[K’
[10.815s]   160 | #define trace(...) [01;36m[K42[m[K
[10.816s]       |                    [01;36m[K^~[m[K
[10.816s] [01m[K/home/aayush/new_new_frenet_planner/src/IAC_planner_4/src/../include/frenet_optimal_trajectory.hpp:160:20:[m[K [01;35m[Kwarning: [m[Kstatement has no effect [[01;35m[K-Wunused-value[m[K]
[10.816s]   160 | #define trace(...) [01;35m[K42[m[K
[10.816s]       |                    [01;35m[K^~[m[K
[10.816s] [01m[K/home/aayush/new_new_frenet_planner/src/IAC_planner_4/src/../include/frenet_optimal_trajectory.hpp:160:20:[m[K [01;36m[Knote: [m[Kin definition of macro ‘[01m[Ktrace[m[K’
[10.817s]   160 | #define trace(...) [01;36m[K42[m[K
[10.817s]       |                    [01;36m[K^~[m[K
[10.817s] [01m[K/home/aayush/new_new_frenet_planner/src/IAC_planner_4/src/../include/frenet_optimal_trajectory.hpp:160:20:[m[K [01;35m[Kwarning: [m[Kstatement has no effect [[01;35m[K-Wunused-value[m[K]
[10.817s]   160 | #define trace(...) [01;35m[K42[m[K
[10.818s]       |                    [01;35m[K^~[m[K
[10.818s] [01m[K/home/aayush/new_new_frenet_planner/src/IAC_planner_4/src/../include/frenet_optimal_trajectory.hpp:160:20:[m[K [01;36m[Knote: [m[Kin definition of macro ‘[01m[Ktrace[m[K’
[10.819s]   160 | #define trace(...) [01;36m[K42[m[K
[10.819s]       |                    [01;36m[K^~[m[K
[10.819s] [01m[K/home/aayush/new_new_frenet_planner/src/IAC_planner_4/src/temp_frenet_ros_obst.cpp:497:9:[m[K [01;35m[Kwarning: [m[Kunused variable ‘[01m[KstartTime1[m[K’ [[01;35m[K-Wunused-variable[m[K]
[10.819s]   497 |  double [01;35m[KstartTime1[m[K = omp_get_wtime();
[10.819s]       |         [01;35m[K^~~~~~~~~~[m[K
[10.819s] [01m[K/home/aayush/new_new_frenet_planner/src/IAC_planner_4/src/temp_frenet_ros_obst.cpp:499:9:[m[K [01;35m[Kwarning: [m[Kunused variable ‘[01m[KendTime1[m[K’ [[01;35m[K-Wunused-variable[m[K]
[10.819s]   499 |  double [01;35m[KendTime1[m[K = omp_get_wtime();
[10.819s]       |         [01;35m[K^~~~~~~~[m[K
[10.819s] [01m[K/home/aayush/new_new_frenet_planner/src/IAC_planner_4/src/temp_frenet_ros_obst.cpp:502:9:[m[K [01;35m[Kwarning: [m[Kunused variable ‘[01m[KstartTime2[m[K’ [[01;35m[K-Wunused-variable[m[K]
[10.820s]   502 |  double [01;35m[KstartTime2[m[K = omp_get_wtime();
[10.820s]       |         [01;35m[K^~~~~~~~~~[m[K
[10.820s] [01m[K/home/aayush/new_new_frenet_planner/src/IAC_planner_4/src/temp_frenet_ros_obst.cpp:504:9:[m[K [01;35m[Kwarning: [m[Kunused variable ‘[01m[KendTime2[m[K’ [[01;35m[K-Wunused-variable[m[K]
[10.820s]   504 |  double [01;35m[KendTime2[m[K = omp_get_wtime();
[10.820s]       |         [01;35m[K^~~~~~~~[m[K
[10.821s] [01m[K/home/aayush/new_new_frenet_planner/src/IAC_planner_4/src/temp_frenet_ros_obst.cpp:508:9:[m[K [01;35m[Kwarning: [m[Kunused variable ‘[01m[KstartTime3[m[K’ [[01;35m[K-Wunused-variable[m[K]
[10.821s]   508 |  double [01;35m[KstartTime3[m[K = omp_get_wtime();
[10.821s]       |         [01;35m[K^~~~~~~~~~[m[K
[10.821s] [01m[K/home/aayush/new_new_frenet_planner/src/IAC_planner_4/src/temp_frenet_ros_obst.cpp:517:9:[m[K [01;35m[Kwarning: [m[Kunused variable ‘[01m[KendTime3[m[K’ [[01;35m[K-Wunused-variable[m[K]
[10.821s]   517 |  double [01;35m[KendTime3[m[K = omp_get_wtime();
[10.823s]       |         [01;35m[K^~~~~~~~[m[K
[11.013s] [01m[K/home/aayush/new_new_frenet_planner/src/IAC_planner_4/src/temp_frenet_ros_obst.cpp:[m[K At global scope:
[11.013s] [01m[K/home/aayush/new_new_frenet_planner/src/IAC_planner_4/src/temp_frenet_ros_obst.cpp:646:81:[m[K [01;35m[Kwarning: [m[K‘[01m[Kgeometry_msgs::msg::PolygonStamped_<std::allocator<void> >::ConstPtr[m[K’ is deprecated [[01;35m[K-Wdeprecated-declarations[m[K]
[11.014s]   646 |     void footprint_callback(const geometry_msgs::msg::PolygonStamped::ConstPtr p[01;35m[K)[m[K
[11.014s]       |                                                                                 [01;35m[K^[m[K
[11.014s] In file included from [01m[K/opt/ros/foxy/include/geometry_msgs/msg/polygon_stamped.hpp:7[m[K,
[11.015s]                  from [01m[K/home/aayush/new_new_frenet_planner/src/IAC_planner_4/src/../include/frenet_optimal_trajectory.hpp:14[m[K,
[11.015s]                  from [01m[K/home/aayush/new_new_frenet_planner/src/IAC_planner_4/src/temp_frenet_ros_obst.cpp:9[m[K:
[11.015s] [01m[K/opt/ros/foxy/include/geometry_msgs/msg/detail/polygon_stamped__struct.hpp:114:5:[m[K [01;36m[Knote: [m[Kdeclared here
[11.015s]   114 |     [01;36m[KConstPtr[m[K;
[11.015s]       |     [01;36m[K^~~~~~~~[m[K
[11.015s] [01m[K/home/aayush/new_new_frenet_planner/src/IAC_planner_4/src/temp_frenet_ros_obst.cpp:654:67:[m[K [01;35m[Kwarning: [m[K‘[01m[Knav_msgs::msg::Odometry_<std::allocator<void> >::ConstPtr[m[K’ is deprecated [[01;35m[K-Wdeprecated-declarations[m[K]
[11.015s]   654 |     void odom_callback(const nav_msgs::msg::Odometry::ConstPtr msg[01;35m[K)[m[K
[11.015s]       |                                                                   [01;35m[K^[m[K
[11.015s] In file included from [01m[K/opt/ros/foxy/include/nav_msgs/msg/odometry.hpp:7[m[K,
[11.015s]                  from [01m[K/home/aayush/new_new_frenet_planner/src/IAC_planner_4/src/../include/frenet_optimal_trajectory.hpp:11[m[K,
[11.016s]                  from [01m[K/home/aayush/new_new_frenet_planner/src/IAC_planner_4/src/temp_frenet_ros_obst.cpp:9[m[K:
[11.016s] [01m[K/opt/ros/foxy/include/nav_msgs/msg/detail/odometry__struct.hpp:145:5:[m[K [01;36m[Knote: [m[Kdeclared here
[11.016s]   145 |     [01;36m[KConstPtr[m[K;
[11.016s]       |     [01;36m[K^~~~~~~~[m[K
[11.016s] [01m[K/home/aayush/new_new_frenet_planner/src/IAC_planner_4/src/temp_frenet_ros_obst.cpp:658:86:[m[K [01;35m[Kwarning: [m[K‘[01m[Knav_msgs::msg::OccupancyGrid_<std::allocator<void> >::ConstPtr[m[K’ is deprecated [[01;35m[K-Wdeprecated-declarations[m[K]
[11.017s]   658 |     void costmap_callback(const nav_msgs::msg::OccupancyGrid::ConstPtr occupancy_grid[01;35m[K)[m[K
[11.017s]       |                                                                                      [01;35m[K^[m[K
[11.017s] In file included from [01m[K/opt/ros/foxy/include/nav_msgs/msg/occupancy_grid.hpp:7[m[K,
[11.017s]                  from [01m[K/home/aayush/new_new_frenet_planner/src/IAC_planner_4/src/../include/frenet_optimal_trajectory.hpp:13[m[K,
[11.017s]                  from [01m[K/home/aayush/new_new_frenet_planner/src/IAC_planner_4/src/temp_frenet_ros_obst.cpp:9[m[K:
[11.018s] [01m[K/opt/ros/foxy/include/nav_msgs/msg/detail/occupancy_grid__struct.hpp:123:5:[m[K [01;36m[Knote: [m[Kdeclared here
[11.018s]   123 |     [01;36m[KConstPtr[m[K;
[11.018s]       |     [01;36m[K^~~~~~~~[m[K
[11.140s] [01m[K/home/aayush/new_new_frenet_planner/src/IAC_planner_4/src/temp_frenet_ros_obst.cpp:[m[K In member function ‘[01m[Kvoid FrenetClass::costmap_callback(nav_msgs::msg::OccupancyGrid_<std::allocator<void> >::ConstPtr)[m[K’:
[11.143s] [01m[K/home/aayush/new_new_frenet_planner/src/IAC_planner_4/src/temp_frenet_ros_obst.cpp:692:22:[m[K [01;35m[Kwarning: [m[Kcomparison of integer expressions of different signedness: ‘[01m[Klong int[m[K’ and ‘[01m[Kstd::vector<std::pair<double, double> >::size_type[m[K’ {aka ‘[01m[Klong unsigned int[m[K’} [[01;35m[K-Wsign-compare[m[K]
[11.143s]   692 |   for (long i = 0; [01;35m[Ki < ob1.size()[m[K; i++)
[11.143s]       |                    [01;35m[K~~^~~~~~~~~~~~[m[K
[11.144s] [01m[K/home/aayush/new_new_frenet_planner/src/IAC_planner_4/src/temp_frenet_ros_obst.cpp:668:13:[m[K [01;35m[Kwarning: [m[Kunused variable ‘[01m[KstartTime1[m[K’ [[01;35m[K-Wunused-variable[m[K]
[11.144s]   668 |      double [01;35m[KstartTime1[m[K = omp_get_wtime();
[11.144s]       |             [01;35m[K^~~~~~~~~~[m[K
[11.147s] In file included from [01m[K/home/aayush/new_new_frenet_planner/src/IAC_planner_4/src/temp_frenet_ros_obst.cpp:9[m[K:
[11.147s] [01m[K/home/aayush/new_new_frenet_planner/src/IAC_planner_4/src/temp_frenet_ros_obst.cpp:[m[K In function ‘[01m[Kdouble get_bot_yaw()[m[K’:
[11.148s] [01m[K/home/aayush/new_new_frenet_planner/src/IAC_planner_4/src/../include/frenet_optimal_trajectory.hpp:160:20:[m[K [01;35m[Kwarning: [m[Kstatement has no effect [[01;35m[K-Wunused-value[m[K]
[11.148s]   160 | #define trace(...) [01;35m[K42[m[K
[11.148s]       |                    [01;35m[K^~[m[K
[11.149s] [01m[K/home/aayush/new_new_frenet_planner/src/IAC_planner_4/src/../include/frenet_optimal_trajectory.hpp:160:20:[m[K [01;36m[Knote: [m[Kin definition of macro ‘[01m[Ktrace[m[K’
[11.149s]   160 | #define trace(...) [01;36m[K42[m[K
[11.149s]       |                    [01;36m[K^~[m[K
[11.150s] [01m[K/home/aayush/new_new_frenet_planner/src/IAC_planner_4/src/temp_frenet_ros_obst.cpp:[m[K In function ‘[01m[Kvoid initial_conditions_path(Spline2D&, double&, double&, double&, double&, double&, double&, FrenetPath&)[m[K’:
[11.150s] [01m[K/home/aayush/new_new_frenet_planner/src/IAC_planner_4/src/temp_frenet_ros_obst.cpp:754:40:[m[K [01;35m[Kwarning: [m[Kunused parameter ‘[01m[Kcsp[m[K’ [[01;35m[K-Wunused-parameter[m[K]
[11.150s]   754 | void initial_conditions_path([01;35m[KSpline2D &csp[m[K, double &s0, double &c_speed, double &c_d, double &c_d_d,
[11.150s]       |                              [01;35m[K~~~~~~~~~~^~~[m[K
[11.153s] In file included from [01m[K/home/aayush/new_new_frenet_planner/src/IAC_planner_4/src/temp_frenet_ros_obst.cpp:9[m[K:
[11.153s] [01m[K/home/aayush/new_new_frenet_planner/src/IAC_planner_4/src/temp_frenet_ros_obst.cpp:[m[K In function ‘[01m[Kint initial_conditions_new(Spline2D&, vecD&, vecD&, vecD&, vecD&, vecD&, double&, double&, double&, double&, double&, double&, FrenetPath&)[m[K’:
[11.154s] [01m[K/home/aayush/new_new_frenet_planner/src/IAC_planner_4/src/../include/frenet_optimal_trajectory.hpp:160:20:[m[K [01;35m[Kwarning: [m[Kstatement has no effect [[01;35m[K-Wunused-value[m[K]
[11.154s]   160 | #define trace(...) [01;35m[K42[m[K
[11.155s]       |                    [01;35m[K^~[m[K
[11.155s] [01m[K/home/aayush/new_new_frenet_planner/src/IAC_planner_4/src/../include/frenet_optimal_trajectory.hpp:160:20:[m[K [01;36m[Knote: [m[Kin definition of macro ‘[01m[Ktrace[m[K’
[11.155s]   160 | #define trace(...) [01;36m[K42[m[K
[11.156s]       |                    [01;36m[K^~[m[K
[11.156s] [01m[K/home/aayush/new_new_frenet_planner/src/IAC_planner_4/src/../include/frenet_optimal_trajectory.hpp:160:20:[m[K [01;35m[Kwarning: [m[Kstatement has no effect [[01;35m[K-Wunused-value[m[K]
[11.156s]   160 | #define trace(...) [01;35m[K42[m[K
[11.156s]       |                    [01;35m[K^~[m[K
[11.157s] [01m[K/home/aayush/new_new_frenet_planner/src/IAC_planner_4/src/../include/frenet_optimal_trajectory.hpp:160:20:[m[K [01;36m[Knote: [m[Kin definition of macro ‘[01m[Ktrace[m[K’
[11.157s]   160 | #define trace(...) [01;36m[K42[m[K
[11.157s]       |                    [01;36m[K^~[m[K
[11.157s] [01m[K/home/aayush/new_new_frenet_planner/src/IAC_planner_4/src/temp_frenet_ros_obst.cpp:781:38:[m[K [01;35m[Kwarning: [m[Kunused parameter ‘[01m[Kcsp[m[K’ [[01;35m[K-Wunused-parameter[m[K]
[11.157s]   781 | int initial_conditions_new([01;35m[KSpline2D &csp[m[K, vecD &global_s, vecD &global_x, vecD &global_y,
[11.158s]       |                            [01;35m[K~~~~~~~~~~^~~[m[K
[11.176s] In file included from [01m[K/home/aayush/new_new_frenet_planner/src/IAC_planner_4/src/temp_frenet_ros_obst.cpp:9[m[K:
[11.177s] [01m[K/home/aayush/new_new_frenet_planner/src/IAC_planner_4/src/temp_frenet_ros_obst.cpp:[m[K In function ‘[01m[Kint main(int, char**)[m[K’:
[11.177s] [01m[K/home/aayush/new_new_frenet_planner/src/IAC_planner_4/src/../include/frenet_optimal_trajectory.hpp:160:20:[m[K [01;35m[Kwarning: [m[Kstatement has no effect [[01;35m[K-Wunused-value[m[K]
[11.178s]   160 | #define trace(...) [01;35m[K42[m[K
[11.178s]       |                    [01;35m[K^~[m[K
[11.178s] [01m[K/home/aayush/new_new_frenet_planner/src/IAC_planner_4/src/../include/frenet_optimal_trajectory.hpp:160:20:[m[K [01;36m[Knote: [m[Kin definition of macro ‘[01m[Ktrace[m[K’
[11.179s]   160 | #define trace(...) [01;36m[K42[m[K
[11.179s]       |                    [01;36m[K^~[m[K
[11.250s] [01m[K/home/aayush/new_new_frenet_planner/src/IAC_planner_4/src/temp_frenet_ros_obst.cpp:910:10:[m[K [01;35m[Kwarning: [m[Kunused variable ‘[01m[KstartTime1[m[K’ [[01;35m[K-Wunused-variable[m[K]
[11.250s]   910 |   double [01;35m[KstartTime1[m[K = omp_get_wtime();
[11.250s]       |          [01;35m[K^~~~~~~~~~[m[K
[11.251s] [01m[K/home/aayush/new_new_frenet_planner/src/IAC_planner_4/src/temp_frenet_ros_obst.cpp:926:10:[m[K [01;35m[Kwarning: [m[Kunused variable ‘[01m[KendTime1[m[K’ [[01;35m[K-Wunused-variable[m[K]
[11.251s]   926 |   double [01;35m[KendTime1[m[K = omp_get_wtime();
[11.252s]       |          [01;35m[K^~~~~~~~[m[K
[11.252s] [01m[K/home/aayush/new_new_frenet_planner/src/IAC_planner_4/src/temp_frenet_ros_obst.cpp:959:10:[m[K [01;35m[Kwarning: [m[Kunused variable ‘[01m[KstartTime2[m[K’ [[01;35m[K-Wunused-variable[m[K]
[11.252s]   959 |   double [01;35m[KstartTime2[m[K = omp_get_wtime();
[11.253s]       |          [01;35m[K^~~~~~~~~~[m[K
[11.253s] [01m[K/home/aayush/new_new_frenet_planner/src/IAC_planner_4/src/temp_frenet_ros_obst.cpp:963:10:[m[K [01;35m[Kwarning: [m[Kunused variable ‘[01m[KendTime2[m[K’ [[01;35m[K-Wunused-variable[m[K]
[11.253s]   963 |   double [01;35m[KendTime2[m[K = omp_get_wtime();
[11.253s]       |          [01;35m[K^~~~~~~~[m[K
[11.254s] [01m[K/home/aayush/new_new_frenet_planner/src/IAC_planner_4/src/temp_frenet_ros_obst.cpp:1015:10:[m[K [01;35m[Kwarning: [m[Kunused variable ‘[01m[KstartTime3[m[K’ [[01;35m[K-Wunused-variable[m[K]
[11.254s]  1015 |   double [01;35m[KstartTime3[m[K = omp_get_wtime();
[11.254s]       |          [01;35m[K^~~~~~~~~~[m[K
[11.255s] [01m[K/home/aayush/new_new_frenet_planner/src/IAC_planner_4/src/temp_frenet_ros_obst.cpp:1017:10:[m[K [01;35m[Kwarning: [m[Kunused variable ‘[01m[KendTime3[m[K’ [[01;35m[K-Wunused-variable[m[K]
[11.255s]  1017 |   double [01;35m[KendTime3[m[K = omp_get_wtime();
[11.255s]       |          [01;35m[K^~~~~~~~[m[K
[11.255s] [01m[K/home/aayush/new_new_frenet_planner/src/IAC_planner_4/src/temp_frenet_ros_obst.cpp:848:7:[m[K [01;35m[Kwarning: [m[Kunused variable ‘[01m[KgotOdom[m[K’ [[01;35m[K-Wunused-variable[m[K]
[11.256s]   848 |  bool [01;35m[KgotOdom[m[K = false;
[11.256s]       |       [01;35m[K^~~~~~~[m[K
[11.256s] [01m[K/home/aayush/new_new_frenet_planner/src/IAC_planner_4/src/temp_frenet_ros_obst.cpp:892:7:[m[K [01;35m[Kwarning: [m[Kunused variable ‘[01m[Krun_frenet[m[K’ [[01;35m[K-Wunused-variable[m[K]
[11.257s]   892 |  bool [01;35m[Krun_frenet[m[K = true;
[11.257s]       |       [01;35m[K^~~~~~~~~~[m[K
[11.257s] [01m[K/home/aayush/new_new_frenet_planner/src/IAC_planner_4/src/temp_frenet_ros_obst.cpp:897:9:[m[K [01;35m[Kwarning: [m[Kunused variable ‘[01m[Kpltbasetime[m[K’ [[01;35m[K-Wunused-variable[m[K]
[11.257s]   897 |  double [01;35m[Kpltbasetime[m[K = omp_get_wtime();
[11.258s]       |         [01;35m[K^~~~~~~~~~~[m[K
[21.091s] In file included from [01m[K/home/aayush/new_new_frenet_planner/src/IAC_planner_4/src/temp_frenet_ros_obst.cpp:9[m[K:
[21.091s] [01m[K/home/aayush/new_new_frenet_planner/src/IAC_planner_4/src/../include/frenet_optimal_trajectory.hpp:[m[K At global scope:
[21.091s] [01m[K/home/aayush/new_new_frenet_planner/src/IAC_planner_4/src/../include/frenet_optimal_trajectory.hpp:32:15:[m[K [01;35m[Kwarning: [m[K‘[01m[KMIN_LAT_VEL[m[K’ defined but not used [[01;35m[K-Wunused-variable[m[K]
[21.092s]    32 | static double [01;35m[KMIN_LAT_VEL[m[K = -1.0;  // minimum lateral speed. Sampling for d_dot
[21.092s]       |               [01;35m[K^~~~~~~~~~~[m[K
[21.092s] [01m[K/home/aayush/new_new_frenet_planner/src/IAC_planner_4/src/../include/frenet_optimal_trajectory.hpp:31:15:[m[K [01;35m[Kwarning: [m[K‘[01m[KROBOT_RADIUS[m[K’ defined but not used [[01;35m[K-Wunused-variable[m[K]
[21.092s]    31 | static double [01;35m[KROBOT_RADIUS[m[K = 2.0;  // robot radius [m]
[21.092s]       |               [01;35m[K^~~~~~~~~~~~[m[K
[21.093s] [01m[K/home/aayush/new_new_frenet_planner/src/IAC_planner_4/src/../include/frenet_optimal_trajectory.hpp:22:15:[m[K [01;35m[Kwarning: [m[K‘[01m[KMAX_CURVATURE[m[K’ defined but not used [[01;35m[K-Wunused-variable[m[K]
[21.093s]    22 | static double [01;35m[KMAX_CURVATURE[m[K = 2.0;  // maximum curvature [1/m]
[21.094s]       |               [01;35m[K^~~~~~~~~~~~~[m[K
[21.095s] [01m[K/home/aayush/new_new_frenet_planner/src/IAC_planner_4/src/../include/frenet_optimal_trajectory.hpp:21:15:[m[K [01;35m[Kwarning: [m[K‘[01m[KMAX_ACCEL[m[K’ defined but not used [[01;35m[K-Wunused-variable[m[K]
[21.095s]    21 | static double [01;35m[KMAX_ACCEL[m[K = 5.0;  // maximum acceleration [m/ss]
[21.095s]       |               [01;35m[K^~~~~~~~~[m[K
[21.095s] [01m[K/home/aayush/new_new_frenet_planner/src/IAC_planner_4/src/../include/frenet_optimal_trajectory.hpp:20:15:[m[K [01;35m[Kwarning: [m[K‘[01m[KMAX_SPEED[m[K’ defined but not used [[01;35m[K-Wunused-variable[m[K]
[21.096s]    20 | static double [01;35m[KMAX_SPEED[m[K = 13.89;  // maximum speed [m/s]
[21.096s]       |               [01;35m[K^~~~~~~~~[m[K
[38.341s] [ 50%] [32m[1mLinking CXX executable temp_frenet_ros_obst[0m
[40.217s] [100%] Built target temp_frenet_ros_obst
[40.243s] Invoked command in '/home/aayush/new_new_frenet_planner/build/frenet_planner' returned '0': CMAKE_PREFIX_PATH=${CMAKE_PREFIX_PATH}:/home/aayush/new_new_frenet_planner/install/dummy:/opt/ros/foxy /usr/bin/cmake --build /home/aayush/new_new_frenet_planner/build/frenet_planner -- -j2 -l2
[40.338s] Invoking command in '/home/aayush/new_new_frenet_planner/build/frenet_planner': CMAKE_PREFIX_PATH=${CMAKE_PREFIX_PATH}:/home/aayush/new_new_frenet_planner/install/dummy:/opt/ros/foxy /usr/bin/cmake --install /home/aayush/new_new_frenet_planner/build/frenet_planner
[40.360s] -- Install configuration: ""
[40.362s] -- Installing: /home/aayush/new_new_frenet_planner/install/frenet_planner/lib/frenet_planner/temp_frenet_ros_obst
[40.374s] -- Set runtime path of "/home/aayush/new_new_frenet_planner/install/frenet_planner/lib/frenet_planner/temp_frenet_ros_obst" to ""
[40.375s] -- Up-to-date: /home/aayush/new_new_frenet_planner/install/frenet_planner/share/frenet_planner/launch
[40.375s] -- Up-to-date: /home/aayush/new_new_frenet_planner/install/frenet_planner/share/frenet_planner/launch/frenet_planner_launch.py
[40.375s] -- Up-to-date: /home/aayush/new_new_frenet_planner/install/frenet_planner/share/frenet_planner/launch/__pycache__
[40.376s] -- Up-to-date: /home/aayush/new_new_frenet_planner/install/frenet_planner/share/frenet_planner/launch/__pycache__/frenet_planner_launch.cpython-38.pyc
[40.376s] -- Up-to-date: /home/aayush/new_new_frenet_planner/install/frenet_planner/share/ament_index/resource_index/package_run_dependencies/frenet_planner
[40.377s] -- Up-to-date: /home/aayush/new_new_frenet_planner/install/frenet_planner/share/ament_index/resource_index/parent_prefix_path/frenet_planner
[40.377s] -- Up-to-date: /home/aayush/new_new_frenet_planner/install/frenet_planner/share/frenet_planner/environment/ament_prefix_path.sh
[40.378s] -- Up-to-date: /home/aayush/new_new_frenet_planner/install/frenet_planner/share/frenet_planner/environment/ament_prefix_path.dsv
[40.379s] -- Up-to-date: /home/aayush/new_new_frenet_planner/install/frenet_planner/share/frenet_planner/environment/path.sh
[40.379s] -- Up-to-date: /home/aayush/new_new_frenet_planner/install/frenet_planner/share/frenet_planner/environment/path.dsv
[40.380s] -- Up-to-date: /home/aayush/new_new_frenet_planner/install/frenet_planner/share/frenet_planner/local_setup.bash
[40.380s] -- Up-to-date: /home/aayush/new_new_frenet_planner/install/frenet_planner/share/frenet_planner/local_setup.sh
[40.381s] -- Up-to-date: /home/aayush/new_new_frenet_planner/install/frenet_planner/share/frenet_planner/local_setup.zsh
[40.381s] -- Up-to-date: /home/aayush/new_new_frenet_planner/install/frenet_planner/share/frenet_planner/local_setup.dsv
[40.382s] -- Installing: /home/aayush/new_new_frenet_planner/install/frenet_planner/share/frenet_planner/package.dsv
[40.383s] -- Up-to-date: /home/aayush/new_new_frenet_planner/install/frenet_planner/share/ament_index/resource_index/packages/frenet_planner
[40.383s] -- Up-to-date: /home/aayush/new_new_frenet_planner/install/frenet_planner/share/frenet_planner/cmake/frenet_plannerConfig.cmake
[40.384s] -- Up-to-date: /home/aayush/new_new_frenet_planner/install/frenet_planner/share/frenet_planner/cmake/frenet_plannerConfig-version.cmake
[40.384s] -- Up-to-date: /home/aayush/new_new_frenet_planner/install/frenet_planner/share/frenet_planner/package.xml
[40.394s] Invoked command in '/home/aayush/new_new_frenet_planner/build/frenet_planner' returned '0': CMAKE_PREFIX_PATH=${CMAKE_PREFIX_PATH}:/home/aayush/new_new_frenet_planner/install/dummy:/opt/ros/foxy /usr/bin/cmake --install /home/aayush/new_new_frenet_planner/build/frenet_planner
