[0.966s] Invoking command in '/home/aayush/new_frenet_planner/build/frenet_planner': CMAKE_PREFIX_PATH=${CMAKE_PREFIX_PATH}:/home/aayush/fake_iac_ws/install/dummy:/opt/ros/foxy /usr/bin/cmake --build /home/aayush/new_frenet_planner/build/frenet_planner -- -j2 -l2
[1.149s] [35m[1mScanning dependencies of target temp_frenet_ros_obst[0m
[1.401s] [ 20%] [32mBuilding CXX object CMakeFiles/temp_frenet_ros_obst.dir/src/frenet_optimal_trajectory.cpp.o[0m
[9.825s] In file included from [01m[K/home/aayush/new_frenet_planner/src/frenet_planner_3/src/frenet_optimal_trajectory.cpp:1[m[K:
[9.825s] [01m[K/home/aayush/new_frenet_planner/src/frenet_planner_3/src/../include/frenet_optimal_trajectory.hpp:[m[K In function ‘[01m[Kstd::ostream& operator<<(std::ostream&, const FrenetPath&)[m[K’:
[9.825s] [01m[K/home/aayush/new_frenet_planner/src/frenet_planner_3/src/../include/frenet_optimal_trajectory.hpp:158:20:[m[K [01;35m[Kwarning: [m[Kstatement has no effect [[01;35m[K-Wunused-value[m[K]
[9.825s]   158 | #define trace(...) [01;35m[K42[m[K
[9.826s]       |                    [01;35m[K^~[m[K
[9.826s] [01m[K/home/aayush/new_frenet_planner/src/frenet_planner_3/src/../include/frenet_optimal_trajectory.hpp:158:20:[m[K [01;36m[Knote: [m[Kin definition of macro ‘[01m[Ktrace[m[K’
[9.826s]   158 | #define trace(...) [01;36m[K42[m[K
[9.826s]       |                    [01;36m[K^~[m[K
[9.827s] [01m[K/home/aayush/new_frenet_planner/src/frenet_planner_3/src/../include/frenet_optimal_trajectory.hpp:158:20:[m[K [01;35m[Kwarning: [m[Kstatement has no effect [[01;35m[K-Wunused-value[m[K]
[9.827s]   158 | #define trace(...) [01;35m[K42[m[K
[9.827s]       |                    [01;35m[K^~[m[K
[9.827s] [01m[K/home/aayush/new_frenet_planner/src/frenet_planner_3/src/../include/frenet_optimal_trajectory.hpp:158:20:[m[K [01;36m[Knote: [m[Kin definition of macro ‘[01m[Ktrace[m[K’
[9.827s]   158 | #define trace(...) [01;36m[K42[m[K
[9.828s]       |                    [01;36m[K^~[m[K
[9.828s] [01m[K/home/aayush/new_frenet_planner/src/frenet_planner_3/src/../include/frenet_optimal_trajectory.hpp:158:20:[m[K [01;35m[Kwarning: [m[Kstatement has no effect [[01;35m[K-Wunused-value[m[K]
[9.828s]   158 | #define trace(...) [01;35m[K42[m[K
[9.828s]       |                    [01;35m[K^~[m[K
[9.829s] [01m[K/home/aayush/new_frenet_planner/src/frenet_planner_3/src/../include/frenet_optimal_trajectory.hpp:158:20:[m[K [01;36m[Knote: [m[Kin definition of macro ‘[01m[Ktrace[m[K’
[9.829s]   158 | #define trace(...) [01;36m[K42[m[K
[9.829s]       |                    [01;36m[K^~[m[K
[9.829s] [01m[K/home/aayush/new_frenet_planner/src/frenet_planner_3/src/../include/frenet_optimal_trajectory.hpp:158:20:[m[K [01;35m[Kwarning: [m[Kstatement has no effect [[01;35m[K-Wunused-value[m[K]
[9.829s]   158 | #define trace(...) [01;35m[K42[m[K
[9.830s]       |                    [01;35m[K^~[m[K
[9.830s] [01m[K/home/aayush/new_frenet_planner/src/frenet_planner_3/src/../include/frenet_optimal_trajectory.hpp:158:20:[m[K [01;36m[Knote: [m[Kin definition of macro ‘[01m[Ktrace[m[K’
[9.830s]   158 | #define trace(...) [01;36m[K42[m[K
[9.830s]       |                    [01;36m[K^~[m[K
[9.830s] [01m[K/home/aayush/new_frenet_planner/src/frenet_planner_3/src/../include/frenet_optimal_trajectory.hpp:158:20:[m[K [01;35m[Kwarning: [m[Kstatement has no effect [[01;35m[K-Wunused-value[m[K]
[9.831s]   158 | #define trace(...) [01;35m[K42[m[K
[9.831s]       |                    [01;35m[K^~[m[K
[9.831s] [01m[K/home/aayush/new_frenet_planner/src/frenet_planner_3/src/../include/frenet_optimal_trajectory.hpp:158:20:[m[K [01;36m[Knote: [m[Kin definition of macro ‘[01m[Ktrace[m[K’
[9.831s]   158 | #define trace(...) [01;36m[K42[m[K
[9.831s]       |                    [01;36m[K^~[m[K
[9.832s] [01m[K/home/aayush/new_frenet_planner/src/frenet_planner_3/src/../include/frenet_optimal_trajectory.hpp:158:20:[m[K [01;35m[Kwarning: [m[Kstatement has no effect [[01;35m[K-Wunused-value[m[K]
[9.833s]   158 | #define trace(...) [01;35m[K42[m[K
[9.833s]       |                    [01;35m[K^~[m[K
[9.833s] [01m[K/home/aayush/new_frenet_planner/src/frenet_planner_3/src/../include/frenet_optimal_trajectory.hpp:158:20:[m[K [01;36m[Knote: [m[Kin definition of macro ‘[01m[Ktrace[m[K’
[9.833s]   158 | #define trace(...) [01;36m[K42[m[K
[9.833s]       |                    [01;36m[K^~[m[K
[9.834s] [01m[K/home/aayush/new_frenet_planner/src/frenet_planner_3/src/../include/frenet_optimal_trajectory.hpp:158:20:[m[K [01;35m[Kwarning: [m[Kstatement has no effect [[01;35m[K-Wunused-value[m[K]
[9.834s]   158 | #define trace(...) [01;35m[K42[m[K
[9.834s]       |                    [01;35m[K^~[m[K
[9.834s] [01m[K/home/aayush/new_frenet_planner/src/frenet_planner_3/src/../include/frenet_optimal_trajectory.hpp:158:20:[m[K [01;36m[Knote: [m[Kin definition of macro ‘[01m[Ktrace[m[K’
[9.834s]   158 | #define trace(...) [01;36m[K42[m[K
[9.835s]       |                    [01;36m[K^~[m[K
[9.835s] [01m[K/home/aayush/new_frenet_planner/src/frenet_planner_3/src/../include/frenet_optimal_trajectory.hpp:158:20:[m[K [01;35m[Kwarning: [m[Kstatement has no effect [[01;35m[K-Wunused-value[m[K]
[9.835s]   158 | #define trace(...) [01;35m[K42[m[K
[9.835s]       |                    [01;35m[K^~[m[K
[9.836s] [01m[K/home/aayush/new_frenet_planner/src/frenet_planner_3/src/../include/frenet_optimal_trajectory.hpp:158:20:[m[K [01;36m[Knote: [m[Kin definition of macro ‘[01m[Ktrace[m[K’
[9.836s]   158 | #define trace(...) [01;36m[K42[m[K
[9.836s]       |                    [01;36m[K^~[m[K
[9.836s] [01m[K/home/aayush/new_frenet_planner/src/frenet_planner_3/src/../include/frenet_optimal_trajectory.hpp:158:20:[m[K [01;35m[Kwarning: [m[Kstatement has no effect [[01;35m[K-Wunused-value[m[K]
[9.836s]   158 | #define trace(...) [01;35m[K42[m[K
[9.837s]       |                    [01;35m[K^~[m[K
[9.837s] [01m[K/home/aayush/new_frenet_planner/src/frenet_planner_3/src/../include/frenet_optimal_trajectory.hpp:158:20:[m[K [01;36m[Knote: [m[Kin definition of macro ‘[01m[Ktrace[m[K’
[9.837s]   158 | #define trace(...) [01;36m[K42[m[K
[9.837s]       |                    [01;36m[K^~[m[K
[9.837s] [01m[K/home/aayush/new_frenet_planner/src/frenet_planner_3/src/../include/frenet_optimal_trajectory.hpp:158:20:[m[K [01;35m[Kwarning: [m[Kstatement has no effect [[01;35m[K-Wunused-value[m[K]
[9.838s]   158 | #define trace(...) [01;35m[K42[m[K
[9.838s]       |                    [01;35m[K^~[m[K
[9.838s] [01m[K/home/aayush/new_frenet_planner/src/frenet_planner_3/src/../include/frenet_optimal_trajectory.hpp:158:20:[m[K [01;36m[Knote: [m[Kin definition of macro ‘[01m[Ktrace[m[K’
[9.838s]   158 | #define trace(...) [01;36m[K42[m[K
[9.839s]       |                    [01;36m[K^~[m[K
[9.839s] [01m[K/home/aayush/new_frenet_planner/src/frenet_planner_3/src/../include/frenet_optimal_trajectory.hpp:158:20:[m[K [01;35m[Kwarning: [m[Kstatement has no effect [[01;35m[K-Wunused-value[m[K]
[9.839s]   158 | #define trace(...) [01;35m[K42[m[K
[9.839s]       |                    [01;35m[K^~[m[K
[9.839s] [01m[K/home/aayush/new_frenet_planner/src/frenet_planner_3/src/../include/frenet_optimal_trajectory.hpp:158:20:[m[K [01;36m[Knote: [m[Kin definition of macro ‘[01m[Ktrace[m[K’
[9.840s]   158 | #define trace(...) [01;36m[K42[m[K
[9.840s]       |                    [01;36m[K^~[m[K
[9.840s] [01m[K/home/aayush/new_frenet_planner/src/frenet_planner_3/src/../include/frenet_optimal_trajectory.hpp:158:20:[m[K [01;35m[Kwarning: [m[Kstatement has no effect [[01;35m[K-Wunused-value[m[K]
[9.840s]   158 | #define trace(...) [01;35m[K42[m[K
[9.840s]       |                    [01;35m[K^~[m[K
[9.841s] [01m[K/home/aayush/new_frenet_planner/src/frenet_planner_3/src/../include/frenet_optimal_trajectory.hpp:158:20:[m[K [01;36m[Knote: [m[Kin definition of macro ‘[01m[Ktrace[m[K’
[9.841s]   158 | #define trace(...) [01;36m[K42[m[K
[9.841s]       |                    [01;36m[K^~[m[K
[9.841s] [01m[K/home/aayush/new_frenet_planner/src/frenet_planner_3/src/../include/frenet_optimal_trajectory.hpp:158:20:[m[K [01;35m[Kwarning: [m[Kstatement has no effect [[01;35m[K-Wunused-value[m[K]
[9.842s]   158 | #define trace(...) [01;35m[K42[m[K
[9.842s]       |                    [01;35m[K^~[m[K
[9.842s] [01m[K/home/aayush/new_frenet_planner/src/frenet_planner_3/src/../include/frenet_optimal_trajectory.hpp:158:20:[m[K [01;36m[Knote: [m[Kin definition of macro ‘[01m[Ktrace[m[K’
[9.842s]   158 | #define trace(...) [01;36m[K42[m[K
[9.842s]       |                    [01;36m[K^~[m[K
[9.843s] [01m[K/home/aayush/new_frenet_planner/src/frenet_planner_3/src/../include/frenet_optimal_trajectory.hpp:159:59:[m[K [01;35m[Kwarning: [m[Kunused parameter ‘[01m[Kfp[m[K’ [[01;35m[K-Wunused-parameter[m[K]
[9.843s]   159 | inline ostream& operator<<(ostream& os, [01;35m[Kconst FrenetPath& fp[m[K)
[9.843s]       |                                         [01;35m[K~~~~~~~~~~~~~~~~~~^~[m[K
[10.926s] In file included from [01m[K/home/aayush/new_frenet_planner/src/frenet_planner_3/src/frenet_optimal_trajectory.cpp:6[m[K:
[10.926s] [01m[K/home/aayush/new_frenet_planner/src/frenet_planner_3/./include/matplotlibcpp.hpp:[m[K At global scope:
[10.927s] [01m[K/home/aayush/new_frenet_planner/src/frenet_planner_3/./include/matplotlibcpp.hpp:314:36:[m[K [01;35m[Kwarning: [m[Kstatic_assert without a message only available with ‘[01m[K-std=c++17[m[K’ or ‘[01m[K-std=gnu++17[m[K’ [[01;35m[K-Wpedantic[m[K]
[10.927s]   314 | static_assert(sizeof(long long) == [01;35m[K8[m[K);
[10.927s]       |                                    [01;35m[K^[m[K
[10.928s] [01m[K/home/aayush/new_frenet_planner/src/frenet_planner_3/./include/matplotlibcpp.hpp:316:45:[m[K [01;35m[Kwarning: [m[Kstatic_assert without a message only available with ‘[01m[K-std=c++17[m[K’ or ‘[01m[K-std=gnu++17[m[K’ [[01;35m[K-Wpedantic[m[K]
[10.928s]   316 | static_assert(sizeof(unsigned long long) == [01;35m[K8[m[K);
[10.928s]       |                                             [01;35m[K^[m[K
[11.108s] [01m[K/home/aayush/new_frenet_planner/src/frenet_planner_3/src/frenet_optimal_trajectory.cpp:[m[K In member function ‘[01m[Kvoid FrenetPath::calc_lon_paths_quintic_poly(double, double, double, double, double)[m[K’:
[11.108s] [01m[K/home/aayush/new_frenet_planner/src/frenet_planner_3/src/frenet_optimal_trajectory.cpp:62:91:[m[K [01;35m[Kwarning: [m[Kunused parameter ‘[01m[Kts[m[K’ [[01;35m[K-Wunused-parameter[m[K]
[11.108s]    62 | s_quintic_poly(double c_speed, double s0, double Ti, [01;35m[Kdouble ts[m[K,
[11.109s]       |                                                      [01;35m[K~~~~~~~^~[m[K
[11.109s] 
[11.128s] [01m[K/home/aayush/new_frenet_planner/src/frenet_planner_3/src/frenet_optimal_trajectory.cpp:[m[K In function ‘[01m[Kstd::vector<FrenetPath> calc_frenet_paths(double, double, double, double, double, FrenetPath)[m[K’:
[11.129s] [01m[K/home/aayush/new_frenet_planner/src/frenet_planner_3/src/frenet_optimal_trajectory.cpp:140:33:[m[K [01;35m[Kwarning: [m[Kunused parameter ‘[01m[Klp[m[K’ [[01;35m[K-Wunused-parameter[m[K]
[11.129s]   140 |           double s0, [01;35m[KFrenetPath lp[m[K)
[11.130s]       |                      [01;35m[K~~~~~~~~~~~^~[m[K
[11.132s] [01m[K/home/aayush/new_frenet_planner/src/frenet_planner_3/src/frenet_optimal_trajectory.cpp:[m[K In member function ‘[01m[Kvoid FrenetPath::adding_global_path(Spline2D)[m[K’:
[11.133s] [01m[K/home/aayush/new_frenet_planner/src/frenet_planner_3/src/frenet_optimal_trajectory.cpp:215:9:[m[K [01;35m[Kwarning: [m[Kunused variable ‘[01m[KstartTime1[m[K’ [[01;35m[K-Wunused-variable[m[K]
[11.133s]   215 |  double [01;35m[KstartTime1[m[K = omp_get_wtime();
[11.133s]       |         [01;35m[K^~~~~~~~~~[m[K
[11.134s] [01m[K/home/aayush/new_frenet_planner/src/frenet_planner_3/src/frenet_optimal_trajectory.cpp:275:9:[m[K [01;35m[Kwarning: [m[Kunused variable ‘[01m[KendTime1[m[K’ [[01;35m[K-Wunused-variable[m[K]
[11.134s]   275 |  double [01;35m[KendTime1[m[K = omp_get_wtime();
[11.134s]       |         [01;35m[K^~~~~~~~[m[K
[11.164s] In file included from [01m[K/home/aayush/new_frenet_planner/src/frenet_planner_3/src/frenet_optimal_trajectory.cpp:1[m[K:
[11.164s] [01m[K/home/aayush/new_frenet_planner/src/frenet_planner_3/src/frenet_optimal_trajectory.cpp:[m[K In function ‘[01m[KFrenetPath& frenet_optimal_planning(Spline2D, double, double, double, double, double, FrenetPath, double)[m[K’:
[11.164s] [01m[K/home/aayush/new_frenet_planner/src/frenet_planner_3/src/../include/frenet_optimal_trajectory.hpp:158:20:[m[K [01;35m[Kwarning: [m[Kstatement has no effect [[01;35m[K-Wunused-value[m[K]
[11.165s]   158 | #define trace(...) [01;35m[K42[m[K
[11.165s]       |                    [01;35m[K^~[m[K
[11.165s] [01m[K/home/aayush/new_frenet_planner/src/frenet_planner_3/src/../include/frenet_optimal_trajectory.hpp:158:20:[m[K [01;36m[Knote: [m[Kin definition of macro ‘[01m[Ktrace[m[K’
[11.166s]   158 | #define trace(...) [01;36m[K42[m[K
[11.166s]       |                    [01;36m[K^~[m[K
[11.169s] [01m[K/home/aayush/new_frenet_planner/src/frenet_planner_3/src/../include/frenet_optimal_trajectory.hpp:158:20:[m[K [01;35m[Kwarning: [m[Kstatement has no effect [[01;35m[K-Wunused-value[m[K]
[11.169s]   158 | #define trace(...) [01;35m[K42[m[K
[11.169s]       |                    [01;35m[K^~[m[K
[11.170s] [01m[K/home/aayush/new_frenet_planner/src/frenet_planner_3/src/../include/frenet_optimal_trajectory.hpp:158:20:[m[K [01;36m[Knote: [m[Kin definition of macro ‘[01m[Ktrace[m[K’
[11.170s]   158 | #define trace(...) [01;36m[K42[m[K
[11.170s]       |                    [01;36m[K^~[m[K
[11.173s] [01m[K/home/aayush/new_frenet_planner/src/frenet_planner_3/src/../include/frenet_optimal_trajectory.hpp:158:20:[m[K [01;35m[Kwarning: [m[Kstatement has no effect [[01;35m[K-Wunused-value[m[K]
[11.174s]   158 | #define trace(...) [01;35m[K42[m[K
[11.174s]       |                    [01;35m[K^~[m[K
[11.174s] [01m[K/home/aayush/new_frenet_planner/src/frenet_planner_3/src/../include/frenet_optimal_trajectory.hpp:158:20:[m[K [01;36m[Knote: [m[Kin definition of macro ‘[01m[Ktrace[m[K’
[11.174s]   158 | #define trace(...) [01;36m[K42[m[K
[11.175s]       |                    [01;36m[K^~[m[K
[11.177s] [01m[K/home/aayush/new_frenet_planner/src/frenet_planner_3/src/../include/frenet_optimal_trajectory.hpp:158:20:[m[K [01;35m[Kwarning: [m[Kstatement has no effect [[01;35m[K-Wunused-value[m[K]
[11.177s]   158 | #define trace(...) [01;35m[K42[m[K
[11.178s]       |                    [01;35m[K^~[m[K
[11.178s] [01m[K/home/aayush/new_frenet_planner/src/frenet_planner_3/src/../include/frenet_optimal_trajectory.hpp:158:20:[m[K [01;36m[Knote: [m[Kin definition of macro ‘[01m[Ktrace[m[K’
[11.178s]   158 | #define trace(...) [01;36m[K42[m[K
[11.178s]       |                    [01;36m[K^~[m[K
[11.186s] [01m[K/home/aayush/new_frenet_planner/src/frenet_planner_3/src/../include/frenet_optimal_trajectory.hpp:158:20:[m[K [01;35m[Kwarning: [m[Kstatement has no effect [[01;35m[K-Wunused-value[m[K]
[11.186s]   158 | #define trace(...) [01;35m[K42[m[K
[11.186s]       |                    [01;35m[K^~[m[K
[11.187s] [01m[K/home/aayush/new_frenet_planner/src/frenet_planner_3/src/../include/frenet_optimal_trajectory.hpp:158:20:[m[K [01;36m[Knote: [m[Kin definition of macro ‘[01m[Ktrace[m[K’
[11.187s]   158 | #define trace(...) [01;36m[K42[m[K
[11.187s]       |                    [01;36m[K^~[m[K
[11.189s] [01m[K/home/aayush/new_frenet_planner/src/frenet_planner_3/src/frenet_optimal_trajectory.cpp:488:9:[m[K [01;35m[Kwarning: [m[Kunused variable ‘[01m[KstartTime1[m[K’ [[01;35m[K-Wunused-variable[m[K]
[11.190s]   488 |  double [01;35m[KstartTime1[m[K = omp_get_wtime();
[11.190s]       |         [01;35m[K^~~~~~~~~~[m[K
[11.190s] [01m[K/home/aayush/new_frenet_planner/src/frenet_planner_3/src/frenet_optimal_trajectory.cpp:491:9:[m[K [01;35m[Kwarning: [m[Kunused variable ‘[01m[KendTime1[m[K’ [[01;35m[K-Wunused-variable[m[K]
[11.190s]   491 |  double [01;35m[KendTime1[m[K = omp_get_wtime();
[11.191s]       |         [01;35m[K^~~~~~~~[m[K
[11.191s] [01m[K/home/aayush/new_frenet_planner/src/frenet_planner_3/src/frenet_optimal_trajectory.cpp:494:9:[m[K [01;35m[Kwarning: [m[Kunused variable ‘[01m[KstartTime2[m[K’ [[01;35m[K-Wunused-variable[m[K]
[11.191s]   494 |  double [01;35m[KstartTime2[m[K = omp_get_wtime();
[11.192s]       |         [01;35m[K^~~~~~~~~~[m[K
[11.192s] [01m[K/home/aayush/new_frenet_planner/src/frenet_planner_3/src/frenet_optimal_trajectory.cpp:497:9:[m[K [01;35m[Kwarning: [m[Kunused variable ‘[01m[KendTime2[m[K’ [[01;35m[K-Wunused-variable[m[K]
[11.192s]   497 |  double [01;35m[KendTime2[m[K = omp_get_wtime();
[11.192s]       |         [01;35m[K^~~~~~~~[m[K
[11.193s] [01m[K/home/aayush/new_frenet_planner/src/frenet_planner_3/src/frenet_optimal_trajectory.cpp:501:9:[m[K [01;35m[Kwarning: [m[Kunused variable ‘[01m[KstartTime3[m[K’ [[01;35m[K-Wunused-variable[m[K]
[11.193s]   501 |  double [01;35m[KstartTime3[m[K = omp_get_wtime();
[11.193s]       |         [01;35m[K^~~~~~~~~~[m[K
[11.194s] [01m[K/home/aayush/new_frenet_planner/src/frenet_planner_3/src/frenet_optimal_trajectory.cpp:510:9:[m[K [01;35m[Kwarning: [m[Kunused variable ‘[01m[KendTime3[m[K’ [[01;35m[K-Wunused-variable[m[K]
[11.194s]   510 |  double [01;35m[KendTime3[m[K = omp_get_wtime();
[11.194s]       |         [01;35m[K^~~~~~~~[m[K
[12.602s] In file included from [01m[K/home/aayush/new_frenet_planner/src/frenet_planner_3/src/frenet_optimal_trajectory.cpp:1[m[K:
[12.602s] [01m[K/home/aayush/new_frenet_planner/src/frenet_planner_3/src/../include/frenet_optimal_trajectory.hpp:[m[K At global scope:
[12.602s] [01m[K/home/aayush/new_frenet_planner/src/frenet_planner_3/src/../include/frenet_optimal_trajectory.hpp:45:15:[m[K [01;35m[Kwarning: [m[K‘[01m[Ks_dest[m[K’ defined but not used [[01;35m[K-Wunused-variable[m[K]
[12.603s]    45 | static double [01;35m[Ks_dest[m[K;
[12.603s]       |               [01;35m[K^~~~~~[m[K
[12.603s] [01m[K/home/aayush/new_frenet_planner/src/frenet_planner_3/src/../include/frenet_optimal_trajectory.hpp:32:15:[m[K [01;35m[Kwarning: [m[K‘[01m[KMIN_LAT_VEL[m[K’ defined but not used [[01;35m[K-Wunused-variable[m[K]
[12.604s]    32 | static double [01;35m[KMIN_LAT_VEL[m[K = -1.0;  // minimum lateral speed. Sampling for d_dot
[12.604s]       |               [01;35m[K^~~~~~~~~~~[m[K
[12.604s] [01m[K/home/aayush/new_frenet_planner/src/frenet_planner_3/src/../include/frenet_optimal_trajectory.hpp:31:15:[m[K [01;35m[Kwarning: [m[K‘[01m[KROBOT_RADIUS[m[K’ defined but not used [[01;35m[K-Wunused-variable[m[K]
[12.604s]    31 | static double [01;35m[KROBOT_RADIUS[m[K = 2.0;  // robot radius [m]
[12.605s]       |               [01;35m[K^~~~~~~~~~~~[m[K
[12.605s] [01m[K/home/aayush/new_frenet_planner/src/frenet_planner_3/src/../include/frenet_optimal_trajectory.hpp:22:15:[m[K [01;35m[Kwarning: [m[K‘[01m[KMAX_CURVATURE[m[K’ defined but not used [[01;35m[K-Wunused-variable[m[K]
[12.605s]    22 | static double [01;35m[KMAX_CURVATURE[m[K = 2.0;  // maximum curvature [1/m]
[12.605s]       |               [01;35m[K^~~~~~~~~~~~~[m[K
[12.605s] [01m[K/home/aayush/new_frenet_planner/src/frenet_planner_3/src/../include/frenet_optimal_trajectory.hpp:21:15:[m[K [01;35m[Kwarning: [m[K‘[01m[KMAX_ACCEL[m[K’ defined but not used [[01;35m[K-Wunused-variable[m[K]
[12.606s]    21 | static double [01;35m[KMAX_ACCEL[m[K = 5.0;  // maximum acceleration [m/ss]
[12.606s]       |               [01;35m[K^~~~~~~~~[m[K
[12.606s] [01m[K/home/aayush/new_frenet_planner/src/frenet_planner_3/src/../include/frenet_optimal_trajectory.hpp:20:15:[m[K [01;35m[Kwarning: [m[K‘[01m[KMAX_SPEED[m[K’ defined but not used [[01;35m[K-Wunused-variable[m[K]
[12.606s]    20 | static double [01;35m[KMAX_SPEED[m[K = 13.89;  // maximum speed [m/s]
[12.607s]       |               [01;35m[K^~~~~~~~~[m[K
[13.997s] [ 40%] [32m[1mLinking CXX executable temp_frenet_ros_obst[0m
[15.882s] [100%] Built target temp_frenet_ros_obst
[15.913s] Invoked command in '/home/aayush/new_frenet_planner/build/frenet_planner' returned '0': CMAKE_PREFIX_PATH=${CMAKE_PREFIX_PATH}:/home/aayush/fake_iac_ws/install/dummy:/opt/ros/foxy /usr/bin/cmake --build /home/aayush/new_frenet_planner/build/frenet_planner -- -j2 -l2
[16.009s] Invoking command in '/home/aayush/new_frenet_planner/build/frenet_planner': CMAKE_PREFIX_PATH=${CMAKE_PREFIX_PATH}:/home/aayush/fake_iac_ws/install/dummy:/opt/ros/foxy /usr/bin/cmake --install /home/aayush/new_frenet_planner/build/frenet_planner
[16.033s] -- Install configuration: ""
[16.034s] -- Installing: /home/aayush/new_frenet_planner/install/frenet_planner/lib/frenet_planner/temp_frenet_ros_obst
[16.047s] -- Set runtime path of "/home/aayush/new_frenet_planner/install/frenet_planner/lib/frenet_planner/temp_frenet_ros_obst" to ""
[16.048s] -- Up-to-date: /home/aayush/new_frenet_planner/install/frenet_planner/share/frenet_planner/launch
[16.048s] -- Up-to-date: /home/aayush/new_frenet_planner/install/frenet_planner/share/frenet_planner/launch/frenet_planner_launch.py
[16.048s] -- Up-to-date: /home/aayush/new_frenet_planner/install/frenet_planner/share/frenet_planner/launch/__pycache__
[16.049s] -- Up-to-date: /home/aayush/new_frenet_planner/install/frenet_planner/share/frenet_planner/launch/__pycache__/frenet_planner_launch.cpython-38.pyc
[16.049s] -- Up-to-date: /home/aayush/new_frenet_planner/install/frenet_planner/share/ament_index/resource_index/package_run_dependencies/frenet_planner
[16.051s] -- Up-to-date: /home/aayush/new_frenet_planner/install/frenet_planner/share/ament_index/resource_index/parent_prefix_path/frenet_planner
[16.052s] -- Up-to-date: /home/aayush/new_frenet_planner/install/frenet_planner/share/frenet_planner/environment/ament_prefix_path.sh
[16.052s] -- Up-to-date: /home/aayush/new_frenet_planner/install/frenet_planner/share/frenet_planner/environment/ament_prefix_path.dsv
[16.052s] -- Up-to-date: /home/aayush/new_frenet_planner/install/frenet_planner/share/frenet_planner/environment/path.sh
[16.052s] -- Up-to-date: /home/aayush/new_frenet_planner/install/frenet_planner/share/frenet_planner/environment/path.dsv
[16.053s] -- Up-to-date: /home/aayush/new_frenet_planner/install/frenet_planner/share/frenet_planner/local_setup.bash
[16.053s] -- Up-to-date: /home/aayush/new_frenet_planner/install/frenet_planner/share/frenet_planner/local_setup.sh
[16.054s] -- Up-to-date: /home/aayush/new_frenet_planner/install/frenet_planner/share/frenet_planner/local_setup.zsh
[16.054s] -- Up-to-date: /home/aayush/new_frenet_planner/install/frenet_planner/share/frenet_planner/local_setup.dsv
[16.054s] -- Installing: /home/aayush/new_frenet_planner/install/frenet_planner/share/frenet_planner/package.dsv
[16.055s] -- Up-to-date: /home/aayush/new_frenet_planner/install/frenet_planner/share/ament_index/resource_index/packages/frenet_planner
[16.055s] -- Up-to-date: /home/aayush/new_frenet_planner/install/frenet_planner/share/frenet_planner/cmake/frenet_plannerConfig.cmake
[16.055s] -- Up-to-date: /home/aayush/new_frenet_planner/install/frenet_planner/share/frenet_planner/cmake/frenet_plannerConfig-version.cmake
[16.055s] -- Up-to-date: /home/aayush/new_frenet_planner/install/frenet_planner/share/frenet_planner/package.xml
[16.073s] Invoked command in '/home/aayush/new_frenet_planner/build/frenet_planner' returned '0': CMAKE_PREFIX_PATH=${CMAKE_PREFIX_PATH}:/home/aayush/fake_iac_ws/install/dummy:/opt/ros/foxy /usr/bin/cmake --install /home/aayush/new_frenet_planner/build/frenet_planner
