[1.358s] DEBUG:colcon:Command line arguments: ['/home/aayush/.local/bin/colcon', 'build']
[1.358s] DEBUG:colcon:Parsed command line arguments: Namespace(ament_cmake_args=None, base_paths=['.'], build_base='build', catkin_cmake_args=None, catkin_skip_building_tests=False, cmake_args=None, cmake_clean_cache=False, cmake_clean_first=False, cmake_force_configure=False, cmake_target=None, cmake_target_skip_unavailable=False, continue_on_error=False, event_handlers=None, executor='parallel', ignore_user_meta=False, install_base='install', log_base=None, log_level=None, main=<bound method BuildVerb.main of <colcon_core.verb.build.BuildVerb object at 0x7fdf879125b0>>, merge_install=False, metas=['./colcon.meta'], packages_above=None, packages_above_and_dependencies=None, packages_above_depth=None, packages_end=None, packages_ignore=None, packages_ignore_regex=None, packages_select=None, packages_select_build_failed=False, packages_select_by_dep=None, packages_select_regex=None, packages_select_test_failures=False, packages_skip=None, packages_skip_build_finished=False, packages_skip_by_dep=None, packages_skip_regex=None, packages_skip_test_passed=False, packages_skip_up_to=None, packages_start=None, packages_up_to=None, packages_up_to_regex=None, parallel_workers=2, paths=None, symlink_install=False, test_result_base=None, verb_extension=<colcon_core.verb.build.BuildVerb object at 0x7fdf879125b0>, verb_name='build', verb_parser=<colcon_defaults.argument_parser.defaults.DefaultArgumentsDecorator object at 0x7fdf87912af0>)
[1.399s] Level 1:colcon.colcon_core.package_discovery:discover_packages(colcon_meta) check parameters
[1.399s] Level 1:colcon.colcon_core.package_discovery:discover_packages(recursive) check parameters
[1.399s] Level 1:colcon.colcon_core.package_discovery:discover_packages(ignore) check parameters
[1.399s] Level 1:colcon.colcon_core.package_discovery:discover_packages(path) check parameters
[1.399s] Level 1:colcon.colcon_core.package_discovery:discover_packages(colcon_meta) discover
[1.399s] Level 1:colcon.colcon_core.package_discovery:discover_packages(recursive) discover
[1.399s] INFO:colcon.colcon_core.package_discovery:Crawling recursively for packages in '/home/aayush/new_frenet_planner'
[1.400s] Level 1:colcon.colcon_core.package_identification:_identify(.) by extensions ['ignore', 'ignore_ament_install']
[1.400s] Level 1:colcon.colcon_core.package_identification:_identify(.) by extension 'ignore'
[1.400s] Level 1:colcon.colcon_core.package_identification:_identify(.) by extension 'ignore_ament_install'
[1.400s] Level 1:colcon.colcon_core.package_identification:_identify(.) by extensions ['colcon_pkg']
[1.400s] Level 1:colcon.colcon_core.package_identification:_identify(.) by extension 'colcon_pkg'
[1.400s] Level 1:colcon.colcon_core.package_identification:_identify(.) by extensions ['colcon_meta']
[1.400s] Level 1:colcon.colcon_core.package_identification:_identify(.) by extension 'colcon_meta'
[1.400s] Level 1:colcon.colcon_core.package_identification:_identify(.) by extensions ['ros']
[1.401s] Level 1:colcon.colcon_core.package_identification:_identify(.) by extension 'ros'
[1.432s] Level 1:colcon.colcon_core.package_identification:_identify(.) by extensions ['cmake', 'python']
[1.432s] Level 1:colcon.colcon_core.package_identification:_identify(.) by extension 'cmake'
[1.432s] Level 1:colcon.colcon_core.package_identification:_identify(.) by extension 'python'
[1.432s] Level 1:colcon.colcon_core.package_identification:_identify(.) by extensions ['python_setup_py']
[1.432s] Level 1:colcon.colcon_core.package_identification:_identify(.) by extension 'python_setup_py'
[1.432s] Level 1:colcon.colcon_core.package_identification:_identify(build) by extensions ['ignore', 'ignore_ament_install']
[1.433s] Level 1:colcon.colcon_core.package_identification:_identify(build) by extension 'ignore'
[1.433s] Level 1:colcon.colcon_core.package_identification:_identify(build) ignored
[1.433s] Level 1:colcon.colcon_core.package_identification:_identify(install) by extensions ['ignore', 'ignore_ament_install']
[1.433s] Level 1:colcon.colcon_core.package_identification:_identify(install) by extension 'ignore'
[1.433s] Level 1:colcon.colcon_core.package_identification:_identify(install) ignored
[1.433s] Level 1:colcon.colcon_core.package_identification:_identify(log) by extensions ['ignore', 'ignore_ament_install']
[1.434s] Level 1:colcon.colcon_core.package_identification:_identify(log) by extension 'ignore'
[1.434s] Level 1:colcon.colcon_core.package_identification:_identify(log) ignored
[1.434s] Level 1:colcon.colcon_core.package_identification:_identify(src) by extensions ['ignore', 'ignore_ament_install']
[1.434s] Level 1:colcon.colcon_core.package_identification:_identify(src) by extension 'ignore'
[1.434s] Level 1:colcon.colcon_core.package_identification:_identify(src) by extension 'ignore_ament_install'
[1.434s] Level 1:colcon.colcon_core.package_identification:_identify(src) by extensions ['colcon_pkg']
[1.434s] Level 1:colcon.colcon_core.package_identification:_identify(src) by extension 'colcon_pkg'
[1.435s] Level 1:colcon.colcon_core.package_identification:_identify(src) by extensions ['colcon_meta']
[1.435s] Level 1:colcon.colcon_core.package_identification:_identify(src) by extension 'colcon_meta'
[1.435s] Level 1:colcon.colcon_core.package_identification:_identify(src) by extensions ['ros']
[1.435s] Level 1:colcon.colcon_core.package_identification:_identify(src) by extension 'ros'
[1.435s] Level 1:colcon.colcon_core.package_identification:_identify(src) by extensions ['cmake', 'python']
[1.435s] Level 1:colcon.colcon_core.package_identification:_identify(src) by extension 'cmake'
[1.435s] Level 1:colcon.colcon_core.package_identification:_identify(src) by extension 'python'
[1.435s] Level 1:colcon.colcon_core.package_identification:_identify(src) by extensions ['python_setup_py']
[1.435s] Level 1:colcon.colcon_core.package_identification:_identify(src) by extension 'python_setup_py'
[1.436s] Level 1:colcon.colcon_core.package_identification:_identify(src/IAC_planner_4) by extensions ['ignore', 'ignore_ament_install']
[1.436s] Level 1:colcon.colcon_core.package_identification:_identify(src/IAC_planner_4) by extension 'ignore'
[1.436s] Level 1:colcon.colcon_core.package_identification:_identify(src/IAC_planner_4) by extension 'ignore_ament_install'
[1.436s] Level 1:colcon.colcon_core.package_identification:_identify(src/IAC_planner_4) by extensions ['colcon_pkg']
[1.436s] Level 1:colcon.colcon_core.package_identification:_identify(src/IAC_planner_4) by extension 'colcon_pkg'
[1.436s] Level 1:colcon.colcon_core.package_identification:_identify(src/IAC_planner_4) by extensions ['colcon_meta']
[1.436s] Level 1:colcon.colcon_core.package_identification:_identify(src/IAC_planner_4) by extension 'colcon_meta'
[1.436s] Level 1:colcon.colcon_core.package_identification:_identify(src/IAC_planner_4) by extensions ['ros']
[1.436s] Level 1:colcon.colcon_core.package_identification:_identify(src/IAC_planner_4) by extension 'ros'
[1.443s] DEBUG:colcon.colcon_core.package_identification:Package 'src/IAC_planner_4' with type 'ros.ament_cmake' and name 'frenet_planner'
[1.444s] Level 1:colcon.colcon_core.package_identification:_identify(src/dummy) by extensions ['ignore', 'ignore_ament_install']
[1.444s] Level 1:colcon.colcon_core.package_identification:_identify(src/dummy) by extension 'ignore'
[1.444s] Level 1:colcon.colcon_core.package_identification:_identify(src/dummy) by extension 'ignore_ament_install'
[1.444s] Level 1:colcon.colcon_core.package_identification:_identify(src/dummy) by extensions ['colcon_pkg']
[1.444s] Level 1:colcon.colcon_core.package_identification:_identify(src/dummy) by extension 'colcon_pkg'
[1.444s] Level 1:colcon.colcon_core.package_identification:_identify(src/dummy) by extensions ['colcon_meta']
[1.444s] Level 1:colcon.colcon_core.package_identification:_identify(src/dummy) by extension 'colcon_meta'
[1.445s] Level 1:colcon.colcon_core.package_identification:_identify(src/dummy) by extensions ['ros']
[1.445s] Level 1:colcon.colcon_core.package_identification:_identify(src/dummy) by extension 'ros'
[1.446s] DEBUG:colcon.colcon_core.package_identification:Package 'src/dummy' with type 'ros.ament_python' and name 'dummy'
[1.446s] Level 1:colcon.colcon_core.package_discovery:discover_packages(recursive) using defaults
[1.446s] Level 1:colcon.colcon_core.package_discovery:discover_packages(ignore) discover
[1.446s] Level 1:colcon.colcon_core.package_discovery:discover_packages(ignore) using defaults
[1.447s] Level 1:colcon.colcon_core.package_discovery:discover_packages(path) discover
[1.447s] Level 1:colcon.colcon_core.package_discovery:discover_packages(path) using defaults
[1.569s] Level 5:colcon.colcon_core.verb:set package 'dummy' build argument 'cmake_args' from command line to 'None'
[1.569s] Level 5:colcon.colcon_core.verb:set package 'dummy' build argument 'cmake_target' from command line to 'None'
[1.570s] Level 5:colcon.colcon_core.verb:set package 'dummy' build argument 'cmake_target_skip_unavailable' from command line to 'False'
[1.570s] Level 5:colcon.colcon_core.verb:set package 'dummy' build argument 'cmake_clean_cache' from command line to 'False'
[1.570s] Level 5:colcon.colcon_core.verb:set package 'dummy' build argument 'cmake_clean_first' from command line to 'False'
[1.570s] Level 5:colcon.colcon_core.verb:set package 'dummy' build argument 'cmake_force_configure' from command line to 'False'
[1.570s] Level 5:colcon.colcon_core.verb:set package 'dummy' build argument 'ament_cmake_args' from command line to 'None'
[1.570s] Level 5:colcon.colcon_core.verb:set package 'dummy' build argument 'catkin_cmake_args' from command line to 'None'
[1.570s] Level 5:colcon.colcon_core.verb:set package 'dummy' build argument 'catkin_skip_building_tests' from command line to 'False'
[1.570s] DEBUG:colcon.colcon_core.verb:Building package 'dummy' with the following arguments: {'ament_cmake_args': None, 'build_base': '/home/aayush/new_frenet_planner/build/dummy', 'catkin_cmake_args': None, 'catkin_skip_building_tests': False, 'cmake_args': None, 'cmake_clean_cache': False, 'cmake_clean_first': False, 'cmake_force_configure': False, 'cmake_target': None, 'cmake_target_skip_unavailable': False, 'install_base': '/home/aayush/new_frenet_planner/install/dummy', 'merge_install': False, 'path': '/home/aayush/new_frenet_planner/src/dummy', 'symlink_install': False, 'test_result_base': None}
[1.592s] Level 5:colcon.colcon_core.verb:set package 'frenet_planner' build argument 'cmake_args' from command line to 'None'
[1.592s] Level 5:colcon.colcon_core.verb:set package 'frenet_planner' build argument 'cmake_target' from command line to 'None'
[1.592s] Level 5:colcon.colcon_core.verb:set package 'frenet_planner' build argument 'cmake_target_skip_unavailable' from command line to 'False'
[1.592s] Level 5:colcon.colcon_core.verb:set package 'frenet_planner' build argument 'cmake_clean_cache' from command line to 'False'
[1.592s] Level 5:colcon.colcon_core.verb:set package 'frenet_planner' build argument 'cmake_clean_first' from command line to 'False'
[1.592s] Level 5:colcon.colcon_core.verb:set package 'frenet_planner' build argument 'cmake_force_configure' from command line to 'False'
[1.592s] Level 5:colcon.colcon_core.verb:set package 'frenet_planner' build argument 'ament_cmake_args' from command line to 'None'
[1.592s] Level 5:colcon.colcon_core.verb:set package 'frenet_planner' build argument 'catkin_cmake_args' from command line to 'None'
[1.592s] Level 5:colcon.colcon_core.verb:set package 'frenet_planner' build argument 'catkin_skip_building_tests' from command line to 'False'
[1.593s] DEBUG:colcon.colcon_core.verb:Building package 'frenet_planner' with the following arguments: {'ament_cmake_args': None, 'build_base': '/home/aayush/new_frenet_planner/build/frenet_planner', 'catkin_cmake_args': None, 'catkin_skip_building_tests': False, 'cmake_args': None, 'cmake_clean_cache': False, 'cmake_clean_first': False, 'cmake_force_configure': False, 'cmake_target': None, 'cmake_target_skip_unavailable': False, 'install_base': '/home/aayush/new_frenet_planner/install/frenet_planner', 'merge_install': False, 'path': '/home/aayush/new_frenet_planner/src/IAC_planner_4', 'symlink_install': False, 'test_result_base': None}
[1.598s] INFO:colcon.colcon_core.executor:Executing jobs using 'parallel' executor
[1.635s] DEBUG:colcon.colcon_parallel_executor.executor.parallel:run_until_complete
[1.636s] INFO:colcon.colcon_ros.task.ament_python.build:Building ROS package in '/home/aayush/new_frenet_planner/src/dummy' with build type 'ament_python'
[1.636s] Level 1:colcon.colcon_core.shell:create_environment_hook('dummy', 'ament_prefix_path')
[1.660s] INFO:colcon.colcon_core.plugin_system:Skipping extension 'colcon_core.shell.bat': Not used on non-Windows systems
[1.661s] INFO:colcon.colcon_core.shell:Creating environment hook '/home/aayush/new_frenet_planner/install/dummy/share/dummy/hook/ament_prefix_path.ps1'
[1.662s] INFO:colcon.colcon_core.shell:Creating environment descriptor '/home/aayush/new_frenet_planner/install/dummy/share/dummy/hook/ament_prefix_path.dsv'
[1.664s] INFO:colcon.colcon_core.shell:Creating environment hook '/home/aayush/new_frenet_planner/install/dummy/share/dummy/hook/ament_prefix_path.sh'
[1.692s] INFO:colcon.colcon_core.shell:Skip shell extension 'powershell' for command environment: Not usable outside of PowerShell
[1.692s] DEBUG:colcon.colcon_core.shell:Skip shell extension 'dsv' for command environment
[1.712s] DEBUG:colcon.colcon_core.shell:Ignoring prefix path '/opt/ros/foxy'
[1.723s] INFO:colcon.colcon_ros.task.ament_cmake.build:Building ROS package in '/home/aayush/new_frenet_planner/src/IAC_planner_4' with build type 'ament_cmake'
[1.723s] INFO:colcon.colcon_cmake.task.cmake.build:Building CMake package in '/home/aayush/new_frenet_planner/src/IAC_planner_4'
[1.747s] INFO:colcon.colcon_core.shell:Skip shell extension 'powershell' for command environment: Not usable outside of PowerShell
[1.748s] DEBUG:colcon.colcon_core.shell:Skip shell extension 'dsv' for command environment
[1.772s] DEBUG:colcon.colcon_core.shell:Ignoring prefix path '/opt/ros/foxy'
[2.519s] INFO:colcon.colcon_core.task.python.build:Building Python package in '/home/aayush/new_frenet_planner/src/dummy'
[2.536s] INFO:colcon.colcon_core.shell:Skip shell extension 'powershell' for command environment: Not usable outside of PowerShell
[2.536s] DEBUG:colcon.colcon_core.shell:Skip shell extension 'dsv' for command environment
[2.550s] DEBUG:colcon.colcon_core.shell:Ignoring prefix path '/opt/ros/foxy'
[2.564s] DEBUG:colcon.colcon_core.event_handler.log_command:Invoking command in '/home/aayush/new_frenet_planner/build/frenet_planner': CMAKE_PREFIX_PATH=${CMAKE_PREFIX_PATH}:/home/aayush/new_frenet_planner/install/dummy:/home/aayush/fake_iac_ws/install/dummy:/opt/ros/foxy /usr/bin/cmake --build /home/aayush/new_frenet_planner/build/frenet_planner -- -j2 -l2
[2.583s] DEBUG:colcon.colcon_core.event_handler.log_command:Invoking command in '/home/aayush/new_frenet_planner/src/dummy': PYTHONPATH=/home/aayush/new_frenet_planner/install/dummy/lib/python3.8/site-packages:${PYTHONPATH} /usr/bin/python3 setup.py egg_info --egg-base ../../build/dummy build --build-base /home/aayush/new_frenet_planner/build/dummy/build install --prefix /home/aayush/new_frenet_planner/install/dummy --record /home/aayush/new_frenet_planner/build/dummy/install.log --single-version-externally-managed
[2.649s] DEBUG:colcon.colcon_core.event_handler.log_command:Invoked command in '/home/aayush/new_frenet_planner/build/frenet_planner' returned '2': CMAKE_PREFIX_PATH=${CMAKE_PREFIX_PATH}:/home/aayush/new_frenet_planner/install/dummy:/home/aayush/fake_iac_ws/install/dummy:/opt/ros/foxy /usr/bin/cmake --build /home/aayush/new_frenet_planner/build/frenet_planner -- -j2 -l2
[2.749s] Level 1:colcon.colcon_core.environment:create_environment_scripts_only(frenet_planner)
[2.773s] Level 1:colcon.colcon_core.environment:checking '/home/aayush/new_frenet_planner/install/frenet_planner' for CMake module files
[2.774s] Level 1:colcon.colcon_core.environment:checking '/home/aayush/new_frenet_planner/install/frenet_planner' for CMake config files
[2.775s] Level 1:colcon.colcon_core.shell:create_environment_hook('frenet_planner', 'cmake_prefix_path')
[2.793s] INFO:colcon.colcon_core.shell:Creating environment hook '/home/aayush/new_frenet_planner/install/frenet_planner/share/frenet_planner/hook/cmake_prefix_path.ps1'
[2.795s] INFO:colcon.colcon_core.shell:Creating environment descriptor '/home/aayush/new_frenet_planner/install/frenet_planner/share/frenet_planner/hook/cmake_prefix_path.dsv'
[2.796s] INFO:colcon.colcon_core.shell:Creating environment hook '/home/aayush/new_frenet_planner/install/frenet_planner/share/frenet_planner/hook/cmake_prefix_path.sh'
[2.798s] Level 1:colcon.colcon_core.environment:checking '/home/aayush/new_frenet_planner/install/frenet_planner/lib'
[2.799s] Level 1:colcon.colcon_core.environment:checking '/home/aayush/new_frenet_planner/install/frenet_planner/bin'
[2.799s] Level 1:colcon.colcon_core.environment:checking '/home/aayush/new_frenet_planner/install/frenet_planner/lib/pkgconfig/frenet_planner.pc'
[2.799s] Level 1:colcon.colcon_core.environment:checking '/home/aayush/new_frenet_planner/install/frenet_planner/lib/python3.8/site-packages'
[2.821s] INFO:colcon.colcon_core.shell:Creating package script '/home/aayush/new_frenet_planner/install/frenet_planner/share/frenet_planner/package.ps1'
[2.824s] INFO:colcon.colcon_core.shell:Creating package descriptor '/home/aayush/new_frenet_planner/install/frenet_planner/share/frenet_planner/package.dsv'
[2.826s] INFO:colcon.colcon_core.shell:Creating package script '/home/aayush/new_frenet_planner/install/frenet_planner/share/frenet_planner/package.sh'
[2.829s] INFO:colcon.colcon_core.shell:Creating package script '/home/aayush/new_frenet_planner/install/frenet_planner/share/frenet_planner/package.bash'
[2.832s] INFO:colcon.colcon_core.shell:Creating package script '/home/aayush/new_frenet_planner/install/frenet_planner/share/frenet_planner/package.zsh'
[2.835s] Level 1:colcon.colcon_core.environment:create_file_with_runtime_dependencies(/home/aayush/new_frenet_planner/install/frenet_planner/share/colcon-core/packages/frenet_planner)
[3.717s] DEBUG:colcon.colcon_parallel_executor.executor.parallel:closing loop
[3.718s] DEBUG:colcon.colcon_parallel_executor.executor.parallel:loop closed
[3.718s] DEBUG:colcon.colcon_parallel_executor.executor.parallel:run_until_complete finished with '2'
[3.718s] DEBUG:colcon.colcon_core.event_reactor:joining thread
[3.748s] INFO:colcon.colcon_core.plugin_system:Skipping extension 'colcon_notification.desktop_notification.terminal_notifier': Not used on non-Darwin systems
[3.749s] INFO:colcon.colcon_core.plugin_system:Skipping extension 'colcon_notification.desktop_notification.win32': Not used on non-Windows systems
[3.749s] INFO:colcon.colcon_notification.desktop_notification:Sending desktop notification using 'notify2'
[3.794s] DEBUG:colcon.colcon_core.event_reactor:joined thread
[3.823s] INFO:colcon.colcon_core.shell:Creating prefix script '/home/aayush/new_frenet_planner/install/local_setup.ps1'
[3.826s] INFO:colcon.colcon_core.shell:Creating prefix util module '/home/aayush/new_frenet_planner/install/_local_setup_util_ps1.py'
[3.832s] INFO:colcon.colcon_core.shell:Creating prefix chain script '/home/aayush/new_frenet_planner/install/setup.ps1'
[3.850s] INFO:colcon.colcon_core.shell:Creating prefix script '/home/aayush/new_frenet_planner/install/local_setup.sh'
[3.851s] INFO:colcon.colcon_core.shell:Creating prefix util module '/home/aayush/new_frenet_planner/install/_local_setup_util_sh.py'
[3.853s] INFO:colcon.colcon_core.shell:Creating prefix chain script '/home/aayush/new_frenet_planner/install/setup.sh'
[3.874s] INFO:colcon.colcon_core.shell:Creating prefix script '/home/aayush/new_frenet_planner/install/local_setup.bash'
[3.875s] INFO:colcon.colcon_core.shell:Creating prefix chain script '/home/aayush/new_frenet_planner/install/setup.bash'
[3.897s] INFO:colcon.colcon_core.shell:Creating prefix script '/home/aayush/new_frenet_planner/install/local_setup.zsh'
[3.899s] INFO:colcon.colcon_core.shell:Creating prefix chain script '/home/aayush/new_frenet_planner/install/setup.zsh'
