[1.013s] Invoking command in '/home/aayush/new_frenet_planner/src/dummy': PYTHONPATH=/home/aayush/new_frenet_planner/install/dummy/lib/python3.8/site-packages:${PYTHONPATH} /usr/bin/python3 setup.py egg_info --egg-base ../../build/dummy build --build-base /home/aayush/new_frenet_planner/build/dummy/build install --prefix /home/aayush/new_frenet_planner/install/dummy --record /home/aayush/new_frenet_planner/build/dummy/install.log --single-version-externally-managed
[1.992s] running egg_info
[1.994s] writing ../../build/dummy/dummy.egg-info/PKG-INFO
[1.995s] writing dependency_links to ../../build/dummy/dummy.egg-info/dependency_links.txt
[1.995s] writing entry points to ../../build/dummy/dummy.egg-info/entry_points.txt
[1.997s] writing requirements to ../../build/dummy/dummy.egg-info/requires.txt
[1.997s] writing top-level names to ../../build/dummy/dummy.egg-info/top_level.txt
[2.169s] reading manifest file '../../build/dummy/dummy.egg-info/SOURCES.txt'
[2.176s] writing manifest file '../../build/dummy/dummy.egg-info/SOURCES.txt'
[2.176s] running build
[2.177s] running build_py
[2.177s] running install
[2.180s] running install_lib
[2.187s] running install_data
[2.189s] running install_egg_info
[2.201s] removing '/home/aayush/new_frenet_planner/install/dummy/lib/python3.8/site-packages/dummy-0.0.0-py3.8.egg-info' (and everything under it)
[2.202s] Copying ../../build/dummy/dummy.egg-info to /home/aayush/new_frenet_planner/install/dummy/lib/python3.8/site-packages/dummy-0.0.0-py3.8.egg-info
[2.205s] running install_scripts
[2.383s] Installing dum_pub script to /home/aayush/new_frenet_planner/install/dummy/lib/dummy
[2.384s] writing list of installed files to '/home/aayush/new_frenet_planner/build/dummy/install.log'
[2.475s] Invoked command in '/home/aayush/new_frenet_planner/src/dummy' returned '0': PYTHONPATH=/home/aayush/new_frenet_planner/install/dummy/lib/python3.8/site-packages:${PYTHONPATH} /usr/bin/python3 setup.py egg_info --egg-base ../../build/dummy build --build-base /home/aayush/new_frenet_planner/build/dummy/build install --prefix /home/aayush/new_frenet_planner/install/dummy --record /home/aayush/new_frenet_planner/build/dummy/install.log --single-version-externally-managed
