[0.843s] Invoking command in '/home/aayush/new_new_frenet_planner/build/frenet_planner': CMAKE_PREFIX_PATH=${CMAKE_PREFIX_PATH}:/home/aayush/new_new_frenet_planner/install/dummy:/opt/ros/foxy /usr/bin/cmake --build /home/aayush/new_new_frenet_planner/build/frenet_planner -- -j2 -l2
[1.078s] [100%] Built target temp_frenet_ros_obst
[1.108s] Invoked command in '/home/aayush/new_new_frenet_planner/build/frenet_planner' returned '0': CMAKE_PREFIX_PATH=${CMAKE_PREFIX_PATH}:/home/aayush/new_new_frenet_planner/install/dummy:/opt/ros/foxy /usr/bin/cmake --build /home/aayush/new_new_frenet_planner/build/frenet_planner -- -j2 -l2
[1.217s] Invoking command in '/home/aayush/new_new_frenet_planner/build/frenet_planner': CMAKE_PREFIX_PATH=${CMAKE_PREFIX_PATH}:/home/aayush/new_new_frenet_planner/install/dummy:/opt/ros/foxy /usr/bin/cmake --install /home/aayush/new_new_frenet_planner/build/frenet_planner
[1.248s] -- Install configuration: ""
[1.250s] -- Up-to-date: /home/aayush/new_new_frenet_planner/install/frenet_planner/lib/frenet_planner/temp_frenet_ros_obst
[1.251s] -- Up-to-date: /home/aayush/new_new_frenet_planner/install/frenet_planner/share/frenet_planner/launch
[1.252s] -- Up-to-date: /home/aayush/new_new_frenet_planner/install/frenet_planner/share/frenet_planner/launch/frenet_planner_launch.py
[1.254s] -- Up-to-date: /home/aayush/new_new_frenet_planner/install/frenet_planner/share/frenet_planner/launch/__pycache__
[1.254s] -- Up-to-date: /home/aayush/new_new_frenet_planner/install/frenet_planner/share/frenet_planner/launch/__pycache__/frenet_planner_launch.cpython-38.pyc
[1.255s] -- Up-to-date: /home/aayush/new_new_frenet_planner/install/frenet_planner/share/ament_index/resource_index/package_run_dependencies/frenet_planner
[1.255s] -- Up-to-date: /home/aayush/new_new_frenet_planner/install/frenet_planner/share/ament_index/resource_index/parent_prefix_path/frenet_planner
[1.255s] -- Up-to-date: /home/aayush/new_new_frenet_planner/install/frenet_planner/share/frenet_planner/environment/ament_prefix_path.sh
[1.255s] -- Up-to-date: /home/aayush/new_new_frenet_planner/install/frenet_planner/share/frenet_planner/environment/ament_prefix_path.dsv
[1.256s] -- Up-to-date: /home/aayush/new_new_frenet_planner/install/frenet_planner/share/frenet_planner/environment/path.sh
[1.256s] -- Up-to-date: /home/aayush/new_new_frenet_planner/install/frenet_planner/share/frenet_planner/environment/path.dsv
[1.257s] -- Up-to-date: /home/aayush/new_new_frenet_planner/install/frenet_planner/share/frenet_planner/local_setup.bash
[1.258s] -- Up-to-date: /home/aayush/new_new_frenet_planner/install/frenet_planner/share/frenet_planner/local_setup.sh
[1.258s] -- Up-to-date: /home/aayush/new_new_frenet_planner/install/frenet_planner/share/frenet_planner/local_setup.zsh
[1.259s] -- Up-to-date: /home/aayush/new_new_frenet_planner/install/frenet_planner/share/frenet_planner/local_setup.dsv
[1.260s] -- Installing: /home/aayush/new_new_frenet_planner/install/frenet_planner/share/frenet_planner/package.dsv
[1.260s] -- Up-to-date: /home/aayush/new_new_frenet_planner/install/frenet_planner/share/ament_index/resource_index/packages/frenet_planner
[1.261s] -- Up-to-date: /home/aayush/new_new_frenet_planner/install/frenet_planner/share/frenet_planner/cmake/frenet_plannerConfig.cmake
[1.261s] -- Up-to-date: /home/aayush/new_new_frenet_planner/install/frenet_planner/share/frenet_planner/cmake/frenet_plannerConfig-version.cmake
[1.262s] -- Up-to-date: /home/aayush/new_new_frenet_planner/install/frenet_planner/share/frenet_planner/package.xml
[1.271s] Invoked command in '/home/aayush/new_new_frenet_planner/build/frenet_planner' returned '0': CMAKE_PREFIX_PATH=${CMAKE_PREFIX_PATH}:/home/aayush/new_new_frenet_planner/install/dummy:/opt/ros/foxy /usr/bin/cmake --install /home/aayush/new_new_frenet_planner/build/frenet_planner
