[1.517s] DEBUG:colcon:Command line arguments: ['/home/aayush/.local/bin/colcon', 'build']
[1.517s] DEBUG:colcon:Parsed command line arguments: Namespace(ament_cmake_args=None, base_paths=['.'], build_base='build', catkin_cmake_args=None, catkin_skip_building_tests=False, cmake_args=None, cmake_clean_cache=False, cmake_clean_first=False, cmake_force_configure=False, cmake_target=None, cmake_target_skip_unavailable=False, continue_on_error=False, event_handlers=None, executor='parallel', ignore_user_meta=False, install_base='install', log_base=None, log_level=None, main=<bound method BuildVerb.main of <colcon_core.verb.build.BuildVerb object at 0x7f853776d850>>, merge_install=False, metas=['./colcon.meta'], packages_above=None, packages_above_and_dependencies=None, packages_above_depth=None, packages_end=None, packages_ignore=None, packages_ignore_regex=None, packages_select=None, packages_select_build_failed=False, packages_select_by_dep=None, packages_select_regex=None, packages_select_test_failures=False, packages_skip=None, packages_skip_build_finished=False, packages_skip_by_dep=None, packages_skip_regex=None, packages_skip_test_passed=False, packages_skip_up_to=None, packages_start=None, packages_up_to=None, packages_up_to_regex=None, parallel_workers=2, paths=None, symlink_install=False, test_result_base=None, verb_extension=<colcon_core.verb.build.BuildVerb object at 0x7f853776d850>, verb_name='build', verb_parser=<colcon_defaults.argument_parser.defaults.DefaultArgumentsDecorator object at 0x7f853776ddc0>)
[1.559s] Level 1:colcon.colcon_core.package_discovery:discover_packages(colcon_meta) check parameters
[1.559s] Level 1:colcon.colcon_core.package_discovery:discover_packages(recursive) check parameters
[1.559s] Level 1:colcon.colcon_core.package_discovery:discover_packages(ignore) check parameters
[1.559s] Level 1:colcon.colcon_core.package_discovery:discover_packages(path) check parameters
[1.559s] Level 1:colcon.colcon_core.package_discovery:discover_packages(colcon_meta) discover
[1.559s] Level 1:colcon.colcon_core.package_discovery:discover_packages(recursive) discover
[1.559s] INFO:colcon.colcon_core.package_discovery:Crawling recursively for packages in '/home/aayush/new_new_frenet_planner'
[1.560s] Level 1:colcon.colcon_core.package_identification:_identify(.) by extensions ['ignore', 'ignore_ament_install']
[1.560s] Level 1:colcon.colcon_core.package_identification:_identify(.) by extension 'ignore'
[1.560s] Level 1:colcon.colcon_core.package_identification:_identify(.) by extension 'ignore_ament_install'
[1.560s] Level 1:colcon.colcon_core.package_identification:_identify(.) by extensions ['colcon_pkg']
[1.560s] Level 1:colcon.colcon_core.package_identification:_identify(.) by extension 'colcon_pkg'
[1.560s] Level 1:colcon.colcon_core.package_identification:_identify(.) by extensions ['colcon_meta']
[1.560s] Level 1:colcon.colcon_core.package_identification:_identify(.) by extension 'colcon_meta'
[1.560s] Level 1:colcon.colcon_core.package_identification:_identify(.) by extensions ['ros']
[1.560s] Level 1:colcon.colcon_core.package_identification:_identify(.) by extension 'ros'
[1.592s] Level 1:colcon.colcon_core.package_identification:_identify(.) by extensions ['cmake', 'python']
[1.592s] Level 1:colcon.colcon_core.package_identification:_identify(.) by extension 'cmake'
[1.592s] Level 1:colcon.colcon_core.package_identification:_identify(.) by extension 'python'
[1.592s] Level 1:colcon.colcon_core.package_identification:_identify(.) by extensions ['python_setup_py']
[1.593s] Level 1:colcon.colcon_core.package_identification:_identify(.) by extension 'python_setup_py'
[1.593s] Level 1:colcon.colcon_core.package_identification:_identify(build) by extensions ['ignore', 'ignore_ament_install']
[1.593s] Level 1:colcon.colcon_core.package_identification:_identify(build) by extension 'ignore'
[1.593s] Level 1:colcon.colcon_core.package_identification:_identify(build) ignored
[1.593s] Level 1:colcon.colcon_core.package_identification:_identify(install) by extensions ['ignore', 'ignore_ament_install']
[1.594s] Level 1:colcon.colcon_core.package_identification:_identify(install) by extension 'ignore'
[1.594s] Level 1:colcon.colcon_core.package_identification:_identify(install) ignored
[1.594s] Level 1:colcon.colcon_core.package_identification:_identify(log) by extensions ['ignore', 'ignore_ament_install']
[1.594s] Level 1:colcon.colcon_core.package_identification:_identify(log) by extension 'ignore'
[1.594s] Level 1:colcon.colcon_core.package_identification:_identify(log) ignored
[1.594s] Level 1:colcon.colcon_core.package_identification:_identify(src) by extensions ['ignore', 'ignore_ament_install']
[1.595s] Level 1:colcon.colcon_core.package_identification:_identify(src) by extension 'ignore'
[1.595s] Level 1:colcon.colcon_core.package_identification:_identify(src) by extension 'ignore_ament_install'
[1.595s] Level 1:colcon.colcon_core.package_identification:_identify(src) by extensions ['colcon_pkg']
[1.595s] Level 1:colcon.colcon_core.package_identification:_identify(src) by extension 'colcon_pkg'
[1.595s] Level 1:colcon.colcon_core.package_identification:_identify(src) by extensions ['colcon_meta']
[1.595s] Level 1:colcon.colcon_core.package_identification:_identify(src) by extension 'colcon_meta'
[1.595s] Level 1:colcon.colcon_core.package_identification:_identify(src) by extensions ['ros']
[1.595s] Level 1:colcon.colcon_core.package_identification:_identify(src) by extension 'ros'
[1.595s] Level 1:colcon.colcon_core.package_identification:_identify(src) by extensions ['cmake', 'python']
[1.596s] Level 1:colcon.colcon_core.package_identification:_identify(src) by extension 'cmake'
[1.596s] Level 1:colcon.colcon_core.package_identification:_identify(src) by extension 'python'
[1.596s] Level 1:colcon.colcon_core.package_identification:_identify(src) by extensions ['python_setup_py']
[1.596s] Level 1:colcon.colcon_core.package_identification:_identify(src) by extension 'python_setup_py'
[1.596s] Level 1:colcon.colcon_core.package_identification:_identify(src/IAC_planner_4) by extensions ['ignore', 'ignore_ament_install']
[1.596s] Level 1:colcon.colcon_core.package_identification:_identify(src/IAC_planner_4) by extension 'ignore'
[1.596s] Level 1:colcon.colcon_core.package_identification:_identify(src/IAC_planner_4) by extension 'ignore_ament_install'
[1.596s] Level 1:colcon.colcon_core.package_identification:_identify(src/IAC_planner_4) by extensions ['colcon_pkg']
[1.597s] Level 1:colcon.colcon_core.package_identification:_identify(src/IAC_planner_4) by extension 'colcon_pkg'
[1.597s] Level 1:colcon.colcon_core.package_identification:_identify(src/IAC_planner_4) by extensions ['colcon_meta']
[1.597s] Level 1:colcon.colcon_core.package_identification:_identify(src/IAC_planner_4) by extension 'colcon_meta'
[1.597s] Level 1:colcon.colcon_core.package_identification:_identify(src/IAC_planner_4) by extensions ['ros']
[1.597s] Level 1:colcon.colcon_core.package_identification:_identify(src/IAC_planner_4) by extension 'ros'
[1.604s] DEBUG:colcon.colcon_core.package_identification:Package 'src/IAC_planner_4' with type 'ros.ament_cmake' and name 'frenet_planner'
[1.604s] Level 1:colcon.colcon_core.package_identification:_identify(src/dummy) by extensions ['ignore', 'ignore_ament_install']
[1.604s] Level 1:colcon.colcon_core.package_identification:_identify(src/dummy) by extension 'ignore'
[1.605s] Level 1:colcon.colcon_core.package_identification:_identify(src/dummy) by extension 'ignore_ament_install'
[1.605s] Level 1:colcon.colcon_core.package_identification:_identify(src/dummy) by extensions ['colcon_pkg']
[1.605s] Level 1:colcon.colcon_core.package_identification:_identify(src/dummy) by extension 'colcon_pkg'
[1.605s] Level 1:colcon.colcon_core.package_identification:_identify(src/dummy) by extensions ['colcon_meta']
[1.605s] Level 1:colcon.colcon_core.package_identification:_identify(src/dummy) by extension 'colcon_meta'
[1.605s] Level 1:colcon.colcon_core.package_identification:_identify(src/dummy) by extensions ['ros']
[1.605s] Level 1:colcon.colcon_core.package_identification:_identify(src/dummy) by extension 'ros'
[1.607s] DEBUG:colcon.colcon_core.package_identification:Package 'src/dummy' with type 'ros.ament_python' and name 'dummy'
[1.607s] Level 1:colcon.colcon_core.package_discovery:discover_packages(recursive) using defaults
[1.607s] Level 1:colcon.colcon_core.package_discovery:discover_packages(ignore) discover
[1.607s] Level 1:colcon.colcon_core.package_discovery:discover_packages(ignore) using defaults
[1.607s] Level 1:colcon.colcon_core.package_discovery:discover_packages(path) discover
[1.607s] Level 1:colcon.colcon_core.package_discovery:discover_packages(path) using defaults
[1.745s] Level 5:colcon.colcon_core.verb:set package 'dummy' build argument 'cmake_args' from command line to 'None'
[1.745s] Level 5:colcon.colcon_core.verb:set package 'dummy' build argument 'cmake_target' from command line to 'None'
[1.745s] Level 5:colcon.colcon_core.verb:set package 'dummy' build argument 'cmake_target_skip_unavailable' from command line to 'False'
[1.745s] Level 5:colcon.colcon_core.verb:set package 'dummy' build argument 'cmake_clean_cache' from command line to 'False'
[1.745s] Level 5:colcon.colcon_core.verb:set package 'dummy' build argument 'cmake_clean_first' from command line to 'False'
[1.745s] Level 5:colcon.colcon_core.verb:set package 'dummy' build argument 'cmake_force_configure' from command line to 'False'
[1.745s] Level 5:colcon.colcon_core.verb:set package 'dummy' build argument 'ament_cmake_args' from command line to 'None'
[1.746s] Level 5:colcon.colcon_core.verb:set package 'dummy' build argument 'catkin_cmake_args' from command line to 'None'
[1.746s] Level 5:colcon.colcon_core.verb:set package 'dummy' build argument 'catkin_skip_building_tests' from command line to 'False'
[1.746s] DEBUG:colcon.colcon_core.verb:Building package 'dummy' with the following arguments: {'ament_cmake_args': None, 'build_base': '/home/aayush/new_new_frenet_planner/build/dummy', 'catkin_cmake_args': None, 'catkin_skip_building_tests': False, 'cmake_args': None, 'cmake_clean_cache': False, 'cmake_clean_first': False, 'cmake_force_configure': False, 'cmake_target': None, 'cmake_target_skip_unavailable': False, 'install_base': '/home/aayush/new_new_frenet_planner/install/dummy', 'merge_install': False, 'path': '/home/aayush/new_new_frenet_planner/src/dummy', 'symlink_install': False, 'test_result_base': None}
[1.768s] Level 5:colcon.colcon_core.verb:set package 'frenet_planner' build argument 'cmake_args' from command line to 'None'
[1.768s] Level 5:colcon.colcon_core.verb:set package 'frenet_planner' build argument 'cmake_target' from command line to 'None'
[1.768s] Level 5:colcon.colcon_core.verb:set package 'frenet_planner' build argument 'cmake_target_skip_unavailable' from command line to 'False'
[1.768s] Level 5:colcon.colcon_core.verb:set package 'frenet_planner' build argument 'cmake_clean_cache' from command line to 'False'
[1.768s] Level 5:colcon.colcon_core.verb:set package 'frenet_planner' build argument 'cmake_clean_first' from command line to 'False'
[1.768s] Level 5:colcon.colcon_core.verb:set package 'frenet_planner' build argument 'cmake_force_configure' from command line to 'False'
[1.768s] Level 5:colcon.colcon_core.verb:set package 'frenet_planner' build argument 'ament_cmake_args' from command line to 'None'
[1.768s] Level 5:colcon.colcon_core.verb:set package 'frenet_planner' build argument 'catkin_cmake_args' from command line to 'None'
[1.768s] Level 5:colcon.colcon_core.verb:set package 'frenet_planner' build argument 'catkin_skip_building_tests' from command line to 'False'
[1.768s] DEBUG:colcon.colcon_core.verb:Building package 'frenet_planner' with the following arguments: {'ament_cmake_args': None, 'build_base': '/home/aayush/new_new_frenet_planner/build/frenet_planner', 'catkin_cmake_args': None, 'catkin_skip_building_tests': False, 'cmake_args': None, 'cmake_clean_cache': False, 'cmake_clean_first': False, 'cmake_force_configure': False, 'cmake_target': None, 'cmake_target_skip_unavailable': False, 'install_base': '/home/aayush/new_new_frenet_planner/install/frenet_planner', 'merge_install': False, 'path': '/home/aayush/new_new_frenet_planner/src/IAC_planner_4', 'symlink_install': False, 'test_result_base': None}
[1.774s] INFO:colcon.colcon_core.executor:Executing jobs using 'parallel' executor
[1.809s] DEBUG:colcon.colcon_parallel_executor.executor.parallel:run_until_complete
[1.810s] INFO:colcon.colcon_ros.task.ament_python.build:Building ROS package in '/home/aayush/new_new_frenet_planner/src/dummy' with build type 'ament_python'
[1.810s] Level 1:colcon.colcon_core.shell:create_environment_hook('dummy', 'ament_prefix_path')
[1.833s] INFO:colcon.colcon_core.plugin_system:Skipping extension 'colcon_core.shell.bat': Not used on non-Windows systems
[1.834s] INFO:colcon.colcon_core.shell:Creating environment hook '/home/aayush/new_new_frenet_planner/install/dummy/share/dummy/hook/ament_prefix_path.ps1'
[1.835s] INFO:colcon.colcon_core.shell:Creating environment descriptor '/home/aayush/new_new_frenet_planner/install/dummy/share/dummy/hook/ament_prefix_path.dsv'
[1.837s] INFO:colcon.colcon_core.shell:Creating environment hook '/home/aayush/new_new_frenet_planner/install/dummy/share/dummy/hook/ament_prefix_path.sh'
[1.856s] INFO:colcon.colcon_core.shell:Skip shell extension 'powershell' for command environment: Not usable outside of PowerShell
[1.856s] DEBUG:colcon.colcon_core.shell:Skip shell extension 'dsv' for command environment
[1.875s] DEBUG:colcon.colcon_core.shell:Ignoring prefix path '/opt/ros/foxy'
[1.883s] INFO:colcon.colcon_ros.task.ament_cmake.build:Building ROS package in '/home/aayush/new_new_frenet_planner/src/IAC_planner_4' with build type 'ament_cmake'
[1.884s] INFO:colcon.colcon_cmake.task.cmake.build:Building CMake package in '/home/aayush/new_new_frenet_planner/src/IAC_planner_4'
[1.909s] INFO:colcon.colcon_core.shell:Skip shell extension 'powershell' for command environment: Not usable outside of PowerShell
[1.909s] DEBUG:colcon.colcon_core.shell:Skip shell extension 'dsv' for command environment
[1.924s] DEBUG:colcon.colcon_core.shell:Ignoring prefix path '/opt/ros/foxy'
[2.725s] INFO:colcon.colcon_core.task.python.build:Building Python package in '/home/aayush/new_new_frenet_planner/src/dummy'
[2.743s] INFO:colcon.colcon_core.shell:Skip shell extension 'powershell' for command environment: Not usable outside of PowerShell
[2.743s] DEBUG:colcon.colcon_core.shell:Skip shell extension 'dsv' for command environment
[2.757s] DEBUG:colcon.colcon_core.shell:Ignoring prefix path '/opt/ros/foxy'
[2.776s] DEBUG:colcon.colcon_core.event_handler.log_command:Invoking command in '/home/aayush/new_new_frenet_planner/build/frenet_planner': CMAKE_PREFIX_PATH=/opt/ros/foxy /usr/bin/cmake --build /home/aayush/new_new_frenet_planner/build/frenet_planner -- -j2 -l2
[2.792s] DEBUG:colcon.colcon_core.event_handler.log_command:Invoking command in '/home/aayush/new_new_frenet_planner/src/dummy': PYTHONPATH=/home/aayush/new_new_frenet_planner/install/dummy/lib/python3.8/site-packages:${PYTHONPATH} /usr/bin/python3 setup.py egg_info --egg-base ../../build/dummy build --build-base /home/aayush/new_new_frenet_planner/build/dummy/build install --prefix /home/aayush/new_new_frenet_planner/install/dummy --record /home/aayush/new_new_frenet_planner/build/dummy/install.log --single-version-externally-managed
[3.084s] DEBUG:colcon.colcon_core.event_handler.log_command:Invoked command in '/home/aayush/new_new_frenet_planner/build/frenet_planner' returned '0': CMAKE_PREFIX_PATH=/opt/ros/foxy /usr/bin/cmake --build /home/aayush/new_new_frenet_planner/build/frenet_planner -- -j2 -l2
[3.197s] DEBUG:colcon.colcon_core.event_handler.log_command:Invoking command in '/home/aayush/new_new_frenet_planner/build/frenet_planner': CMAKE_PREFIX_PATH=/opt/ros/foxy /usr/bin/cmake --install /home/aayush/new_new_frenet_planner/build/frenet_planner
[3.238s] Level 1:colcon.colcon_core.environment:create_environment_scripts_only(frenet_planner)
[3.243s] DEBUG:colcon.colcon_core.event_handler.log_command:Invoked command in '/home/aayush/new_new_frenet_planner/build/frenet_planner' returned '0': CMAKE_PREFIX_PATH=/opt/ros/foxy /usr/bin/cmake --install /home/aayush/new_new_frenet_planner/build/frenet_planner
[3.277s] Level 1:colcon.colcon_core.environment:checking '/home/aayush/new_new_frenet_planner/install/frenet_planner' for CMake module files
[3.278s] Level 1:colcon.colcon_core.environment:checking '/home/aayush/new_new_frenet_planner/install/frenet_planner' for CMake config files
[3.279s] Level 1:colcon.colcon_core.shell:create_environment_hook('frenet_planner', 'cmake_prefix_path')
[3.299s] INFO:colcon.colcon_core.shell:Creating environment hook '/home/aayush/new_new_frenet_planner/install/frenet_planner/share/frenet_planner/hook/cmake_prefix_path.ps1'
[3.300s] INFO:colcon.colcon_core.shell:Creating environment descriptor '/home/aayush/new_new_frenet_planner/install/frenet_planner/share/frenet_planner/hook/cmake_prefix_path.dsv'
[3.301s] INFO:colcon.colcon_core.shell:Creating environment hook '/home/aayush/new_new_frenet_planner/install/frenet_planner/share/frenet_planner/hook/cmake_prefix_path.sh'
[3.303s] Level 1:colcon.colcon_core.environment:checking '/home/aayush/new_new_frenet_planner/install/frenet_planner/lib'
[3.304s] Level 1:colcon.colcon_core.environment:checking '/home/aayush/new_new_frenet_planner/install/frenet_planner/bin'
[3.304s] Level 1:colcon.colcon_core.environment:checking '/home/aayush/new_new_frenet_planner/install/frenet_planner/lib/pkgconfig/frenet_planner.pc'
[3.304s] Level 1:colcon.colcon_core.environment:checking '/home/aayush/new_new_frenet_planner/install/frenet_planner/lib/python3.8/site-packages'
[3.324s] INFO:colcon.colcon_core.shell:Creating package script '/home/aayush/new_new_frenet_planner/install/frenet_planner/share/frenet_planner/package.ps1'
[3.327s] INFO:colcon.colcon_core.shell:Creating package descriptor '/home/aayush/new_new_frenet_planner/install/frenet_planner/share/frenet_planner/package.dsv'
[3.329s] INFO:colcon.colcon_core.shell:Creating package script '/home/aayush/new_new_frenet_planner/install/frenet_planner/share/frenet_planner/package.sh'
[3.331s] INFO:colcon.colcon_core.shell:Creating package script '/home/aayush/new_new_frenet_planner/install/frenet_planner/share/frenet_planner/package.bash'
[3.333s] INFO:colcon.colcon_core.shell:Creating package script '/home/aayush/new_new_frenet_planner/install/frenet_planner/share/frenet_planner/package.zsh'
[3.335s] Level 1:colcon.colcon_core.environment:create_file_with_runtime_dependencies(/home/aayush/new_new_frenet_planner/install/frenet_planner/share/colcon-core/packages/frenet_planner)
[3.431s] Level 1:colcon.colcon_core.environment:create_environment_scripts_only(frenet_planner)
[3.449s] Level 1:colcon.colcon_core.environment:checking '/home/aayush/new_new_frenet_planner/install/frenet_planner' for CMake module files
[3.451s] Level 1:colcon.colcon_core.environment:checking '/home/aayush/new_new_frenet_planner/install/frenet_planner' for CMake config files
[3.451s] Level 1:colcon.colcon_core.shell:create_environment_hook('frenet_planner', 'cmake_prefix_path')
[3.471s] INFO:colcon.colcon_core.shell:Creating environment hook '/home/aayush/new_new_frenet_planner/install/frenet_planner/share/frenet_planner/hook/cmake_prefix_path.ps1'
[3.472s] INFO:colcon.colcon_core.shell:Creating environment descriptor '/home/aayush/new_new_frenet_planner/install/frenet_planner/share/frenet_planner/hook/cmake_prefix_path.dsv'
[3.473s] INFO:colcon.colcon_core.shell:Creating environment hook '/home/aayush/new_new_frenet_planner/install/frenet_planner/share/frenet_planner/hook/cmake_prefix_path.sh'
[3.475s] Level 1:colcon.colcon_core.environment:checking '/home/aayush/new_new_frenet_planner/install/frenet_planner/lib'
[3.475s] Level 1:colcon.colcon_core.environment:checking '/home/aayush/new_new_frenet_planner/install/frenet_planner/bin'
[3.476s] Level 1:colcon.colcon_core.environment:checking '/home/aayush/new_new_frenet_planner/install/frenet_planner/lib/pkgconfig/frenet_planner.pc'
[3.476s] Level 1:colcon.colcon_core.environment:checking '/home/aayush/new_new_frenet_planner/install/frenet_planner/lib/python3.8/site-packages'
[3.498s] INFO:colcon.colcon_core.shell:Creating package script '/home/aayush/new_new_frenet_planner/install/frenet_planner/share/frenet_planner/package.ps1'
[3.499s] INFO:colcon.colcon_core.shell:Creating package descriptor '/home/aayush/new_new_frenet_planner/install/frenet_planner/share/frenet_planner/package.dsv'
[3.501s] INFO:colcon.colcon_core.shell:Creating package script '/home/aayush/new_new_frenet_planner/install/frenet_planner/share/frenet_planner/package.sh'
[3.502s] INFO:colcon.colcon_core.shell:Creating package script '/home/aayush/new_new_frenet_planner/install/frenet_planner/share/frenet_planner/package.bash'
[3.503s] INFO:colcon.colcon_core.shell:Creating package script '/home/aayush/new_new_frenet_planner/install/frenet_planner/share/frenet_planner/package.zsh'
[3.504s] Level 1:colcon.colcon_core.environment:create_file_with_runtime_dependencies(/home/aayush/new_new_frenet_planner/install/frenet_planner/share/colcon-core/packages/frenet_planner)
[4.100s] DEBUG:colcon.colcon_core.event_handler.log_command:Invoked command in '/home/aayush/new_new_frenet_planner/src/dummy' returned '0': PYTHONPATH=/home/aayush/new_new_frenet_planner/install/dummy/lib/python3.8/site-packages:${PYTHONPATH} /usr/bin/python3 setup.py egg_info --egg-base ../../build/dummy build --build-base /home/aayush/new_new_frenet_planner/build/dummy/build install --prefix /home/aayush/new_new_frenet_planner/install/dummy --record /home/aayush/new_new_frenet_planner/build/dummy/install.log --single-version-externally-managed
[4.104s] Level 1:colcon.colcon_core.environment:checking '/home/aayush/new_new_frenet_planner/install/dummy' for CMake module files
[4.106s] Level 1:colcon.colcon_core.environment:checking '/home/aayush/new_new_frenet_planner/install/dummy' for CMake config files
[4.107s] Level 1:colcon.colcon_core.environment:checking '/home/aayush/new_new_frenet_planner/install/dummy/lib'
[4.107s] Level 1:colcon.colcon_core.environment:checking '/home/aayush/new_new_frenet_planner/install/dummy/bin'
[4.107s] Level 1:colcon.colcon_core.environment:checking '/home/aayush/new_new_frenet_planner/install/dummy/lib/pkgconfig/dummy.pc'
[4.107s] Level 1:colcon.colcon_core.environment:checking '/home/aayush/new_new_frenet_planner/install/dummy/lib/python3.8/site-packages'
[4.108s] Level 1:colcon.colcon_core.shell:create_environment_hook('dummy', 'pythonpath')
[4.129s] INFO:colcon.colcon_core.shell:Creating environment hook '/home/aayush/new_new_frenet_planner/install/dummy/share/dummy/hook/pythonpath.ps1'
[4.130s] INFO:colcon.colcon_core.shell:Creating environment descriptor '/home/aayush/new_new_frenet_planner/install/dummy/share/dummy/hook/pythonpath.dsv'
[4.131s] INFO:colcon.colcon_core.shell:Creating environment hook '/home/aayush/new_new_frenet_planner/install/dummy/share/dummy/hook/pythonpath.sh'
[4.131s] Level 1:colcon.colcon_core.environment:create_environment_scripts_only(dummy)
[4.149s] INFO:colcon.colcon_core.shell:Creating package script '/home/aayush/new_new_frenet_planner/install/dummy/share/dummy/package.ps1'
[4.150s] INFO:colcon.colcon_core.shell:Creating package descriptor '/home/aayush/new_new_frenet_planner/install/dummy/share/dummy/package.dsv'
[4.151s] INFO:colcon.colcon_core.shell:Creating package script '/home/aayush/new_new_frenet_planner/install/dummy/share/dummy/package.sh'
[4.151s] INFO:colcon.colcon_core.shell:Creating package script '/home/aayush/new_new_frenet_planner/install/dummy/share/dummy/package.bash'
[4.152s] INFO:colcon.colcon_core.shell:Creating package script '/home/aayush/new_new_frenet_planner/install/dummy/share/dummy/package.zsh'
[4.154s] Level 1:colcon.colcon_core.environment:create_file_with_runtime_dependencies(/home/aayush/new_new_frenet_planner/install/dummy/share/colcon-core/packages/dummy)
[4.155s] DEBUG:colcon.colcon_parallel_executor.executor.parallel:closing loop
[4.156s] DEBUG:colcon.colcon_parallel_executor.executor.parallel:loop closed
[4.156s] DEBUG:colcon.colcon_parallel_executor.executor.parallel:run_until_complete finished with '0'
[4.156s] DEBUG:colcon.colcon_core.event_reactor:joining thread
[4.234s] INFO:colcon.colcon_core.plugin_system:Skipping extension 'colcon_notification.desktop_notification.terminal_notifier': Not used on non-Darwin systems
[4.234s] INFO:colcon.colcon_core.plugin_system:Skipping extension 'colcon_notification.desktop_notification.win32': Not used on non-Windows systems
[4.234s] INFO:colcon.colcon_notification.desktop_notification:Sending desktop notification using 'notify2'
[4.278s] DEBUG:colcon.colcon_core.event_reactor:joined thread
[4.300s] INFO:colcon.colcon_core.shell:Creating prefix script '/home/aayush/new_new_frenet_planner/install/local_setup.ps1'
[4.304s] INFO:colcon.colcon_core.shell:Creating prefix util module '/home/aayush/new_new_frenet_planner/install/_local_setup_util_ps1.py'
[4.309s] INFO:colcon.colcon_core.shell:Creating prefix chain script '/home/aayush/new_new_frenet_planner/install/setup.ps1'
[4.329s] INFO:colcon.colcon_core.shell:Creating prefix script '/home/aayush/new_new_frenet_planner/install/local_setup.sh'
[4.331s] INFO:colcon.colcon_core.shell:Creating prefix util module '/home/aayush/new_new_frenet_planner/install/_local_setup_util_sh.py'
[4.332s] INFO:colcon.colcon_core.shell:Creating prefix chain script '/home/aayush/new_new_frenet_planner/install/setup.sh'
[4.353s] INFO:colcon.colcon_core.shell:Creating prefix script '/home/aayush/new_new_frenet_planner/install/local_setup.bash'
[4.355s] INFO:colcon.colcon_core.shell:Creating prefix chain script '/home/aayush/new_new_frenet_planner/install/setup.bash'
[4.374s] INFO:colcon.colcon_core.shell:Creating prefix script '/home/aayush/new_new_frenet_planner/install/local_setup.zsh'
[4.375s] INFO:colcon.colcon_core.shell:Creating prefix chain script '/home/aayush/new_new_frenet_planner/install/setup.zsh'
