[1.339s] DEBUG:colcon:Command line arguments: ['/home/aayush/.local/bin/colcon', 'build']
[1.339s] DEBUG:colcon:Parsed command line arguments: Namespace(ament_cmake_args=None, base_paths=['.'], build_base='build', catkin_cmake_args=None, catkin_skip_building_tests=False, cmake_args=None, cmake_clean_cache=False, cmake_clean_first=False, cmake_force_configure=False, cmake_target=None, cmake_target_skip_unavailable=False, continue_on_error=False, event_handlers=None, executor='parallel', ignore_user_meta=False, install_base='install', log_base=None, log_level=None, main=<bound method BuildVerb.main of <colcon_core.verb.build.BuildVerb object at 0x7fd3d0f7e460>>, merge_install=False, metas=['./colcon.meta'], packages_above=None, packages_above_and_dependencies=None, packages_above_depth=None, packages_end=None, packages_ignore=None, packages_ignore_regex=None, packages_select=None, packages_select_build_failed=False, packages_select_by_dep=None, packages_select_regex=None, packages_select_test_failures=False, packages_skip=None, packages_skip_build_finished=False, packages_skip_by_dep=None, packages_skip_regex=None, packages_skip_test_passed=False, packages_skip_up_to=None, packages_start=None, packages_up_to=None, packages_up_to_regex=None, parallel_workers=2, paths=None, symlink_install=False, test_result_base=None, verb_extension=<colcon_core.verb.build.BuildVerb object at 0x7fd3d0f7e460>, verb_name='build', verb_parser=<colcon_defaults.argument_parser.defaults.DefaultArgumentsDecorator object at 0x7fd3d0f7e9a0>)
[1.379s] Level 1:colcon.colcon_core.package_discovery:discover_packages(colcon_meta) check parameters
[1.379s] Level 1:colcon.colcon_core.package_discovery:discover_packages(recursive) check parameters
[1.380s] Level 1:colcon.colcon_core.package_discovery:discover_packages(ignore) check parameters
[1.380s] Level 1:colcon.colcon_core.package_discovery:discover_packages(path) check parameters
[1.380s] Level 1:colcon.colcon_core.package_discovery:discover_packages(colcon_meta) discover
[1.380s] Level 1:colcon.colcon_core.package_discovery:discover_packages(recursive) discover
[1.380s] INFO:colcon.colcon_core.package_discovery:Crawling recursively for packages in '/home/aayush/new_frenet_planner'
[1.380s] Level 1:colcon.colcon_core.package_identification:_identify(.) by extensions ['ignore', 'ignore_ament_install']
[1.380s] Level 1:colcon.colcon_core.package_identification:_identify(.) by extension 'ignore'
[1.380s] Level 1:colcon.colcon_core.package_identification:_identify(.) by extension 'ignore_ament_install'
[1.381s] Level 1:colcon.colcon_core.package_identification:_identify(.) by extensions ['colcon_pkg']
[1.381s] Level 1:colcon.colcon_core.package_identification:_identify(.) by extension 'colcon_pkg'
[1.381s] Level 1:colcon.colcon_core.package_identification:_identify(.) by extensions ['colcon_meta']
[1.381s] Level 1:colcon.colcon_core.package_identification:_identify(.) by extension 'colcon_meta'
[1.381s] Level 1:colcon.colcon_core.package_identification:_identify(.) by extensions ['ros']
[1.381s] Level 1:colcon.colcon_core.package_identification:_identify(.) by extension 'ros'
[1.412s] Level 1:colcon.colcon_core.package_identification:_identify(.) by extensions ['cmake', 'python']
[1.412s] Level 1:colcon.colcon_core.package_identification:_identify(.) by extension 'cmake'
[1.413s] Level 1:colcon.colcon_core.package_identification:_identify(.) by extension 'python'
[1.413s] Level 1:colcon.colcon_core.package_identification:_identify(.) by extensions ['python_setup_py']
[1.413s] Level 1:colcon.colcon_core.package_identification:_identify(.) by extension 'python_setup_py'
[1.413s] Level 1:colcon.colcon_core.package_identification:_identify(build) by extensions ['ignore', 'ignore_ament_install']
[1.413s] Level 1:colcon.colcon_core.package_identification:_identify(build) by extension 'ignore'
[1.413s] Level 1:colcon.colcon_core.package_identification:_identify(build) ignored
[1.414s] Level 1:colcon.colcon_core.package_identification:_identify(install) by extensions ['ignore', 'ignore_ament_install']
[1.414s] Level 1:colcon.colcon_core.package_identification:_identify(install) by extension 'ignore'
[1.414s] Level 1:colcon.colcon_core.package_identification:_identify(install) ignored
[1.414s] Level 1:colcon.colcon_core.package_identification:_identify(log) by extensions ['ignore', 'ignore_ament_install']
[1.414s] Level 1:colcon.colcon_core.package_identification:_identify(log) by extension 'ignore'
[1.414s] Level 1:colcon.colcon_core.package_identification:_identify(log) ignored
[1.415s] Level 1:colcon.colcon_core.package_identification:_identify(src) by extensions ['ignore', 'ignore_ament_install']
[1.415s] Level 1:colcon.colcon_core.package_identification:_identify(src) by extension 'ignore'
[1.415s] Level 1:colcon.colcon_core.package_identification:_identify(src) by extension 'ignore_ament_install'
[1.415s] Level 1:colcon.colcon_core.package_identification:_identify(src) by extensions ['colcon_pkg']
[1.415s] Level 1:colcon.colcon_core.package_identification:_identify(src) by extension 'colcon_pkg'
[1.415s] Level 1:colcon.colcon_core.package_identification:_identify(src) by extensions ['colcon_meta']
[1.415s] Level 1:colcon.colcon_core.package_identification:_identify(src) by extension 'colcon_meta'
[1.415s] Level 1:colcon.colcon_core.package_identification:_identify(src) by extensions ['ros']
[1.415s] Level 1:colcon.colcon_core.package_identification:_identify(src) by extension 'ros'
[1.416s] Level 1:colcon.colcon_core.package_identification:_identify(src) by extensions ['cmake', 'python']
[1.416s] Level 1:colcon.colcon_core.package_identification:_identify(src) by extension 'cmake'
[1.416s] Level 1:colcon.colcon_core.package_identification:_identify(src) by extension 'python'
[1.416s] Level 1:colcon.colcon_core.package_identification:_identify(src) by extensions ['python_setup_py']
[1.416s] Level 1:colcon.colcon_core.package_identification:_identify(src) by extension 'python_setup_py'
[1.416s] Level 1:colcon.colcon_core.package_identification:_identify(src/frenet_planner_3) by extensions ['ignore', 'ignore_ament_install']
[1.417s] Level 1:colcon.colcon_core.package_identification:_identify(src/frenet_planner_3) by extension 'ignore'
[1.417s] Level 1:colcon.colcon_core.package_identification:_identify(src/frenet_planner_3) by extension 'ignore_ament_install'
[1.417s] Level 1:colcon.colcon_core.package_identification:_identify(src/frenet_planner_3) by extensions ['colcon_pkg']
[1.417s] Level 1:colcon.colcon_core.package_identification:_identify(src/frenet_planner_3) by extension 'colcon_pkg'
[1.417s] Level 1:colcon.colcon_core.package_identification:_identify(src/frenet_planner_3) by extensions ['colcon_meta']
[1.417s] Level 1:colcon.colcon_core.package_identification:_identify(src/frenet_planner_3) by extension 'colcon_meta'
[1.417s] Level 1:colcon.colcon_core.package_identification:_identify(src/frenet_planner_3) by extensions ['ros']
[1.417s] Level 1:colcon.colcon_core.package_identification:_identify(src/frenet_planner_3) by extension 'ros'
[1.424s] DEBUG:colcon.colcon_core.package_identification:Package 'src/frenet_planner_3' with type 'ros.ament_cmake' and name 'frenet_planner'
[1.424s] Level 1:colcon.colcon_core.package_discovery:discover_packages(recursive) using defaults
[1.424s] Level 1:colcon.colcon_core.package_discovery:discover_packages(ignore) discover
[1.425s] Level 1:colcon.colcon_core.package_discovery:discover_packages(ignore) using defaults
[1.425s] Level 1:colcon.colcon_core.package_discovery:discover_packages(path) discover
[1.425s] Level 1:colcon.colcon_core.package_discovery:discover_packages(path) using defaults
[1.559s] Level 5:colcon.colcon_core.verb:set package 'frenet_planner' build argument 'cmake_args' from command line to 'None'
[1.559s] Level 5:colcon.colcon_core.verb:set package 'frenet_planner' build argument 'cmake_target' from command line to 'None'
[1.559s] Level 5:colcon.colcon_core.verb:set package 'frenet_planner' build argument 'cmake_target_skip_unavailable' from command line to 'False'
[1.559s] Level 5:colcon.colcon_core.verb:set package 'frenet_planner' build argument 'cmake_clean_cache' from command line to 'False'
[1.559s] Level 5:colcon.colcon_core.verb:set package 'frenet_planner' build argument 'cmake_clean_first' from command line to 'False'
[1.559s] Level 5:colcon.colcon_core.verb:set package 'frenet_planner' build argument 'cmake_force_configure' from command line to 'False'
[1.559s] Level 5:colcon.colcon_core.verb:set package 'frenet_planner' build argument 'ament_cmake_args' from command line to 'None'
[1.560s] Level 5:colcon.colcon_core.verb:set package 'frenet_planner' build argument 'catkin_cmake_args' from command line to 'None'
[1.560s] Level 5:colcon.colcon_core.verb:set package 'frenet_planner' build argument 'catkin_skip_building_tests' from command line to 'False'
[1.560s] DEBUG:colcon.colcon_core.verb:Building package 'frenet_planner' with the following arguments: {'ament_cmake_args': None, 'build_base': '/home/aayush/new_frenet_planner/build/frenet_planner', 'catkin_cmake_args': None, 'catkin_skip_building_tests': False, 'cmake_args': None, 'cmake_clean_cache': False, 'cmake_clean_first': False, 'cmake_force_configure': False, 'cmake_target': None, 'cmake_target_skip_unavailable': False, 'install_base': '/home/aayush/new_frenet_planner/install/frenet_planner', 'merge_install': False, 'path': '/home/aayush/new_frenet_planner/src/frenet_planner_3', 'symlink_install': False, 'test_result_base': None}
[1.565s] INFO:colcon.colcon_core.executor:Executing jobs using 'parallel' executor
[1.600s] DEBUG:colcon.colcon_parallel_executor.executor.parallel:run_until_complete
[1.601s] INFO:colcon.colcon_ros.task.ament_cmake.build:Building ROS package in '/home/aayush/new_frenet_planner/src/frenet_planner_3' with build type 'ament_cmake'
[1.601s] INFO:colcon.colcon_cmake.task.cmake.build:Building CMake package in '/home/aayush/new_frenet_planner/src/frenet_planner_3'
[1.623s] INFO:colcon.colcon_core.plugin_system:Skipping extension 'colcon_core.shell.bat': Not used on non-Windows systems
[1.623s] INFO:colcon.colcon_core.shell:Skip shell extension 'powershell' for command environment: Not usable outside of PowerShell
[1.624s] DEBUG:colcon.colcon_core.shell:Skip shell extension 'dsv' for command environment
[1.638s] DEBUG:colcon.colcon_core.shell:Ignoring prefix path '/opt/ros/foxy'
[1.655s] DEBUG:colcon.colcon_core.event_handler.log_command:Invoking command in '/home/aayush/new_frenet_planner/build/frenet_planner': CMAKE_PREFIX_PATH=${CMAKE_PREFIX_PATH}:/home/aayush/fake_iac_ws/install/dummy:/opt/ros/foxy /usr/bin/cmake /home/aayush/new_frenet_planner/src/frenet_planner_3 -DCMAKE_INSTALL_PREFIX=/home/aayush/new_frenet_planner/install/frenet_planner
[11.108s] DEBUG:colcon.colcon_core.event_handler.log_command:Invoked command in '/home/aayush/new_frenet_planner/build/frenet_planner' returned '0': CMAKE_PREFIX_PATH=${CMAKE_PREFIX_PATH}:/home/aayush/fake_iac_ws/install/dummy:/opt/ros/foxy /usr/bin/cmake /home/aayush/new_frenet_planner/src/frenet_planner_3 -DCMAKE_INSTALL_PREFIX=/home/aayush/new_frenet_planner/install/frenet_planner
[11.109s] DEBUG:colcon.colcon_core.event_handler.log_command:Invoking command in '/home/aayush/new_frenet_planner/build/frenet_planner': CMAKE_PREFIX_PATH=${CMAKE_PREFIX_PATH}:/home/aayush/fake_iac_ws/install/dummy:/opt/ros/foxy /usr/bin/cmake --build /home/aayush/new_frenet_planner/build/frenet_planner -- -j2 -l2
[53.329s] DEBUG:colcon.colcon_core.event_handler.log_command:Invoked command in '/home/aayush/new_frenet_planner/build/frenet_planner' returned '0': CMAKE_PREFIX_PATH=${CMAKE_PREFIX_PATH}:/home/aayush/fake_iac_ws/install/dummy:/opt/ros/foxy /usr/bin/cmake --build /home/aayush/new_frenet_planner/build/frenet_planner -- -j2 -l2
[53.450s] DEBUG:colcon.colcon_core.event_handler.log_command:Invoking command in '/home/aayush/new_frenet_planner/build/frenet_planner': CMAKE_PREFIX_PATH=${CMAKE_PREFIX_PATH}:/home/aayush/fake_iac_ws/install/dummy:/opt/ros/foxy /usr/bin/cmake --install /home/aayush/new_frenet_planner/build/frenet_planner
[53.524s] Level 1:colcon.colcon_core.environment:create_environment_scripts_only(frenet_planner)
[53.528s] DEBUG:colcon.colcon_core.event_handler.log_command:Invoked command in '/home/aayush/new_frenet_planner/build/frenet_planner' returned '0': CMAKE_PREFIX_PATH=${CMAKE_PREFIX_PATH}:/home/aayush/fake_iac_ws/install/dummy:/opt/ros/foxy /usr/bin/cmake --install /home/aayush/new_frenet_planner/build/frenet_planner
[53.665s] Level 1:colcon.colcon_core.environment:checking '/home/aayush/new_frenet_planner/install/frenet_planner' for CMake module files
[53.671s] Level 1:colcon.colcon_core.environment:checking '/home/aayush/new_frenet_planner/install/frenet_planner' for CMake config files
[53.673s] Level 1:colcon.colcon_core.shell:create_environment_hook('frenet_planner', 'cmake_prefix_path')
[53.756s] INFO:colcon.colcon_core.shell:Creating environment hook '/home/aayush/new_frenet_planner/install/frenet_planner/share/frenet_planner/hook/cmake_prefix_path.ps1'
[53.761s] INFO:colcon.colcon_core.shell:Creating environment descriptor '/home/aayush/new_frenet_planner/install/frenet_planner/share/frenet_planner/hook/cmake_prefix_path.dsv'
[53.764s] INFO:colcon.colcon_core.shell:Creating environment hook '/home/aayush/new_frenet_planner/install/frenet_planner/share/frenet_planner/hook/cmake_prefix_path.sh'
[53.770s] Level 1:colcon.colcon_core.environment:checking '/home/aayush/new_frenet_planner/install/frenet_planner/lib'
[53.771s] Level 1:colcon.colcon_core.environment:checking '/home/aayush/new_frenet_planner/install/frenet_planner/bin'
[53.772s] Level 1:colcon.colcon_core.environment:checking '/home/aayush/new_frenet_planner/install/frenet_planner/lib/pkgconfig/frenet_planner.pc'
[53.772s] Level 1:colcon.colcon_core.environment:checking '/home/aayush/new_frenet_planner/install/frenet_planner/lib/python3.8/site-packages'
[53.797s] INFO:colcon.colcon_core.shell:Creating package script '/home/aayush/new_frenet_planner/install/frenet_planner/share/frenet_planner/package.ps1'
[53.800s] INFO:colcon.colcon_core.shell:Creating package descriptor '/home/aayush/new_frenet_planner/install/frenet_planner/share/frenet_planner/package.dsv'
[53.801s] INFO:colcon.colcon_core.shell:Creating package script '/home/aayush/new_frenet_planner/install/frenet_planner/share/frenet_planner/package.sh'
[53.804s] INFO:colcon.colcon_core.shell:Creating package script '/home/aayush/new_frenet_planner/install/frenet_planner/share/frenet_planner/package.bash'
[53.807s] INFO:colcon.colcon_core.shell:Creating package script '/home/aayush/new_frenet_planner/install/frenet_planner/share/frenet_planner/package.zsh'
[53.832s] Level 1:colcon.colcon_core.environment:create_file_with_runtime_dependencies(/home/aayush/new_frenet_planner/install/frenet_planner/share/colcon-core/packages/frenet_planner)
[53.926s] Level 1:colcon.colcon_core.environment:create_environment_scripts_only(frenet_planner)
[53.943s] Level 1:colcon.colcon_core.environment:checking '/home/aayush/new_frenet_planner/install/frenet_planner' for CMake module files
[53.945s] Level 1:colcon.colcon_core.environment:checking '/home/aayush/new_frenet_planner/install/frenet_planner' for CMake config files
[53.945s] Level 1:colcon.colcon_core.shell:create_environment_hook('frenet_planner', 'cmake_prefix_path')
[53.962s] INFO:colcon.colcon_core.shell:Creating environment hook '/home/aayush/new_frenet_planner/install/frenet_planner/share/frenet_planner/hook/cmake_prefix_path.ps1'
[53.963s] INFO:colcon.colcon_core.shell:Creating environment descriptor '/home/aayush/new_frenet_planner/install/frenet_planner/share/frenet_planner/hook/cmake_prefix_path.dsv'
[53.964s] INFO:colcon.colcon_core.shell:Creating environment hook '/home/aayush/new_frenet_planner/install/frenet_planner/share/frenet_planner/hook/cmake_prefix_path.sh'
[53.965s] Level 1:colcon.colcon_core.environment:checking '/home/aayush/new_frenet_planner/install/frenet_planner/lib'
[53.966s] Level 1:colcon.colcon_core.environment:checking '/home/aayush/new_frenet_planner/install/frenet_planner/bin'
[53.966s] Level 1:colcon.colcon_core.environment:checking '/home/aayush/new_frenet_planner/install/frenet_planner/lib/pkgconfig/frenet_planner.pc'
[53.966s] Level 1:colcon.colcon_core.environment:checking '/home/aayush/new_frenet_planner/install/frenet_planner/lib/python3.8/site-packages'
[53.982s] INFO:colcon.colcon_core.shell:Creating package script '/home/aayush/new_frenet_planner/install/frenet_planner/share/frenet_planner/package.ps1'
[53.984s] INFO:colcon.colcon_core.shell:Creating package descriptor '/home/aayush/new_frenet_planner/install/frenet_planner/share/frenet_planner/package.dsv'
[53.985s] INFO:colcon.colcon_core.shell:Creating package script '/home/aayush/new_frenet_planner/install/frenet_planner/share/frenet_planner/package.sh'
[53.986s] INFO:colcon.colcon_core.shell:Creating package script '/home/aayush/new_frenet_planner/install/frenet_planner/share/frenet_planner/package.bash'
[53.987s] INFO:colcon.colcon_core.shell:Creating package script '/home/aayush/new_frenet_planner/install/frenet_planner/share/frenet_planner/package.zsh'
[53.987s] Level 1:colcon.colcon_core.environment:create_file_with_runtime_dependencies(/home/aayush/new_frenet_planner/install/frenet_planner/share/colcon-core/packages/frenet_planner)
[53.991s] DEBUG:colcon.colcon_parallel_executor.executor.parallel:closing loop
[53.991s] DEBUG:colcon.colcon_parallel_executor.executor.parallel:loop closed
[53.991s] DEBUG:colcon.colcon_parallel_executor.executor.parallel:run_until_complete finished with '0'
[53.991s] DEBUG:colcon.colcon_core.event_reactor:joining thread
[54.182s] INFO:colcon.colcon_core.plugin_system:Skipping extension 'colcon_notification.desktop_notification.terminal_notifier': Not used on non-Darwin systems
[54.182s] INFO:colcon.colcon_core.plugin_system:Skipping extension 'colcon_notification.desktop_notification.win32': Not used on non-Windows systems
[54.183s] INFO:colcon.colcon_notification.desktop_notification:Sending desktop notification using 'notify2'
[54.321s] DEBUG:colcon.colcon_core.event_reactor:joined thread
[54.342s] INFO:colcon.colcon_core.shell:Creating prefix script '/home/aayush/new_frenet_planner/install/local_setup.ps1'
[54.344s] INFO:colcon.colcon_core.shell:Creating prefix util module '/home/aayush/new_frenet_planner/install/_local_setup_util_ps1.py'
[54.348s] INFO:colcon.colcon_core.shell:Creating prefix chain script '/home/aayush/new_frenet_planner/install/setup.ps1'
[54.362s] INFO:colcon.colcon_core.shell:Creating prefix script '/home/aayush/new_frenet_planner/install/local_setup.sh'
[54.363s] INFO:colcon.colcon_core.shell:Creating prefix util module '/home/aayush/new_frenet_planner/install/_local_setup_util_sh.py'
[54.371s] INFO:colcon.colcon_core.shell:Creating prefix chain script '/home/aayush/new_frenet_planner/install/setup.sh'
[54.393s] INFO:colcon.colcon_core.shell:Creating prefix script '/home/aayush/new_frenet_planner/install/local_setup.bash'
[54.395s] INFO:colcon.colcon_core.shell:Creating prefix chain script '/home/aayush/new_frenet_planner/install/setup.bash'
[54.416s] INFO:colcon.colcon_core.shell:Creating prefix script '/home/aayush/new_frenet_planner/install/local_setup.zsh'
[54.417s] INFO:colcon.colcon_core.shell:Creating prefix chain script '/home/aayush/new_frenet_planner/install/setup.zsh'
